Calling target program-options parser
[14:42:56.269] [bmv2] [D] [thread 4232] Set default default entry for table 'tbl_qos199': qos199 - 
[14:42:56.269] [bmv2] [D] [thread 4232] Set default default entry for table 'MyIngress.ipv4_lpm': NoAction - 
Adding interface s1-eth1 as port 1
[14:42:56.291] [bmv2] [D] [thread 4232] Adding interface s1-eth1 as port 1
Adding interface s1-eth2 as port 2
[14:42:56.318] [bmv2] [D] [thread 4232] Adding interface s1-eth2 as port 2
Adding interface s1-eth3 as port 3
[14:42:56.325] [bmv2] [D] [thread 4232] Adding interface s1-eth3 as port 3
Adding interface s1-eth4 as port 4
[14:42:56.327] [bmv2] [D] [thread 4232] Adding interface s1-eth4 as port 4
Server listening on 0.0.0.0:50051
[14:42:56.331] [bmv2] [I] [thread 4232] Starting Thrift server on port 9090
[14:42:56.347] [bmv2] [I] [thread 4232] Thrift server was started
[14:42:56.368] [bmv2] [D] [thread 4246] [0.0] [cxt 0] Processing packet received on port 1
[14:42:56.368] [bmv2] [D] [thread 4246] [0.0] [cxt 0] Parser 'parser': start
[14:42:56.368] [bmv2] [D] [thread 4246] [0.0] [cxt 0] Parser 'parser' entering state 'start'
[14:42:56.368] [bmv2] [D] [thread 4246] [0.0] [cxt 0] Extracting header 'ethernet'
[14:42:56.368] [bmv2] [D] [thread 4246] [0.0] [cxt 0] Parser state 'start': key is 86dd
[14:42:56.368] [bmv2] [T] [thread 4246] [0.0] [cxt 0] Bytes parsed: 14
[14:42:56.368] [bmv2] [D] [thread 4246] [0.0] [cxt 0] Parser 'parser': end
[14:42:56.368] [bmv2] [D] [thread 4246] [0.0] [cxt 0] Pipeline 'ingress': start
[14:42:56.368] [bmv2] [T] [thread 4246] [0.0] [cxt 0] qos.p4(197) Condition "hdr.ipv4.isValid()" (node_2) is false
[14:42:56.368] [bmv2] [D] [thread 4246] [0.0] [cxt 0] Pipeline 'ingress': end
[14:42:56.368] [bmv2] [D] [thread 4246] [0.0] [cxt 0] Egress port is 0
[14:42:56.368] [bmv2] [D] [thread 4247] [0.0] [cxt 0] Pipeline 'egress': start
[14:42:56.368] [bmv2] [D] [thread 4247] [0.0] [cxt 0] Pipeline 'egress': end
[14:42:56.368] [bmv2] [D] [thread 4247] [0.0] [cxt 0] Deparser 'deparser': start
[14:42:56.369] [bmv2] [T] [thread 4247] [0.0] [cxt 0] Skipping checksum 'cksum' update because condition not met
[14:42:56.369] [bmv2] [D] [thread 4247] [0.0] [cxt 0] Deparsing header 'ethernet'
[14:42:56.369] [bmv2] [D] [thread 4247] [0.0] [cxt 0] Deparser 'deparser': end
[14:42:56.369] [bmv2] [D] [thread 4251] [0.0] [cxt 0] Transmitting packet of size 90 out of port 0
[14:42:56.399] [bmv2] [D] [thread 4246] [1.0] [cxt 0] Processing packet received on port 2
[14:42:56.399] [bmv2] [D] [thread 4246] [1.0] [cxt 0] Parser 'parser': start
[14:42:56.399] [bmv2] [D] [thread 4246] [1.0] [cxt 0] Parser 'parser' entering state 'start'
[14:42:56.399] [bmv2] [D] [thread 4246] [1.0] [cxt 0] Extracting header 'ethernet'
[14:42:56.400] [bmv2] [D] [thread 4246] [1.0] [cxt 0] Parser state 'start': key is 86dd
[14:42:56.400] [bmv2] [T] [thread 4246] [1.0] [cxt 0] Bytes parsed: 14
[14:42:56.400] [bmv2] [D] [thread 4246] [1.0] [cxt 0] Parser 'parser': end
[14:42:56.400] [bmv2] [D] [thread 4246] [1.0] [cxt 0] Pipeline 'ingress': start
[14:42:56.400] [bmv2] [T] [thread 4246] [1.0] [cxt 0] qos.p4(197) Condition "hdr.ipv4.isValid()" (node_2) is false
[14:42:56.400] [bmv2] [D] [thread 4246] [1.0] [cxt 0] Pipeline 'ingress': end
[14:42:56.400] [bmv2] [D] [thread 4246] [1.0] [cxt 0] Egress port is 0
[14:42:56.400] [bmv2] [D] [thread 4247] [1.0] [cxt 0] Pipeline 'egress': start
[14:42:56.400] [bmv2] [D] [thread 4247] [1.0] [cxt 0] Pipeline 'egress': end
[14:42:56.400] [bmv2] [D] [thread 4247] [1.0] [cxt 0] Deparser 'deparser': start
[14:42:56.400] [bmv2] [T] [thread 4247] [1.0] [cxt 0] Skipping checksum 'cksum' update because condition not met
[14:42:56.400] [bmv2] [D] [thread 4247] [1.0] [cxt 0] Deparsing header 'ethernet'
[14:42:56.400] [bmv2] [D] [thread 4247] [1.0] [cxt 0] Deparser 'deparser': end
[14:42:56.400] [bmv2] [D] [thread 4251] [1.0] [cxt 0] Transmitting packet of size 90 out of port 0
[14:42:56.400] [bmv2] [D] [thread 4246] [2.0] [cxt 0] Processing packet received on port 2
[14:42:56.400] [bmv2] [D] [thread 4246] [2.0] [cxt 0] Parser 'parser': start
[14:42:56.400] [bmv2] [D] [thread 4246] [2.0] [cxt 0] Parser 'parser' entering state 'start'
[14:42:56.400] [bmv2] [D] [thread 4246] [2.0] [cxt 0] Extracting header 'ethernet'
[14:42:56.400] [bmv2] [D] [thread 4246] [2.0] [cxt 0] Parser state 'start': key is 86dd
[14:42:56.400] [bmv2] [T] [thread 4246] [2.0] [cxt 0] Bytes parsed: 14
[14:42:56.400] [bmv2] [D] [thread 4246] [2.0] [cxt 0] Parser 'parser': end
[14:42:56.400] [bmv2] [D] [thread 4246] [2.0] [cxt 0] Pipeline 'ingress': start
[14:42:56.401] [bmv2] [T] [thread 4246] [2.0] [cxt 0] qos.p4(197) Condition "hdr.ipv4.isValid()" (node_2) is false
[14:42:56.401] [bmv2] [D] [thread 4246] [2.0] [cxt 0] Pipeline 'ingress': end
[14:42:56.401] [bmv2] [D] [thread 4246] [2.0] [cxt 0] Egress port is 0
[14:42:56.401] [bmv2] [D] [thread 4247] [2.0] [cxt 0] Pipeline 'egress': start
[14:42:56.401] [bmv2] [D] [thread 4247] [2.0] [cxt 0] Pipeline 'egress': end
[14:42:56.401] [bmv2] [D] [thread 4247] [2.0] [cxt 0] Deparser 'deparser': start
[14:42:56.401] [bmv2] [T] [thread 4247] [2.0] [cxt 0] Skipping checksum 'cksum' update because condition not met
[14:42:56.401] [bmv2] [D] [thread 4247] [2.0] [cxt 0] Deparsing header 'ethernet'
[14:42:56.401] [bmv2] [D] [thread 4247] [2.0] [cxt 0] Deparser 'deparser': end
[14:42:56.401] [bmv2] [D] [thread 4251] [2.0] [cxt 0] Transmitting packet of size 90 out of port 0
[14:42:56.437] [bmv2] [D] [thread 4246] [3.0] [cxt 0] Processing packet received on port 3
[14:42:56.437] [bmv2] [D] [thread 4246] [3.0] [cxt 0] Parser 'parser': start
[14:42:56.437] [bmv2] [D] [thread 4246] [3.0] [cxt 0] Parser 'parser' entering state 'start'
[14:42:56.437] [bmv2] [D] [thread 4246] [3.0] [cxt 0] Extracting header 'ethernet'
[14:42:56.437] [bmv2] [D] [thread 4246] [3.0] [cxt 0] Parser state 'start': key is 86dd
[14:42:56.437] [bmv2] [T] [thread 4246] [3.0] [cxt 0] Bytes parsed: 14
[14:42:56.437] [bmv2] [D] [thread 4246] [3.0] [cxt 0] Parser 'parser': end
[14:42:56.437] [bmv2] [D] [thread 4246] [3.0] [cxt 0] Pipeline 'ingress': start
[14:42:56.437] [bmv2] [T] [thread 4246] [3.0] [cxt 0] qos.p4(197) Condition "hdr.ipv4.isValid()" (node_2) is false
[14:42:56.437] [bmv2] [D] [thread 4246] [3.0] [cxt 0] Pipeline 'ingress': end
[14:42:56.437] [bmv2] [D] [thread 4246] [3.0] [cxt 0] Egress port is 0
[14:42:56.437] [bmv2] [D] [thread 4247] [3.0] [cxt 0] Pipeline 'egress': start
[14:42:56.437] [bmv2] [D] [thread 4247] [3.0] [cxt 0] Pipeline 'egress': end
[14:42:56.437] [bmv2] [D] [thread 4247] [3.0] [cxt 0] Deparser 'deparser': start
[14:42:56.437] [bmv2] [T] [thread 4247] [3.0] [cxt 0] Skipping checksum 'cksum' update because condition not met
[14:42:56.437] [bmv2] [D] [thread 4247] [3.0] [cxt 0] Deparsing header 'ethernet'
[14:42:56.437] [bmv2] [D] [thread 4247] [3.0] [cxt 0] Deparser 'deparser': end
[14:42:56.437] [bmv2] [D] [thread 4251] [3.0] [cxt 0] Transmitting packet of size 90 out of port 0
[14:42:56.437] [bmv2] [D] [thread 4246] [4.0] [cxt 0] Processing packet received on port 3
[14:42:56.437] [bmv2] [D] [thread 4246] [4.0] [cxt 0] Parser 'parser': start
[14:42:56.437] [bmv2] [D] [thread 4246] [4.0] [cxt 0] Parser 'parser' entering state 'start'
[14:42:56.437] [bmv2] [D] [thread 4246] [4.0] [cxt 0] Extracting header 'ethernet'
[14:42:56.437] [bmv2] [D] [thread 4246] [4.0] [cxt 0] Parser state 'start': key is 86dd
[14:42:56.437] [bmv2] [T] [thread 4246] [4.0] [cxt 0] Bytes parsed: 14
[14:42:56.437] [bmv2] [D] [thread 4246] [4.0] [cxt 0] Parser 'parser': end
[14:42:56.437] [bmv2] [D] [thread 4246] [4.0] [cxt 0] Pipeline 'ingress': start
[14:42:56.437] [bmv2] [T] [thread 4246] [4.0] [cxt 0] qos.p4(197) Condition "hdr.ipv4.isValid()" (node_2) is false
[14:42:56.437] [bmv2] [D] [thread 4246] [4.0] [cxt 0] Pipeline 'ingress': end
[14:42:56.437] [bmv2] [D] [thread 4246] [4.0] [cxt 0] Egress port is 0
[14:42:56.437] [bmv2] [D] [thread 4247] [4.0] [cxt 0] Pipeline 'egress': start
[14:42:56.438] [bmv2] [D] [thread 4247] [4.0] [cxt 0] Pipeline 'egress': end
[14:42:56.438] [bmv2] [D] [thread 4247] [4.0] [cxt 0] Deparser 'deparser': start
[14:42:56.438] [bmv2] [T] [thread 4247] [4.0] [cxt 0] Skipping checksum 'cksum' update because condition not met
[14:42:56.438] [bmv2] [D] [thread 4247] [4.0] [cxt 0] Deparsing header 'ethernet'
[14:42:56.438] [bmv2] [D] [thread 4247] [4.0] [cxt 0] Deparser 'deparser': end
[14:42:56.438] [bmv2] [D] [thread 4251] [4.0] [cxt 0] Transmitting packet of size 70 out of port 0
[14:42:56.535] [bmv2] [D] [thread 4246] [5.0] [cxt 0] Processing packet received on port 3
[14:42:56.535] [bmv2] [D] [thread 4246] [5.0] [cxt 0] Parser 'parser': start
[14:42:56.535] [bmv2] [D] [thread 4246] [5.0] [cxt 0] Parser 'parser' entering state 'start'
[14:42:56.535] [bmv2] [D] [thread 4246] [5.0] [cxt 0] Extracting header 'ethernet'
[14:42:56.535] [bmv2] [D] [thread 4246] [5.0] [cxt 0] Parser state 'start': key is 86dd
[14:42:56.535] [bmv2] [T] [thread 4246] [5.0] [cxt 0] Bytes parsed: 14
[14:42:56.535] [bmv2] [D] [thread 4246] [5.0] [cxt 0] Parser 'parser': end
[14:42:56.535] [bmv2] [D] [thread 4246] [5.0] [cxt 0] Pipeline 'ingress': start
[14:42:56.535] [bmv2] [T] [thread 4246] [5.0] [cxt 0] qos.p4(197) Condition "hdr.ipv4.isValid()" (node_2) is false
[14:42:56.536] [bmv2] [D] [thread 4246] [5.0] [cxt 0] Pipeline 'ingress': end
[14:42:56.536] [bmv2] [D] [thread 4246] [5.0] [cxt 0] Egress port is 0
[14:42:56.536] [bmv2] [D] [thread 4247] [5.0] [cxt 0] Pipeline 'egress': start
[14:42:56.536] [bmv2] [D] [thread 4247] [5.0] [cxt 0] Pipeline 'egress': end
[14:42:56.536] [bmv2] [D] [thread 4247] [5.0] [cxt 0] Deparser 'deparser': start
[14:42:56.536] [bmv2] [T] [thread 4247] [5.0] [cxt 0] Skipping checksum 'cksum' update because condition not met
[14:42:56.536] [bmv2] [D] [thread 4247] [5.0] [cxt 0] Deparsing header 'ethernet'
[14:42:56.536] [bmv2] [D] [thread 4247] [5.0] [cxt 0] Deparser 'deparser': end
[14:42:56.536] [bmv2] [D] [thread 4251] [5.0] [cxt 0] Transmitting packet of size 90 out of port 0
[14:42:56.624] [bmv2] [D] [thread 4246] [6.0] [cxt 0] Processing packet received on port 4
[14:42:56.624] [bmv2] [D] [thread 4246] [6.0] [cxt 0] Parser 'parser': start
[14:42:56.624] [bmv2] [D] [thread 4246] [6.0] [cxt 0] Parser 'parser' entering state 'start'
[14:42:56.624] [bmv2] [D] [thread 4246] [6.0] [cxt 0] Extracting header 'ethernet'
[14:42:56.624] [bmv2] [D] [thread 4246] [6.0] [cxt 0] Parser state 'start': key is 86dd
[14:42:56.625] [bmv2] [T] [thread 4246] [6.0] [cxt 0] Bytes parsed: 14
[14:42:56.625] [bmv2] [D] [thread 4246] [6.0] [cxt 0] Parser 'parser': end
[14:42:56.625] [bmv2] [D] [thread 4246] [6.0] [cxt 0] Pipeline 'ingress': start
[14:42:56.625] [bmv2] [T] [thread 4246] [6.0] [cxt 0] qos.p4(197) Condition "hdr.ipv4.isValid()" (node_2) is false
[14:42:56.625] [bmv2] [D] [thread 4246] [6.0] [cxt 0] Pipeline 'ingress': end
[14:42:56.625] [bmv2] [D] [thread 4246] [6.0] [cxt 0] Egress port is 0
[14:42:56.625] [bmv2] [D] [thread 4246] [7.0] [cxt 0] Processing packet received on port 4
[14:42:56.625] [bmv2] [D] [thread 4246] [7.0] [cxt 0] Parser 'parser': start
[14:42:56.625] [bmv2] [D] [thread 4246] [7.0] [cxt 0] Parser 'parser' entering state 'start'
[14:42:56.625] [bmv2] [D] [thread 4246] [7.0] [cxt 0] Extracting header 'ethernet'
[14:42:56.625] [bmv2] [D] [thread 4246] [7.0] [cxt 0] Parser state 'start': key is 86dd
[14:42:56.625] [bmv2] [T] [thread 4246] [7.0] [cxt 0] Bytes parsed: 14
[14:42:56.625] [bmv2] [D] [thread 4246] [7.0] [cxt 0] Parser 'parser': end
[14:42:56.625] [bmv2] [D] [thread 4246] [7.0] [cxt 0] Pipeline 'ingress': start
[14:42:56.625] [bmv2] [T] [thread 4246] [7.0] [cxt 0] qos.p4(197) Condition "hdr.ipv4.isValid()" (node_2) is false
[14:42:56.625] [bmv2] [D] [thread 4246] [7.0] [cxt 0] Pipeline 'ingress': end
[14:42:56.625] [bmv2] [D] [thread 4246] [7.0] [cxt 0] Egress port is 0
[14:42:56.625] [bmv2] [D] [thread 4247] [6.0] [cxt 0] Pipeline 'egress': start
[14:42:56.625] [bmv2] [D] [thread 4247] [6.0] [cxt 0] Pipeline 'egress': end
[14:42:56.625] [bmv2] [D] [thread 4247] [6.0] [cxt 0] Deparser 'deparser': start
[14:42:56.625] [bmv2] [T] [thread 4247] [6.0] [cxt 0] Skipping checksum 'cksum' update because condition not met
[14:42:56.625] [bmv2] [D] [thread 4247] [6.0] [cxt 0] Deparsing header 'ethernet'
[14:42:56.625] [bmv2] [D] [thread 4247] [6.0] [cxt 0] Deparser 'deparser': end
[14:42:56.625] [bmv2] [D] [thread 4247] [7.0] [cxt 0] Pipeline 'egress': start
[14:42:56.625] [bmv2] [D] [thread 4247] [7.0] [cxt 0] Pipeline 'egress': end
[14:42:56.625] [bmv2] [D] [thread 4247] [7.0] [cxt 0] Deparser 'deparser': start
[14:42:56.625] [bmv2] [T] [thread 4247] [7.0] [cxt 0] Skipping checksum 'cksum' update because condition not met
[14:42:56.625] [bmv2] [D] [thread 4247] [7.0] [cxt 0] Deparsing header 'ethernet'
[14:42:56.625] [bmv2] [D] [thread 4247] [7.0] [cxt 0] Deparser 'deparser': end
[14:42:56.625] [bmv2] [D] [thread 4251] [6.0] [cxt 0] Transmitting packet of size 90 out of port 0
[14:42:56.626] [bmv2] [D] [thread 4251] [7.0] [cxt 0] Transmitting packet of size 70 out of port 0
[14:42:56.687] [bmv2] [D] [thread 4246] [8.0] [cxt 0] Processing packet received on port 4
[14:42:56.687] [bmv2] [D] [thread 4246] [8.0] [cxt 0] Parser 'parser': start
[14:42:56.687] [bmv2] [D] [thread 4246] [8.0] [cxt 0] Parser 'parser' entering state 'start'
[14:42:56.687] [bmv2] [D] [thread 4246] [8.0] [cxt 0] Extracting header 'ethernet'
[14:42:56.687] [bmv2] [D] [thread 4246] [8.0] [cxt 0] Parser state 'start': key is 86dd
[14:42:56.687] [bmv2] [T] [thread 4246] [8.0] [cxt 0] Bytes parsed: 14
[14:42:56.687] [bmv2] [D] [thread 4246] [8.0] [cxt 0] Parser 'parser': end
[14:42:56.688] [bmv2] [D] [thread 4246] [8.0] [cxt 0] Pipeline 'ingress': start
[14:42:56.688] [bmv2] [T] [thread 4246] [8.0] [cxt 0] qos.p4(197) Condition "hdr.ipv4.isValid()" (node_2) is false
[14:42:56.688] [bmv2] [D] [thread 4246] [8.0] [cxt 0] Pipeline 'ingress': end
[14:42:56.688] [bmv2] [D] [thread 4246] [8.0] [cxt 0] Egress port is 0
[14:42:56.688] [bmv2] [D] [thread 4247] [8.0] [cxt 0] Pipeline 'egress': start
[14:42:56.688] [bmv2] [D] [thread 4247] [8.0] [cxt 0] Pipeline 'egress': end
[14:42:56.688] [bmv2] [D] [thread 4247] [8.0] [cxt 0] Deparser 'deparser': start
[14:42:56.688] [bmv2] [T] [thread 4247] [8.0] [cxt 0] Skipping checksum 'cksum' update because condition not met
[14:42:56.688] [bmv2] [D] [thread 4247] [8.0] [cxt 0] Deparsing header 'ethernet'
[14:42:56.688] [bmv2] [D] [thread 4247] [8.0] [cxt 0] Deparser 'deparser': end
[14:42:56.688] [bmv2] [D] [thread 4251] [8.0] [cxt 0] Transmitting packet of size 90 out of port 0
[14:42:57.080] [bmv2] [D] [thread 4246] [9.0] [cxt 0] Processing packet received on port 2
[14:42:57.080] [bmv2] [D] [thread 4246] [9.0] [cxt 0] Parser 'parser': start
[14:42:57.080] [bmv2] [D] [thread 4246] [9.0] [cxt 0] Parser 'parser' entering state 'start'
[14:42:57.080] [bmv2] [D] [thread 4246] [9.0] [cxt 0] Extracting header 'ethernet'
[14:42:57.080] [bmv2] [D] [thread 4246] [9.0] [cxt 0] Parser state 'start': key is 86dd
[14:42:57.080] [bmv2] [T] [thread 4246] [9.0] [cxt 0] Bytes parsed: 14
[14:42:57.080] [bmv2] [D] [thread 4246] [9.0] [cxt 0] Parser 'parser': end
[14:42:57.080] [bmv2] [D] [thread 4246] [9.0] [cxt 0] Pipeline 'ingress': start
[14:42:57.080] [bmv2] [T] [thread 4246] [9.0] [cxt 0] qos.p4(197) Condition "hdr.ipv4.isValid()" (node_2) is false
[14:42:57.080] [bmv2] [D] [thread 4246] [9.0] [cxt 0] Pipeline 'ingress': end
[14:42:57.080] [bmv2] [D] [thread 4246] [9.0] [cxt 0] Egress port is 0
[14:42:57.080] [bmv2] [D] [thread 4246] [10.0] [cxt 0] Processing packet received on port 3
[14:42:57.080] [bmv2] [D] [thread 4246] [10.0] [cxt 0] Parser 'parser': start
[14:42:57.081] [bmv2] [D] [thread 4246] [10.0] [cxt 0] Parser 'parser' entering state 'start'
[14:42:57.081] [bmv2] [D] [thread 4246] [10.0] [cxt 0] Extracting header 'ethernet'
[14:42:57.081] [bmv2] [D] [thread 4246] [10.0] [cxt 0] Parser state 'start': key is 86dd
[14:42:57.081] [bmv2] [T] [thread 4246] [10.0] [cxt 0] Bytes parsed: 14
[14:42:57.081] [bmv2] [D] [thread 4246] [10.0] [cxt 0] Parser 'parser': end
[14:42:57.081] [bmv2] [D] [thread 4246] [10.0] [cxt 0] Pipeline 'ingress': start
[14:42:57.081] [bmv2] [T] [thread 4246] [10.0] [cxt 0] qos.p4(197) Condition "hdr.ipv4.isValid()" (node_2) is false
[14:42:57.081] [bmv2] [D] [thread 4246] [10.0] [cxt 0] Pipeline 'ingress': end
[14:42:57.081] [bmv2] [D] [thread 4246] [10.0] [cxt 0] Egress port is 0
[14:42:57.081] [bmv2] [D] [thread 4246] [11.0] [cxt 0] Processing packet received on port 2
[14:42:57.081] [bmv2] [D] [thread 4246] [11.0] [cxt 0] Parser 'parser': start
[14:42:57.081] [bmv2] [D] [thread 4246] [11.0] [cxt 0] Parser 'parser' entering state 'start'
[14:42:57.081] [bmv2] [D] [thread 4246] [11.0] [cxt 0] Extracting header 'ethernet'
[14:42:57.081] [bmv2] [D] [thread 4246] [11.0] [cxt 0] Parser state 'start': key is 86dd
[14:42:57.081] [bmv2] [T] [thread 4246] [11.0] [cxt 0] Bytes parsed: 14
[14:42:57.081] [bmv2] [D] [thread 4246] [11.0] [cxt 0] Parser 'parser': end
[14:42:57.081] [bmv2] [D] [thread 4246] [11.0] [cxt 0] Pipeline 'ingress': start
[14:42:57.081] [bmv2] [T] [thread 4246] [11.0] [cxt 0] qos.p4(197) Condition "hdr.ipv4.isValid()" (node_2) is false
[14:42:57.081] [bmv2] [D] [thread 4246] [11.0] [cxt 0] Pipeline 'ingress': end
[14:42:57.081] [bmv2] [D] [thread 4246] [11.0] [cxt 0] Egress port is 0
[14:42:57.081] [bmv2] [D] [thread 4246] [12.0] [cxt 0] Processing packet received on port 3
[14:42:57.081] [bmv2] [D] [thread 4246] [12.0] [cxt 0] Parser 'parser': start
[14:42:57.081] [bmv2] [D] [thread 4246] [12.0] [cxt 0] Parser 'parser' entering state 'start'
[14:42:57.081] [bmv2] [D] [thread 4246] [12.0] [cxt 0] Extracting header 'ethernet'
[14:42:57.081] [bmv2] [D] [thread 4246] [12.0] [cxt 0] Parser state 'start': key is 86dd
[14:42:57.081] [bmv2] [T] [thread 4246] [12.0] [cxt 0] Bytes parsed: 14
[14:42:57.081] [bmv2] [D] [thread 4246] [12.0] [cxt 0] Parser 'parser': end
[14:42:57.081] [bmv2] [D] [thread 4246] [12.0] [cxt 0] Pipeline 'ingress': start
[14:42:57.081] [bmv2] [T] [thread 4246] [12.0] [cxt 0] qos.p4(197) Condition "hdr.ipv4.isValid()" (node_2) is false
[14:42:57.081] [bmv2] [D] [thread 4246] [12.0] [cxt 0] Pipeline 'ingress': end
[14:42:57.081] [bmv2] [D] [thread 4246] [12.0] [cxt 0] Egress port is 0
[14:42:57.081] [bmv2] [D] [thread 4247] [9.0] [cxt 0] Pipeline 'egress': start
[14:42:57.081] [bmv2] [D] [thread 4247] [9.0] [cxt 0] Pipeline 'egress': end
[14:42:57.081] [bmv2] [D] [thread 4247] [9.0] [cxt 0] Deparser 'deparser': start
[14:42:57.081] [bmv2] [T] [thread 4247] [9.0] [cxt 0] Skipping checksum 'cksum' update because condition not met
[14:42:57.081] [bmv2] [D] [thread 4247] [9.0] [cxt 0] Deparsing header 'ethernet'
[14:42:57.082] [bmv2] [D] [thread 4247] [9.0] [cxt 0] Deparser 'deparser': end
[14:42:57.082] [bmv2] [D] [thread 4247] [10.0] [cxt 0] Pipeline 'egress': start
[14:42:57.082] [bmv2] [D] [thread 4247] [10.0] [cxt 0] Pipeline 'egress': end
[14:42:57.082] [bmv2] [D] [thread 4247] [10.0] [cxt 0] Deparser 'deparser': start
[14:42:57.082] [bmv2] [T] [thread 4247] [10.0] [cxt 0] Skipping checksum 'cksum' update because condition not met
[14:42:57.082] [bmv2] [D] [thread 4247] [10.0] [cxt 0] Deparsing header 'ethernet'
[14:42:57.082] [bmv2] [D] [thread 4247] [10.0] [cxt 0] Deparser 'deparser': end
[14:42:57.082] [bmv2] [D] [thread 4247] [11.0] [cxt 0] Pipeline 'egress': start
[14:42:57.082] [bmv2] [D] [thread 4247] [11.0] [cxt 0] Pipeline 'egress': end
[14:42:57.082] [bmv2] [D] [thread 4247] [11.0] [cxt 0] Deparser 'deparser': start
[14:42:57.082] [bmv2] [T] [thread 4247] [11.0] [cxt 0] Skipping checksum 'cksum' update because condition not met
[14:42:57.082] [bmv2] [D] [thread 4247] [11.0] [cxt 0] Deparsing header 'ethernet'
[14:42:57.082] [bmv2] [D] [thread 4247] [11.0] [cxt 0] Deparser 'deparser': end
[14:42:57.082] [bmv2] [D] [thread 4247] [12.0] [cxt 0] Pipeline 'egress': start
[14:42:57.082] [bmv2] [D] [thread 4247] [12.0] [cxt 0] Pipeline 'egress': end
[14:42:57.082] [bmv2] [D] [thread 4247] [12.0] [cxt 0] Deparser 'deparser': start
[14:42:57.082] [bmv2] [T] [thread 4247] [12.0] [cxt 0] Skipping checksum 'cksum' update because condition not met
[14:42:57.084] [bmv2] [D] [thread 4251] [9.0] [cxt 0] Transmitting packet of size 90 out of port 0
[14:42:57.084] [bmv2] [D] [thread 4251] [10.0] [cxt 0] Transmitting packet of size 90 out of port 0
[14:42:57.084] [bmv2] [D] [thread 4251] [11.0] [cxt 0] Transmitting packet of size 70 out of port 0
[14:42:57.084] [bmv2] [D] [thread 4247] [12.0] [cxt 0] Deparsing header 'ethernet'
[14:42:57.084] [bmv2] [D] [thread 4247] [12.0] [cxt 0] Deparser 'deparser': end
[14:42:57.084] [bmv2] [D] [thread 4251] [12.0] [cxt 0] Transmitting packet of size 70 out of port 0
[14:42:57.209] [bmv2] [D] [thread 4246] [13.0] [cxt 0] Processing packet received on port 2
[14:42:57.209] [bmv2] [D] [thread 4246] [13.0] [cxt 0] Parser 'parser': start
[14:42:57.209] [bmv2] [D] [thread 4246] [13.0] [cxt 0] Parser 'parser' entering state 'start'
[14:42:57.209] [bmv2] [D] [thread 4246] [13.0] [cxt 0] Extracting header 'ethernet'
[14:42:57.209] [bmv2] [D] [thread 4246] [13.0] [cxt 0] Parser state 'start': key is 86dd
[14:42:57.209] [bmv2] [T] [thread 4246] [13.0] [cxt 0] Bytes parsed: 14
[14:42:57.209] [bmv2] [D] [thread 4246] [13.0] [cxt 0] Parser 'parser': end
[14:42:57.209] [bmv2] [D] [thread 4246] [13.0] [cxt 0] Pipeline 'ingress': start
[14:42:57.209] [bmv2] [T] [thread 4246] [13.0] [cxt 0] qos.p4(197) Condition "hdr.ipv4.isValid()" (node_2) is false
[14:42:57.209] [bmv2] [D] [thread 4246] [13.0] [cxt 0] Pipeline 'ingress': end
[14:42:57.209] [bmv2] [D] [thread 4246] [13.0] [cxt 0] Egress port is 0
[14:42:57.210] [bmv2] [D] [thread 4247] [13.0] [cxt 0] Pipeline 'egress': start
[14:42:57.210] [bmv2] [D] [thread 4247] [13.0] [cxt 0] Pipeline 'egress': end
[14:42:57.210] [bmv2] [D] [thread 4247] [13.0] [cxt 0] Deparser 'deparser': start
[14:42:57.210] [bmv2] [T] [thread 4247] [13.0] [cxt 0] Skipping checksum 'cksum' update because condition not met
[14:42:57.210] [bmv2] [D] [thread 4247] [13.0] [cxt 0] Deparsing header 'ethernet'
[14:42:57.210] [bmv2] [D] [thread 4247] [13.0] [cxt 0] Deparser 'deparser': end
[14:42:57.210] [bmv2] [D] [thread 4251] [13.0] [cxt 0] Transmitting packet of size 90 out of port 0
[14:42:57.496] [bmv2] [D] [thread 4246] [14.0] [cxt 0] Processing packet received on port 2
[14:42:57.496] [bmv2] [D] [thread 4246] [14.0] [cxt 0] Parser 'parser': start
[14:42:57.496] [bmv2] [D] [thread 4246] [14.0] [cxt 0] Parser 'parser' entering state 'start'
[14:42:57.496] [bmv2] [D] [thread 4246] [14.0] [cxt 0] Extracting header 'ethernet'
[14:42:57.496] [bmv2] [D] [thread 4246] [14.0] [cxt 0] Parser state 'start': key is 86dd
[14:42:57.496] [bmv2] [T] [thread 4246] [14.0] [cxt 0] Bytes parsed: 14
[14:42:57.496] [bmv2] [D] [thread 4246] [14.0] [cxt 0] Parser 'parser': end
[14:42:57.496] [bmv2] [D] [thread 4246] [14.0] [cxt 0] Pipeline 'ingress': start
[14:42:57.496] [bmv2] [T] [thread 4246] [14.0] [cxt 0] qos.p4(197) Condition "hdr.ipv4.isValid()" (node_2) is false
[14:42:57.496] [bmv2] [D] [thread 4246] [14.0] [cxt 0] Pipeline 'ingress': end
[14:42:57.496] [bmv2] [D] [thread 4246] [14.0] [cxt 0] Egress port is 0
[14:42:57.496] [bmv2] [D] [thread 4247] [14.0] [cxt 0] Pipeline 'egress': start
[14:42:57.496] [bmv2] [D] [thread 4247] [14.0] [cxt 0] Pipeline 'egress': end
[14:42:57.496] [bmv2] [D] [thread 4247] [14.0] [cxt 0] Deparser 'deparser': start
[14:42:57.496] [bmv2] [T] [thread 4247] [14.0] [cxt 0] Skipping checksum 'cksum' update because condition not met
[14:42:57.496] [bmv2] [D] [thread 4247] [14.0] [cxt 0] Deparsing header 'ethernet'
[14:42:57.496] [bmv2] [D] [thread 4247] [14.0] [cxt 0] Deparser 'deparser': end
[14:42:57.496] [bmv2] [D] [thread 4251] [14.0] [cxt 0] Transmitting packet of size 90 out of port 0
[14:42:57.647] [bmv2] [D] [thread 4246] [15.0] [cxt 0] Processing packet received on port 4
[14:42:57.648] [bmv2] [D] [thread 4246] [15.0] [cxt 0] Parser 'parser': start
[14:42:57.648] [bmv2] [D] [thread 4246] [15.0] [cxt 0] Parser 'parser' entering state 'start'
[14:42:57.648] [bmv2] [D] [thread 4246] [15.0] [cxt 0] Extracting header 'ethernet'
[14:42:57.648] [bmv2] [D] [thread 4246] [15.0] [cxt 0] Parser state 'start': key is 86dd
[14:42:57.648] [bmv2] [T] [thread 4246] [15.0] [cxt 0] Bytes parsed: 14
[14:42:57.648] [bmv2] [D] [thread 4246] [15.0] [cxt 0] Parser 'parser': end
[14:42:57.648] [bmv2] [D] [thread 4246] [15.0] [cxt 0] Pipeline 'ingress': start
[14:42:57.648] [bmv2] [T] [thread 4246] [15.0] [cxt 0] qos.p4(197) Condition "hdr.ipv4.isValid()" (node_2) is false
[14:42:57.648] [bmv2] [D] [thread 4246] [15.0] [cxt 0] Pipeline 'ingress': end
[14:42:57.648] [bmv2] [D] [thread 4246] [15.0] [cxt 0] Egress port is 0
[14:42:57.648] [bmv2] [D] [thread 4247] [15.0] [cxt 0] Pipeline 'egress': start
[14:42:57.648] [bmv2] [D] [thread 4247] [15.0] [cxt 0] Pipeline 'egress': end
[14:42:57.648] [bmv2] [D] [thread 4247] [15.0] [cxt 0] Deparser 'deparser': start
[14:42:57.648] [bmv2] [T] [thread 4247] [15.0] [cxt 0] Skipping checksum 'cksum' update because condition not met
[14:42:57.648] [bmv2] [D] [thread 4247] [15.0] [cxt 0] Deparsing header 'ethernet'
[14:42:57.648] [bmv2] [D] [thread 4247] [15.0] [cxt 0] Deparser 'deparser': end
[14:42:57.648] [bmv2] [D] [thread 4251] [15.0] [cxt 0] Transmitting packet of size 90 out of port 0
[14:42:57.720] [bmv2] [D] [thread 4246] [16.0] [cxt 0] Processing packet received on port 3
[14:42:57.720] [bmv2] [D] [thread 4246] [16.0] [cxt 0] Parser 'parser': start
[14:42:57.720] [bmv2] [D] [thread 4246] [16.0] [cxt 0] Parser 'parser' entering state 'start'
[14:42:57.720] [bmv2] [D] [thread 4246] [16.0] [cxt 0] Extracting header 'ethernet'
[14:42:57.720] [bmv2] [D] [thread 4246] [16.0] [cxt 0] Parser state 'start': key is 86dd
[14:42:57.720] [bmv2] [T] [thread 4246] [16.0] [cxt 0] Bytes parsed: 14
[14:42:57.720] [bmv2] [D] [thread 4246] [16.0] [cxt 0] Parser 'parser': end
[14:42:57.720] [bmv2] [D] [thread 4246] [16.0] [cxt 0] Pipeline 'ingress': start
[14:42:57.720] [bmv2] [T] [thread 4246] [16.0] [cxt 0] qos.p4(197) Condition "hdr.ipv4.isValid()" (node_2) is false
[14:42:57.720] [bmv2] [D] [thread 4246] [16.0] [cxt 0] Pipeline 'ingress': end
[14:42:57.720] [bmv2] [D] [thread 4246] [16.0] [cxt 0] Egress port is 0
[14:42:57.721] [bmv2] [D] [thread 4247] [16.0] [cxt 0] Pipeline 'egress': start
[14:42:57.721] [bmv2] [D] [thread 4247] [16.0] [cxt 0] Pipeline 'egress': end
[14:42:57.721] [bmv2] [D] [thread 4247] [16.0] [cxt 0] Deparser 'deparser': start
[14:42:57.721] [bmv2] [T] [thread 4247] [16.0] [cxt 0] Skipping checksum 'cksum' update because condition not met
[14:42:57.721] [bmv2] [D] [thread 4247] [16.0] [cxt 0] Deparsing header 'ethernet'
[14:42:57.721] [bmv2] [D] [thread 4247] [16.0] [cxt 0] Deparser 'deparser': end
[14:42:57.721] [bmv2] [D] [thread 4251] [16.0] [cxt 0] Transmitting packet of size 90 out of port 0
[14:42:59.770] [bmv2] [W] [thread 4318] [P4Runtime] p4::tmp::P4DeviceConfig is deprecated
[14:42:59.782] [bmv2] [D] [thread 4318] Set default default entry for table 'tbl_qos199': qos199 - 
[14:42:59.782] [bmv2] [D] [thread 4318] Set default default entry for table 'MyIngress.ipv4_lpm': NoAction - 
[14:42:59.787] [bmv2] [D] [thread 4318] simple_switch target has been notified of a config swap
[14:42:59.797] [bmv2] [D] [thread 4319] Entry 0 added to table 'MyIngress.ipv4_lpm'
[14:42:59.797] [bmv2] [D] [thread 4319] Dumping entry 0
Match key:
* hdr.ipv4.dstAddr    : LPM       0a000101/32
Action entry: MyIngress.ipv4_forward - 80000000101,2,

[14:42:59.807] [bmv2] [D] [thread 4318] Entry 1 added to table 'MyIngress.ipv4_lpm'
[14:42:59.808] [bmv2] [D] [thread 4318] Dumping entry 1
Match key:
* hdr.ipv4.dstAddr    : LPM       0a00010b/32
Action entry: MyIngress.ipv4_forward - 80000000111,1,

[14:42:59.813] [bmv2] [D] [thread 4319] Entry 2 added to table 'MyIngress.ipv4_lpm'
[14:42:59.813] [bmv2] [D] [thread 4319] Dumping entry 2
Match key:
* hdr.ipv4.dstAddr    : LPM       0a000200/24
Action entry: MyIngress.ipv4_forward - 80000000200,3,

[14:42:59.819] [bmv2] [D] [thread 4318] Entry 3 added to table 'MyIngress.ipv4_lpm'
[14:42:59.819] [bmv2] [D] [thread 4318] Dumping entry 3
Match key:
* hdr.ipv4.dstAddr    : LPM       0a000300/24
Action entry: MyIngress.ipv4_forward - 80000000300,4,

[14:43:00.176] [bmv2] [D] [thread 4246] [17.0] [cxt 0] Processing packet received on port 1
[14:43:00.176] [bmv2] [D] [thread 4246] [17.0] [cxt 0] Parser 'parser': start
[14:43:00.176] [bmv2] [D] [thread 4246] [17.0] [cxt 0] Parser 'parser' entering state 'start'
[14:43:00.176] [bmv2] [D] [thread 4246] [17.0] [cxt 0] Extracting header 'ethernet'
[14:43:00.177] [bmv2] [D] [thread 4246] [17.0] [cxt 0] Parser state 'start': key is 86dd
[14:43:00.177] [bmv2] [T] [thread 4246] [17.0] [cxt 0] Bytes parsed: 14
[14:43:00.177] [bmv2] [D] [thread 4246] [17.0] [cxt 0] Parser 'parser': end
[14:43:00.177] [bmv2] [D] [thread 4246] [17.0] [cxt 0] Pipeline 'ingress': start
[14:43:00.177] [bmv2] [T] [thread 4246] [17.0] [cxt 0] qos.p4(197) Condition "hdr.ipv4.isValid()" (node_2) is false
[14:43:00.177] [bmv2] [D] [thread 4246] [17.0] [cxt 0] Pipeline 'ingress': end
[14:43:00.177] [bmv2] [D] [thread 4246] [17.0] [cxt 0] Egress port is 0
[14:43:00.177] [bmv2] [D] [thread 4247] [17.0] [cxt 0] Pipeline 'egress': start
[14:43:00.177] [bmv2] [D] [thread 4247] [17.0] [cxt 0] Pipeline 'egress': end
[14:43:00.177] [bmv2] [D] [thread 4247] [17.0] [cxt 0] Deparser 'deparser': start
[14:43:00.177] [bmv2] [T] [thread 4247] [17.0] [cxt 0] Skipping checksum 'cksum' update because condition not met
[14:43:00.177] [bmv2] [D] [thread 4247] [17.0] [cxt 0] Deparsing header 'ethernet'
[14:43:00.177] [bmv2] [D] [thread 4247] [17.0] [cxt 0] Deparser 'deparser': end
[14:43:00.177] [bmv2] [D] [thread 4251] [17.0] [cxt 0] Transmitting packet of size 70 out of port 0
[14:43:00.440] [bmv2] [D] [thread 4246] [18.0] [cxt 0] Processing packet received on port 4
[14:43:00.440] [bmv2] [D] [thread 4246] [18.0] [cxt 0] Parser 'parser': start
[14:43:00.440] [bmv2] [D] [thread 4246] [18.0] [cxt 0] Parser 'parser' entering state 'start'
[14:43:00.440] [bmv2] [D] [thread 4246] [18.0] [cxt 0] Extracting header 'ethernet'
[14:43:00.440] [bmv2] [D] [thread 4246] [18.0] [cxt 0] Parser state 'start': key is 86dd
[14:43:00.441] [bmv2] [T] [thread 4246] [18.0] [cxt 0] Bytes parsed: 14
[14:43:00.441] [bmv2] [D] [thread 4246] [18.0] [cxt 0] Parser 'parser': end
[14:43:00.441] [bmv2] [D] [thread 4246] [18.0] [cxt 0] Pipeline 'ingress': start
[14:43:00.441] [bmv2] [T] [thread 4246] [18.0] [cxt 0] qos.p4(197) Condition "hdr.ipv4.isValid()" (node_2) is false
[14:43:00.441] [bmv2] [D] [thread 4246] [18.0] [cxt 0] Pipeline 'ingress': end
[14:43:00.441] [bmv2] [D] [thread 4246] [18.0] [cxt 0] Egress port is 0
[14:43:00.443] [bmv2] [D] [thread 4247] [18.0] [cxt 0] Pipeline 'egress': start
[14:43:00.443] [bmv2] [D] [thread 4247] [18.0] [cxt 0] Pipeline 'egress': end
[14:43:00.443] [bmv2] [D] [thread 4247] [18.0] [cxt 0] Deparser 'deparser': start
[14:43:00.443] [bmv2] [T] [thread 4247] [18.0] [cxt 0] Skipping checksum 'cksum' update because condition not met
[14:43:00.443] [bmv2] [D] [thread 4247] [18.0] [cxt 0] Deparsing header 'ethernet'
[14:43:00.443] [bmv2] [D] [thread 4247] [18.0] [cxt 0] Deparser 'deparser': end
[14:43:00.443] [bmv2] [D] [thread 4251] [18.0] [cxt 0] Transmitting packet of size 70 out of port 0
[14:43:00.790] [bmv2] [D] [thread 4246] [19.0] [cxt 0] Processing packet received on port 3
[14:43:00.791] [bmv2] [D] [thread 4246] [19.0] [cxt 0] Parser 'parser': start
[14:43:00.791] [bmv2] [D] [thread 4246] [19.0] [cxt 0] Parser 'parser' entering state 'start'
[14:43:00.791] [bmv2] [D] [thread 4246] [19.0] [cxt 0] Extracting header 'ethernet'
[14:43:00.791] [bmv2] [D] [thread 4246] [19.0] [cxt 0] Parser state 'start': key is 86dd
[14:43:00.791] [bmv2] [T] [thread 4246] [19.0] [cxt 0] Bytes parsed: 14
[14:43:00.791] [bmv2] [D] [thread 4246] [19.0] [cxt 0] Parser 'parser': end
[14:43:00.792] [bmv2] [D] [thread 4246] [19.0] [cxt 0] Pipeline 'ingress': start
[14:43:00.792] [bmv2] [T] [thread 4246] [19.0] [cxt 0] qos.p4(197) Condition "hdr.ipv4.isValid()" (node_2) is false
[14:43:00.792] [bmv2] [D] [thread 4246] [19.0] [cxt 0] Pipeline 'ingress': end
[14:43:00.792] [bmv2] [D] [thread 4246] [19.0] [cxt 0] Egress port is 0
[14:43:00.793] [bmv2] [D] [thread 4247] [19.0] [cxt 0] Pipeline 'egress': start
[14:43:00.793] [bmv2] [D] [thread 4247] [19.0] [cxt 0] Pipeline 'egress': end
[14:43:00.793] [bmv2] [D] [thread 4247] [19.0] [cxt 0] Deparser 'deparser': start
[14:43:00.793] [bmv2] [T] [thread 4247] [19.0] [cxt 0] Skipping checksum 'cksum' update because condition not met
[14:43:00.793] [bmv2] [D] [thread 4247] [19.0] [cxt 0] Deparsing header 'ethernet'
[14:43:00.793] [bmv2] [D] [thread 4247] [19.0] [cxt 0] Deparser 'deparser': end
[14:43:00.794] [bmv2] [D] [thread 4251] [19.0] [cxt 0] Transmitting packet of size 70 out of port 0
[14:43:00.945] [bmv2] [D] [thread 4246] [20.0] [cxt 0] Processing packet received on port 4
[14:43:00.946] [bmv2] [D] [thread 4246] [20.0] [cxt 0] Parser 'parser': start
[14:43:00.946] [bmv2] [D] [thread 4246] [20.0] [cxt 0] Parser 'parser' entering state 'start'
[14:43:00.946] [bmv2] [D] [thread 4246] [20.0] [cxt 0] Extracting header 'ethernet'
[14:43:00.946] [bmv2] [D] [thread 4246] [20.0] [cxt 0] Parser state 'start': key is 86dd
[14:43:00.946] [bmv2] [T] [thread 4246] [20.0] [cxt 0] Bytes parsed: 14
[14:43:00.946] [bmv2] [D] [thread 4246] [20.0] [cxt 0] Parser 'parser': end
[14:43:00.950] [bmv2] [D] [thread 4246] [20.0] [cxt 0] Pipeline 'ingress': start
[14:43:00.950] [bmv2] [T] [thread 4246] [20.0] [cxt 0] qos.p4(197) Condition "hdr.ipv4.isValid()" (node_2) is false
[14:43:00.950] [bmv2] [D] [thread 4246] [20.0] [cxt 0] Pipeline 'ingress': end
[14:43:00.950] [bmv2] [D] [thread 4246] [20.0] [cxt 0] Egress port is 0
[14:43:00.953] [bmv2] [D] [thread 4247] [20.0] [cxt 0] Pipeline 'egress': start
[14:43:00.953] [bmv2] [D] [thread 4247] [20.0] [cxt 0] Pipeline 'egress': end
[14:43:00.953] [bmv2] [D] [thread 4247] [20.0] [cxt 0] Deparser 'deparser': start
[14:43:00.953] [bmv2] [T] [thread 4247] [20.0] [cxt 0] Skipping checksum 'cksum' update because condition not met
[14:43:00.953] [bmv2] [D] [thread 4247] [20.0] [cxt 0] Deparsing header 'ethernet'
[14:43:00.953] [bmv2] [D] [thread 4247] [20.0] [cxt 0] Deparser 'deparser': end
[14:43:00.953] [bmv2] [D] [thread 4251] [20.0] [cxt 0] Transmitting packet of size 70 out of port 0
[14:43:01.046] [bmv2] [D] [thread 4246] [21.0] [cxt 0] Processing packet received on port 3
[14:43:01.046] [bmv2] [D] [thread 4246] [21.0] [cxt 0] Parser 'parser': start
[14:43:01.046] [bmv2] [D] [thread 4246] [21.0] [cxt 0] Parser 'parser' entering state 'start'
[14:43:01.046] [bmv2] [D] [thread 4246] [21.0] [cxt 0] Extracting header 'ethernet'
[14:43:01.046] [bmv2] [D] [thread 4246] [21.0] [cxt 0] Parser state 'start': key is 86dd
[14:43:01.046] [bmv2] [T] [thread 4246] [21.0] [cxt 0] Bytes parsed: 14
[14:43:01.046] [bmv2] [D] [thread 4246] [21.0] [cxt 0] Parser 'parser': end
[14:43:01.046] [bmv2] [D] [thread 4246] [21.0] [cxt 0] Pipeline 'ingress': start
[14:43:01.046] [bmv2] [T] [thread 4246] [21.0] [cxt 0] qos.p4(197) Condition "hdr.ipv4.isValid()" (node_2) is false
[14:43:01.046] [bmv2] [D] [thread 4246] [21.0] [cxt 0] Pipeline 'ingress': end
[14:43:01.046] [bmv2] [D] [thread 4246] [21.0] [cxt 0] Egress port is 0
[14:43:01.047] [bmv2] [D] [thread 4247] [21.0] [cxt 0] Pipeline 'egress': start
[14:43:01.047] [bmv2] [D] [thread 4247] [21.0] [cxt 0] Pipeline 'egress': end
[14:43:01.047] [bmv2] [D] [thread 4247] [21.0] [cxt 0] Deparser 'deparser': start
[14:43:01.048] [bmv2] [T] [thread 4247] [21.0] [cxt 0] Skipping checksum 'cksum' update because condition not met
[14:43:01.048] [bmv2] [D] [thread 4247] [21.0] [cxt 0] Deparsing header 'ethernet'
[14:43:01.048] [bmv2] [D] [thread 4247] [21.0] [cxt 0] Deparser 'deparser': end
[14:43:01.048] [bmv2] [D] [thread 4251] [21.0] [cxt 0] Transmitting packet of size 70 out of port 0
[14:43:01.689] [bmv2] [D] [thread 4246] [22.0] [cxt 0] Processing packet received on port 2
[14:43:01.689] [bmv2] [D] [thread 4246] [22.0] [cxt 0] Parser 'parser': start
[14:43:01.689] [bmv2] [D] [thread 4246] [22.0] [cxt 0] Parser 'parser' entering state 'start'
[14:43:01.690] [bmv2] [D] [thread 4246] [22.0] [cxt 0] Extracting header 'ethernet'
[14:43:01.690] [bmv2] [D] [thread 4246] [22.0] [cxt 0] Parser state 'start': key is 86dd
[14:43:01.690] [bmv2] [T] [thread 4246] [22.0] [cxt 0] Bytes parsed: 14
[14:43:01.690] [bmv2] [D] [thread 4246] [22.0] [cxt 0] Parser 'parser': end
[14:43:01.690] [bmv2] [D] [thread 4246] [22.0] [cxt 0] Pipeline 'ingress': start
[14:43:01.690] [bmv2] [T] [thread 4246] [22.0] [cxt 0] qos.p4(197) Condition "hdr.ipv4.isValid()" (node_2) is false
[14:43:01.690] [bmv2] [D] [thread 4246] [22.0] [cxt 0] Pipeline 'ingress': end
[14:43:01.690] [bmv2] [D] [thread 4246] [22.0] [cxt 0] Egress port is 0
[14:43:01.691] [bmv2] [D] [thread 4247] [22.0] [cxt 0] Pipeline 'egress': start
[14:43:01.691] [bmv2] [D] [thread 4247] [22.0] [cxt 0] Pipeline 'egress': end
[14:43:01.691] [bmv2] [D] [thread 4247] [22.0] [cxt 0] Deparser 'deparser': start
[14:43:01.691] [bmv2] [T] [thread 4247] [22.0] [cxt 0] Skipping checksum 'cksum' update because condition not met
[14:43:01.691] [bmv2] [D] [thread 4247] [22.0] [cxt 0] Deparsing header 'ethernet'
[14:43:01.691] [bmv2] [D] [thread 4247] [22.0] [cxt 0] Deparser 'deparser': end
[14:43:01.691] [bmv2] [D] [thread 4251] [22.0] [cxt 0] Transmitting packet of size 70 out of port 0
[14:43:08.368] [bmv2] [D] [thread 4246] [23.0] [cxt 0] Processing packet received on port 1
[14:43:08.368] [bmv2] [D] [thread 4246] [23.0] [cxt 0] Parser 'parser': start
[14:43:08.368] [bmv2] [D] [thread 4246] [23.0] [cxt 0] Parser 'parser' entering state 'start'
[14:43:08.368] [bmv2] [D] [thread 4246] [23.0] [cxt 0] Extracting header 'ethernet'
[14:43:08.368] [bmv2] [D] [thread 4246] [23.0] [cxt 0] Parser state 'start': key is 86dd
[14:43:08.368] [bmv2] [T] [thread 4246] [23.0] [cxt 0] Bytes parsed: 14
[14:43:08.368] [bmv2] [D] [thread 4246] [23.0] [cxt 0] Parser 'parser': end
[14:43:08.368] [bmv2] [D] [thread 4246] [23.0] [cxt 0] Pipeline 'ingress': start
[14:43:08.368] [bmv2] [T] [thread 4246] [23.0] [cxt 0] qos.p4(197) Condition "hdr.ipv4.isValid()" (node_2) is false
[14:43:08.369] [bmv2] [D] [thread 4246] [23.0] [cxt 0] Pipeline 'ingress': end
[14:43:08.369] [bmv2] [D] [thread 4246] [23.0] [cxt 0] Egress port is 0
[14:43:08.371] [bmv2] [D] [thread 4247] [23.0] [cxt 0] Pipeline 'egress': start
[14:43:08.375] [bmv2] [D] [thread 4247] [23.0] [cxt 0] Pipeline 'egress': end
[14:43:08.375] [bmv2] [D] [thread 4247] [23.0] [cxt 0] Deparser 'deparser': start
[14:43:08.376] [bmv2] [T] [thread 4247] [23.0] [cxt 0] Skipping checksum 'cksum' update because condition not met
[14:43:08.376] [bmv2] [D] [thread 4247] [23.0] [cxt 0] Deparsing header 'ethernet'
[14:43:08.376] [bmv2] [D] [thread 4247] [23.0] [cxt 0] Deparser 'deparser': end
[14:43:08.376] [bmv2] [D] [thread 4251] [23.0] [cxt 0] Transmitting packet of size 70 out of port 0
[14:43:08.629] [bmv2] [D] [thread 4246] [24.0] [cxt 0] Processing packet received on port 4
[14:43:08.629] [bmv2] [D] [thread 4246] [24.0] [cxt 0] Parser 'parser': start
[14:43:08.629] [bmv2] [D] [thread 4246] [24.0] [cxt 0] Parser 'parser' entering state 'start'
[14:43:08.629] [bmv2] [D] [thread 4246] [24.0] [cxt 0] Extracting header 'ethernet'
[14:43:08.629] [bmv2] [D] [thread 4246] [24.0] [cxt 0] Parser state 'start': key is 86dd
[14:43:08.629] [bmv2] [T] [thread 4246] [24.0] [cxt 0] Bytes parsed: 14
[14:43:08.629] [bmv2] [D] [thread 4246] [24.0] [cxt 0] Parser 'parser': end
[14:43:08.629] [bmv2] [D] [thread 4246] [24.0] [cxt 0] Pipeline 'ingress': start
[14:43:08.629] [bmv2] [T] [thread 4246] [24.0] [cxt 0] qos.p4(197) Condition "hdr.ipv4.isValid()" (node_2) is false
[14:43:08.630] [bmv2] [D] [thread 4246] [24.0] [cxt 0] Pipeline 'ingress': end
[14:43:08.630] [bmv2] [D] [thread 4246] [24.0] [cxt 0] Egress port is 0
[14:43:08.637] [bmv2] [D] [thread 4247] [24.0] [cxt 0] Pipeline 'egress': start
[14:43:08.637] [bmv2] [D] [thread 4247] [24.0] [cxt 0] Pipeline 'egress': end
[14:43:08.638] [bmv2] [D] [thread 4247] [24.0] [cxt 0] Deparser 'deparser': start
[14:43:08.638] [bmv2] [T] [thread 4247] [24.0] [cxt 0] Skipping checksum 'cksum' update because condition not met
[14:43:08.638] [bmv2] [D] [thread 4247] [24.0] [cxt 0] Deparsing header 'ethernet'
[14:43:08.638] [bmv2] [D] [thread 4247] [24.0] [cxt 0] Deparser 'deparser': end
[14:43:08.638] [bmv2] [D] [thread 4251] [24.0] [cxt 0] Transmitting packet of size 70 out of port 0
[14:43:08.726] [bmv2] [D] [thread 4246] [25.0] [cxt 0] Processing packet received on port 3
[14:43:08.726] [bmv2] [D] [thread 4246] [25.0] [cxt 0] Parser 'parser': start
[14:43:08.726] [bmv2] [D] [thread 4246] [25.0] [cxt 0] Parser 'parser' entering state 'start'
[14:43:08.727] [bmv2] [D] [thread 4246] [25.0] [cxt 0] Extracting header 'ethernet'
[14:43:08.727] [bmv2] [D] [thread 4246] [25.0] [cxt 0] Parser state 'start': key is 86dd
[14:43:08.727] [bmv2] [T] [thread 4246] [25.0] [cxt 0] Bytes parsed: 14
[14:43:08.727] [bmv2] [D] [thread 4246] [25.0] [cxt 0] Parser 'parser': end
[14:43:08.727] [bmv2] [D] [thread 4246] [25.0] [cxt 0] Pipeline 'ingress': start
[14:43:08.727] [bmv2] [T] [thread 4246] [25.0] [cxt 0] qos.p4(197) Condition "hdr.ipv4.isValid()" (node_2) is false
[14:43:08.727] [bmv2] [D] [thread 4246] [25.0] [cxt 0] Pipeline 'ingress': end
[14:43:08.727] [bmv2] [D] [thread 4246] [25.0] [cxt 0] Egress port is 0
[14:43:08.727] [bmv2] [D] [thread 4247] [25.0] [cxt 0] Pipeline 'egress': start
[14:43:08.727] [bmv2] [D] [thread 4247] [25.0] [cxt 0] Pipeline 'egress': end
[14:43:08.727] [bmv2] [D] [thread 4247] [25.0] [cxt 0] Deparser 'deparser': start
[14:43:08.727] [bmv2] [T] [thread 4247] [25.0] [cxt 0] Skipping checksum 'cksum' update because condition not met
[14:43:08.727] [bmv2] [D] [thread 4247] [25.0] [cxt 0] Deparsing header 'ethernet'
[14:43:08.727] [bmv2] [D] [thread 4247] [25.0] [cxt 0] Deparser 'deparser': end
[14:43:08.727] [bmv2] [D] [thread 4251] [25.0] [cxt 0] Transmitting packet of size 70 out of port 0
[14:43:08.981] [bmv2] [D] [thread 4246] [26.0] [cxt 0] Processing packet received on port 3
[14:43:08.982] [bmv2] [D] [thread 4246] [26.0] [cxt 0] Parser 'parser': start
[14:43:08.982] [bmv2] [D] [thread 4246] [26.0] [cxt 0] Parser 'parser' entering state 'start'
[14:43:08.982] [bmv2] [D] [thread 4246] [26.0] [cxt 0] Extracting header 'ethernet'
[14:43:08.982] [bmv2] [D] [thread 4246] [26.0] [cxt 0] Parser state 'start': key is 86dd
[14:43:08.982] [bmv2] [T] [thread 4246] [26.0] [cxt 0] Bytes parsed: 14
[14:43:08.982] [bmv2] [D] [thread 4246] [26.0] [cxt 0] Parser 'parser': end
[14:43:08.982] [bmv2] [D] [thread 4246] [26.0] [cxt 0] Pipeline 'ingress': start
[14:43:08.982] [bmv2] [T] [thread 4246] [26.0] [cxt 0] qos.p4(197) Condition "hdr.ipv4.isValid()" (node_2) is false
[14:43:08.982] [bmv2] [D] [thread 4246] [26.0] [cxt 0] Pipeline 'ingress': end
[14:43:08.982] [bmv2] [D] [thread 4246] [26.0] [cxt 0] Egress port is 0
[14:43:08.983] [bmv2] [D] [thread 4247] [26.0] [cxt 0] Pipeline 'egress': start
[14:43:08.983] [bmv2] [D] [thread 4247] [26.0] [cxt 0] Pipeline 'egress': end
[14:43:08.983] [bmv2] [D] [thread 4247] [26.0] [cxt 0] Deparser 'deparser': start
[14:43:08.983] [bmv2] [T] [thread 4247] [26.0] [cxt 0] Skipping checksum 'cksum' update because condition not met
[14:43:08.983] [bmv2] [D] [thread 4247] [26.0] [cxt 0] Deparsing header 'ethernet'
[14:43:08.983] [bmv2] [D] [thread 4247] [26.0] [cxt 0] Deparser 'deparser': end
[14:43:08.983] [bmv2] [D] [thread 4251] [26.0] [cxt 0] Transmitting packet of size 70 out of port 0
[14:43:09.136] [bmv2] [D] [thread 4246] [27.0] [cxt 0] Processing packet received on port 4
[14:43:09.136] [bmv2] [D] [thread 4246] [27.0] [cxt 0] Parser 'parser': start
[14:43:09.136] [bmv2] [D] [thread 4246] [27.0] [cxt 0] Parser 'parser' entering state 'start'
[14:43:09.136] [bmv2] [D] [thread 4246] [27.0] [cxt 0] Extracting header 'ethernet'
[14:43:09.137] [bmv2] [D] [thread 4246] [27.0] [cxt 0] Parser state 'start': key is 86dd
[14:43:09.137] [bmv2] [T] [thread 4246] [27.0] [cxt 0] Bytes parsed: 14
[14:43:09.137] [bmv2] [D] [thread 4246] [27.0] [cxt 0] Parser 'parser': end
[14:43:09.137] [bmv2] [D] [thread 4246] [27.0] [cxt 0] Pipeline 'ingress': start
[14:43:09.137] [bmv2] [T] [thread 4246] [27.0] [cxt 0] qos.p4(197) Condition "hdr.ipv4.isValid()" (node_2) is false
[14:43:09.137] [bmv2] [D] [thread 4246] [27.0] [cxt 0] Pipeline 'ingress': end
[14:43:09.137] [bmv2] [D] [thread 4246] [27.0] [cxt 0] Egress port is 0
[14:43:09.141] [bmv2] [D] [thread 4247] [27.0] [cxt 0] Pipeline 'egress': start
[14:43:09.141] [bmv2] [D] [thread 4247] [27.0] [cxt 0] Pipeline 'egress': end
[14:43:09.141] [bmv2] [D] [thread 4247] [27.0] [cxt 0] Deparser 'deparser': start
[14:43:09.142] [bmv2] [T] [thread 4247] [27.0] [cxt 0] Skipping checksum 'cksum' update because condition not met
[14:43:09.142] [bmv2] [D] [thread 4247] [27.0] [cxt 0] Deparsing header 'ethernet'
[14:43:09.142] [bmv2] [D] [thread 4247] [27.0] [cxt 0] Deparser 'deparser': end
[14:43:09.142] [bmv2] [D] [thread 4251] [27.0] [cxt 0] Transmitting packet of size 70 out of port 0
[14:43:10.905] [bmv2] [D] [thread 4246] [28.0] [cxt 0] Processing packet received on port 2
[14:43:10.905] [bmv2] [D] [thread 4246] [28.0] [cxt 0] Parser 'parser': start
[14:43:10.905] [bmv2] [D] [thread 4246] [28.0] [cxt 0] Parser 'parser' entering state 'start'
[14:43:10.905] [bmv2] [D] [thread 4246] [28.0] [cxt 0] Extracting header 'ethernet'
[14:43:10.905] [bmv2] [D] [thread 4246] [28.0] [cxt 0] Parser state 'start': key is 86dd
[14:43:10.905] [bmv2] [T] [thread 4246] [28.0] [cxt 0] Bytes parsed: 14
[14:43:10.905] [bmv2] [D] [thread 4246] [28.0] [cxt 0] Parser 'parser': end
[14:43:10.906] [bmv2] [D] [thread 4246] [28.0] [cxt 0] Pipeline 'ingress': start
[14:43:10.906] [bmv2] [T] [thread 4246] [28.0] [cxt 0] qos.p4(197) Condition "hdr.ipv4.isValid()" (node_2) is false
[14:43:10.906] [bmv2] [D] [thread 4246] [28.0] [cxt 0] Pipeline 'ingress': end
[14:43:10.906] [bmv2] [D] [thread 4246] [28.0] [cxt 0] Egress port is 0
[14:43:10.906] [bmv2] [D] [thread 4247] [28.0] [cxt 0] Pipeline 'egress': start
[14:43:10.908] [bmv2] [D] [thread 4247] [28.0] [cxt 0] Pipeline 'egress': end
[14:43:10.908] [bmv2] [D] [thread 4247] [28.0] [cxt 0] Deparser 'deparser': start
[14:43:10.908] [bmv2] [T] [thread 4247] [28.0] [cxt 0] Skipping checksum 'cksum' update because condition not met
[14:43:10.908] [bmv2] [D] [thread 4247] [28.0] [cxt 0] Deparsing header 'ethernet'
[14:43:10.908] [bmv2] [D] [thread 4247] [28.0] [cxt 0] Deparser 'deparser': end
[14:43:10.909] [bmv2] [D] [thread 4251] [28.0] [cxt 0] Transmitting packet of size 70 out of port 0
[14:43:24.242] [bmv2] [D] [thread 4246] [29.0] [cxt 0] Processing packet received on port 4
[14:43:24.245] [bmv2] [D] [thread 4246] [29.0] [cxt 0] Parser 'parser': start
[14:43:24.245] [bmv2] [D] [thread 4246] [29.0] [cxt 0] Parser 'parser' entering state 'start'
[14:43:24.245] [bmv2] [D] [thread 4246] [29.0] [cxt 0] Extracting header 'ethernet'
[14:43:24.245] [bmv2] [D] [thread 4246] [29.0] [cxt 0] Parser state 'start': key is 86dd
[14:43:24.245] [bmv2] [T] [thread 4246] [29.0] [cxt 0] Bytes parsed: 14
[14:43:24.245] [bmv2] [D] [thread 4246] [29.0] [cxt 0] Parser 'parser': end
[14:43:24.245] [bmv2] [D] [thread 4246] [29.0] [cxt 0] Pipeline 'ingress': start
[14:43:24.246] [bmv2] [T] [thread 4246] [29.0] [cxt 0] qos.p4(197) Condition "hdr.ipv4.isValid()" (node_2) is false
[14:43:24.246] [bmv2] [D] [thread 4246] [29.0] [cxt 0] Pipeline 'ingress': end
[14:43:24.246] [bmv2] [D] [thread 4246] [29.0] [cxt 0] Egress port is 0
[14:43:24.248] [bmv2] [D] [thread 4247] [29.0] [cxt 0] Pipeline 'egress': start
[14:43:24.248] [bmv2] [D] [thread 4247] [29.0] [cxt 0] Pipeline 'egress': end
[14:43:24.248] [bmv2] [D] [thread 4247] [29.0] [cxt 0] Deparser 'deparser': start
[14:43:24.249] [bmv2] [T] [thread 4247] [29.0] [cxt 0] Skipping checksum 'cksum' update because condition not met
[14:43:24.249] [bmv2] [D] [thread 4247] [29.0] [cxt 0] Deparsing header 'ethernet'
[14:43:24.249] [bmv2] [D] [thread 4247] [29.0] [cxt 0] Deparser 'deparser': end
[14:43:24.249] [bmv2] [D] [thread 4251] [29.0] [cxt 0] Transmitting packet of size 70 out of port 0
[14:43:24.347] [bmv2] [D] [thread 4246] [30.0] [cxt 0] Processing packet received on port 3
[14:43:24.347] [bmv2] [D] [thread 4246] [30.0] [cxt 0] Parser 'parser': start
[14:43:24.347] [bmv2] [D] [thread 4246] [30.0] [cxt 0] Parser 'parser' entering state 'start'
[14:43:24.347] [bmv2] [D] [thread 4246] [30.0] [cxt 0] Extracting header 'ethernet'
[14:43:24.348] [bmv2] [D] [thread 4246] [30.0] [cxt 0] Parser state 'start': key is 86dd
[14:43:24.348] [bmv2] [T] [thread 4246] [30.0] [cxt 0] Bytes parsed: 14
[14:43:24.348] [bmv2] [D] [thread 4246] [30.0] [cxt 0] Parser 'parser': end
[14:43:24.348] [bmv2] [D] [thread 4246] [30.0] [cxt 0] Pipeline 'ingress': start
[14:43:24.348] [bmv2] [T] [thread 4246] [30.0] [cxt 0] qos.p4(197) Condition "hdr.ipv4.isValid()" (node_2) is false
[14:43:24.348] [bmv2] [D] [thread 4246] [30.0] [cxt 0] Pipeline 'ingress': end
[14:43:24.349] [bmv2] [D] [thread 4246] [30.0] [cxt 0] Egress port is 0
[14:43:24.351] [bmv2] [D] [thread 4247] [30.0] [cxt 0] Pipeline 'egress': start
[14:43:24.351] [bmv2] [D] [thread 4247] [30.0] [cxt 0] Pipeline 'egress': end
[14:43:24.351] [bmv2] [D] [thread 4247] [30.0] [cxt 0] Deparser 'deparser': start
[14:43:24.351] [bmv2] [T] [thread 4247] [30.0] [cxt 0] Skipping checksum 'cksum' update because condition not met
[14:43:24.351] [bmv2] [D] [thread 4247] [30.0] [cxt 0] Deparsing header 'ethernet'
[14:43:24.351] [bmv2] [D] [thread 4247] [30.0] [cxt 0] Deparser 'deparser': end
[14:43:24.351] [bmv2] [D] [thread 4251] [30.0] [cxt 0] Transmitting packet of size 70 out of port 0
[14:43:25.111] [bmv2] [D] [thread 4246] [31.0] [cxt 0] Processing packet received on port 3
[14:43:25.112] [bmv2] [D] [thread 4246] [31.0] [cxt 0] Parser 'parser': start
[14:43:25.112] [bmv2] [D] [thread 4246] [31.0] [cxt 0] Parser 'parser' entering state 'start'
[14:43:25.112] [bmv2] [D] [thread 4246] [31.0] [cxt 0] Extracting header 'ethernet'
[14:43:25.112] [bmv2] [D] [thread 4246] [31.0] [cxt 0] Parser state 'start': key is 86dd
[14:43:25.112] [bmv2] [T] [thread 4246] [31.0] [cxt 0] Bytes parsed: 14
[14:43:25.112] [bmv2] [D] [thread 4246] [31.0] [cxt 0] Parser 'parser': end
[14:43:25.112] [bmv2] [D] [thread 4246] [31.0] [cxt 0] Pipeline 'ingress': start
[14:43:25.112] [bmv2] [T] [thread 4246] [31.0] [cxt 0] qos.p4(197) Condition "hdr.ipv4.isValid()" (node_2) is false
[14:43:25.112] [bmv2] [D] [thread 4246] [31.0] [cxt 0] Pipeline 'ingress': end
[14:43:25.113] [bmv2] [D] [thread 4246] [31.0] [cxt 0] Egress port is 0
[14:43:25.117] [bmv2] [D] [thread 4247] [31.0] [cxt 0] Pipeline 'egress': start
[14:43:25.117] [bmv2] [D] [thread 4247] [31.0] [cxt 0] Pipeline 'egress': end
[14:43:25.117] [bmv2] [D] [thread 4247] [31.0] [cxt 0] Deparser 'deparser': start
[14:43:25.117] [bmv2] [T] [thread 4247] [31.0] [cxt 0] Skipping checksum 'cksum' update because condition not met
[14:43:25.117] [bmv2] [D] [thread 4247] [31.0] [cxt 0] Deparsing header 'ethernet'
[14:43:25.117] [bmv2] [D] [thread 4247] [31.0] [cxt 0] Deparser 'deparser': end
[14:43:25.117] [bmv2] [D] [thread 4251] [31.0] [cxt 0] Transmitting packet of size 70 out of port 0
[14:43:25.271] [bmv2] [D] [thread 4246] [32.0] [cxt 0] Processing packet received on port 4
[14:43:25.276] [bmv2] [D] [thread 4246] [32.0] [cxt 0] Parser 'parser': start
[14:43:25.276] [bmv2] [D] [thread 4246] [32.0] [cxt 0] Parser 'parser' entering state 'start'
[14:43:25.277] [bmv2] [D] [thread 4246] [32.0] [cxt 0] Extracting header 'ethernet'
[14:43:25.277] [bmv2] [D] [thread 4246] [32.0] [cxt 0] Parser state 'start': key is 86dd
[14:43:25.277] [bmv2] [T] [thread 4246] [32.0] [cxt 0] Bytes parsed: 14
[14:43:25.277] [bmv2] [D] [thread 4246] [32.0] [cxt 0] Parser 'parser': end
[14:43:25.277] [bmv2] [D] [thread 4246] [32.0] [cxt 0] Pipeline 'ingress': start
[14:43:25.277] [bmv2] [T] [thread 4246] [32.0] [cxt 0] qos.p4(197) Condition "hdr.ipv4.isValid()" (node_2) is false
[14:43:25.277] [bmv2] [D] [thread 4246] [32.0] [cxt 0] Pipeline 'ingress': end
[14:43:25.277] [bmv2] [D] [thread 4246] [32.0] [cxt 0] Egress port is 0
[14:43:25.277] [bmv2] [D] [thread 4247] [32.0] [cxt 0] Pipeline 'egress': start
[14:43:25.277] [bmv2] [D] [thread 4247] [32.0] [cxt 0] Pipeline 'egress': end
[14:43:25.277] [bmv2] [D] [thread 4247] [32.0] [cxt 0] Deparser 'deparser': start
[14:43:25.277] [bmv2] [T] [thread 4247] [32.0] [cxt 0] Skipping checksum 'cksum' update because condition not met
[14:43:25.277] [bmv2] [D] [thread 4247] [32.0] [cxt 0] Deparsing header 'ethernet'
[14:43:25.278] [bmv2] [D] [thread 4247] [32.0] [cxt 0] Deparser 'deparser': end
[14:43:25.278] [bmv2] [D] [thread 4251] [32.0] [cxt 0] Transmitting packet of size 70 out of port 0
[14:43:26.289] [bmv2] [D] [thread 4246] [33.0] [cxt 0] Processing packet received on port 1
[14:43:26.290] [bmv2] [D] [thread 4246] [33.0] [cxt 0] Parser 'parser': start
[14:43:26.290] [bmv2] [D] [thread 4246] [33.0] [cxt 0] Parser 'parser' entering state 'start'
[14:43:26.290] [bmv2] [D] [thread 4246] [33.0] [cxt 0] Extracting header 'ethernet'
[14:43:26.290] [bmv2] [D] [thread 4246] [33.0] [cxt 0] Parser state 'start': key is 86dd
[14:43:26.290] [bmv2] [T] [thread 4246] [33.0] [cxt 0] Bytes parsed: 14
[14:43:26.290] [bmv2] [D] [thread 4246] [33.0] [cxt 0] Parser 'parser': end
[14:43:26.291] [bmv2] [D] [thread 4246] [33.0] [cxt 0] Pipeline 'ingress': start
[14:43:26.291] [bmv2] [T] [thread 4246] [33.0] [cxt 0] qos.p4(197) Condition "hdr.ipv4.isValid()" (node_2) is false
[14:43:26.291] [bmv2] [D] [thread 4246] [33.0] [cxt 0] Pipeline 'ingress': end
[14:43:26.293] [bmv2] [D] [thread 4246] [33.0] [cxt 0] Egress port is 0
[14:43:26.293] [bmv2] [D] [thread 4247] [33.0] [cxt 0] Pipeline 'egress': start
[14:43:26.294] [bmv2] [D] [thread 4247] [33.0] [cxt 0] Pipeline 'egress': end
[14:43:26.294] [bmv2] [D] [thread 4247] [33.0] [cxt 0] Deparser 'deparser': start
[14:43:26.294] [bmv2] [T] [thread 4247] [33.0] [cxt 0] Skipping checksum 'cksum' update because condition not met
[14:43:26.294] [bmv2] [D] [thread 4247] [33.0] [cxt 0] Deparsing header 'ethernet'
[14:43:26.294] [bmv2] [D] [thread 4247] [33.0] [cxt 0] Deparser 'deparser': end
[14:43:26.294] [bmv2] [D] [thread 4251] [33.0] [cxt 0] Transmitting packet of size 70 out of port 0
[14:43:29.340] [bmv2] [D] [thread 4246] [34.0] [cxt 0] Processing packet received on port 2
[14:43:29.341] [bmv2] [D] [thread 4246] [34.0] [cxt 0] Parser 'parser': start
[14:43:29.341] [bmv2] [D] [thread 4246] [34.0] [cxt 0] Parser 'parser' entering state 'start'
[14:43:29.341] [bmv2] [D] [thread 4246] [34.0] [cxt 0] Extracting header 'ethernet'
[14:43:29.341] [bmv2] [D] [thread 4246] [34.0] [cxt 0] Parser state 'start': key is 86dd
[14:43:29.341] [bmv2] [T] [thread 4246] [34.0] [cxt 0] Bytes parsed: 14
[14:43:29.341] [bmv2] [D] [thread 4246] [34.0] [cxt 0] Parser 'parser': end
[14:43:29.341] [bmv2] [D] [thread 4246] [34.0] [cxt 0] Pipeline 'ingress': start
[14:43:29.341] [bmv2] [T] [thread 4246] [34.0] [cxt 0] qos.p4(197) Condition "hdr.ipv4.isValid()" (node_2) is false
[14:43:29.341] [bmv2] [D] [thread 4246] [34.0] [cxt 0] Pipeline 'ingress': end
[14:43:29.341] [bmv2] [D] [thread 4246] [34.0] [cxt 0] Egress port is 0
[14:43:29.342] [bmv2] [D] [thread 4247] [34.0] [cxt 0] Pipeline 'egress': start
[14:43:29.343] [bmv2] [D] [thread 4247] [34.0] [cxt 0] Pipeline 'egress': end
[14:43:29.343] [bmv2] [D] [thread 4247] [34.0] [cxt 0] Deparser 'deparser': start
[14:43:29.344] [bmv2] [T] [thread 4247] [34.0] [cxt 0] Skipping checksum 'cksum' update because condition not met
[14:43:29.344] [bmv2] [D] [thread 4247] [34.0] [cxt 0] Deparsing header 'ethernet'
[14:43:29.344] [bmv2] [D] [thread 4247] [34.0] [cxt 0] Deparser 'deparser': end
[14:43:29.344] [bmv2] [D] [thread 4251] [34.0] [cxt 0] Transmitting packet of size 70 out of port 0
[14:43:54.504] [bmv2] [D] [thread 4246] [35.0] [cxt 0] Processing packet received on port 2
[14:43:54.504] [bmv2] [D] [thread 4246] [35.0] [cxt 0] Parser 'parser': start
[14:43:54.504] [bmv2] [D] [thread 4246] [35.0] [cxt 0] Parser 'parser' entering state 'start'
[14:43:54.504] [bmv2] [D] [thread 4246] [35.0] [cxt 0] Extracting header 'ethernet'
[14:43:54.504] [bmv2] [D] [thread 4246] [35.0] [cxt 0] Parser state 'start': key is 8100
[14:43:54.505] [bmv2] [T] [thread 4246] [35.0] [cxt 0] Bytes parsed: 14
[14:43:54.505] [bmv2] [D] [thread 4246] [35.0] [cxt 0] Parser 'parser' entering state 'parse_vlan'
[14:43:54.505] [bmv2] [D] [thread 4246] [35.0] [cxt 0] Extracting header 'vlan'
[14:43:54.505] [bmv2] [D] [thread 4246] [35.0] [cxt 0] Parser state 'parse_vlan': key is 0800
[14:43:54.505] [bmv2] [T] [thread 4246] [35.0] [cxt 0] Bytes parsed: 18
[14:43:54.505] [bmv2] [D] [thread 4246] [35.0] [cxt 0] Parser 'parser' entering state 'parse_ipv4'
[14:43:54.505] [bmv2] [D] [thread 4246] [35.0] [cxt 0] Extracting header 'ipv4'
[14:43:54.506] [bmv2] [D] [thread 4246] [35.0] [cxt 0] Parser set: setting field 'scalars.tmp' from expression, new value is 1
[14:43:54.507] [bmv2] [D] [thread 4246] [35.0] [cxt 0] Parser state 'parse_ipv4': key is 06
[14:43:54.507] [bmv2] [T] [thread 4246] [35.0] [cxt 0] Bytes parsed: 38
[14:43:54.507] [bmv2] [D] [thread 4246] [35.0] [cxt 0] Parser 'parser' entering state 'parse_ipv4_option'
[14:43:54.507] [bmv2] [D] [thread 4246] [35.0] [cxt 0] Extracting header 'ipv4_option'
[14:43:54.507] [bmv2] [D] [thread 4246] [35.0] [cxt 0] Parser state 'parse_ipv4_option': key is 1f
[14:43:54.507] [bmv2] [T] [thread 4246] [35.0] [cxt 0] Bytes parsed: 40
[14:43:54.507] [bmv2] [D] [thread 4246] [35.0] [cxt 0] Parser 'parser' entering state 'parse_link_qos'
[14:43:54.507] [bmv2] [D] [thread 4246] [35.0] [cxt 0] Extracting header 'link_qos'
[14:43:54.507] [bmv2] [D] [thread 4246] [35.0] [cxt 0] Parser state 'parse_link_qos' has no switch, going to default next state
[14:43:54.507] [bmv2] [T] [thread 4246] [35.0] [cxt 0] Bytes parsed: 42
[14:43:54.507] [bmv2] [D] [thread 4246] [35.0] [cxt 0] Parser 'parser': end
[14:43:54.508] [bmv2] [D] [thread 4246] [35.0] [cxt 0] Pipeline 'ingress': start
[14:43:54.508] [bmv2] [T] [thread 4246] [35.0] [cxt 0] qos.p4(197) Condition "hdr.ipv4.isValid()" (node_2) is true
[14:43:54.508] [bmv2] [T] [thread 4246] [35.0] [cxt 0] qos.p4(198) Condition "hdr.link_qos.link_qos == TARGET_LINK_QOS" (node_3) is true
[14:43:54.508] [bmv2] [T] [thread 4246] [35.0] [cxt 0] Applying table 'tbl_qos199'
[14:43:54.508] [bmv2] [D] [thread 4246] [35.0] [cxt 0] Looking up key:

[14:43:54.508] [bmv2] [D] [thread 4246] [35.0] [cxt 0] Table 'tbl_qos199': miss
[14:43:54.508] [bmv2] [D] [thread 4246] [35.0] [cxt 0] Action entry is qos199 - 
[14:43:54.508] [bmv2] [T] [thread 4246] [35.0] [cxt 0] Action qos199
[14:43:54.509] [bmv2] [T] [thread 4246] [35.0] [cxt 0] qos.p4(199) Primitive hdr.ipv4.diffserv = (TARGET_DSCP << 2
[14:43:54.509] [bmv2] [T] [thread 4246] [35.0] [cxt 0] qos.p4(28) Primitive 2; ...
[14:43:54.509] [bmv2] [T] [thread 4246] [35.0] [cxt 0] Applying table 'MyIngress.ipv4_lpm'
[14:43:54.509] [bmv2] [D] [thread 4246] [35.0] [cxt 0] Looking up key:
* hdr.ipv4.dstAddr    : 0a000202

[14:43:54.509] [bmv2] [D] [thread 4246] [35.0] [cxt 0] Table 'MyIngress.ipv4_lpm': hit with handle 2
[14:43:54.510] [bmv2] [D] [thread 4246] [35.0] [cxt 0] Dumping entry 2
Match key:
* hdr.ipv4.dstAddr    : LPM       0a000200/24
Action entry: MyIngress.ipv4_forward - 80000000200,3,

[14:43:54.510] [bmv2] [D] [thread 4246] [35.0] [cxt 0] Action entry is MyIngress.ipv4_forward - 80000000200,3,
[14:43:54.510] [bmv2] [T] [thread 4246] [35.0] [cxt 0] Action MyIngress.ipv4_forward
[14:43:54.510] [bmv2] [T] [thread 4246] [35.0] [cxt 0] qos.p4(175) Primitive standard_metadata.egress_spec = port
[14:43:54.510] [bmv2] [T] [thread 4246] [35.0] [cxt 0] qos.p4(176) Primitive hdr.ethernet.srcAddr = hdr.ethernet.dstAddr
[14:43:54.510] [bmv2] [T] [thread 4246] [35.0] [cxt 0] qos.p4(177) Primitive hdr.ethernet.dstAddr = dstAddr
[14:43:54.510] [bmv2] [T] [thread 4246] [35.0] [cxt 0] qos.p4(178) Primitive hdr.ipv4.ttl = hdr.ipv4.ttl - 1
[14:43:54.510] [bmv2] [D] [thread 4246] [35.0] [cxt 0] Pipeline 'ingress': end
[14:43:54.510] [bmv2] [D] [thread 4246] [35.0] [cxt 0] Egress port is 3
[14:43:54.511] [bmv2] [D] [thread 4250] [35.0] [cxt 0] Pipeline 'egress': start
[14:43:54.511] [bmv2] [D] [thread 4250] [35.0] [cxt 0] Pipeline 'egress': end
[14:43:54.512] [bmv2] [D] [thread 4250] [35.0] [cxt 0] Deparser 'deparser': start
[14:43:54.512] [bmv2] [D] [thread 4250] [35.0] [cxt 0] Updating checksum 'cksum'
[14:43:54.512] [bmv2] [D] [thread 4250] [35.0] [cxt 0] Deparsing header 'ethernet'
[14:43:54.512] [bmv2] [D] [thread 4250] [35.0] [cxt 0] Deparsing header 'vlan'
[14:43:54.512] [bmv2] [D] [thread 4250] [35.0] [cxt 0] Deparsing header 'ipv4'
[14:43:54.512] [bmv2] [D] [thread 4250] [35.0] [cxt 0] Deparsing header 'ipv4_option'
[14:43:54.512] [bmv2] [D] [thread 4250] [35.0] [cxt 0] Deparsing header 'link_qos'
[14:43:54.512] [bmv2] [D] [thread 4250] [35.0] [cxt 0] Deparser 'deparser': end
[14:43:54.513] [bmv2] [D] [thread 4251] [35.0] [cxt 0] Transmitting packet of size 50 out of port 3
[14:43:57.009] [bmv2] [D] [thread 4246] [36.0] [cxt 0] Processing packet received on port 4
[14:43:57.009] [bmv2] [D] [thread 4246] [36.0] [cxt 0] Parser 'parser': start
[14:43:57.009] [bmv2] [D] [thread 4246] [36.0] [cxt 0] Parser 'parser' entering state 'start'
[14:43:57.009] [bmv2] [D] [thread 4246] [36.0] [cxt 0] Extracting header 'ethernet'
[14:43:57.010] [bmv2] [D] [thread 4246] [36.0] [cxt 0] Parser state 'start': key is 86dd
[14:43:57.010] [bmv2] [T] [thread 4246] [36.0] [cxt 0] Bytes parsed: 14
[14:43:57.010] [bmv2] [D] [thread 4246] [36.0] [cxt 0] Parser 'parser': end
[14:43:57.010] [bmv2] [D] [thread 4246] [36.0] [cxt 0] Pipeline 'ingress': start
[14:43:57.017] [bmv2] [T] [thread 4246] [36.0] [cxt 0] qos.p4(197) Condition "hdr.ipv4.isValid()" (node_2) is false
[14:43:57.017] [bmv2] [D] [thread 4246] [36.0] [cxt 0] Pipeline 'ingress': end
[14:43:57.017] [bmv2] [D] [thread 4246] [36.0] [cxt 0] Egress port is 0
[14:43:57.017] [bmv2] [D] [thread 4247] [36.0] [cxt 0] Pipeline 'egress': start
[14:43:57.017] [bmv2] [D] [thread 4247] [36.0] [cxt 0] Pipeline 'egress': end
[14:43:57.017] [bmv2] [D] [thread 4247] [36.0] [cxt 0] Deparser 'deparser': start
[14:43:57.018] [bmv2] [T] [thread 4247] [36.0] [cxt 0] Skipping checksum 'cksum' update because condition not met
[14:43:57.018] [bmv2] [D] [thread 4247] [36.0] [cxt 0] Deparsing header 'ethernet'
[14:43:57.018] [bmv2] [D] [thread 4247] [36.0] [cxt 0] Deparser 'deparser': end
[14:43:57.018] [bmv2] [D] [thread 4251] [36.0] [cxt 0] Transmitting packet of size 70 out of port 0
[14:43:57.018] [bmv2] [D] [thread 4246] [37.0] [cxt 0] Processing packet received on port 4
[14:43:57.018] [bmv2] [D] [thread 4246] [37.0] [cxt 0] Parser 'parser': start
[14:43:57.018] [bmv2] [D] [thread 4246] [37.0] [cxt 0] Parser 'parser' entering state 'start'
[14:43:57.018] [bmv2] [D] [thread 4246] [37.0] [cxt 0] Extracting header 'ethernet'
[14:43:57.018] [bmv2] [D] [thread 4246] [37.0] [cxt 0] Parser state 'start': key is 86dd
[14:43:57.018] [bmv2] [T] [thread 4246] [37.0] [cxt 0] Bytes parsed: 14
[14:43:57.018] [bmv2] [D] [thread 4246] [37.0] [cxt 0] Parser 'parser': end
[14:43:57.018] [bmv2] [D] [thread 4246] [37.0] [cxt 0] Pipeline 'ingress': start
[14:43:57.018] [bmv2] [T] [thread 4246] [37.0] [cxt 0] qos.p4(197) Condition "hdr.ipv4.isValid()" (node_2) is false
[14:43:57.018] [bmv2] [D] [thread 4246] [37.0] [cxt 0] Pipeline 'ingress': end
[14:43:57.018] [bmv2] [D] [thread 4246] [37.0] [cxt 0] Egress port is 0
[14:43:57.018] [bmv2] [D] [thread 4247] [37.0] [cxt 0] Pipeline 'egress': start
[14:43:57.018] [bmv2] [D] [thread 4247] [37.0] [cxt 0] Pipeline 'egress': end
[14:43:57.019] [bmv2] [D] [thread 4247] [37.0] [cxt 0] Deparser 'deparser': start
[14:43:57.019] [bmv2] [T] [thread 4247] [37.0] [cxt 0] Skipping checksum 'cksum' update because condition not met
[14:43:57.019] [bmv2] [D] [thread 4247] [37.0] [cxt 0] Deparsing header 'ethernet'
[14:43:57.019] [bmv2] [D] [thread 4247] [37.0] [cxt 0] Deparser 'deparser': end
[14:43:57.019] [bmv2] [D] [thread 4251] [37.0] [cxt 0] Transmitting packet of size 70 out of port 0
[14:43:57.112] [bmv2] [D] [thread 4246] [38.0] [cxt 0] Processing packet received on port 3
[14:43:57.112] [bmv2] [D] [thread 4246] [38.0] [cxt 0] Parser 'parser': start
[14:43:57.112] [bmv2] [D] [thread 4246] [38.0] [cxt 0] Parser 'parser' entering state 'start'
[14:43:57.112] [bmv2] [D] [thread 4246] [38.0] [cxt 0] Extracting header 'ethernet'
[14:43:57.112] [bmv2] [D] [thread 4246] [38.0] [cxt 0] Parser state 'start': key is 86dd
[14:43:57.112] [bmv2] [T] [thread 4246] [38.0] [cxt 0] Bytes parsed: 14
[14:43:57.112] [bmv2] [D] [thread 4246] [38.0] [cxt 0] Parser 'parser': end
[14:43:57.112] [bmv2] [D] [thread 4246] [38.0] [cxt 0] Pipeline 'ingress': start
[14:43:57.112] [bmv2] [T] [thread 4246] [38.0] [cxt 0] qos.p4(197) Condition "hdr.ipv4.isValid()" (node_2) is false
[14:43:57.112] [bmv2] [D] [thread 4246] [38.0] [cxt 0] Pipeline 'ingress': end
[14:43:57.112] [bmv2] [D] [thread 4246] [38.0] [cxt 0] Egress port is 0
[14:43:57.114] [bmv2] [D] [thread 4247] [38.0] [cxt 0] Pipeline 'egress': start
[14:43:57.114] [bmv2] [D] [thread 4247] [38.0] [cxt 0] Pipeline 'egress': end
[14:43:57.114] [bmv2] [D] [thread 4247] [38.0] [cxt 0] Deparser 'deparser': start
[14:43:57.114] [bmv2] [T] [thread 4247] [38.0] [cxt 0] Skipping checksum 'cksum' update because condition not met
[14:43:57.114] [bmv2] [D] [thread 4247] [38.0] [cxt 0] Deparsing header 'ethernet'
[14:43:57.114] [bmv2] [D] [thread 4247] [38.0] [cxt 0] Deparser 'deparser': end
[14:43:57.114] [bmv2] [D] [thread 4251] [38.0] [cxt 0] Transmitting packet of size 70 out of port 0
[14:43:57.114] [bmv2] [D] [thread 4246] [39.0] [cxt 0] Processing packet received on port 3
[14:43:57.115] [bmv2] [D] [thread 4246] [39.0] [cxt 0] Parser 'parser': start
[14:43:57.115] [bmv2] [D] [thread 4246] [39.0] [cxt 0] Parser 'parser' entering state 'start'
[14:43:57.115] [bmv2] [D] [thread 4246] [39.0] [cxt 0] Extracting header 'ethernet'
[14:43:57.115] [bmv2] [D] [thread 4246] [39.0] [cxt 0] Parser state 'start': key is 86dd
[14:43:57.115] [bmv2] [T] [thread 4246] [39.0] [cxt 0] Bytes parsed: 14
[14:43:57.115] [bmv2] [D] [thread 4246] [39.0] [cxt 0] Parser 'parser': end
[14:43:57.115] [bmv2] [D] [thread 4246] [39.0] [cxt 0] Pipeline 'ingress': start
[14:43:57.115] [bmv2] [T] [thread 4246] [39.0] [cxt 0] qos.p4(197) Condition "hdr.ipv4.isValid()" (node_2) is false
[14:43:57.115] [bmv2] [D] [thread 4246] [39.0] [cxt 0] Pipeline 'ingress': end
[14:43:57.115] [bmv2] [D] [thread 4246] [39.0] [cxt 0] Egress port is 0
[14:43:57.116] [bmv2] [D] [thread 4247] [39.0] [cxt 0] Pipeline 'egress': start
[14:43:57.116] [bmv2] [D] [thread 4247] [39.0] [cxt 0] Pipeline 'egress': end
[14:43:57.116] [bmv2] [D] [thread 4247] [39.0] [cxt 0] Deparser 'deparser': start
[14:43:57.116] [bmv2] [T] [thread 4247] [39.0] [cxt 0] Skipping checksum 'cksum' update because condition not met
[14:43:57.116] [bmv2] [D] [thread 4247] [39.0] [cxt 0] Deparsing header 'ethernet'
[14:43:57.116] [bmv2] [D] [thread 4247] [39.0] [cxt 0] Deparser 'deparser': end
[14:43:57.116] [bmv2] [D] [thread 4251] [39.0] [cxt 0] Transmitting packet of size 70 out of port 0
[14:43:59.059] [bmv2] [D] [thread 4246] [40.0] [cxt 0] Processing packet received on port 1
[14:43:59.060] [bmv2] [D] [thread 4246] [40.0] [cxt 0] Parser 'parser': start
[14:43:59.060] [bmv2] [D] [thread 4246] [40.0] [cxt 0] Parser 'parser' entering state 'start'
[14:43:59.060] [bmv2] [D] [thread 4246] [40.0] [cxt 0] Extracting header 'ethernet'
[14:43:59.060] [bmv2] [D] [thread 4246] [40.0] [cxt 0] Parser state 'start': key is 86dd
[14:43:59.060] [bmv2] [T] [thread 4246] [40.0] [cxt 0] Bytes parsed: 14
[14:43:59.060] [bmv2] [D] [thread 4246] [40.0] [cxt 0] Parser 'parser': end
[14:43:59.060] [bmv2] [D] [thread 4246] [40.0] [cxt 0] Pipeline 'ingress': start
[14:43:59.061] [bmv2] [T] [thread 4246] [40.0] [cxt 0] qos.p4(197) Condition "hdr.ipv4.isValid()" (node_2) is false
[14:43:59.061] [bmv2] [D] [thread 4246] [40.0] [cxt 0] Pipeline 'ingress': end
[14:43:59.061] [bmv2] [D] [thread 4246] [40.0] [cxt 0] Egress port is 0
[14:43:59.061] [bmv2] [D] [thread 4247] [40.0] [cxt 0] Pipeline 'egress': start
[14:43:59.061] [bmv2] [D] [thread 4247] [40.0] [cxt 0] Pipeline 'egress': end
[14:43:59.062] [bmv2] [D] [thread 4247] [40.0] [cxt 0] Deparser 'deparser': start
[14:43:59.062] [bmv2] [T] [thread 4247] [40.0] [cxt 0] Skipping checksum 'cksum' update because condition not met
[14:43:59.062] [bmv2] [D] [thread 4247] [40.0] [cxt 0] Deparsing header 'ethernet'
[14:43:59.062] [bmv2] [D] [thread 4247] [40.0] [cxt 0] Deparser 'deparser': end
[14:43:59.062] [bmv2] [D] [thread 4251] [40.0] [cxt 0] Transmitting packet of size 70 out of port 0
open: No such file or directory
open: No such file or directory
open: No such file or directory
open: No such file or directory
open: No such file or directory
open: No such file or directory
open: No such file or directory
open: No such file or directory
open: No such file or directory
open: No such file or directory
open: No such file or directory
open: No such file or directory
