Calling target program-options parser
[01:29:47.573] [bmv2] [D] [thread 12096] Set default default entry for table 'MyIngress.mac_exact': NoAction - 
[01:29:47.573] [bmv2] [D] [thread 12096] Set default default entry for table 'tbl_qos216': qos216 - 
[01:29:47.573] [bmv2] [D] [thread 12096] Set default default entry for table 'MyIngress.ipv4_lpm': NoAction - 
[01:29:47.573] [bmv2] [D] [thread 12096] Set default default entry for table 'tbl_qos223': qos223 - 
Adding interface s3-eth1 as port 1
[01:29:47.575] [bmv2] [D] [thread 12096] Adding interface s3-eth1 as port 1
Adding interface s3-eth2 as port 2
[01:29:47.583] [bmv2] [D] [thread 12096] Adding interface s3-eth2 as port 2
Adding interface s3-eth3 as port 3
[01:29:47.588] [bmv2] [D] [thread 12096] Adding interface s3-eth3 as port 3
Server listening on 0.0.0.0:50053
[01:29:47.599] [bmv2] [I] [thread 12096] Starting Thrift server on port 9092
[01:29:47.603] [bmv2] [I] [thread 12096] Thrift server was started
[01:29:47.924] [bmv2] [D] [thread 12106] [0.0] [cxt 0] Processing packet received on port 2
[01:29:47.925] [bmv2] [D] [thread 12106] [0.0] [cxt 0] Parser 'parser': start
[01:29:47.925] [bmv2] [D] [thread 12106] [0.0] [cxt 0] Parser 'parser' entering state 'start'
[01:29:47.925] [bmv2] [D] [thread 12106] [0.0] [cxt 0] Extracting header 'ethernet'
[01:29:47.925] [bmv2] [D] [thread 12106] [0.0] [cxt 0] Parser state 'start': key is 86dd
[01:29:47.925] [bmv2] [T] [thread 12106] [0.0] [cxt 0] Bytes parsed: 14
[01:29:47.925] [bmv2] [D] [thread 12106] [0.0] [cxt 0] Parser 'parser': end
[01:29:47.925] [bmv2] [D] [thread 12106] [0.0] [cxt 0] Pipeline 'ingress': start
[01:29:47.925] [bmv2] [T] [thread 12106] [0.0] [cxt 0] qos.p4(210) Condition "hdr.vlan.isValid()" (node_2) is false
[01:29:47.925] [bmv2] [T] [thread 12106] [0.0] [cxt 0] Applying table 'MyIngress.mac_exact'
[01:29:47.925] [bmv2] [D] [thread 12106] [0.0] [cxt 0] Looking up key:
* hdr.ethernet.dstAddr: 333300000016

[01:29:47.925] [bmv2] [D] [thread 12106] [0.0] [cxt 0] Table 'MyIngress.mac_exact': miss
[01:29:47.925] [bmv2] [D] [thread 12106] [0.0] [cxt 0] Action entry is NoAction - 
[01:29:47.925] [bmv2] [T] [thread 12106] [0.0] [cxt 0] Action NoAction
[01:29:47.925] [bmv2] [T] [thread 12106] [0.0] [cxt 0] qos.p4(214) Condition "hdr.ipv4.isValid()" (node_4) is false
[01:29:47.925] [bmv2] [T] [thread 12106] [0.0] [cxt 0] qos.p4(215) Condition "hdr.ip_option.value == 500" (node_5) is false
[01:29:47.925] [bmv2] [T] [thread 12106] [0.0] [cxt 0] Applying table 'MyIngress.ipv4_lpm'
[01:29:47.926] [bmv2] [D] [thread 12106] [0.0] [cxt 0] Looking up key:
* hdr.ipv4.dstAddr    : 00000000

[01:29:47.926] [bmv2] [D] [thread 12106] [0.0] [cxt 0] Table 'MyIngress.ipv4_lpm': miss
[01:29:47.926] [bmv2] [D] [thread 12106] [0.0] [cxt 0] Action entry is NoAction - 
[01:29:47.926] [bmv2] [T] [thread 12106] [0.0] [cxt 0] Action NoAction
[01:29:47.926] [bmv2] [T] [thread 12106] [0.0] [cxt 0] qos.p4(222) Condition "hdr.ip_option.option == IPV4_OPTION && hdr.ip_option.value == 500" (node_8) is false
[01:29:47.926] [bmv2] [D] [thread 12106] [0.0] [cxt 0] Pipeline 'ingress': end
[01:29:47.926] [bmv2] [D] [thread 12106] [0.0] [cxt 0] Egress port is 0
[01:29:47.926] [bmv2] [D] [thread 12107] [0.0] [cxt 0] Pipeline 'egress': start
[01:29:47.926] [bmv2] [D] [thread 12107] [0.0] [cxt 0] Pipeline 'egress': end
[01:29:47.926] [bmv2] [D] [thread 12107] [0.0] [cxt 0] Deparser 'deparser': start
[01:29:47.926] [bmv2] [T] [thread 12107] [0.0] [cxt 0] Skipping checksum 'cksum' update because condition not met
[01:29:47.926] [bmv2] [D] [thread 12107] [0.0] [cxt 0] Deparsing header 'ethernet'
[01:29:47.926] [bmv2] [D] [thread 12107] [0.0] [cxt 0] Deparser 'deparser': end
[01:29:47.926] [bmv2] [D] [thread 12111] [0.0] [cxt 0] Transmitting packet of size 90 out of port 0
[01:29:49.551] [bmv2] [W] [thread 12151] [P4Runtime] p4::tmp::P4DeviceConfig is deprecated
[01:29:49.564] [bmv2] [D] [thread 12151] Set default default entry for table 'MyIngress.mac_exact': NoAction - 
[01:29:49.565] [bmv2] [D] [thread 12151] Set default default entry for table 'tbl_qos216': qos216 - 
[01:29:49.565] [bmv2] [D] [thread 12151] Set default default entry for table 'MyIngress.ipv4_lpm': NoAction - 
[01:29:49.565] [bmv2] [D] [thread 12151] Set default default entry for table 'tbl_qos223': qos223 - 
[01:29:49.569] [bmv2] [D] [thread 12151] simple_switch target has been notified of a config swap
[01:29:49.579] [bmv2] [D] [thread 12152] Entry 0 added to table 'MyIngress.ipv4_lpm'
[01:29:49.580] [bmv2] [D] [thread 12152] Dumping entry 0
Match key:
* hdr.ipv4.dstAddr    : LPM       0a000303/32
Action entry: MyIngress.ipv4_forward - 80000000303,1,

[01:29:49.586] [bmv2] [D] [thread 12152] Entry 1 added to table 'MyIngress.ipv4_lpm'
[01:29:49.586] [bmv2] [D] [thread 12152] Dumping entry 1
Match key:
* hdr.ipv4.dstAddr    : LPM       0a000100/24
Action entry: MyIngress.ipv4_forward - 80000000100,2,

[01:29:49.592] [bmv2] [D] [thread 12157] Entry 2 added to table 'MyIngress.ipv4_lpm'
[01:29:49.592] [bmv2] [D] [thread 12157] Dumping entry 2
Match key:
* hdr.ipv4.dstAddr    : LPM       0a000200/24
Action entry: MyIngress.ipv4_forward - 80000000200,3,

[01:29:49.775] [bmv2] [D] [thread 12106] [1.0] [cxt 0] Processing packet received on port 2
[01:29:49.775] [bmv2] [D] [thread 12106] [1.0] [cxt 0] Parser 'parser': start
[01:29:49.775] [bmv2] [D] [thread 12106] [1.0] [cxt 0] Parser 'parser' entering state 'start'
[01:29:49.775] [bmv2] [D] [thread 12106] [1.0] [cxt 0] Extracting header 'ethernet'
[01:29:49.776] [bmv2] [D] [thread 12106] [1.0] [cxt 0] Parser state 'start': key is 86dd
[01:29:49.776] [bmv2] [T] [thread 12106] [1.0] [cxt 0] Bytes parsed: 14
[01:29:49.776] [bmv2] [D] [thread 12106] [1.0] [cxt 0] Parser 'parser': end
[01:29:49.776] [bmv2] [D] [thread 12106] [1.0] [cxt 0] Pipeline 'ingress': start
[01:29:49.776] [bmv2] [T] [thread 12106] [1.0] [cxt 0] qos.p4(210) Condition "hdr.vlan.isValid()" (node_2) is false
[01:29:49.776] [bmv2] [T] [thread 12106] [1.0] [cxt 0] Applying table 'MyIngress.mac_exact'
[01:29:49.776] [bmv2] [D] [thread 12106] [1.0] [cxt 0] Looking up key:
* hdr.ethernet.dstAddr: 333300000002

[01:29:49.776] [bmv2] [D] [thread 12106] [1.0] [cxt 0] Table 'MyIngress.mac_exact': miss
[01:29:49.776] [bmv2] [D] [thread 12106] [1.0] [cxt 0] Action entry is NoAction - 
[01:29:49.776] [bmv2] [T] [thread 12106] [1.0] [cxt 0] Action NoAction
[01:29:49.776] [bmv2] [T] [thread 12106] [1.0] [cxt 0] qos.p4(214) Condition "hdr.ipv4.isValid()" (node_4) is false
[01:29:49.778] [bmv2] [T] [thread 12106] [1.0] [cxt 0] qos.p4(215) Condition "hdr.ip_option.value == 500" (node_5) is false
[01:29:49.778] [bmv2] [T] [thread 12106] [1.0] [cxt 0] Applying table 'MyIngress.ipv4_lpm'
[01:29:49.778] [bmv2] [D] [thread 12106] [1.0] [cxt 0] Looking up key:
* hdr.ipv4.dstAddr    : 00000000

[01:29:49.778] [bmv2] [D] [thread 12106] [1.0] [cxt 0] Table 'MyIngress.ipv4_lpm': miss
[01:29:49.778] [bmv2] [D] [thread 12106] [1.0] [cxt 0] Action entry is NoAction - 
[01:29:49.778] [bmv2] [T] [thread 12106] [1.0] [cxt 0] Action NoAction
[01:29:49.778] [bmv2] [T] [thread 12106] [1.0] [cxt 0] qos.p4(222) Condition "hdr.ip_option.option == IPV4_OPTION && hdr.ip_option.value == 500" (node_8) is false
[01:29:49.778] [bmv2] [D] [thread 12106] [1.0] [cxt 0] Pipeline 'ingress': end
[01:29:49.778] [bmv2] [D] [thread 12106] [1.0] [cxt 0] Egress port is 0
[01:29:49.779] [bmv2] [D] [thread 12107] [1.0] [cxt 0] Pipeline 'egress': start
[01:29:49.779] [bmv2] [D] [thread 12107] [1.0] [cxt 0] Pipeline 'egress': end
[01:29:49.779] [bmv2] [D] [thread 12107] [1.0] [cxt 0] Deparser 'deparser': start
[01:29:49.779] [bmv2] [T] [thread 12107] [1.0] [cxt 0] Skipping checksum 'cksum' update because condition not met
[01:29:49.779] [bmv2] [D] [thread 12107] [1.0] [cxt 0] Deparsing header 'ethernet'
[01:29:49.779] [bmv2] [D] [thread 12107] [1.0] [cxt 0] Deparser 'deparser': end
[01:29:49.779] [bmv2] [D] [thread 12111] [1.0] [cxt 0] Transmitting packet of size 70 out of port 0
[01:29:50.037] [bmv2] [D] [thread 12106] [2.0] [cxt 0] Processing packet received on port 3
[01:29:50.037] [bmv2] [D] [thread 12106] [2.0] [cxt 0] Parser 'parser': start
[01:29:50.037] [bmv2] [D] [thread 12106] [2.0] [cxt 0] Parser 'parser' entering state 'start'
[01:29:50.037] [bmv2] [D] [thread 12106] [2.0] [cxt 0] Extracting header 'ethernet'
[01:29:50.037] [bmv2] [D] [thread 12106] [2.0] [cxt 0] Parser state 'start': key is 86dd
[01:29:50.037] [bmv2] [T] [thread 12106] [2.0] [cxt 0] Bytes parsed: 14
[01:29:50.038] [bmv2] [D] [thread 12106] [2.0] [cxt 0] Parser 'parser': end
[01:29:50.038] [bmv2] [D] [thread 12106] [2.0] [cxt 0] Pipeline 'ingress': start
[01:29:50.038] [bmv2] [T] [thread 12106] [2.0] [cxt 0] qos.p4(210) Condition "hdr.vlan.isValid()" (node_2) is false
[01:29:50.038] [bmv2] [T] [thread 12106] [2.0] [cxt 0] Applying table 'MyIngress.mac_exact'
[01:29:50.038] [bmv2] [D] [thread 12106] [2.0] [cxt 0] Looking up key:
* hdr.ethernet.dstAddr: 333300000002

[01:29:50.038] [bmv2] [D] [thread 12106] [2.0] [cxt 0] Table 'MyIngress.mac_exact': miss
[01:29:50.038] [bmv2] [D] [thread 12106] [2.0] [cxt 0] Action entry is NoAction - 
[01:29:50.038] [bmv2] [T] [thread 12106] [2.0] [cxt 0] Action NoAction
[01:29:50.038] [bmv2] [T] [thread 12106] [2.0] [cxt 0] qos.p4(214) Condition "hdr.ipv4.isValid()" (node_4) is false
[01:29:50.038] [bmv2] [T] [thread 12106] [2.0] [cxt 0] qos.p4(215) Condition "hdr.ip_option.value == 500" (node_5) is false
[01:29:50.038] [bmv2] [T] [thread 12106] [2.0] [cxt 0] Applying table 'MyIngress.ipv4_lpm'
[01:29:50.039] [bmv2] [D] [thread 12106] [2.0] [cxt 0] Looking up key:
* hdr.ipv4.dstAddr    : 00000000

[01:29:50.039] [bmv2] [D] [thread 12106] [2.0] [cxt 0] Table 'MyIngress.ipv4_lpm': miss
[01:29:50.039] [bmv2] [D] [thread 12106] [2.0] [cxt 0] Action entry is NoAction - 
[01:29:50.039] [bmv2] [T] [thread 12106] [2.0] [cxt 0] Action NoAction
[01:29:50.039] [bmv2] [T] [thread 12106] [2.0] [cxt 0] qos.p4(222) Condition "hdr.ip_option.option == IPV4_OPTION && hdr.ip_option.value == 500" (node_8) is false
[01:29:50.039] [bmv2] [D] [thread 12106] [2.0] [cxt 0] Pipeline 'ingress': end
[01:29:50.039] [bmv2] [D] [thread 12106] [2.0] [cxt 0] Egress port is 0
[01:29:50.040] [bmv2] [D] [thread 12107] [2.0] [cxt 0] Pipeline 'egress': start
[01:29:50.040] [bmv2] [D] [thread 12107] [2.0] [cxt 0] Pipeline 'egress': end
[01:29:50.040] [bmv2] [D] [thread 12107] [2.0] [cxt 0] Deparser 'deparser': start
[01:29:50.040] [bmv2] [T] [thread 12107] [2.0] [cxt 0] Skipping checksum 'cksum' update because condition not met
[01:29:50.041] [bmv2] [D] [thread 12107] [2.0] [cxt 0] Deparsing header 'ethernet'
[01:29:50.041] [bmv2] [D] [thread 12107] [2.0] [cxt 0] Deparser 'deparser': end
[01:29:50.041] [bmv2] [D] [thread 12111] [2.0] [cxt 0] Transmitting packet of size 70 out of port 0
[01:29:50.292] [bmv2] [D] [thread 12106] [3.0] [cxt 0] Processing packet received on port 1
[01:29:50.293] [bmv2] [D] [thread 12106] [3.0] [cxt 0] Parser 'parser': start
[01:29:50.293] [bmv2] [D] [thread 12106] [3.0] [cxt 0] Parser 'parser' entering state 'start'
[01:29:50.293] [bmv2] [D] [thread 12106] [3.0] [cxt 0] Extracting header 'ethernet'
[01:29:50.293] [bmv2] [D] [thread 12106] [3.0] [cxt 0] Parser state 'start': key is 86dd
[01:29:50.293] [bmv2] [T] [thread 12106] [3.0] [cxt 0] Bytes parsed: 14
[01:29:50.293] [bmv2] [D] [thread 12106] [3.0] [cxt 0] Parser 'parser': end
[01:29:50.293] [bmv2] [D] [thread 12106] [3.0] [cxt 0] Pipeline 'ingress': start
[01:29:50.293] [bmv2] [T] [thread 12106] [3.0] [cxt 0] qos.p4(210) Condition "hdr.vlan.isValid()" (node_2) is false
[01:29:50.293] [bmv2] [T] [thread 12106] [3.0] [cxt 0] Applying table 'MyIngress.mac_exact'
[01:29:50.293] [bmv2] [D] [thread 12106] [3.0] [cxt 0] Looking up key:
* hdr.ethernet.dstAddr: 333300000002

[01:29:50.293] [bmv2] [D] [thread 12106] [3.0] [cxt 0] Table 'MyIngress.mac_exact': miss
[01:29:50.293] [bmv2] [D] [thread 12106] [3.0] [cxt 0] Action entry is NoAction - 
[01:29:50.293] [bmv2] [T] [thread 12106] [3.0] [cxt 0] Action NoAction
[01:29:50.293] [bmv2] [T] [thread 12106] [3.0] [cxt 0] qos.p4(214) Condition "hdr.ipv4.isValid()" (node_4) is false
[01:29:50.293] [bmv2] [T] [thread 12106] [3.0] [cxt 0] qos.p4(215) Condition "hdr.ip_option.value == 500" (node_5) is false
[01:29:50.293] [bmv2] [T] [thread 12106] [3.0] [cxt 0] Applying table 'MyIngress.ipv4_lpm'
[01:29:50.294] [bmv2] [D] [thread 12106] [3.0] [cxt 0] Looking up key:
* hdr.ipv4.dstAddr    : 00000000

[01:29:50.294] [bmv2] [D] [thread 12106] [3.0] [cxt 0] Table 'MyIngress.ipv4_lpm': miss
[01:29:50.294] [bmv2] [D] [thread 12106] [3.0] [cxt 0] Action entry is NoAction - 
[01:29:50.294] [bmv2] [T] [thread 12106] [3.0] [cxt 0] Action NoAction
[01:29:50.294] [bmv2] [T] [thread 12106] [3.0] [cxt 0] qos.p4(222) Condition "hdr.ip_option.option == IPV4_OPTION && hdr.ip_option.value == 500" (node_8) is false
[01:29:50.294] [bmv2] [D] [thread 12106] [3.0] [cxt 0] Pipeline 'ingress': end
[01:29:50.294] [bmv2] [D] [thread 12106] [3.0] [cxt 0] Egress port is 0
[01:29:50.294] [bmv2] [D] [thread 12107] [3.0] [cxt 0] Pipeline 'egress': start
[01:29:50.294] [bmv2] [D] [thread 12107] [3.0] [cxt 0] Pipeline 'egress': end
[01:29:50.294] [bmv2] [D] [thread 12107] [3.0] [cxt 0] Deparser 'deparser': start
[01:29:50.294] [bmv2] [T] [thread 12107] [3.0] [cxt 0] Skipping checksum 'cksum' update because condition not met
[01:29:50.294] [bmv2] [D] [thread 12107] [3.0] [cxt 0] Deparsing header 'ethernet'
[01:29:50.294] [bmv2] [D] [thread 12107] [3.0] [cxt 0] Deparser 'deparser': end
[01:29:50.294] [bmv2] [D] [thread 12111] [3.0] [cxt 0] Transmitting packet of size 70 out of port 0
[01:29:51.054] [bmv2] [D] [thread 12106] [4.0] [cxt 0] Processing packet received on port 3
[01:29:51.054] [bmv2] [D] [thread 12106] [4.0] [cxt 0] Parser 'parser': start
[01:29:51.054] [bmv2] [D] [thread 12106] [4.0] [cxt 0] Parser 'parser' entering state 'start'
[01:29:51.054] [bmv2] [D] [thread 12106] [4.0] [cxt 0] Extracting header 'ethernet'
[01:29:51.055] [bmv2] [D] [thread 12106] [4.0] [cxt 0] Parser state 'start': key is 86dd
[01:29:51.055] [bmv2] [T] [thread 12106] [4.0] [cxt 0] Bytes parsed: 14
[01:29:51.055] [bmv2] [D] [thread 12106] [4.0] [cxt 0] Parser 'parser': end
[01:29:51.055] [bmv2] [D] [thread 12106] [4.0] [cxt 0] Pipeline 'ingress': start
[01:29:51.055] [bmv2] [T] [thread 12106] [4.0] [cxt 0] qos.p4(210) Condition "hdr.vlan.isValid()" (node_2) is false
[01:29:51.055] [bmv2] [T] [thread 12106] [4.0] [cxt 0] Applying table 'MyIngress.mac_exact'
[01:29:51.055] [bmv2] [D] [thread 12106] [4.0] [cxt 0] Looking up key:
* hdr.ethernet.dstAddr: 333300000002

[01:29:51.056] [bmv2] [D] [thread 12106] [4.0] [cxt 0] Table 'MyIngress.mac_exact': miss
[01:29:51.056] [bmv2] [D] [thread 12106] [4.0] [cxt 0] Action entry is NoAction - 
[01:29:51.056] [bmv2] [T] [thread 12106] [4.0] [cxt 0] Action NoAction
[01:29:51.056] [bmv2] [T] [thread 12106] [4.0] [cxt 0] qos.p4(214) Condition "hdr.ipv4.isValid()" (node_4) is false
[01:29:51.056] [bmv2] [T] [thread 12106] [4.0] [cxt 0] qos.p4(215) Condition "hdr.ip_option.value == 500" (node_5) is false
[01:29:51.056] [bmv2] [T] [thread 12106] [4.0] [cxt 0] Applying table 'MyIngress.ipv4_lpm'
[01:29:51.061] [bmv2] [D] [thread 12106] [4.0] [cxt 0] Looking up key:
* hdr.ipv4.dstAddr    : 00000000

[01:29:51.061] [bmv2] [D] [thread 12106] [4.0] [cxt 0] Table 'MyIngress.ipv4_lpm': miss
[01:29:51.061] [bmv2] [D] [thread 12106] [4.0] [cxt 0] Action entry is NoAction - 
[01:29:51.061] [bmv2] [T] [thread 12106] [4.0] [cxt 0] Action NoAction
[01:29:51.061] [bmv2] [T] [thread 12106] [4.0] [cxt 0] qos.p4(222) Condition "hdr.ip_option.option == IPV4_OPTION && hdr.ip_option.value == 500" (node_8) is false
[01:29:51.061] [bmv2] [D] [thread 12106] [4.0] [cxt 0] Pipeline 'ingress': end
[01:29:51.061] [bmv2] [D] [thread 12106] [4.0] [cxt 0] Egress port is 0
[01:29:51.062] [bmv2] [D] [thread 12107] [4.0] [cxt 0] Pipeline 'egress': start
[01:29:51.062] [bmv2] [D] [thread 12107] [4.0] [cxt 0] Pipeline 'egress': end
[01:29:51.062] [bmv2] [D] [thread 12107] [4.0] [cxt 0] Deparser 'deparser': start
[01:29:51.062] [bmv2] [T] [thread 12107] [4.0] [cxt 0] Skipping checksum 'cksum' update because condition not met
[01:29:51.062] [bmv2] [D] [thread 12107] [4.0] [cxt 0] Deparsing header 'ethernet'
[01:29:51.062] [bmv2] [D] [thread 12107] [4.0] [cxt 0] Deparser 'deparser': end
[01:29:51.062] [bmv2] [D] [thread 12111] [4.0] [cxt 0] Transmitting packet of size 70 out of port 0
[01:29:51.316] [bmv2] [D] [thread 12106] [5.0] [cxt 0] Processing packet received on port 2
[01:29:51.316] [bmv2] [D] [thread 12106] [5.0] [cxt 0] Parser 'parser': start
[01:29:51.317] [bmv2] [D] [thread 12106] [5.0] [cxt 0] Parser 'parser' entering state 'start'
[01:29:51.317] [bmv2] [D] [thread 12106] [5.0] [cxt 0] Extracting header 'ethernet'
[01:29:51.317] [bmv2] [D] [thread 12106] [5.0] [cxt 0] Parser state 'start': key is 86dd
[01:29:51.317] [bmv2] [T] [thread 12106] [5.0] [cxt 0] Bytes parsed: 14
[01:29:51.317] [bmv2] [D] [thread 12106] [5.0] [cxt 0] Parser 'parser': end
[01:29:51.317] [bmv2] [D] [thread 12106] [5.0] [cxt 0] Pipeline 'ingress': start
[01:29:51.317] [bmv2] [T] [thread 12106] [5.0] [cxt 0] qos.p4(210) Condition "hdr.vlan.isValid()" (node_2) is false
[01:29:51.317] [bmv2] [T] [thread 12106] [5.0] [cxt 0] Applying table 'MyIngress.mac_exact'
[01:29:51.317] [bmv2] [D] [thread 12106] [5.0] [cxt 0] Looking up key:
* hdr.ethernet.dstAddr: 333300000002

[01:29:51.317] [bmv2] [D] [thread 12106] [5.0] [cxt 0] Table 'MyIngress.mac_exact': miss
[01:29:51.317] [bmv2] [D] [thread 12106] [5.0] [cxt 0] Action entry is NoAction - 
[01:29:51.317] [bmv2] [T] [thread 12106] [5.0] [cxt 0] Action NoAction
[01:29:51.317] [bmv2] [T] [thread 12106] [5.0] [cxt 0] qos.p4(214) Condition "hdr.ipv4.isValid()" (node_4) is false
[01:29:51.317] [bmv2] [T] [thread 12106] [5.0] [cxt 0] qos.p4(215) Condition "hdr.ip_option.value == 500" (node_5) is false
[01:29:51.317] [bmv2] [T] [thread 12106] [5.0] [cxt 0] Applying table 'MyIngress.ipv4_lpm'
[01:29:51.317] [bmv2] [D] [thread 12106] [5.0] [cxt 0] Looking up key:
* hdr.ipv4.dstAddr    : 00000000

[01:29:51.317] [bmv2] [D] [thread 12106] [5.0] [cxt 0] Table 'MyIngress.ipv4_lpm': miss
[01:29:51.317] [bmv2] [D] [thread 12106] [5.0] [cxt 0] Action entry is NoAction - 
[01:29:51.317] [bmv2] [T] [thread 12106] [5.0] [cxt 0] Action NoAction
[01:29:51.317] [bmv2] [T] [thread 12106] [5.0] [cxt 0] qos.p4(222) Condition "hdr.ip_option.option == IPV4_OPTION && hdr.ip_option.value == 500" (node_8) is false
[01:29:51.317] [bmv2] [D] [thread 12106] [5.0] [cxt 0] Pipeline 'ingress': end
[01:29:51.317] [bmv2] [D] [thread 12106] [5.0] [cxt 0] Egress port is 0
[01:29:51.317] [bmv2] [D] [thread 12107] [5.0] [cxt 0] Pipeline 'egress': start
[01:29:51.318] [bmv2] [D] [thread 12107] [5.0] [cxt 0] Pipeline 'egress': end
[01:29:51.318] [bmv2] [D] [thread 12107] [5.0] [cxt 0] Deparser 'deparser': start
[01:29:51.318] [bmv2] [T] [thread 12107] [5.0] [cxt 0] Skipping checksum 'cksum' update because condition not met
[01:29:51.318] [bmv2] [D] [thread 12107] [5.0] [cxt 0] Deparsing header 'ethernet'
[01:29:51.318] [bmv2] [D] [thread 12107] [5.0] [cxt 0] Deparser 'deparser': end
[01:29:51.318] [bmv2] [D] [thread 12111] [5.0] [cxt 0] Transmitting packet of size 70 out of port 0
[01:29:57.198] [bmv2] [D] [thread 12106] [6.0] [cxt 0] Processing packet received on port 2
[01:29:57.198] [bmv2] [D] [thread 12106] [6.0] [cxt 0] Parser 'parser': start
[01:29:57.198] [bmv2] [D] [thread 12106] [6.0] [cxt 0] Parser 'parser' entering state 'start'
[01:29:57.198] [bmv2] [D] [thread 12106] [6.0] [cxt 0] Extracting header 'ethernet'
[01:29:57.199] [bmv2] [D] [thread 12106] [6.0] [cxt 0] Parser state 'start': key is 86dd
[01:29:57.199] [bmv2] [T] [thread 12106] [6.0] [cxt 0] Bytes parsed: 14
[01:29:57.199] [bmv2] [D] [thread 12106] [6.0] [cxt 0] Parser 'parser': end
[01:29:57.199] [bmv2] [D] [thread 12106] [6.0] [cxt 0] Pipeline 'ingress': start
[01:29:57.199] [bmv2] [T] [thread 12106] [6.0] [cxt 0] qos.p4(210) Condition "hdr.vlan.isValid()" (node_2) is false
[01:29:57.199] [bmv2] [T] [thread 12106] [6.0] [cxt 0] Applying table 'MyIngress.mac_exact'
[01:29:57.199] [bmv2] [D] [thread 12106] [6.0] [cxt 0] Looking up key:
* hdr.ethernet.dstAddr: 333300000002

[01:29:57.199] [bmv2] [D] [thread 12106] [6.0] [cxt 0] Table 'MyIngress.mac_exact': miss
[01:29:57.199] [bmv2] [D] [thread 12106] [6.0] [cxt 0] Action entry is NoAction - 
[01:29:57.206] [bmv2] [T] [thread 12106] [6.0] [cxt 0] Action NoAction
[01:29:57.207] [bmv2] [T] [thread 12106] [6.0] [cxt 0] qos.p4(214) Condition "hdr.ipv4.isValid()" (node_4) is false
[01:29:57.207] [bmv2] [T] [thread 12106] [6.0] [cxt 0] qos.p4(215) Condition "hdr.ip_option.value == 500" (node_5) is false
[01:29:57.207] [bmv2] [T] [thread 12106] [6.0] [cxt 0] Applying table 'MyIngress.ipv4_lpm'
[01:29:57.207] [bmv2] [D] [thread 12106] [6.0] [cxt 0] Looking up key:
* hdr.ipv4.dstAddr    : 00000000

[01:29:57.207] [bmv2] [D] [thread 12106] [6.0] [cxt 0] Table 'MyIngress.ipv4_lpm': miss
[01:29:57.207] [bmv2] [D] [thread 12106] [6.0] [cxt 0] Action entry is NoAction - 
[01:29:57.207] [bmv2] [T] [thread 12106] [6.0] [cxt 0] Action NoAction
[01:29:57.207] [bmv2] [T] [thread 12106] [6.0] [cxt 0] qos.p4(222) Condition "hdr.ip_option.option == IPV4_OPTION && hdr.ip_option.value == 500" (node_8) is false
[01:29:57.207] [bmv2] [D] [thread 12106] [6.0] [cxt 0] Pipeline 'ingress': end
[01:29:57.207] [bmv2] [D] [thread 12106] [6.0] [cxt 0] Egress port is 0
[01:29:57.208] [bmv2] [D] [thread 12107] [6.0] [cxt 0] Pipeline 'egress': start
[01:29:57.208] [bmv2] [D] [thread 12107] [6.0] [cxt 0] Pipeline 'egress': end
[01:29:57.208] [bmv2] [D] [thread 12107] [6.0] [cxt 0] Deparser 'deparser': start
[01:29:57.208] [bmv2] [T] [thread 12107] [6.0] [cxt 0] Skipping checksum 'cksum' update because condition not met
[01:29:57.208] [bmv2] [D] [thread 12107] [6.0] [cxt 0] Deparsing header 'ethernet'
[01:29:57.208] [bmv2] [D] [thread 12107] [6.0] [cxt 0] Deparser 'deparser': end
[01:29:57.208] [bmv2] [D] [thread 12111] [6.0] [cxt 0] Transmitting packet of size 70 out of port 0
[01:29:57.208] [bmv2] [D] [thread 12106] [7.0] [cxt 0] Processing packet received on port 3
[01:29:57.208] [bmv2] [D] [thread 12106] [7.0] [cxt 0] Parser 'parser': start
[01:29:57.208] [bmv2] [D] [thread 12106] [7.0] [cxt 0] Parser 'parser' entering state 'start'
[01:29:57.208] [bmv2] [D] [thread 12106] [7.0] [cxt 0] Extracting header 'ethernet'
[01:29:57.208] [bmv2] [D] [thread 12106] [7.0] [cxt 0] Parser state 'start': key is 86dd
[01:29:57.208] [bmv2] [T] [thread 12106] [7.0] [cxt 0] Bytes parsed: 14
[01:29:57.208] [bmv2] [D] [thread 12106] [7.0] [cxt 0] Parser 'parser': end
[01:29:57.209] [bmv2] [D] [thread 12106] [7.0] [cxt 0] Pipeline 'ingress': start
[01:29:57.209] [bmv2] [T] [thread 12106] [7.0] [cxt 0] qos.p4(210) Condition "hdr.vlan.isValid()" (node_2) is false
[01:29:57.209] [bmv2] [T] [thread 12106] [7.0] [cxt 0] Applying table 'MyIngress.mac_exact'
[01:29:57.209] [bmv2] [D] [thread 12106] [7.0] [cxt 0] Looking up key:
* hdr.ethernet.dstAddr: 333300000002

[01:29:57.210] [bmv2] [D] [thread 12106] [7.0] [cxt 0] Table 'MyIngress.mac_exact': miss
[01:29:57.210] [bmv2] [D] [thread 12106] [7.0] [cxt 0] Action entry is NoAction - 
[01:29:57.210] [bmv2] [T] [thread 12106] [7.0] [cxt 0] Action NoAction
[01:29:57.210] [bmv2] [T] [thread 12106] [7.0] [cxt 0] qos.p4(214) Condition "hdr.ipv4.isValid()" (node_4) is false
[01:29:57.210] [bmv2] [T] [thread 12106] [7.0] [cxt 0] qos.p4(215) Condition "hdr.ip_option.value == 500" (node_5) is false
[01:29:57.210] [bmv2] [T] [thread 12106] [7.0] [cxt 0] Applying table 'MyIngress.ipv4_lpm'
[01:29:57.210] [bmv2] [D] [thread 12106] [7.0] [cxt 0] Looking up key:
* hdr.ipv4.dstAddr    : 00000000

[01:29:57.210] [bmv2] [D] [thread 12106] [7.0] [cxt 0] Table 'MyIngress.ipv4_lpm': miss
[01:29:57.210] [bmv2] [D] [thread 12106] [7.0] [cxt 0] Action entry is NoAction - 
[01:29:57.210] [bmv2] [T] [thread 12106] [7.0] [cxt 0] Action NoAction
[01:29:57.210] [bmv2] [T] [thread 12106] [7.0] [cxt 0] qos.p4(222) Condition "hdr.ip_option.option == IPV4_OPTION && hdr.ip_option.value == 500" (node_8) is false
[01:29:57.210] [bmv2] [D] [thread 12106] [7.0] [cxt 0] Pipeline 'ingress': end
[01:29:57.210] [bmv2] [D] [thread 12106] [7.0] [cxt 0] Egress port is 0
[01:29:57.210] [bmv2] [D] [thread 12107] [7.0] [cxt 0] Pipeline 'egress': start
[01:29:57.210] [bmv2] [D] [thread 12107] [7.0] [cxt 0] Pipeline 'egress': end
[01:29:57.211] [bmv2] [D] [thread 12107] [7.0] [cxt 0] Deparser 'deparser': start
[01:29:57.211] [bmv2] [T] [thread 12107] [7.0] [cxt 0] Skipping checksum 'cksum' update because condition not met
[01:29:57.211] [bmv2] [D] [thread 12107] [7.0] [cxt 0] Deparsing header 'ethernet'
[01:29:57.211] [bmv2] [D] [thread 12107] [7.0] [cxt 0] Deparser 'deparser': end
[01:29:57.211] [bmv2] [D] [thread 12111] [7.0] [cxt 0] Transmitting packet of size 70 out of port 0
[01:29:57.712] [bmv2] [D] [thread 12106] [8.0] [cxt 0] Processing packet received on port 1
[01:29:57.713] [bmv2] [D] [thread 12106] [8.0] [cxt 0] Parser 'parser': start
[01:29:57.713] [bmv2] [D] [thread 12106] [8.0] [cxt 0] Parser 'parser' entering state 'start'
[01:29:57.714] [bmv2] [D] [thread 12106] [8.0] [cxt 0] Extracting header 'ethernet'
[01:29:57.714] [bmv2] [D] [thread 12106] [8.0] [cxt 0] Parser state 'start': key is 86dd
[01:29:57.714] [bmv2] [T] [thread 12106] [8.0] [cxt 0] Bytes parsed: 14
[01:29:57.714] [bmv2] [D] [thread 12106] [8.0] [cxt 0] Parser 'parser': end
[01:29:57.714] [bmv2] [D] [thread 12106] [8.0] [cxt 0] Pipeline 'ingress': start
[01:29:57.714] [bmv2] [T] [thread 12106] [8.0] [cxt 0] qos.p4(210) Condition "hdr.vlan.isValid()" (node_2) is false
[01:29:57.714] [bmv2] [T] [thread 12106] [8.0] [cxt 0] Applying table 'MyIngress.mac_exact'
[01:29:57.715] [bmv2] [D] [thread 12106] [8.0] [cxt 0] Looking up key:
* hdr.ethernet.dstAddr: 333300000002

[01:29:57.715] [bmv2] [D] [thread 12106] [8.0] [cxt 0] Table 'MyIngress.mac_exact': miss
[01:29:57.715] [bmv2] [D] [thread 12106] [8.0] [cxt 0] Action entry is NoAction - 
[01:29:57.715] [bmv2] [T] [thread 12106] [8.0] [cxt 0] Action NoAction
[01:29:57.715] [bmv2] [T] [thread 12106] [8.0] [cxt 0] qos.p4(214) Condition "hdr.ipv4.isValid()" (node_4) is false
[01:29:57.715] [bmv2] [T] [thread 12106] [8.0] [cxt 0] qos.p4(215) Condition "hdr.ip_option.value == 500" (node_5) is false
[01:29:57.715] [bmv2] [T] [thread 12106] [8.0] [cxt 0] Applying table 'MyIngress.ipv4_lpm'
[01:29:57.715] [bmv2] [D] [thread 12106] [8.0] [cxt 0] Looking up key:
* hdr.ipv4.dstAddr    : 00000000

[01:29:57.715] [bmv2] [D] [thread 12106] [8.0] [cxt 0] Table 'MyIngress.ipv4_lpm': miss
[01:29:57.715] [bmv2] [D] [thread 12106] [8.0] [cxt 0] Action entry is NoAction - 
[01:29:57.715] [bmv2] [T] [thread 12106] [8.0] [cxt 0] Action NoAction
[01:29:57.715] [bmv2] [T] [thread 12106] [8.0] [cxt 0] qos.p4(222) Condition "hdr.ip_option.option == IPV4_OPTION && hdr.ip_option.value == 500" (node_8) is false
[01:29:57.715] [bmv2] [D] [thread 12106] [8.0] [cxt 0] Pipeline 'ingress': end
[01:29:57.715] [bmv2] [D] [thread 12106] [8.0] [cxt 0] Egress port is 0
[01:29:57.715] [bmv2] [D] [thread 12107] [8.0] [cxt 0] Pipeline 'egress': start
[01:29:57.716] [bmv2] [D] [thread 12107] [8.0] [cxt 0] Pipeline 'egress': end
[01:29:57.716] [bmv2] [D] [thread 12107] [8.0] [cxt 0] Deparser 'deparser': start
[01:29:57.716] [bmv2] [T] [thread 12107] [8.0] [cxt 0] Skipping checksum 'cksum' update because condition not met
[01:29:57.716] [bmv2] [D] [thread 12107] [8.0] [cxt 0] Deparsing header 'ethernet'
[01:29:57.716] [bmv2] [D] [thread 12107] [8.0] [cxt 0] Deparser 'deparser': end
[01:29:57.716] [bmv2] [D] [thread 12111] [8.0] [cxt 0] Transmitting packet of size 70 out of port 0
[01:29:59.761] [bmv2] [D] [thread 12106] [9.0] [cxt 0] Processing packet received on port 3
[01:29:59.761] [bmv2] [D] [thread 12106] [9.0] [cxt 0] Parser 'parser': start
[01:29:59.761] [bmv2] [D] [thread 12106] [9.0] [cxt 0] Parser 'parser' entering state 'start'
[01:29:59.761] [bmv2] [D] [thread 12106] [9.0] [cxt 0] Extracting header 'ethernet'
[01:29:59.761] [bmv2] [D] [thread 12106] [9.0] [cxt 0] Parser state 'start': key is 86dd
[01:29:59.761] [bmv2] [T] [thread 12106] [9.0] [cxt 0] Bytes parsed: 14
[01:29:59.761] [bmv2] [D] [thread 12106] [9.0] [cxt 0] Parser 'parser': end
[01:29:59.761] [bmv2] [D] [thread 12106] [9.0] [cxt 0] Pipeline 'ingress': start
[01:29:59.761] [bmv2] [T] [thread 12106] [9.0] [cxt 0] qos.p4(210) Condition "hdr.vlan.isValid()" (node_2) is false
[01:29:59.761] [bmv2] [T] [thread 12106] [9.0] [cxt 0] Applying table 'MyIngress.mac_exact'
[01:29:59.762] [bmv2] [D] [thread 12106] [9.0] [cxt 0] Looking up key:
* hdr.ethernet.dstAddr: 333300000002

[01:29:59.762] [bmv2] [D] [thread 12106] [9.0] [cxt 0] Table 'MyIngress.mac_exact': miss
[01:29:59.762] [bmv2] [D] [thread 12106] [9.0] [cxt 0] Action entry is NoAction - 
[01:29:59.762] [bmv2] [T] [thread 12106] [9.0] [cxt 0] Action NoAction
[01:29:59.762] [bmv2] [T] [thread 12106] [9.0] [cxt 0] qos.p4(214) Condition "hdr.ipv4.isValid()" (node_4) is false
[01:29:59.762] [bmv2] [T] [thread 12106] [9.0] [cxt 0] qos.p4(215) Condition "hdr.ip_option.value == 500" (node_5) is false
[01:29:59.763] [bmv2] [T] [thread 12106] [9.0] [cxt 0] Applying table 'MyIngress.ipv4_lpm'
[01:29:59.763] [bmv2] [D] [thread 12106] [9.0] [cxt 0] Looking up key:
* hdr.ipv4.dstAddr    : 00000000

[01:29:59.763] [bmv2] [D] [thread 12106] [9.0] [cxt 0] Table 'MyIngress.ipv4_lpm': miss
[01:29:59.763] [bmv2] [D] [thread 12106] [9.0] [cxt 0] Action entry is NoAction - 
[01:29:59.763] [bmv2] [T] [thread 12106] [9.0] [cxt 0] Action NoAction
[01:29:59.763] [bmv2] [T] [thread 12106] [9.0] [cxt 0] qos.p4(222) Condition "hdr.ip_option.option == IPV4_OPTION && hdr.ip_option.value == 500" (node_8) is false
[01:29:59.763] [bmv2] [D] [thread 12106] [9.0] [cxt 0] Pipeline 'ingress': end
[01:29:59.763] [bmv2] [D] [thread 12106] [9.0] [cxt 0] Egress port is 0
[01:29:59.763] [bmv2] [D] [thread 12107] [9.0] [cxt 0] Pipeline 'egress': start
[01:29:59.763] [bmv2] [D] [thread 12107] [9.0] [cxt 0] Pipeline 'egress': end
[01:29:59.763] [bmv2] [D] [thread 12107] [9.0] [cxt 0] Deparser 'deparser': start
[01:29:59.763] [bmv2] [T] [thread 12107] [9.0] [cxt 0] Skipping checksum 'cksum' update because condition not met
[01:29:59.763] [bmv2] [D] [thread 12107] [9.0] [cxt 0] Deparsing header 'ethernet'
[01:29:59.763] [bmv2] [D] [thread 12107] [9.0] [cxt 0] Deparser 'deparser': end
[01:29:59.763] [bmv2] [D] [thread 12111] [9.0] [cxt 0] Transmitting packet of size 70 out of port 0
[01:30:00.274] [bmv2] [D] [thread 12106] [10.0] [cxt 0] Processing packet received on port 2
[01:30:00.274] [bmv2] [D] [thread 12106] [10.0] [cxt 0] Parser 'parser': start
[01:30:00.274] [bmv2] [D] [thread 12106] [10.0] [cxt 0] Parser 'parser' entering state 'start'
[01:30:00.274] [bmv2] [D] [thread 12106] [10.0] [cxt 0] Extracting header 'ethernet'
[01:30:00.274] [bmv2] [D] [thread 12106] [10.0] [cxt 0] Parser state 'start': key is 86dd
[01:30:00.274] [bmv2] [T] [thread 12106] [10.0] [cxt 0] Bytes parsed: 14
[01:30:00.274] [bmv2] [D] [thread 12106] [10.0] [cxt 0] Parser 'parser': end
[01:30:00.274] [bmv2] [D] [thread 12106] [10.0] [cxt 0] Pipeline 'ingress': start
[01:30:00.275] [bmv2] [T] [thread 12106] [10.0] [cxt 0] qos.p4(210) Condition "hdr.vlan.isValid()" (node_2) is false
[01:30:00.275] [bmv2] [T] [thread 12106] [10.0] [cxt 0] Applying table 'MyIngress.mac_exact'
[01:30:00.275] [bmv2] [D] [thread 12106] [10.0] [cxt 0] Looking up key:
* hdr.ethernet.dstAddr: 333300000002

[01:30:00.275] [bmv2] [D] [thread 12106] [10.0] [cxt 0] Table 'MyIngress.mac_exact': miss
[01:30:00.275] [bmv2] [D] [thread 12106] [10.0] [cxt 0] Action entry is NoAction - 
[01:30:00.275] [bmv2] [T] [thread 12106] [10.0] [cxt 0] Action NoAction
[01:30:00.275] [bmv2] [T] [thread 12106] [10.0] [cxt 0] qos.p4(214) Condition "hdr.ipv4.isValid()" (node_4) is false
[01:30:00.275] [bmv2] [T] [thread 12106] [10.0] [cxt 0] qos.p4(215) Condition "hdr.ip_option.value == 500" (node_5) is false
[01:30:00.275] [bmv2] [T] [thread 12106] [10.0] [cxt 0] Applying table 'MyIngress.ipv4_lpm'
[01:30:00.276] [bmv2] [D] [thread 12106] [10.0] [cxt 0] Looking up key:
* hdr.ipv4.dstAddr    : 00000000

[01:30:00.276] [bmv2] [D] [thread 12106] [10.0] [cxt 0] Table 'MyIngress.ipv4_lpm': miss
[01:30:00.276] [bmv2] [D] [thread 12106] [10.0] [cxt 0] Action entry is NoAction - 
[01:30:00.276] [bmv2] [T] [thread 12106] [10.0] [cxt 0] Action NoAction
[01:30:00.276] [bmv2] [T] [thread 12106] [10.0] [cxt 0] qos.p4(222) Condition "hdr.ip_option.option == IPV4_OPTION && hdr.ip_option.value == 500" (node_8) is false
[01:30:00.277] [bmv2] [D] [thread 12106] [10.0] [cxt 0] Pipeline 'ingress': end
[01:30:00.277] [bmv2] [D] [thread 12106] [10.0] [cxt 0] Egress port is 0
[01:30:00.278] [bmv2] [D] [thread 12107] [10.0] [cxt 0] Pipeline 'egress': start
[01:30:00.278] [bmv2] [D] [thread 12107] [10.0] [cxt 0] Pipeline 'egress': end
[01:30:00.279] [bmv2] [D] [thread 12107] [10.0] [cxt 0] Deparser 'deparser': start
[01:30:00.279] [bmv2] [T] [thread 12107] [10.0] [cxt 0] Skipping checksum 'cksum' update because condition not met
[01:30:00.279] [bmv2] [D] [thread 12107] [10.0] [cxt 0] Deparsing header 'ethernet'
[01:30:00.279] [bmv2] [D] [thread 12107] [10.0] [cxt 0] Deparser 'deparser': end
[01:30:00.279] [bmv2] [D] [thread 12111] [10.0] [cxt 0] Transmitting packet of size 70 out of port 0
[01:30:12.047] [bmv2] [D] [thread 12106] [11.0] [cxt 0] Processing packet received on port 1
[01:30:12.048] [bmv2] [D] [thread 12106] [11.0] [cxt 0] Parser 'parser': start
[01:30:12.048] [bmv2] [D] [thread 12106] [11.0] [cxt 0] Parser 'parser' entering state 'start'
[01:30:12.048] [bmv2] [D] [thread 12106] [11.0] [cxt 0] Extracting header 'ethernet'
[01:30:12.055] [bmv2] [D] [thread 12106] [11.0] [cxt 0] Parser state 'start': key is 86dd
[01:30:12.055] [bmv2] [T] [thread 12106] [11.0] [cxt 0] Bytes parsed: 14
[01:30:12.055] [bmv2] [D] [thread 12106] [11.0] [cxt 0] Parser 'parser': end
[01:30:12.055] [bmv2] [D] [thread 12106] [11.0] [cxt 0] Pipeline 'ingress': start
[01:30:12.056] [bmv2] [T] [thread 12106] [11.0] [cxt 0] qos.p4(210) Condition "hdr.vlan.isValid()" (node_2) is false
[01:30:12.056] [bmv2] [T] [thread 12106] [11.0] [cxt 0] Applying table 'MyIngress.mac_exact'
[01:30:12.056] [bmv2] [D] [thread 12106] [11.0] [cxt 0] Looking up key:
* hdr.ethernet.dstAddr: 333300000002

[01:30:12.056] [bmv2] [D] [thread 12106] [11.0] [cxt 0] Table 'MyIngress.mac_exact': miss
[01:30:12.056] [bmv2] [D] [thread 12106] [11.0] [cxt 0] Action entry is NoAction - 
[01:30:12.056] [bmv2] [T] [thread 12106] [11.0] [cxt 0] Action NoAction
[01:30:12.056] [bmv2] [T] [thread 12106] [11.0] [cxt 0] qos.p4(214) Condition "hdr.ipv4.isValid()" (node_4) is false
[01:30:12.056] [bmv2] [T] [thread 12106] [11.0] [cxt 0] qos.p4(215) Condition "hdr.ip_option.value == 500" (node_5) is false
[01:30:12.056] [bmv2] [T] [thread 12106] [11.0] [cxt 0] Applying table 'MyIngress.ipv4_lpm'
[01:30:12.056] [bmv2] [D] [thread 12106] [11.0] [cxt 0] Looking up key:
* hdr.ipv4.dstAddr    : 00000000

[01:30:12.056] [bmv2] [D] [thread 12106] [11.0] [cxt 0] Table 'MyIngress.ipv4_lpm': miss
[01:30:12.056] [bmv2] [D] [thread 12106] [11.0] [cxt 0] Action entry is NoAction - 
[01:30:12.056] [bmv2] [T] [thread 12106] [11.0] [cxt 0] Action NoAction
[01:30:12.056] [bmv2] [T] [thread 12106] [11.0] [cxt 0] qos.p4(222) Condition "hdr.ip_option.option == IPV4_OPTION && hdr.ip_option.value == 500" (node_8) is false
[01:30:12.056] [bmv2] [D] [thread 12106] [11.0] [cxt 0] Pipeline 'ingress': end
[01:30:12.056] [bmv2] [D] [thread 12106] [11.0] [cxt 0] Egress port is 0
[01:30:12.057] [bmv2] [D] [thread 12107] [11.0] [cxt 0] Pipeline 'egress': start
[01:30:12.057] [bmv2] [D] [thread 12107] [11.0] [cxt 0] Pipeline 'egress': end
[01:30:12.057] [bmv2] [D] [thread 12107] [11.0] [cxt 0] Deparser 'deparser': start
[01:30:12.057] [bmv2] [T] [thread 12107] [11.0] [cxt 0] Skipping checksum 'cksum' update because condition not met
[01:30:12.057] [bmv2] [D] [thread 12107] [11.0] [cxt 0] Deparsing header 'ethernet'
[01:30:12.057] [bmv2] [D] [thread 12107] [11.0] [cxt 0] Deparser 'deparser': end
[01:30:12.057] [bmv2] [D] [thread 12111] [11.0] [cxt 0] Transmitting packet of size 70 out of port 0
[01:30:12.057] [bmv2] [D] [thread 12106] [12.0] [cxt 0] Processing packet received on port 2
[01:30:12.057] [bmv2] [D] [thread 12106] [12.0] [cxt 0] Parser 'parser': start
[01:30:12.057] [bmv2] [D] [thread 12106] [12.0] [cxt 0] Parser 'parser' entering state 'start'
[01:30:12.057] [bmv2] [D] [thread 12106] [12.0] [cxt 0] Extracting header 'ethernet'
[01:30:12.057] [bmv2] [D] [thread 12106] [12.0] [cxt 0] Parser state 'start': key is 86dd
[01:30:12.057] [bmv2] [T] [thread 12106] [12.0] [cxt 0] Bytes parsed: 14
[01:30:12.057] [bmv2] [D] [thread 12106] [12.0] [cxt 0] Parser 'parser': end
[01:30:12.058] [bmv2] [D] [thread 12106] [12.0] [cxt 0] Pipeline 'ingress': start
[01:30:12.058] [bmv2] [T] [thread 12106] [12.0] [cxt 0] qos.p4(210) Condition "hdr.vlan.isValid()" (node_2) is false
[01:30:12.058] [bmv2] [T] [thread 12106] [12.0] [cxt 0] Applying table 'MyIngress.mac_exact'
[01:30:12.058] [bmv2] [D] [thread 12106] [12.0] [cxt 0] Looking up key:
* hdr.ethernet.dstAddr: 333300000002

[01:30:12.058] [bmv2] [D] [thread 12106] [12.0] [cxt 0] Table 'MyIngress.mac_exact': miss
[01:30:12.058] [bmv2] [D] [thread 12106] [12.0] [cxt 0] Action entry is NoAction - 
[01:30:12.058] [bmv2] [T] [thread 12106] [12.0] [cxt 0] Action NoAction
[01:30:12.058] [bmv2] [T] [thread 12106] [12.0] [cxt 0] qos.p4(214) Condition "hdr.ipv4.isValid()" (node_4) is false
[01:30:12.058] [bmv2] [T] [thread 12106] [12.0] [cxt 0] qos.p4(215) Condition "hdr.ip_option.value == 500" (node_5) is false
[01:30:12.058] [bmv2] [T] [thread 12106] [12.0] [cxt 0] Applying table 'MyIngress.ipv4_lpm'
[01:30:12.058] [bmv2] [D] [thread 12106] [12.0] [cxt 0] Looking up key:
* hdr.ipv4.dstAddr    : 00000000

[01:30:12.058] [bmv2] [D] [thread 12106] [12.0] [cxt 0] Table 'MyIngress.ipv4_lpm': miss
[01:30:12.058] [bmv2] [D] [thread 12106] [12.0] [cxt 0] Action entry is NoAction - 
[01:30:12.058] [bmv2] [T] [thread 12106] [12.0] [cxt 0] Action NoAction
[01:30:12.058] [bmv2] [T] [thread 12106] [12.0] [cxt 0] qos.p4(222) Condition "hdr.ip_option.option == IPV4_OPTION && hdr.ip_option.value == 500" (node_8) is false
[01:30:12.058] [bmv2] [D] [thread 12106] [12.0] [cxt 0] Pipeline 'ingress': end
[01:30:12.058] [bmv2] [D] [thread 12106] [12.0] [cxt 0] Egress port is 0
[01:30:12.059] [bmv2] [D] [thread 12107] [12.0] [cxt 0] Pipeline 'egress': start
[01:30:12.059] [bmv2] [D] [thread 12107] [12.0] [cxt 0] Pipeline 'egress': end
[01:30:12.059] [bmv2] [D] [thread 12107] [12.0] [cxt 0] Deparser 'deparser': start
[01:30:12.059] [bmv2] [T] [thread 12107] [12.0] [cxt 0] Skipping checksum 'cksum' update because condition not met
[01:30:12.059] [bmv2] [D] [thread 12107] [12.0] [cxt 0] Deparsing header 'ethernet'
[01:30:12.059] [bmv2] [D] [thread 12107] [12.0] [cxt 0] Deparser 'deparser': end
[01:30:12.059] [bmv2] [D] [thread 12111] [12.0] [cxt 0] Transmitting packet of size 70 out of port 0
[01:30:12.312] [bmv2] [D] [thread 12106] [13.0] [cxt 0] Processing packet received on port 3
[01:30:12.312] [bmv2] [D] [thread 12106] [13.0] [cxt 0] Parser 'parser': start
[01:30:12.312] [bmv2] [D] [thread 12106] [13.0] [cxt 0] Parser 'parser' entering state 'start'
[01:30:12.312] [bmv2] [D] [thread 12106] [13.0] [cxt 0] Extracting header 'ethernet'
[01:30:12.312] [bmv2] [D] [thread 12106] [13.0] [cxt 0] Parser state 'start': key is 86dd
[01:30:12.312] [bmv2] [T] [thread 12106] [13.0] [cxt 0] Bytes parsed: 14
[01:30:12.312] [bmv2] [D] [thread 12106] [13.0] [cxt 0] Parser 'parser': end
[01:30:12.312] [bmv2] [D] [thread 12106] [13.0] [cxt 0] Pipeline 'ingress': start
[01:30:12.312] [bmv2] [T] [thread 12106] [13.0] [cxt 0] qos.p4(210) Condition "hdr.vlan.isValid()" (node_2) is false
[01:30:12.312] [bmv2] [T] [thread 12106] [13.0] [cxt 0] Applying table 'MyIngress.mac_exact'
[01:30:12.313] [bmv2] [D] [thread 12106] [13.0] [cxt 0] Looking up key:
* hdr.ethernet.dstAddr: 333300000002

[01:30:12.313] [bmv2] [D] [thread 12106] [13.0] [cxt 0] Table 'MyIngress.mac_exact': miss
[01:30:12.313] [bmv2] [D] [thread 12106] [13.0] [cxt 0] Action entry is NoAction - 
[01:30:12.313] [bmv2] [T] [thread 12106] [13.0] [cxt 0] Action NoAction
[01:30:12.313] [bmv2] [T] [thread 12106] [13.0] [cxt 0] qos.p4(214) Condition "hdr.ipv4.isValid()" (node_4) is false
[01:30:12.313] [bmv2] [T] [thread 12106] [13.0] [cxt 0] qos.p4(215) Condition "hdr.ip_option.value == 500" (node_5) is false
[01:30:12.313] [bmv2] [T] [thread 12106] [13.0] [cxt 0] Applying table 'MyIngress.ipv4_lpm'
[01:30:12.313] [bmv2] [D] [thread 12106] [13.0] [cxt 0] Looking up key:
* hdr.ipv4.dstAddr    : 00000000

[01:30:12.313] [bmv2] [D] [thread 12106] [13.0] [cxt 0] Table 'MyIngress.ipv4_lpm': miss
[01:30:12.313] [bmv2] [D] [thread 12106] [13.0] [cxt 0] Action entry is NoAction - 
[01:30:12.313] [bmv2] [T] [thread 12106] [13.0] [cxt 0] Action NoAction
[01:30:12.313] [bmv2] [T] [thread 12106] [13.0] [cxt 0] qos.p4(222) Condition "hdr.ip_option.option == IPV4_OPTION && hdr.ip_option.value == 500" (node_8) is false
[01:30:12.313] [bmv2] [D] [thread 12106] [13.0] [cxt 0] Pipeline 'ingress': end
[01:30:12.313] [bmv2] [D] [thread 12106] [13.0] [cxt 0] Egress port is 0
[01:30:12.313] [bmv2] [D] [thread 12107] [13.0] [cxt 0] Pipeline 'egress': start
[01:30:12.314] [bmv2] [D] [thread 12107] [13.0] [cxt 0] Pipeline 'egress': end
[01:30:12.314] [bmv2] [D] [thread 12107] [13.0] [cxt 0] Deparser 'deparser': start
[01:30:12.314] [bmv2] [T] [thread 12107] [13.0] [cxt 0] Skipping checksum 'cksum' update because condition not met
[01:30:12.314] [bmv2] [D] [thread 12107] [13.0] [cxt 0] Deparsing header 'ethernet'
[01:30:12.314] [bmv2] [D] [thread 12107] [13.0] [cxt 0] Deparser 'deparser': end
[01:30:12.314] [bmv2] [D] [thread 12111] [13.0] [cxt 0] Transmitting packet of size 70 out of port 0
[01:30:18.196] [bmv2] [D] [thread 12106] [14.0] [cxt 0] Processing packet received on port 2
[01:30:18.196] [bmv2] [D] [thread 12106] [14.0] [cxt 0] Parser 'parser': start
[01:30:18.196] [bmv2] [D] [thread 12106] [14.0] [cxt 0] Parser 'parser' entering state 'start'
[01:30:18.196] [bmv2] [D] [thread 12106] [14.0] [cxt 0] Extracting header 'ethernet'
[01:30:18.196] [bmv2] [D] [thread 12106] [14.0] [cxt 0] Parser state 'start': key is 86dd
[01:30:18.197] [bmv2] [T] [thread 12106] [14.0] [cxt 0] Bytes parsed: 14
[01:30:18.197] [bmv2] [D] [thread 12106] [14.0] [cxt 0] Parser 'parser': end
[01:30:18.197] [bmv2] [D] [thread 12106] [14.0] [cxt 0] Pipeline 'ingress': start
[01:30:18.197] [bmv2] [T] [thread 12106] [14.0] [cxt 0] qos.p4(210) Condition "hdr.vlan.isValid()" (node_2) is false
[01:30:18.197] [bmv2] [T] [thread 12106] [14.0] [cxt 0] Applying table 'MyIngress.mac_exact'
[01:30:18.198] [bmv2] [D] [thread 12106] [14.0] [cxt 0] Looking up key:
* hdr.ethernet.dstAddr: 333300000002

[01:30:18.198] [bmv2] [D] [thread 12106] [14.0] [cxt 0] Table 'MyIngress.mac_exact': miss
[01:30:18.198] [bmv2] [D] [thread 12106] [14.0] [cxt 0] Action entry is NoAction - 
[01:30:18.198] [bmv2] [T] [thread 12106] [14.0] [cxt 0] Action NoAction
[01:30:18.198] [bmv2] [T] [thread 12106] [14.0] [cxt 0] qos.p4(214) Condition "hdr.ipv4.isValid()" (node_4) is false
[01:30:18.198] [bmv2] [T] [thread 12106] [14.0] [cxt 0] qos.p4(215) Condition "hdr.ip_option.value == 500" (node_5) is false
[01:30:18.198] [bmv2] [T] [thread 12106] [14.0] [cxt 0] Applying table 'MyIngress.ipv4_lpm'
[01:30:18.198] [bmv2] [D] [thread 12106] [14.0] [cxt 0] Looking up key:
* hdr.ipv4.dstAddr    : 00000000

[01:30:18.198] [bmv2] [D] [thread 12106] [14.0] [cxt 0] Table 'MyIngress.ipv4_lpm': miss
[01:30:18.199] [bmv2] [D] [thread 12106] [14.0] [cxt 0] Action entry is NoAction - 
[01:30:18.199] [bmv2] [T] [thread 12106] [14.0] [cxt 0] Action NoAction
[01:30:18.199] [bmv2] [T] [thread 12106] [14.0] [cxt 0] qos.p4(222) Condition "hdr.ip_option.option == IPV4_OPTION && hdr.ip_option.value == 500" (node_8) is false
[01:30:18.199] [bmv2] [D] [thread 12106] [14.0] [cxt 0] Pipeline 'ingress': end
[01:30:18.199] [bmv2] [D] [thread 12106] [14.0] [cxt 0] Egress port is 0
[01:30:18.205] [bmv2] [D] [thread 12107] [14.0] [cxt 0] Pipeline 'egress': start
[01:30:18.205] [bmv2] [D] [thread 12107] [14.0] [cxt 0] Pipeline 'egress': end
[01:30:18.205] [bmv2] [D] [thread 12107] [14.0] [cxt 0] Deparser 'deparser': start
[01:30:18.205] [bmv2] [T] [thread 12107] [14.0] [cxt 0] Skipping checksum 'cksum' update because condition not met
[01:30:18.205] [bmv2] [D] [thread 12107] [14.0] [cxt 0] Deparsing header 'ethernet'
[01:30:18.205] [bmv2] [D] [thread 12107] [14.0] [cxt 0] Deparser 'deparser': end
[01:30:18.206] [bmv2] [D] [thread 12111] [14.0] [cxt 0] Transmitting packet of size 70 out of port 0
[01:30:18.206] [bmv2] [D] [thread 12106] [15.0] [cxt 0] Processing packet received on port 3
[01:30:18.206] [bmv2] [D] [thread 12106] [15.0] [cxt 0] Parser 'parser': start
[01:30:18.206] [bmv2] [D] [thread 12106] [15.0] [cxt 0] Parser 'parser' entering state 'start'
[01:30:18.206] [bmv2] [D] [thread 12106] [15.0] [cxt 0] Extracting header 'ethernet'
[01:30:18.206] [bmv2] [D] [thread 12106] [15.0] [cxt 0] Parser state 'start': key is 86dd
[01:30:18.206] [bmv2] [T] [thread 12106] [15.0] [cxt 0] Bytes parsed: 14
[01:30:18.206] [bmv2] [D] [thread 12106] [15.0] [cxt 0] Parser 'parser': end
[01:30:18.206] [bmv2] [D] [thread 12106] [15.0] [cxt 0] Pipeline 'ingress': start
[01:30:18.206] [bmv2] [T] [thread 12106] [15.0] [cxt 0] qos.p4(210) Condition "hdr.vlan.isValid()" (node_2) is false
[01:30:18.207] [bmv2] [T] [thread 12106] [15.0] [cxt 0] Applying table 'MyIngress.mac_exact'
[01:30:18.207] [bmv2] [D] [thread 12106] [15.0] [cxt 0] Looking up key:
* hdr.ethernet.dstAddr: 333300000002

[01:30:18.207] [bmv2] [D] [thread 12106] [15.0] [cxt 0] Table 'MyIngress.mac_exact': miss
[01:30:18.207] [bmv2] [D] [thread 12106] [15.0] [cxt 0] Action entry is NoAction - 
[01:30:18.207] [bmv2] [T] [thread 12106] [15.0] [cxt 0] Action NoAction
[01:30:18.207] [bmv2] [T] [thread 12106] [15.0] [cxt 0] qos.p4(214) Condition "hdr.ipv4.isValid()" (node_4) is false
[01:30:18.207] [bmv2] [T] [thread 12106] [15.0] [cxt 0] qos.p4(215) Condition "hdr.ip_option.value == 500" (node_5) is false
[01:30:18.207] [bmv2] [T] [thread 12106] [15.0] [cxt 0] Applying table 'MyIngress.ipv4_lpm'
[01:30:18.207] [bmv2] [D] [thread 12106] [15.0] [cxt 0] Looking up key:
* hdr.ipv4.dstAddr    : 00000000

[01:30:18.207] [bmv2] [D] [thread 12106] [15.0] [cxt 0] Table 'MyIngress.ipv4_lpm': miss
[01:30:18.207] [bmv2] [D] [thread 12106] [15.0] [cxt 0] Action entry is NoAction - 
[01:30:18.207] [bmv2] [T] [thread 12106] [15.0] [cxt 0] Action NoAction
[01:30:18.208] [bmv2] [T] [thread 12106] [15.0] [cxt 0] qos.p4(222) Condition "hdr.ip_option.option == IPV4_OPTION && hdr.ip_option.value == 500" (node_8) is false
[01:30:18.208] [bmv2] [D] [thread 12106] [15.0] [cxt 0] Pipeline 'ingress': end
[01:30:18.208] [bmv2] [D] [thread 12106] [15.0] [cxt 0] Egress port is 0
[01:30:18.211] [bmv2] [D] [thread 12107] [15.0] [cxt 0] Pipeline 'egress': start
[01:30:18.211] [bmv2] [D] [thread 12107] [15.0] [cxt 0] Pipeline 'egress': end
[01:30:18.211] [bmv2] [D] [thread 12107] [15.0] [cxt 0] Deparser 'deparser': start
[01:30:18.211] [bmv2] [T] [thread 12107] [15.0] [cxt 0] Skipping checksum 'cksum' update because condition not met
[01:30:18.211] [bmv2] [D] [thread 12107] [15.0] [cxt 0] Deparsing header 'ethernet'
[01:30:18.211] [bmv2] [D] [thread 12107] [15.0] [cxt 0] Deparser 'deparser': end
[01:30:18.212] [bmv2] [D] [thread 12111] [15.0] [cxt 0] Transmitting packet of size 70 out of port 0
[01:30:40.718] [bmv2] [D] [thread 12106] [16.0] [cxt 0] Processing packet received on port 1
[01:30:40.719] [bmv2] [D] [thread 12106] [16.0] [cxt 0] Parser 'parser': start
[01:30:40.719] [bmv2] [D] [thread 12106] [16.0] [cxt 0] Parser 'parser' entering state 'start'
[01:30:40.719] [bmv2] [D] [thread 12106] [16.0] [cxt 0] Extracting header 'ethernet'
[01:30:40.719] [bmv2] [D] [thread 12106] [16.0] [cxt 0] Parser state 'start': key is 86dd
[01:30:40.719] [bmv2] [T] [thread 12106] [16.0] [cxt 0] Bytes parsed: 14
[01:30:40.719] [bmv2] [D] [thread 12106] [16.0] [cxt 0] Parser 'parser': end
[01:30:40.719] [bmv2] [D] [thread 12106] [16.0] [cxt 0] Pipeline 'ingress': start
[01:30:40.719] [bmv2] [T] [thread 12106] [16.0] [cxt 0] qos.p4(210) Condition "hdr.vlan.isValid()" (node_2) is false
[01:30:40.719] [bmv2] [T] [thread 12106] [16.0] [cxt 0] Applying table 'MyIngress.mac_exact'
[01:30:40.719] [bmv2] [D] [thread 12106] [16.0] [cxt 0] Looking up key:
* hdr.ethernet.dstAddr: 333300000002

[01:30:40.719] [bmv2] [D] [thread 12106] [16.0] [cxt 0] Table 'MyIngress.mac_exact': miss
[01:30:40.719] [bmv2] [D] [thread 12106] [16.0] [cxt 0] Action entry is NoAction - 
[01:30:40.719] [bmv2] [T] [thread 12106] [16.0] [cxt 0] Action NoAction
[01:30:40.719] [bmv2] [T] [thread 12106] [16.0] [cxt 0] qos.p4(214) Condition "hdr.ipv4.isValid()" (node_4) is false
[01:30:40.720] [bmv2] [T] [thread 12106] [16.0] [cxt 0] qos.p4(215) Condition "hdr.ip_option.value == 500" (node_5) is false
[01:30:40.720] [bmv2] [T] [thread 12106] [16.0] [cxt 0] Applying table 'MyIngress.ipv4_lpm'
[01:30:40.720] [bmv2] [D] [thread 12106] [16.0] [cxt 0] Looking up key:
* hdr.ipv4.dstAddr    : 00000000

[01:30:40.720] [bmv2] [D] [thread 12106] [16.0] [cxt 0] Table 'MyIngress.ipv4_lpm': miss
[01:30:40.720] [bmv2] [D] [thread 12106] [16.0] [cxt 0] Action entry is NoAction - 
[01:30:40.720] [bmv2] [T] [thread 12106] [16.0] [cxt 0] Action NoAction
[01:30:40.720] [bmv2] [T] [thread 12106] [16.0] [cxt 0] qos.p4(222) Condition "hdr.ip_option.option == IPV4_OPTION && hdr.ip_option.value == 500" (node_8) is false
[01:30:40.720] [bmv2] [D] [thread 12106] [16.0] [cxt 0] Pipeline 'ingress': end
[01:30:40.720] [bmv2] [D] [thread 12106] [16.0] [cxt 0] Egress port is 0
[01:30:40.721] [bmv2] [D] [thread 12107] [16.0] [cxt 0] Pipeline 'egress': start
[01:30:40.721] [bmv2] [D] [thread 12107] [16.0] [cxt 0] Pipeline 'egress': end
[01:30:40.721] [bmv2] [D] [thread 12107] [16.0] [cxt 0] Deparser 'deparser': start
[01:30:40.721] [bmv2] [T] [thread 12107] [16.0] [cxt 0] Skipping checksum 'cksum' update because condition not met
[01:30:40.721] [bmv2] [D] [thread 12107] [16.0] [cxt 0] Deparsing header 'ethernet'
[01:30:40.721] [bmv2] [D] [thread 12107] [16.0] [cxt 0] Deparser 'deparser': end
[01:30:40.721] [bmv2] [D] [thread 12111] [16.0] [cxt 0] Transmitting packet of size 70 out of port 0
[01:30:42.773] [bmv2] [D] [thread 12106] [17.0] [cxt 0] Processing packet received on port 2
[01:30:42.773] [bmv2] [D] [thread 12106] [17.0] [cxt 0] Parser 'parser': start
[01:30:42.773] [bmv2] [D] [thread 12106] [17.0] [cxt 0] Parser 'parser' entering state 'start'
[01:30:42.773] [bmv2] [D] [thread 12106] [17.0] [cxt 0] Extracting header 'ethernet'
[01:30:42.773] [bmv2] [D] [thread 12106] [17.0] [cxt 0] Parser state 'start': key is 86dd
[01:30:42.773] [bmv2] [T] [thread 12106] [17.0] [cxt 0] Bytes parsed: 14
[01:30:42.774] [bmv2] [D] [thread 12106] [17.0] [cxt 0] Parser 'parser': end
[01:30:42.774] [bmv2] [D] [thread 12106] [17.0] [cxt 0] Pipeline 'ingress': start
[01:30:42.774] [bmv2] [T] [thread 12106] [17.0] [cxt 0] qos.p4(210) Condition "hdr.vlan.isValid()" (node_2) is false
[01:30:42.774] [bmv2] [T] [thread 12106] [17.0] [cxt 0] Applying table 'MyIngress.mac_exact'
[01:30:42.774] [bmv2] [D] [thread 12106] [17.0] [cxt 0] Looking up key:
* hdr.ethernet.dstAddr: 333300000002

[01:30:42.774] [bmv2] [D] [thread 12106] [17.0] [cxt 0] Table 'MyIngress.mac_exact': miss
[01:30:42.774] [bmv2] [D] [thread 12106] [17.0] [cxt 0] Action entry is NoAction - 
[01:30:42.774] [bmv2] [T] [thread 12106] [17.0] [cxt 0] Action NoAction
[01:30:42.774] [bmv2] [T] [thread 12106] [17.0] [cxt 0] qos.p4(214) Condition "hdr.ipv4.isValid()" (node_4) is false
[01:30:42.774] [bmv2] [T] [thread 12106] [17.0] [cxt 0] qos.p4(215) Condition "hdr.ip_option.value == 500" (node_5) is false
[01:30:42.774] [bmv2] [T] [thread 12106] [17.0] [cxt 0] Applying table 'MyIngress.ipv4_lpm'
[01:30:42.774] [bmv2] [D] [thread 12106] [17.0] [cxt 0] Looking up key:
* hdr.ipv4.dstAddr    : 00000000

[01:30:42.774] [bmv2] [D] [thread 12106] [17.0] [cxt 0] Table 'MyIngress.ipv4_lpm': miss
[01:30:42.774] [bmv2] [D] [thread 12106] [17.0] [cxt 0] Action entry is NoAction - 
[01:30:42.774] [bmv2] [T] [thread 12106] [17.0] [cxt 0] Action NoAction
[01:30:42.774] [bmv2] [T] [thread 12106] [17.0] [cxt 0] qos.p4(222) Condition "hdr.ip_option.option == IPV4_OPTION && hdr.ip_option.value == 500" (node_8) is false
[01:30:42.774] [bmv2] [D] [thread 12106] [17.0] [cxt 0] Pipeline 'ingress': end
[01:30:42.774] [bmv2] [D] [thread 12106] [17.0] [cxt 0] Egress port is 0
[01:30:42.777] [bmv2] [D] [thread 12107] [17.0] [cxt 0] Pipeline 'egress': start
[01:30:42.777] [bmv2] [D] [thread 12107] [17.0] [cxt 0] Pipeline 'egress': end
[01:30:42.777] [bmv2] [D] [thread 12107] [17.0] [cxt 0] Deparser 'deparser': start
[01:30:42.777] [bmv2] [T] [thread 12107] [17.0] [cxt 0] Skipping checksum 'cksum' update because condition not met
[01:30:42.777] [bmv2] [D] [thread 12107] [17.0] [cxt 0] Deparsing header 'ethernet'
[01:30:42.777] [bmv2] [D] [thread 12107] [17.0] [cxt 0] Deparser 'deparser': end
[01:30:42.778] [bmv2] [D] [thread 12111] [17.0] [cxt 0] Transmitting packet of size 70 out of port 0
[01:30:42.778] [bmv2] [D] [thread 12106] [18.0] [cxt 0] Processing packet received on port 3
[01:30:42.778] [bmv2] [D] [thread 12106] [18.0] [cxt 0] Parser 'parser': start
[01:30:42.778] [bmv2] [D] [thread 12106] [18.0] [cxt 0] Parser 'parser' entering state 'start'
[01:30:42.778] [bmv2] [D] [thread 12106] [18.0] [cxt 0] Extracting header 'ethernet'
[01:30:42.778] [bmv2] [D] [thread 12106] [18.0] [cxt 0] Parser state 'start': key is 86dd
[01:30:42.778] [bmv2] [T] [thread 12106] [18.0] [cxt 0] Bytes parsed: 14
[01:30:42.778] [bmv2] [D] [thread 12106] [18.0] [cxt 0] Parser 'parser': end
[01:30:42.778] [bmv2] [D] [thread 12106] [18.0] [cxt 0] Pipeline 'ingress': start
[01:30:42.778] [bmv2] [T] [thread 12106] [18.0] [cxt 0] qos.p4(210) Condition "hdr.vlan.isValid()" (node_2) is false
[01:30:42.778] [bmv2] [T] [thread 12106] [18.0] [cxt 0] Applying table 'MyIngress.mac_exact'
[01:30:42.778] [bmv2] [D] [thread 12106] [18.0] [cxt 0] Looking up key:
* hdr.ethernet.dstAddr: 333300000002

[01:30:42.778] [bmv2] [D] [thread 12106] [18.0] [cxt 0] Table 'MyIngress.mac_exact': miss
[01:30:42.778] [bmv2] [D] [thread 12106] [18.0] [cxt 0] Action entry is NoAction - 
[01:30:42.778] [bmv2] [T] [thread 12106] [18.0] [cxt 0] Action NoAction
[01:30:42.778] [bmv2] [T] [thread 12106] [18.0] [cxt 0] qos.p4(214) Condition "hdr.ipv4.isValid()" (node_4) is false
[01:30:42.778] [bmv2] [T] [thread 12106] [18.0] [cxt 0] qos.p4(215) Condition "hdr.ip_option.value == 500" (node_5) is false
[01:30:42.778] [bmv2] [T] [thread 12106] [18.0] [cxt 0] Applying table 'MyIngress.ipv4_lpm'
[01:30:42.778] [bmv2] [D] [thread 12106] [18.0] [cxt 0] Looking up key:
* hdr.ipv4.dstAddr    : 00000000

[01:30:42.778] [bmv2] [D] [thread 12106] [18.0] [cxt 0] Table 'MyIngress.ipv4_lpm': miss
[01:30:42.778] [bmv2] [D] [thread 12106] [18.0] [cxt 0] Action entry is NoAction - 
[01:30:42.778] [bmv2] [T] [thread 12106] [18.0] [cxt 0] Action NoAction
[01:30:42.778] [bmv2] [T] [thread 12106] [18.0] [cxt 0] qos.p4(222) Condition "hdr.ip_option.option == IPV4_OPTION && hdr.ip_option.value == 500" (node_8) is false
[01:30:42.778] [bmv2] [D] [thread 12106] [18.0] [cxt 0] Pipeline 'ingress': end
[01:30:42.778] [bmv2] [D] [thread 12106] [18.0] [cxt 0] Egress port is 0
[01:30:42.781] [bmv2] [D] [thread 12107] [18.0] [cxt 0] Pipeline 'egress': start
[01:30:42.781] [bmv2] [D] [thread 12107] [18.0] [cxt 0] Pipeline 'egress': end
[01:30:42.781] [bmv2] [D] [thread 12107] [18.0] [cxt 0] Deparser 'deparser': start
[01:30:42.781] [bmv2] [T] [thread 12107] [18.0] [cxt 0] Skipping checksum 'cksum' update because condition not met
[01:30:42.781] [bmv2] [D] [thread 12107] [18.0] [cxt 0] Deparsing header 'ethernet'
[01:30:42.781] [bmv2] [D] [thread 12107] [18.0] [cxt 0] Deparser 'deparser': end
[01:30:42.781] [bmv2] [D] [thread 12111] [18.0] [cxt 0] Transmitting packet of size 70 out of port 0
[01:30:50.966] [bmv2] [D] [thread 12106] [19.0] [cxt 0] Processing packet received on port 3
[01:30:50.966] [bmv2] [D] [thread 12106] [19.0] [cxt 0] Parser 'parser': start
[01:30:50.966] [bmv2] [D] [thread 12106] [19.0] [cxt 0] Parser 'parser' entering state 'start'
[01:30:50.966] [bmv2] [D] [thread 12106] [19.0] [cxt 0] Extracting header 'ethernet'
[01:30:50.967] [bmv2] [D] [thread 12106] [19.0] [cxt 0] Parser state 'start': key is 86dd
[01:30:50.967] [bmv2] [T] [thread 12106] [19.0] [cxt 0] Bytes parsed: 14
[01:30:50.967] [bmv2] [D] [thread 12106] [19.0] [cxt 0] Parser 'parser': end
[01:30:50.967] [bmv2] [D] [thread 12106] [19.0] [cxt 0] Pipeline 'ingress': start
[01:30:50.967] [bmv2] [T] [thread 12106] [19.0] [cxt 0] qos.p4(210) Condition "hdr.vlan.isValid()" (node_2) is false
[01:30:50.967] [bmv2] [T] [thread 12106] [19.0] [cxt 0] Applying table 'MyIngress.mac_exact'
[01:30:50.967] [bmv2] [D] [thread 12106] [19.0] [cxt 0] Looking up key:
* hdr.ethernet.dstAddr: 333300000002

[01:30:50.967] [bmv2] [D] [thread 12106] [19.0] [cxt 0] Table 'MyIngress.mac_exact': miss
[01:30:50.967] [bmv2] [D] [thread 12106] [19.0] [cxt 0] Action entry is NoAction - 
[01:30:50.970] [bmv2] [T] [thread 12106] [19.0] [cxt 0] Action NoAction
[01:30:50.970] [bmv2] [T] [thread 12106] [19.0] [cxt 0] qos.p4(214) Condition "hdr.ipv4.isValid()" (node_4) is false
[01:30:50.970] [bmv2] [T] [thread 12106] [19.0] [cxt 0] qos.p4(215) Condition "hdr.ip_option.value == 500" (node_5) is false
[01:30:50.970] [bmv2] [T] [thread 12106] [19.0] [cxt 0] Applying table 'MyIngress.ipv4_lpm'
[01:30:50.971] [bmv2] [D] [thread 12106] [19.0] [cxt 0] Looking up key:
* hdr.ipv4.dstAddr    : 00000000

[01:30:50.971] [bmv2] [D] [thread 12106] [19.0] [cxt 0] Table 'MyIngress.ipv4_lpm': miss
[01:30:50.971] [bmv2] [D] [thread 12106] [19.0] [cxt 0] Action entry is NoAction - 
[01:30:50.971] [bmv2] [T] [thread 12106] [19.0] [cxt 0] Action NoAction
[01:30:50.971] [bmv2] [T] [thread 12106] [19.0] [cxt 0] qos.p4(222) Condition "hdr.ip_option.option == IPV4_OPTION && hdr.ip_option.value == 500" (node_8) is false
[01:30:50.971] [bmv2] [D] [thread 12106] [19.0] [cxt 0] Pipeline 'ingress': end
[01:30:50.971] [bmv2] [D] [thread 12106] [19.0] [cxt 0] Egress port is 0
[01:30:50.971] [bmv2] [D] [thread 12107] [19.0] [cxt 0] Pipeline 'egress': start
[01:30:50.971] [bmv2] [D] [thread 12107] [19.0] [cxt 0] Pipeline 'egress': end
[01:30:50.971] [bmv2] [D] [thread 12107] [19.0] [cxt 0] Deparser 'deparser': start
[01:30:50.971] [bmv2] [T] [thread 12107] [19.0] [cxt 0] Skipping checksum 'cksum' update because condition not met
[01:30:50.971] [bmv2] [D] [thread 12107] [19.0] [cxt 0] Deparsing header 'ethernet'
[01:30:50.971] [bmv2] [D] [thread 12107] [19.0] [cxt 0] Deparser 'deparser': end
[01:30:50.971] [bmv2] [D] [thread 12111] [19.0] [cxt 0] Transmitting packet of size 70 out of port 0
[01:30:57.101] [bmv2] [D] [thread 12106] [20.0] [cxt 0] Processing packet received on port 2
[01:30:57.102] [bmv2] [D] [thread 12106] [20.0] [cxt 0] Parser 'parser': start
[01:30:57.102] [bmv2] [D] [thread 12106] [20.0] [cxt 0] Parser 'parser' entering state 'start'
[01:30:57.102] [bmv2] [D] [thread 12106] [20.0] [cxt 0] Extracting header 'ethernet'
[01:30:57.102] [bmv2] [D] [thread 12106] [20.0] [cxt 0] Parser state 'start': key is 86dd
[01:30:57.102] [bmv2] [T] [thread 12106] [20.0] [cxt 0] Bytes parsed: 14
[01:30:57.102] [bmv2] [D] [thread 12106] [20.0] [cxt 0] Parser 'parser': end
[01:30:57.102] [bmv2] [D] [thread 12106] [20.0] [cxt 0] Pipeline 'ingress': start
[01:30:57.102] [bmv2] [T] [thread 12106] [20.0] [cxt 0] qos.p4(210) Condition "hdr.vlan.isValid()" (node_2) is false
[01:30:57.102] [bmv2] [T] [thread 12106] [20.0] [cxt 0] Applying table 'MyIngress.mac_exact'
[01:30:57.102] [bmv2] [D] [thread 12106] [20.0] [cxt 0] Looking up key:
* hdr.ethernet.dstAddr: 333300000002

[01:30:57.102] [bmv2] [D] [thread 12106] [20.0] [cxt 0] Table 'MyIngress.mac_exact': miss
[01:30:57.103] [bmv2] [D] [thread 12106] [20.0] [cxt 0] Action entry is NoAction - 
[01:30:57.103] [bmv2] [T] [thread 12106] [20.0] [cxt 0] Action NoAction
[01:30:57.103] [bmv2] [T] [thread 12106] [20.0] [cxt 0] qos.p4(214) Condition "hdr.ipv4.isValid()" (node_4) is false
[01:30:57.103] [bmv2] [T] [thread 12106] [20.0] [cxt 0] qos.p4(215) Condition "hdr.ip_option.value == 500" (node_5) is false
[01:30:57.103] [bmv2] [T] [thread 12106] [20.0] [cxt 0] Applying table 'MyIngress.ipv4_lpm'
[01:30:57.103] [bmv2] [D] [thread 12106] [20.0] [cxt 0] Looking up key:
* hdr.ipv4.dstAddr    : 00000000

[01:30:57.103] [bmv2] [D] [thread 12106] [20.0] [cxt 0] Table 'MyIngress.ipv4_lpm': miss
[01:30:57.103] [bmv2] [D] [thread 12106] [20.0] [cxt 0] Action entry is NoAction - 
[01:30:57.103] [bmv2] [T] [thread 12106] [20.0] [cxt 0] Action NoAction
[01:30:57.103] [bmv2] [T] [thread 12106] [20.0] [cxt 0] qos.p4(222) Condition "hdr.ip_option.option == IPV4_OPTION && hdr.ip_option.value == 500" (node_8) is false
[01:30:57.104] [bmv2] [D] [thread 12106] [20.0] [cxt 0] Pipeline 'ingress': end
[01:30:57.104] [bmv2] [D] [thread 12106] [20.0] [cxt 0] Egress port is 0
[01:30:57.106] [bmv2] [D] [thread 12107] [20.0] [cxt 0] Pipeline 'egress': start
[01:30:57.106] [bmv2] [D] [thread 12107] [20.0] [cxt 0] Pipeline 'egress': end
[01:30:57.106] [bmv2] [D] [thread 12107] [20.0] [cxt 0] Deparser 'deparser': start
[01:30:57.106] [bmv2] [T] [thread 12107] [20.0] [cxt 0] Skipping checksum 'cksum' update because condition not met
[01:30:57.106] [bmv2] [D] [thread 12107] [20.0] [cxt 0] Deparsing header 'ethernet'
[01:30:57.106] [bmv2] [D] [thread 12107] [20.0] [cxt 0] Deparser 'deparser': end
[01:30:57.107] [bmv2] [D] [thread 12111] [20.0] [cxt 0] Transmitting packet of size 70 out of port 0
[01:31:40.111] [bmv2] [D] [thread 12106] [21.0] [cxt 0] Processing packet received on port 1
[01:31:40.111] [bmv2] [D] [thread 12106] [21.0] [cxt 0] Parser 'parser': start
[01:31:40.111] [bmv2] [D] [thread 12106] [21.0] [cxt 0] Parser 'parser' entering state 'start'
[01:31:40.111] [bmv2] [D] [thread 12106] [21.0] [cxt 0] Extracting header 'ethernet'
[01:31:40.112] [bmv2] [D] [thread 12106] [21.0] [cxt 0] Parser state 'start': key is 86dd
[01:31:40.112] [bmv2] [T] [thread 12106] [21.0] [cxt 0] Bytes parsed: 14
[01:31:40.113] [bmv2] [D] [thread 12106] [21.0] [cxt 0] Parser 'parser': end
[01:31:40.113] [bmv2] [D] [thread 12106] [21.0] [cxt 0] Pipeline 'ingress': start
[01:31:40.113] [bmv2] [T] [thread 12106] [21.0] [cxt 0] qos.p4(210) Condition "hdr.vlan.isValid()" (node_2) is false
[01:31:40.113] [bmv2] [T] [thread 12106] [21.0] [cxt 0] Applying table 'MyIngress.mac_exact'
[01:31:40.113] [bmv2] [D] [thread 12106] [21.0] [cxt 0] Looking up key:
* hdr.ethernet.dstAddr: 333300000002

[01:31:40.113] [bmv2] [D] [thread 12106] [21.0] [cxt 0] Table 'MyIngress.mac_exact': miss
[01:31:40.113] [bmv2] [D] [thread 12106] [21.0] [cxt 0] Action entry is NoAction - 
[01:31:40.114] [bmv2] [T] [thread 12106] [21.0] [cxt 0] Action NoAction
[01:31:40.114] [bmv2] [T] [thread 12106] [21.0] [cxt 0] qos.p4(214) Condition "hdr.ipv4.isValid()" (node_4) is false
[01:31:40.114] [bmv2] [T] [thread 12106] [21.0] [cxt 0] qos.p4(215) Condition "hdr.ip_option.value == 500" (node_5) is false
[01:31:40.114] [bmv2] [T] [thread 12106] [21.0] [cxt 0] Applying table 'MyIngress.ipv4_lpm'
[01:31:40.114] [bmv2] [D] [thread 12106] [21.0] [cxt 0] Looking up key:
* hdr.ipv4.dstAddr    : 00000000

[01:31:40.114] [bmv2] [D] [thread 12106] [21.0] [cxt 0] Table 'MyIngress.ipv4_lpm': miss
[01:31:40.114] [bmv2] [D] [thread 12106] [21.0] [cxt 0] Action entry is NoAction - 
[01:31:40.114] [bmv2] [T] [thread 12106] [21.0] [cxt 0] Action NoAction
[01:31:40.114] [bmv2] [T] [thread 12106] [21.0] [cxt 0] qos.p4(222) Condition "hdr.ip_option.option == IPV4_OPTION && hdr.ip_option.value == 500" (node_8) is false
[01:31:40.114] [bmv2] [D] [thread 12106] [21.0] [cxt 0] Pipeline 'ingress': end
[01:31:40.114] [bmv2] [D] [thread 12106] [21.0] [cxt 0] Egress port is 0
[01:31:40.121] [bmv2] [D] [thread 12107] [21.0] [cxt 0] Pipeline 'egress': start
[01:31:40.121] [bmv2] [D] [thread 12107] [21.0] [cxt 0] Pipeline 'egress': end
[01:31:40.122] [bmv2] [D] [thread 12107] [21.0] [cxt 0] Deparser 'deparser': start
[01:31:40.122] [bmv2] [T] [thread 12107] [21.0] [cxt 0] Skipping checksum 'cksum' update because condition not met
[01:31:40.122] [bmv2] [D] [thread 12107] [21.0] [cxt 0] Deparsing header 'ethernet'
[01:31:40.122] [bmv2] [D] [thread 12107] [21.0] [cxt 0] Deparser 'deparser': end
[01:31:40.122] [bmv2] [D] [thread 12111] [21.0] [cxt 0] Transmitting packet of size 70 out of port 0
[01:31:40.122] [bmv2] [D] [thread 12106] [22.0] [cxt 0] Processing packet received on port 3
[01:31:40.122] [bmv2] [D] [thread 12106] [22.0] [cxt 0] Parser 'parser': start
[01:31:40.122] [bmv2] [D] [thread 12106] [22.0] [cxt 0] Parser 'parser' entering state 'start'
[01:31:40.122] [bmv2] [D] [thread 12106] [22.0] [cxt 0] Extracting header 'ethernet'
[01:31:40.122] [bmv2] [D] [thread 12106] [22.0] [cxt 0] Parser state 'start': key is 86dd
[01:31:40.122] [bmv2] [T] [thread 12106] [22.0] [cxt 0] Bytes parsed: 14
[01:31:40.123] [bmv2] [D] [thread 12106] [22.0] [cxt 0] Parser 'parser': end
[01:31:40.123] [bmv2] [D] [thread 12106] [22.0] [cxt 0] Pipeline 'ingress': start
[01:31:40.123] [bmv2] [T] [thread 12106] [22.0] [cxt 0] qos.p4(210) Condition "hdr.vlan.isValid()" (node_2) is false
[01:31:40.123] [bmv2] [T] [thread 12106] [22.0] [cxt 0] Applying table 'MyIngress.mac_exact'
[01:31:40.123] [bmv2] [D] [thread 12106] [22.0] [cxt 0] Looking up key:
* hdr.ethernet.dstAddr: 333300000002

[01:31:40.123] [bmv2] [D] [thread 12106] [22.0] [cxt 0] Table 'MyIngress.mac_exact': miss
[01:31:40.123] [bmv2] [D] [thread 12106] [22.0] [cxt 0] Action entry is NoAction - 
[01:31:40.123] [bmv2] [T] [thread 12106] [22.0] [cxt 0] Action NoAction
[01:31:40.123] [bmv2] [T] [thread 12106] [22.0] [cxt 0] qos.p4(214) Condition "hdr.ipv4.isValid()" (node_4) is false
[01:31:40.123] [bmv2] [T] [thread 12106] [22.0] [cxt 0] qos.p4(215) Condition "hdr.ip_option.value == 500" (node_5) is false
[01:31:40.123] [bmv2] [T] [thread 12106] [22.0] [cxt 0] Applying table 'MyIngress.ipv4_lpm'
[01:31:40.124] [bmv2] [D] [thread 12106] [22.0] [cxt 0] Looking up key:
* hdr.ipv4.dstAddr    : 00000000

[01:31:40.124] [bmv2] [D] [thread 12106] [22.0] [cxt 0] Table 'MyIngress.ipv4_lpm': miss
[01:31:40.124] [bmv2] [D] [thread 12106] [22.0] [cxt 0] Action entry is NoAction - 
[01:31:40.124] [bmv2] [T] [thread 12106] [22.0] [cxt 0] Action NoAction
[01:31:40.124] [bmv2] [T] [thread 12106] [22.0] [cxt 0] qos.p4(222) Condition "hdr.ip_option.option == IPV4_OPTION && hdr.ip_option.value == 500" (node_8) is false
[01:31:40.124] [bmv2] [D] [thread 12106] [22.0] [cxt 0] Pipeline 'ingress': end
[01:31:40.124] [bmv2] [D] [thread 12106] [22.0] [cxt 0] Egress port is 0
[01:31:40.125] [bmv2] [D] [thread 12107] [22.0] [cxt 0] Pipeline 'egress': start
[01:31:40.125] [bmv2] [D] [thread 12107] [22.0] [cxt 0] Pipeline 'egress': end
[01:31:40.125] [bmv2] [D] [thread 12107] [22.0] [cxt 0] Deparser 'deparser': start
[01:31:40.125] [bmv2] [T] [thread 12107] [22.0] [cxt 0] Skipping checksum 'cksum' update because condition not met
[01:31:40.125] [bmv2] [D] [thread 12107] [22.0] [cxt 0] Deparsing header 'ethernet'
[01:31:40.125] [bmv2] [D] [thread 12107] [22.0] [cxt 0] Deparser 'deparser': end
[01:31:40.125] [bmv2] [D] [thread 12111] [22.0] [cxt 0] Transmitting packet of size 70 out of port 0
[01:31:44.213] [bmv2] [D] [thread 12106] [23.0] [cxt 0] Processing packet received on port 2
[01:31:44.213] [bmv2] [D] [thread 12106] [23.0] [cxt 0] Parser 'parser': start
[01:31:44.213] [bmv2] [D] [thread 12106] [23.0] [cxt 0] Parser 'parser' entering state 'start'
[01:31:44.213] [bmv2] [D] [thread 12106] [23.0] [cxt 0] Extracting header 'ethernet'
[01:31:44.213] [bmv2] [D] [thread 12106] [23.0] [cxt 0] Parser state 'start': key is 86dd
[01:31:44.214] [bmv2] [T] [thread 12106] [23.0] [cxt 0] Bytes parsed: 14
[01:31:44.214] [bmv2] [D] [thread 12106] [23.0] [cxt 0] Parser 'parser': end
[01:31:44.214] [bmv2] [D] [thread 12106] [23.0] [cxt 0] Pipeline 'ingress': start
[01:31:44.214] [bmv2] [T] [thread 12106] [23.0] [cxt 0] qos.p4(210) Condition "hdr.vlan.isValid()" (node_2) is false
[01:31:44.214] [bmv2] [T] [thread 12106] [23.0] [cxt 0] Applying table 'MyIngress.mac_exact'
[01:31:44.214] [bmv2] [D] [thread 12106] [23.0] [cxt 0] Looking up key:
* hdr.ethernet.dstAddr: 333300000002

[01:31:44.214] [bmv2] [D] [thread 12106] [23.0] [cxt 0] Table 'MyIngress.mac_exact': miss
[01:31:44.215] [bmv2] [D] [thread 12106] [23.0] [cxt 0] Action entry is NoAction - 
[01:31:44.215] [bmv2] [T] [thread 12106] [23.0] [cxt 0] Action NoAction
[01:31:44.215] [bmv2] [T] [thread 12106] [23.0] [cxt 0] qos.p4(214) Condition "hdr.ipv4.isValid()" (node_4) is false
[01:31:44.215] [bmv2] [T] [thread 12106] [23.0] [cxt 0] qos.p4(215) Condition "hdr.ip_option.value == 500" (node_5) is false
[01:31:44.215] [bmv2] [T] [thread 12106] [23.0] [cxt 0] Applying table 'MyIngress.ipv4_lpm'
[01:31:44.215] [bmv2] [D] [thread 12106] [23.0] [cxt 0] Looking up key:
* hdr.ipv4.dstAddr    : 00000000

[01:31:44.222] [bmv2] [D] [thread 12106] [23.0] [cxt 0] Table 'MyIngress.ipv4_lpm': miss
[01:31:44.222] [bmv2] [D] [thread 12106] [23.0] [cxt 0] Action entry is NoAction - 
[01:31:44.222] [bmv2] [T] [thread 12106] [23.0] [cxt 0] Action NoAction
[01:31:44.222] [bmv2] [T] [thread 12106] [23.0] [cxt 0] qos.p4(222) Condition "hdr.ip_option.option == IPV4_OPTION && hdr.ip_option.value == 500" (node_8) is false
[01:31:44.222] [bmv2] [D] [thread 12106] [23.0] [cxt 0] Pipeline 'ingress': end
[01:31:44.222] [bmv2] [D] [thread 12106] [23.0] [cxt 0] Egress port is 0
[01:31:44.224] [bmv2] [D] [thread 12107] [23.0] [cxt 0] Pipeline 'egress': start
[01:31:44.225] [bmv2] [D] [thread 12107] [23.0] [cxt 0] Pipeline 'egress': end
[01:31:44.225] [bmv2] [D] [thread 12107] [23.0] [cxt 0] Deparser 'deparser': start
[01:31:44.225] [bmv2] [T] [thread 12107] [23.0] [cxt 0] Skipping checksum 'cksum' update because condition not met
[01:31:44.225] [bmv2] [D] [thread 12107] [23.0] [cxt 0] Deparsing header 'ethernet'
[01:31:44.225] [bmv2] [D] [thread 12107] [23.0] [cxt 0] Deparser 'deparser': end
[01:31:44.225] [bmv2] [D] [thread 12111] [23.0] [cxt 0] Transmitting packet of size 70 out of port 0
[01:31:54.450] [bmv2] [D] [thread 12106] [24.0] [cxt 0] Processing packet received on port 3
[01:31:54.451] [bmv2] [D] [thread 12106] [24.0] [cxt 0] Parser 'parser': start
[01:31:54.451] [bmv2] [D] [thread 12106] [24.0] [cxt 0] Parser 'parser' entering state 'start'
[01:31:54.451] [bmv2] [D] [thread 12106] [24.0] [cxt 0] Extracting header 'ethernet'
[01:31:54.451] [bmv2] [D] [thread 12106] [24.0] [cxt 0] Parser state 'start': key is 86dd
[01:31:54.451] [bmv2] [T] [thread 12106] [24.0] [cxt 0] Bytes parsed: 14
[01:31:54.451] [bmv2] [D] [thread 12106] [24.0] [cxt 0] Parser 'parser': end
[01:31:54.451] [bmv2] [D] [thread 12106] [24.0] [cxt 0] Pipeline 'ingress': start
[01:31:54.451] [bmv2] [T] [thread 12106] [24.0] [cxt 0] qos.p4(210) Condition "hdr.vlan.isValid()" (node_2) is false
[01:31:54.451] [bmv2] [T] [thread 12106] [24.0] [cxt 0] Applying table 'MyIngress.mac_exact'
[01:31:54.452] [bmv2] [D] [thread 12106] [24.0] [cxt 0] Looking up key:
* hdr.ethernet.dstAddr: 333300000002

[01:31:54.456] [bmv2] [D] [thread 12106] [24.0] [cxt 0] Table 'MyIngress.mac_exact': miss
[01:31:54.456] [bmv2] [D] [thread 12106] [24.0] [cxt 0] Action entry is NoAction - 
[01:31:54.456] [bmv2] [T] [thread 12106] [24.0] [cxt 0] Action NoAction
[01:31:54.456] [bmv2] [T] [thread 12106] [24.0] [cxt 0] qos.p4(214) Condition "hdr.ipv4.isValid()" (node_4) is false
[01:31:54.456] [bmv2] [T] [thread 12106] [24.0] [cxt 0] qos.p4(215) Condition "hdr.ip_option.value == 500" (node_5) is false
[01:31:54.456] [bmv2] [T] [thread 12106] [24.0] [cxt 0] Applying table 'MyIngress.ipv4_lpm'
[01:31:54.457] [bmv2] [D] [thread 12106] [24.0] [cxt 0] Looking up key:
* hdr.ipv4.dstAddr    : 00000000

[01:31:54.457] [bmv2] [D] [thread 12106] [24.0] [cxt 0] Table 'MyIngress.ipv4_lpm': miss
[01:31:54.457] [bmv2] [D] [thread 12106] [24.0] [cxt 0] Action entry is NoAction - 
[01:31:54.457] [bmv2] [T] [thread 12106] [24.0] [cxt 0] Action NoAction
[01:31:54.457] [bmv2] [T] [thread 12106] [24.0] [cxt 0] qos.p4(222) Condition "hdr.ip_option.option == IPV4_OPTION && hdr.ip_option.value == 500" (node_8) is false
[01:31:54.457] [bmv2] [D] [thread 12106] [24.0] [cxt 0] Pipeline 'ingress': end
[01:31:54.457] [bmv2] [D] [thread 12106] [24.0] [cxt 0] Egress port is 0
[01:31:54.458] [bmv2] [D] [thread 12107] [24.0] [cxt 0] Pipeline 'egress': start
[01:31:54.458] [bmv2] [D] [thread 12107] [24.0] [cxt 0] Pipeline 'egress': end
[01:31:54.459] [bmv2] [D] [thread 12107] [24.0] [cxt 0] Deparser 'deparser': start
[01:31:54.459] [bmv2] [T] [thread 12107] [24.0] [cxt 0] Skipping checksum 'cksum' update because condition not met
[01:31:54.459] [bmv2] [D] [thread 12107] [24.0] [cxt 0] Deparsing header 'ethernet'
[01:31:54.459] [bmv2] [D] [thread 12107] [24.0] [cxt 0] Deparser 'deparser': end
[01:31:54.459] [bmv2] [D] [thread 12111] [24.0] [cxt 0] Transmitting packet of size 70 out of port 0
[01:32:14.932] [bmv2] [D] [thread 12106] [25.0] [cxt 0] Processing packet received on port 2
[01:32:14.933] [bmv2] [D] [thread 12106] [25.0] [cxt 0] Parser 'parser': start
[01:32:14.933] [bmv2] [D] [thread 12106] [25.0] [cxt 0] Parser 'parser' entering state 'start'
[01:32:14.933] [bmv2] [D] [thread 12106] [25.0] [cxt 0] Extracting header 'ethernet'
[01:32:14.933] [bmv2] [D] [thread 12106] [25.0] [cxt 0] Parser state 'start': key is 86dd
[01:32:14.933] [bmv2] [T] [thread 12106] [25.0] [cxt 0] Bytes parsed: 14
[01:32:14.933] [bmv2] [D] [thread 12106] [25.0] [cxt 0] Parser 'parser': end
[01:32:14.933] [bmv2] [D] [thread 12106] [25.0] [cxt 0] Pipeline 'ingress': start
[01:32:14.933] [bmv2] [T] [thread 12106] [25.0] [cxt 0] qos.p4(210) Condition "hdr.vlan.isValid()" (node_2) is false
[01:32:14.933] [bmv2] [T] [thread 12106] [25.0] [cxt 0] Applying table 'MyIngress.mac_exact'
[01:32:14.934] [bmv2] [D] [thread 12106] [25.0] [cxt 0] Looking up key:
* hdr.ethernet.dstAddr: 333300000002

[01:32:14.934] [bmv2] [D] [thread 12106] [25.0] [cxt 0] Table 'MyIngress.mac_exact': miss
[01:32:14.934] [bmv2] [D] [thread 12106] [25.0] [cxt 0] Action entry is NoAction - 
[01:32:14.934] [bmv2] [T] [thread 12106] [25.0] [cxt 0] Action NoAction
[01:32:14.934] [bmv2] [T] [thread 12106] [25.0] [cxt 0] qos.p4(214) Condition "hdr.ipv4.isValid()" (node_4) is false
[01:32:14.934] [bmv2] [T] [thread 12106] [25.0] [cxt 0] qos.p4(215) Condition "hdr.ip_option.value == 500" (node_5) is false
[01:32:14.934] [bmv2] [T] [thread 12106] [25.0] [cxt 0] Applying table 'MyIngress.ipv4_lpm'
[01:32:14.934] [bmv2] [D] [thread 12106] [25.0] [cxt 0] Looking up key:
* hdr.ipv4.dstAddr    : 00000000

[01:32:14.934] [bmv2] [D] [thread 12106] [25.0] [cxt 0] Table 'MyIngress.ipv4_lpm': miss
[01:32:14.934] [bmv2] [D] [thread 12106] [25.0] [cxt 0] Action entry is NoAction - 
[01:32:14.934] [bmv2] [T] [thread 12106] [25.0] [cxt 0] Action NoAction
[01:32:14.935] [bmv2] [T] [thread 12106] [25.0] [cxt 0] qos.p4(222) Condition "hdr.ip_option.option == IPV4_OPTION && hdr.ip_option.value == 500" (node_8) is false
[01:32:14.935] [bmv2] [D] [thread 12106] [25.0] [cxt 0] Pipeline 'ingress': end
[01:32:14.935] [bmv2] [D] [thread 12106] [25.0] [cxt 0] Egress port is 0
[01:32:14.937] [bmv2] [D] [thread 12107] [25.0] [cxt 0] Pipeline 'egress': start
[01:32:14.937] [bmv2] [D] [thread 12107] [25.0] [cxt 0] Pipeline 'egress': end
[01:32:14.938] [bmv2] [D] [thread 12107] [25.0] [cxt 0] Deparser 'deparser': start
[01:32:14.938] [bmv2] [T] [thread 12107] [25.0] [cxt 0] Skipping checksum 'cksum' update because condition not met
[01:32:14.938] [bmv2] [D] [thread 12107] [25.0] [cxt 0] Deparsing header 'ethernet'
[01:32:14.938] [bmv2] [D] [thread 12107] [25.0] [cxt 0] Deparser 'deparser': end
[01:32:14.938] [bmv2] [D] [thread 12111] [25.0] [cxt 0] Transmitting packet of size 70 out of port 0
open: No such file or directory
open: No such file or directory
open: No such file or directory
