Calling target program-options parser
[00:29:24.127] [bmv2] [D] [thread 8608] Set default default entry for table 'MyIngress.mac_exact': NoAction - 
[00:29:24.128] [bmv2] [D] [thread 8608] Set default default entry for table 'MyIngress.ipv4_lpm': NoAction - 
[00:29:24.128] [bmv2] [D] [thread 8608] Set default default entry for table 'tbl_qos219': qos219 - 
Adding interface s2-eth1 as port 1
[00:29:24.162] [bmv2] [D] [thread 8608] Adding interface s2-eth1 as port 1
Adding interface s2-eth2 as port 2
[00:29:24.175] [bmv2] [D] [thread 8608] Adding interface s2-eth2 as port 2
Adding interface s2-eth3 as port 3
[00:29:24.189] [bmv2] [D] [thread 8608] Adding interface s2-eth3 as port 3
Adding interface s2-eth4 as port 4
[00:29:24.191] [bmv2] [D] [thread 8608] Adding interface s2-eth4 as port 4
Server listening on 0.0.0.0:50052
[00:29:24.198] [bmv2] [I] [thread 8608] Starting Thrift server on port 9091
[00:29:24.206] [bmv2] [I] [thread 8608] Thrift server was started
[00:29:24.500] [bmv2] [D] [thread 8619] [0.0] [cxt 0] Processing packet received on port 3
[00:29:24.500] [bmv2] [D] [thread 8619] [0.0] [cxt 0] Parser 'parser': start
[00:29:24.500] [bmv2] [D] [thread 8619] [0.0] [cxt 0] Parser 'parser' entering state 'start'
[00:29:24.500] [bmv2] [D] [thread 8619] [0.0] [cxt 0] Extracting header 'ethernet'
[00:29:24.500] [bmv2] [D] [thread 8619] [0.0] [cxt 0] Parser state 'start': key is 86dd
[00:29:24.500] [bmv2] [T] [thread 8619] [0.0] [cxt 0] Bytes parsed: 14
[00:29:24.500] [bmv2] [D] [thread 8619] [0.0] [cxt 0] Parser 'parser': end
[00:29:24.500] [bmv2] [D] [thread 8619] [0.0] [cxt 0] Pipeline 'ingress': start
[00:29:24.500] [bmv2] [T] [thread 8619] [0.0] [cxt 0] qos.p4(210) Condition "hdr.vlan.isValid()" (node_2) is false
[00:29:24.500] [bmv2] [T] [thread 8619] [0.0] [cxt 0] Applying table 'MyIngress.mac_exact'
[00:29:24.500] [bmv2] [D] [thread 8619] [0.0] [cxt 0] Looking up key:
* hdr.ethernet.dstAddr: 333300000016

[00:29:24.500] [bmv2] [D] [thread 8619] [0.0] [cxt 0] Table 'MyIngress.mac_exact': miss
[00:29:24.500] [bmv2] [D] [thread 8619] [0.0] [cxt 0] Action entry is NoAction - 
[00:29:24.500] [bmv2] [T] [thread 8619] [0.0] [cxt 0] Action NoAction
[00:29:24.500] [bmv2] [T] [thread 8619] [0.0] [cxt 0] qos.p4(214) Condition "hdr.ipv4.isValid()" (node_4) is false
[00:29:24.500] [bmv2] [T] [thread 8619] [0.0] [cxt 0] Applying table 'MyIngress.ipv4_lpm'
[00:29:24.500] [bmv2] [D] [thread 8619] [0.0] [cxt 0] Looking up key:
* hdr.ipv4.dstAddr    : 00000000

[00:29:24.500] [bmv2] [D] [thread 8619] [0.0] [cxt 0] Table 'MyIngress.ipv4_lpm': miss
[00:29:24.500] [bmv2] [D] [thread 8619] [0.0] [cxt 0] Action entry is NoAction - 
[00:29:24.500] [bmv2] [T] [thread 8619] [0.0] [cxt 0] Action NoAction
[00:29:24.500] [bmv2] [T] [thread 8619] [0.0] [cxt 0] qos.p4(218) Condition "hdr.ip_option.option == IPV4_OPTION && hdr.ip_option.value == 500" (node_6) is false
[00:29:24.500] [bmv2] [D] [thread 8619] [0.0] [cxt 0] Pipeline 'ingress': end
[00:29:24.500] [bmv2] [D] [thread 8619] [0.0] [cxt 0] Egress port is 0
[00:29:24.501] [bmv2] [D] [thread 8620] [0.0] [cxt 0] Pipeline 'egress': start
[00:29:24.501] [bmv2] [D] [thread 8620] [0.0] [cxt 0] Pipeline 'egress': end
[00:29:24.501] [bmv2] [D] [thread 8620] [0.0] [cxt 0] Deparser 'deparser': start
[00:29:24.501] [bmv2] [T] [thread 8620] [0.0] [cxt 0] Skipping checksum 'cksum' update because condition not met
[00:29:24.501] [bmv2] [D] [thread 8620] [0.0] [cxt 0] Deparsing header 'ethernet'
[00:29:24.501] [bmv2] [D] [thread 8620] [0.0] [cxt 0] Deparser 'deparser': end
[00:29:24.501] [bmv2] [D] [thread 8624] [0.0] [cxt 0] Transmitting packet of size 90 out of port 0
[00:29:24.749] [bmv2] [D] [thread 8619] [1.0] [cxt 0] Processing packet received on port 4
[00:29:24.749] [bmv2] [D] [thread 8619] [1.0] [cxt 0] Parser 'parser': start
[00:29:24.749] [bmv2] [D] [thread 8619] [1.0] [cxt 0] Parser 'parser' entering state 'start'
[00:29:24.749] [bmv2] [D] [thread 8619] [1.0] [cxt 0] Extracting header 'ethernet'
[00:29:24.749] [bmv2] [D] [thread 8619] [1.0] [cxt 0] Parser state 'start': key is 86dd
[00:29:24.749] [bmv2] [T] [thread 8619] [1.0] [cxt 0] Bytes parsed: 14
[00:29:24.749] [bmv2] [D] [thread 8619] [1.0] [cxt 0] Parser 'parser': end
[00:29:24.749] [bmv2] [D] [thread 8619] [1.0] [cxt 0] Pipeline 'ingress': start
[00:29:24.749] [bmv2] [T] [thread 8619] [1.0] [cxt 0] qos.p4(210) Condition "hdr.vlan.isValid()" (node_2) is false
[00:29:24.749] [bmv2] [T] [thread 8619] [1.0] [cxt 0] Applying table 'MyIngress.mac_exact'
[00:29:24.749] [bmv2] [D] [thread 8619] [1.0] [cxt 0] Looking up key:
* hdr.ethernet.dstAddr: 333300000016

[00:29:24.749] [bmv2] [D] [thread 8619] [1.0] [cxt 0] Table 'MyIngress.mac_exact': miss
[00:29:24.749] [bmv2] [D] [thread 8619] [1.0] [cxt 0] Action entry is NoAction - 
[00:29:24.749] [bmv2] [T] [thread 8619] [1.0] [cxt 0] Action NoAction
[00:29:24.749] [bmv2] [T] [thread 8619] [1.0] [cxt 0] qos.p4(214) Condition "hdr.ipv4.isValid()" (node_4) is false
[00:29:24.749] [bmv2] [T] [thread 8619] [1.0] [cxt 0] Applying table 'MyIngress.ipv4_lpm'
[00:29:24.749] [bmv2] [D] [thread 8619] [1.0] [cxt 0] Looking up key:
* hdr.ipv4.dstAddr    : 00000000

[00:29:24.749] [bmv2] [D] [thread 8619] [1.0] [cxt 0] Table 'MyIngress.ipv4_lpm': miss
[00:29:24.749] [bmv2] [D] [thread 8619] [1.0] [cxt 0] Action entry is NoAction - 
[00:29:24.749] [bmv2] [T] [thread 8619] [1.0] [cxt 0] Action NoAction
[00:29:24.749] [bmv2] [T] [thread 8619] [1.0] [cxt 0] qos.p4(218) Condition "hdr.ip_option.option == IPV4_OPTION && hdr.ip_option.value == 500" (node_6) is false
[00:29:24.749] [bmv2] [D] [thread 8619] [1.0] [cxt 0] Pipeline 'ingress': end
[00:29:24.749] [bmv2] [D] [thread 8619] [1.0] [cxt 0] Egress port is 0
[00:29:24.750] [bmv2] [D] [thread 8620] [1.0] [cxt 0] Pipeline 'egress': start
[00:29:24.750] [bmv2] [D] [thread 8620] [1.0] [cxt 0] Pipeline 'egress': end
[00:29:24.750] [bmv2] [D] [thread 8620] [1.0] [cxt 0] Deparser 'deparser': start
[00:29:24.750] [bmv2] [T] [thread 8620] [1.0] [cxt 0] Skipping checksum 'cksum' update because condition not met
[00:29:24.750] [bmv2] [D] [thread 8620] [1.0] [cxt 0] Deparsing header 'ethernet'
[00:29:24.750] [bmv2] [D] [thread 8620] [1.0] [cxt 0] Deparser 'deparser': end
[00:29:24.750] [bmv2] [D] [thread 8624] [1.0] [cxt 0] Transmitting packet of size 90 out of port 0
[00:29:26.832] [bmv2] [W] [thread 8671] [P4Runtime] p4::tmp::P4DeviceConfig is deprecated
[00:29:26.841] [bmv2] [D] [thread 8671] Set default default entry for table 'MyIngress.mac_exact': NoAction - 
[00:29:26.841] [bmv2] [D] [thread 8671] Set default default entry for table 'MyIngress.ipv4_lpm': NoAction - 
[00:29:26.841] [bmv2] [D] [thread 8671] Set default default entry for table 'tbl_qos219': qos219 - 
[00:29:26.847] [bmv2] [D] [thread 8671] simple_switch target has been notified of a config swap
[00:29:26.854] [bmv2] [D] [thread 8673] Entry 0 added to table 'MyIngress.ipv4_lpm'
[00:29:26.855] [bmv2] [D] [thread 8673] Dumping entry 0
Match key:
* hdr.ipv4.dstAddr    : LPM       0a000202/32
Action entry: MyIngress.ipv4_forward - 80000000202,2,

[00:29:26.861] [bmv2] [D] [thread 8673] Entry 1 added to table 'MyIngress.ipv4_lpm'
[00:29:26.862] [bmv2] [D] [thread 8673] Dumping entry 1
Match key:
* hdr.ipv4.dstAddr    : LPM       0a000216/32
Action entry: MyIngress.ipv4_forward - 80000000222,1,

[00:29:26.867] [bmv2] [D] [thread 8678] Entry 2 added to table 'MyIngress.ipv4_lpm'
[00:29:26.867] [bmv2] [D] [thread 8678] Dumping entry 2
Match key:
* hdr.ipv4.dstAddr    : LPM       0a000100/24
Action entry: MyIngress.ipv4_forward - 80000000100,3,

[00:29:26.872] [bmv2] [D] [thread 8673] Entry 3 added to table 'MyIngress.ipv4_lpm'
[00:29:26.873] [bmv2] [D] [thread 8673] Dumping entry 3
Match key:
* hdr.ipv4.dstAddr    : LPM       0a000300/24
Action entry: MyIngress.ipv4_forward - 80000000300,4,

[00:29:27.634] [bmv2] [D] [thread 8619] [2.0] [cxt 0] Processing packet received on port 2
[00:29:27.635] [bmv2] [D] [thread 8619] [2.0] [cxt 0] Parser 'parser': start
[00:29:27.635] [bmv2] [D] [thread 8619] [2.0] [cxt 0] Parser 'parser' entering state 'start'
[00:29:27.635] [bmv2] [D] [thread 8619] [2.0] [cxt 0] Extracting header 'ethernet'
[00:29:27.636] [bmv2] [D] [thread 8619] [2.0] [cxt 0] Parser state 'start': key is 86dd
[00:29:27.636] [bmv2] [T] [thread 8619] [2.0] [cxt 0] Bytes parsed: 14
[00:29:27.636] [bmv2] [D] [thread 8619] [2.0] [cxt 0] Parser 'parser': end
[00:29:27.637] [bmv2] [D] [thread 8619] [2.0] [cxt 0] Pipeline 'ingress': start
[00:29:27.638] [bmv2] [T] [thread 8619] [2.0] [cxt 0] qos.p4(210) Condition "hdr.vlan.isValid()" (node_2) is false
[00:29:27.639] [bmv2] [T] [thread 8619] [2.0] [cxt 0] Applying table 'MyIngress.mac_exact'
[00:29:27.639] [bmv2] [D] [thread 8619] [2.0] [cxt 0] Looking up key:
* hdr.ethernet.dstAddr: 333300000002

[00:29:27.639] [bmv2] [D] [thread 8619] [2.0] [cxt 0] Table 'MyIngress.mac_exact': miss
[00:29:27.639] [bmv2] [D] [thread 8619] [2.0] [cxt 0] Action entry is NoAction - 
[00:29:27.639] [bmv2] [T] [thread 8619] [2.0] [cxt 0] Action NoAction
[00:29:27.639] [bmv2] [T] [thread 8619] [2.0] [cxt 0] qos.p4(214) Condition "hdr.ipv4.isValid()" (node_4) is false
[00:29:27.639] [bmv2] [T] [thread 8619] [2.0] [cxt 0] Applying table 'MyIngress.ipv4_lpm'
[00:29:27.639] [bmv2] [D] [thread 8619] [2.0] [cxt 0] Looking up key:
* hdr.ipv4.dstAddr    : 00000000

[00:29:27.639] [bmv2] [D] [thread 8619] [2.0] [cxt 0] Table 'MyIngress.ipv4_lpm': miss
[00:29:27.639] [bmv2] [D] [thread 8619] [2.0] [cxt 0] Action entry is NoAction - 
[00:29:27.639] [bmv2] [T] [thread 8619] [2.0] [cxt 0] Action NoAction
[00:29:27.639] [bmv2] [T] [thread 8619] [2.0] [cxt 0] qos.p4(218) Condition "hdr.ip_option.option == IPV4_OPTION && hdr.ip_option.value == 500" (node_6) is false
[00:29:27.639] [bmv2] [D] [thread 8619] [2.0] [cxt 0] Pipeline 'ingress': end
[00:29:27.639] [bmv2] [D] [thread 8619] [2.0] [cxt 0] Egress port is 0
[00:29:27.640] [bmv2] [D] [thread 8620] [2.0] [cxt 0] Pipeline 'egress': start
[00:29:27.640] [bmv2] [D] [thread 8620] [2.0] [cxt 0] Pipeline 'egress': end
[00:29:27.640] [bmv2] [D] [thread 8620] [2.0] [cxt 0] Deparser 'deparser': start
[00:29:27.640] [bmv2] [T] [thread 8620] [2.0] [cxt 0] Skipping checksum 'cksum' update because condition not met
[00:29:27.640] [bmv2] [D] [thread 8620] [2.0] [cxt 0] Deparsing header 'ethernet'
[00:29:27.640] [bmv2] [D] [thread 8620] [2.0] [cxt 0] Deparser 'deparser': end
[00:29:27.640] [bmv2] [D] [thread 8624] [2.0] [cxt 0] Transmitting packet of size 70 out of port 0
[00:29:27.890] [bmv2] [D] [thread 8619] [3.0] [cxt 0] Processing packet received on port 4
[00:29:27.890] [bmv2] [D] [thread 8619] [3.0] [cxt 0] Parser 'parser': start
[00:29:27.890] [bmv2] [D] [thread 8619] [3.0] [cxt 0] Parser 'parser' entering state 'start'
[00:29:27.891] [bmv2] [D] [thread 8619] [3.0] [cxt 0] Extracting header 'ethernet'
[00:29:27.891] [bmv2] [D] [thread 8619] [3.0] [cxt 0] Parser state 'start': key is 86dd
[00:29:27.891] [bmv2] [T] [thread 8619] [3.0] [cxt 0] Bytes parsed: 14
[00:29:27.891] [bmv2] [D] [thread 8619] [3.0] [cxt 0] Parser 'parser': end
[00:29:27.891] [bmv2] [D] [thread 8619] [3.0] [cxt 0] Pipeline 'ingress': start
[00:29:27.894] [bmv2] [T] [thread 8619] [3.0] [cxt 0] qos.p4(210) Condition "hdr.vlan.isValid()" (node_2) is false
[00:29:27.894] [bmv2] [T] [thread 8619] [3.0] [cxt 0] Applying table 'MyIngress.mac_exact'
[00:29:27.894] [bmv2] [D] [thread 8619] [3.0] [cxt 0] Looking up key:
* hdr.ethernet.dstAddr: 333300000002

[00:29:27.894] [bmv2] [D] [thread 8619] [3.0] [cxt 0] Table 'MyIngress.mac_exact': miss
[00:29:27.894] [bmv2] [D] [thread 8619] [3.0] [cxt 0] Action entry is NoAction - 
[00:29:27.894] [bmv2] [T] [thread 8619] [3.0] [cxt 0] Action NoAction
[00:29:27.894] [bmv2] [T] [thread 8619] [3.0] [cxt 0] qos.p4(214) Condition "hdr.ipv4.isValid()" (node_4) is false
[00:29:27.894] [bmv2] [T] [thread 8619] [3.0] [cxt 0] Applying table 'MyIngress.ipv4_lpm'
[00:29:27.895] [bmv2] [D] [thread 8619] [3.0] [cxt 0] Looking up key:
* hdr.ipv4.dstAddr    : 00000000

[00:29:27.895] [bmv2] [D] [thread 8619] [3.0] [cxt 0] Table 'MyIngress.ipv4_lpm': miss
[00:29:27.895] [bmv2] [D] [thread 8619] [3.0] [cxt 0] Action entry is NoAction - 
[00:29:27.895] [bmv2] [T] [thread 8619] [3.0] [cxt 0] Action NoAction
[00:29:27.895] [bmv2] [T] [thread 8619] [3.0] [cxt 0] qos.p4(218) Condition "hdr.ip_option.option == IPV4_OPTION && hdr.ip_option.value == 500" (node_6) is false
[00:29:27.895] [bmv2] [D] [thread 8619] [3.0] [cxt 0] Pipeline 'ingress': end
[00:29:27.895] [bmv2] [D] [thread 8619] [3.0] [cxt 0] Egress port is 0
[00:29:27.895] [bmv2] [D] [thread 8620] [3.0] [cxt 0] Pipeline 'egress': start
[00:29:27.895] [bmv2] [D] [thread 8620] [3.0] [cxt 0] Pipeline 'egress': end
[00:29:27.895] [bmv2] [D] [thread 8620] [3.0] [cxt 0] Deparser 'deparser': start
[00:29:27.895] [bmv2] [T] [thread 8620] [3.0] [cxt 0] Skipping checksum 'cksum' update because condition not met
[00:29:27.895] [bmv2] [D] [thread 8620] [3.0] [cxt 0] Deparsing header 'ethernet'
[00:29:27.895] [bmv2] [D] [thread 8620] [3.0] [cxt 0] Deparser 'deparser': end
[00:29:27.895] [bmv2] [D] [thread 8624] [3.0] [cxt 0] Transmitting packet of size 70 out of port 0
[00:29:27.991] [bmv2] [D] [thread 8619] [4.0] [cxt 0] Processing packet received on port 3
[00:29:27.991] [bmv2] [D] [thread 8619] [4.0] [cxt 0] Parser 'parser': start
[00:29:27.991] [bmv2] [D] [thread 8619] [4.0] [cxt 0] Parser 'parser' entering state 'start'
[00:29:27.991] [bmv2] [D] [thread 8619] [4.0] [cxt 0] Extracting header 'ethernet'
[00:29:27.991] [bmv2] [D] [thread 8619] [4.0] [cxt 0] Parser state 'start': key is 86dd
[00:29:27.991] [bmv2] [T] [thread 8619] [4.0] [cxt 0] Bytes parsed: 14
[00:29:27.991] [bmv2] [D] [thread 8619] [4.0] [cxt 0] Parser 'parser': end
[00:29:27.991] [bmv2] [D] [thread 8619] [4.0] [cxt 0] Pipeline 'ingress': start
[00:29:27.991] [bmv2] [T] [thread 8619] [4.0] [cxt 0] qos.p4(210) Condition "hdr.vlan.isValid()" (node_2) is false
[00:29:27.991] [bmv2] [T] [thread 8619] [4.0] [cxt 0] Applying table 'MyIngress.mac_exact'
[00:29:27.991] [bmv2] [D] [thread 8619] [4.0] [cxt 0] Looking up key:
* hdr.ethernet.dstAddr: 333300000002

[00:29:27.991] [bmv2] [D] [thread 8619] [4.0] [cxt 0] Table 'MyIngress.mac_exact': miss
[00:29:27.991] [bmv2] [D] [thread 8619] [4.0] [cxt 0] Action entry is NoAction - 
[00:29:27.991] [bmv2] [T] [thread 8619] [4.0] [cxt 0] Action NoAction
[00:29:27.991] [bmv2] [T] [thread 8619] [4.0] [cxt 0] qos.p4(214) Condition "hdr.ipv4.isValid()" (node_4) is false
[00:29:27.991] [bmv2] [T] [thread 8619] [4.0] [cxt 0] Applying table 'MyIngress.ipv4_lpm'
[00:29:27.991] [bmv2] [D] [thread 8619] [4.0] [cxt 0] Looking up key:
* hdr.ipv4.dstAddr    : 00000000

[00:29:27.991] [bmv2] [D] [thread 8619] [4.0] [cxt 0] Table 'MyIngress.ipv4_lpm': miss
[00:29:27.991] [bmv2] [D] [thread 8619] [4.0] [cxt 0] Action entry is NoAction - 
[00:29:27.991] [bmv2] [T] [thread 8619] [4.0] [cxt 0] Action NoAction
[00:29:27.991] [bmv2] [T] [thread 8619] [4.0] [cxt 0] qos.p4(218) Condition "hdr.ip_option.option == IPV4_OPTION && hdr.ip_option.value == 500" (node_6) is false
[00:29:27.991] [bmv2] [D] [thread 8619] [4.0] [cxt 0] Pipeline 'ingress': end
[00:29:27.991] [bmv2] [D] [thread 8619] [4.0] [cxt 0] Egress port is 0
[00:29:27.992] [bmv2] [D] [thread 8620] [4.0] [cxt 0] Pipeline 'egress': start
[00:29:27.992] [bmv2] [D] [thread 8620] [4.0] [cxt 0] Pipeline 'egress': end
[00:29:27.992] [bmv2] [D] [thread 8620] [4.0] [cxt 0] Deparser 'deparser': start
[00:29:27.992] [bmv2] [T] [thread 8620] [4.0] [cxt 0] Skipping checksum 'cksum' update because condition not met
[00:29:27.992] [bmv2] [D] [thread 8620] [4.0] [cxt 0] Deparsing header 'ethernet'
[00:29:27.992] [bmv2] [D] [thread 8620] [4.0] [cxt 0] Deparser 'deparser': end
[00:29:27.992] [bmv2] [D] [thread 8624] [4.0] [cxt 0] Transmitting packet of size 70 out of port 0
[00:29:27.992] [bmv2] [D] [thread 8619] [5.0] [cxt 0] Processing packet received on port 3
[00:29:27.992] [bmv2] [D] [thread 8619] [5.0] [cxt 0] Parser 'parser': start
[00:29:27.992] [bmv2] [D] [thread 8619] [5.0] [cxt 0] Parser 'parser' entering state 'start'
[00:29:27.992] [bmv2] [D] [thread 8619] [5.0] [cxt 0] Extracting header 'ethernet'
[00:29:27.992] [bmv2] [D] [thread 8619] [5.0] [cxt 0] Parser state 'start': key is 86dd
[00:29:27.992] [bmv2] [T] [thread 8619] [5.0] [cxt 0] Bytes parsed: 14
[00:29:27.993] [bmv2] [D] [thread 8619] [5.0] [cxt 0] Parser 'parser': end
[00:29:27.993] [bmv2] [D] [thread 8619] [5.0] [cxt 0] Pipeline 'ingress': start
[00:29:27.993] [bmv2] [T] [thread 8619] [5.0] [cxt 0] qos.p4(210) Condition "hdr.vlan.isValid()" (node_2) is false
[00:29:27.993] [bmv2] [T] [thread 8619] [5.0] [cxt 0] Applying table 'MyIngress.mac_exact'
[00:29:27.993] [bmv2] [D] [thread 8619] [5.0] [cxt 0] Looking up key:
* hdr.ethernet.dstAddr: 333300000002

[00:29:27.993] [bmv2] [D] [thread 8619] [5.0] [cxt 0] Table 'MyIngress.mac_exact': miss
[00:29:27.993] [bmv2] [D] [thread 8619] [5.0] [cxt 0] Action entry is NoAction - 
[00:29:27.993] [bmv2] [T] [thread 8619] [5.0] [cxt 0] Action NoAction
[00:29:27.993] [bmv2] [T] [thread 8619] [5.0] [cxt 0] qos.p4(214) Condition "hdr.ipv4.isValid()" (node_4) is false
[00:29:27.993] [bmv2] [T] [thread 8619] [5.0] [cxt 0] Applying table 'MyIngress.ipv4_lpm'
[00:29:27.993] [bmv2] [D] [thread 8619] [5.0] [cxt 0] Looking up key:
* hdr.ipv4.dstAddr    : 00000000

[00:29:27.993] [bmv2] [D] [thread 8619] [5.0] [cxt 0] Table 'MyIngress.ipv4_lpm': miss
[00:29:27.993] [bmv2] [D] [thread 8619] [5.0] [cxt 0] Action entry is NoAction - 
[00:29:27.993] [bmv2] [T] [thread 8619] [5.0] [cxt 0] Action NoAction
[00:29:27.993] [bmv2] [T] [thread 8619] [5.0] [cxt 0] qos.p4(218) Condition "hdr.ip_option.option == IPV4_OPTION && hdr.ip_option.value == 500" (node_6) is false
[00:29:27.993] [bmv2] [D] [thread 8619] [5.0] [cxt 0] Pipeline 'ingress': end
[00:29:27.993] [bmv2] [D] [thread 8619] [5.0] [cxt 0] Egress port is 0
[00:29:27.995] [bmv2] [D] [thread 8620] [5.0] [cxt 0] Pipeline 'egress': start
[00:29:27.995] [bmv2] [D] [thread 8620] [5.0] [cxt 0] Pipeline 'egress': end
[00:29:27.995] [bmv2] [D] [thread 8620] [5.0] [cxt 0] Deparser 'deparser': start
[00:29:27.995] [bmv2] [T] [thread 8620] [5.0] [cxt 0] Skipping checksum 'cksum' update because condition not met
[00:29:27.995] [bmv2] [D] [thread 8620] [5.0] [cxt 0] Deparsing header 'ethernet'
[00:29:27.995] [bmv2] [D] [thread 8620] [5.0] [cxt 0] Deparser 'deparser': end
[00:29:27.995] [bmv2] [D] [thread 8624] [5.0] [cxt 0] Transmitting packet of size 70 out of port 0
[00:29:28.141] [bmv2] [D] [thread 8619] [6.0] [cxt 0] Processing packet received on port 4
[00:29:28.141] [bmv2] [D] [thread 8619] [6.0] [cxt 0] Parser 'parser': start
[00:29:28.141] [bmv2] [D] [thread 8619] [6.0] [cxt 0] Parser 'parser' entering state 'start'
[00:29:28.141] [bmv2] [D] [thread 8619] [6.0] [cxt 0] Extracting header 'ethernet'
[00:29:28.141] [bmv2] [D] [thread 8619] [6.0] [cxt 0] Parser state 'start': key is 86dd
[00:29:28.141] [bmv2] [T] [thread 8619] [6.0] [cxt 0] Bytes parsed: 14
[00:29:28.141] [bmv2] [D] [thread 8619] [6.0] [cxt 0] Parser 'parser': end
[00:29:28.141] [bmv2] [D] [thread 8619] [6.0] [cxt 0] Pipeline 'ingress': start
[00:29:28.141] [bmv2] [T] [thread 8619] [6.0] [cxt 0] qos.p4(210) Condition "hdr.vlan.isValid()" (node_2) is false
[00:29:28.142] [bmv2] [T] [thread 8619] [6.0] [cxt 0] Applying table 'MyIngress.mac_exact'
[00:29:28.142] [bmv2] [D] [thread 8619] [6.0] [cxt 0] Looking up key:
* hdr.ethernet.dstAddr: 333300000002

[00:29:28.142] [bmv2] [D] [thread 8619] [6.0] [cxt 0] Table 'MyIngress.mac_exact': miss
[00:29:28.142] [bmv2] [D] [thread 8619] [6.0] [cxt 0] Action entry is NoAction - 
[00:29:28.142] [bmv2] [T] [thread 8619] [6.0] [cxt 0] Action NoAction
[00:29:28.142] [bmv2] [T] [thread 8619] [6.0] [cxt 0] qos.p4(214) Condition "hdr.ipv4.isValid()" (node_4) is false
[00:29:28.142] [bmv2] [T] [thread 8619] [6.0] [cxt 0] Applying table 'MyIngress.ipv4_lpm'
[00:29:28.142] [bmv2] [D] [thread 8619] [6.0] [cxt 0] Looking up key:
* hdr.ipv4.dstAddr    : 00000000

[00:29:28.142] [bmv2] [D] [thread 8619] [6.0] [cxt 0] Table 'MyIngress.ipv4_lpm': miss
[00:29:28.142] [bmv2] [D] [thread 8619] [6.0] [cxt 0] Action entry is NoAction - 
[00:29:28.142] [bmv2] [T] [thread 8619] [6.0] [cxt 0] Action NoAction
[00:29:28.142] [bmv2] [T] [thread 8619] [6.0] [cxt 0] qos.p4(218) Condition "hdr.ip_option.option == IPV4_OPTION && hdr.ip_option.value == 500" (node_6) is false
[00:29:28.142] [bmv2] [D] [thread 8619] [6.0] [cxt 0] Pipeline 'ingress': end
[00:29:28.142] [bmv2] [D] [thread 8619] [6.0] [cxt 0] Egress port is 0
[00:29:28.144] [bmv2] [D] [thread 8620] [6.0] [cxt 0] Pipeline 'egress': start
[00:29:28.144] [bmv2] [D] [thread 8620] [6.0] [cxt 0] Pipeline 'egress': end
[00:29:28.144] [bmv2] [D] [thread 8620] [6.0] [cxt 0] Deparser 'deparser': start
[00:29:28.144] [bmv2] [T] [thread 8620] [6.0] [cxt 0] Skipping checksum 'cksum' update because condition not met
[00:29:28.144] [bmv2] [D] [thread 8620] [6.0] [cxt 0] Deparsing header 'ethernet'
[00:29:28.144] [bmv2] [D] [thread 8620] [6.0] [cxt 0] Deparser 'deparser': end
[00:29:28.144] [bmv2] [D] [thread 8624] [6.0] [cxt 0] Transmitting packet of size 70 out of port 0
[00:29:28.405] [bmv2] [D] [thread 8619] [7.0] [cxt 0] Processing packet received on port 1
[00:29:28.405] [bmv2] [D] [thread 8619] [7.0] [cxt 0] Parser 'parser': start
[00:29:28.405] [bmv2] [D] [thread 8619] [7.0] [cxt 0] Parser 'parser' entering state 'start'
[00:29:28.405] [bmv2] [D] [thread 8619] [7.0] [cxt 0] Extracting header 'ethernet'
[00:29:28.405] [bmv2] [D] [thread 8619] [7.0] [cxt 0] Parser state 'start': key is 86dd
[00:29:28.405] [bmv2] [T] [thread 8619] [7.0] [cxt 0] Bytes parsed: 14
[00:29:28.405] [bmv2] [D] [thread 8619] [7.0] [cxt 0] Parser 'parser': end
[00:29:28.405] [bmv2] [D] [thread 8619] [7.0] [cxt 0] Pipeline 'ingress': start
[00:29:28.405] [bmv2] [T] [thread 8619] [7.0] [cxt 0] qos.p4(210) Condition "hdr.vlan.isValid()" (node_2) is false
[00:29:28.405] [bmv2] [T] [thread 8619] [7.0] [cxt 0] Applying table 'MyIngress.mac_exact'
[00:29:28.405] [bmv2] [D] [thread 8619] [7.0] [cxt 0] Looking up key:
* hdr.ethernet.dstAddr: 333300000002

[00:29:28.405] [bmv2] [D] [thread 8619] [7.0] [cxt 0] Table 'MyIngress.mac_exact': miss
[00:29:28.405] [bmv2] [D] [thread 8619] [7.0] [cxt 0] Action entry is NoAction - 
[00:29:28.405] [bmv2] [T] [thread 8619] [7.0] [cxt 0] Action NoAction
[00:29:28.405] [bmv2] [T] [thread 8619] [7.0] [cxt 0] qos.p4(214) Condition "hdr.ipv4.isValid()" (node_4) is false
[00:29:28.405] [bmv2] [T] [thread 8619] [7.0] [cxt 0] Applying table 'MyIngress.ipv4_lpm'
[00:29:28.405] [bmv2] [D] [thread 8619] [7.0] [cxt 0] Looking up key:
* hdr.ipv4.dstAddr    : 00000000

[00:29:28.405] [bmv2] [D] [thread 8619] [7.0] [cxt 0] Table 'MyIngress.ipv4_lpm': miss
[00:29:28.405] [bmv2] [D] [thread 8619] [7.0] [cxt 0] Action entry is NoAction - 
[00:29:28.405] [bmv2] [T] [thread 8619] [7.0] [cxt 0] Action NoAction
[00:29:28.405] [bmv2] [T] [thread 8619] [7.0] [cxt 0] qos.p4(218) Condition "hdr.ip_option.option == IPV4_OPTION && hdr.ip_option.value == 500" (node_6) is false
[00:29:28.405] [bmv2] [D] [thread 8619] [7.0] [cxt 0] Pipeline 'ingress': end
[00:29:28.405] [bmv2] [D] [thread 8619] [7.0] [cxt 0] Egress port is 0
[00:29:28.408] [bmv2] [D] [thread 8620] [7.0] [cxt 0] Pipeline 'egress': start
[00:29:28.408] [bmv2] [D] [thread 8620] [7.0] [cxt 0] Pipeline 'egress': end
[00:29:28.408] [bmv2] [D] [thread 8620] [7.0] [cxt 0] Deparser 'deparser': start
[00:29:28.408] [bmv2] [T] [thread 8620] [7.0] [cxt 0] Skipping checksum 'cksum' update because condition not met
[00:29:28.408] [bmv2] [D] [thread 8620] [7.0] [cxt 0] Deparsing header 'ethernet'
[00:29:28.408] [bmv2] [D] [thread 8620] [7.0] [cxt 0] Deparser 'deparser': end
[00:29:28.408] [bmv2] [D] [thread 8624] [7.0] [cxt 0] Transmitting packet of size 70 out of port 0
[00:29:36.082] [bmv2] [D] [thread 8619] [8.0] [cxt 0] Processing packet received on port 4
[00:29:36.082] [bmv2] [D] [thread 8619] [8.0] [cxt 0] Parser 'parser': start
[00:29:36.082] [bmv2] [D] [thread 8619] [8.0] [cxt 0] Parser 'parser' entering state 'start'
[00:29:36.082] [bmv2] [D] [thread 8619] [8.0] [cxt 0] Extracting header 'ethernet'
[00:29:36.083] [bmv2] [D] [thread 8619] [8.0] [cxt 0] Parser state 'start': key is 86dd
[00:29:36.083] [bmv2] [T] [thread 8619] [8.0] [cxt 0] Bytes parsed: 14
[00:29:36.083] [bmv2] [D] [thread 8619] [8.0] [cxt 0] Parser 'parser': end
[00:29:36.083] [bmv2] [D] [thread 8619] [8.0] [cxt 0] Pipeline 'ingress': start
[00:29:36.083] [bmv2] [T] [thread 8619] [8.0] [cxt 0] qos.p4(210) Condition "hdr.vlan.isValid()" (node_2) is false
[00:29:36.083] [bmv2] [T] [thread 8619] [8.0] [cxt 0] Applying table 'MyIngress.mac_exact'
[00:29:36.084] [bmv2] [D] [thread 8619] [8.0] [cxt 0] Looking up key:
* hdr.ethernet.dstAddr: 333300000002

[00:29:36.084] [bmv2] [D] [thread 8619] [8.0] [cxt 0] Table 'MyIngress.mac_exact': miss
[00:29:36.084] [bmv2] [D] [thread 8619] [8.0] [cxt 0] Action entry is NoAction - 
[00:29:36.084] [bmv2] [T] [thread 8619] [8.0] [cxt 0] Action NoAction
[00:29:36.084] [bmv2] [T] [thread 8619] [8.0] [cxt 0] qos.p4(214) Condition "hdr.ipv4.isValid()" (node_4) is false
[00:29:36.084] [bmv2] [T] [thread 8619] [8.0] [cxt 0] Applying table 'MyIngress.ipv4_lpm'
[00:29:36.084] [bmv2] [D] [thread 8619] [8.0] [cxt 0] Looking up key:
* hdr.ipv4.dstAddr    : 00000000

[00:29:36.086] [bmv2] [D] [thread 8619] [8.0] [cxt 0] Table 'MyIngress.ipv4_lpm': miss
[00:29:36.086] [bmv2] [D] [thread 8619] [8.0] [cxt 0] Action entry is NoAction - 
[00:29:36.086] [bmv2] [T] [thread 8619] [8.0] [cxt 0] Action NoAction
[00:29:36.086] [bmv2] [T] [thread 8619] [8.0] [cxt 0] qos.p4(218) Condition "hdr.ip_option.option == IPV4_OPTION && hdr.ip_option.value == 500" (node_6) is false
[00:29:36.086] [bmv2] [D] [thread 8619] [8.0] [cxt 0] Pipeline 'ingress': end
[00:29:36.086] [bmv2] [D] [thread 8619] [8.0] [cxt 0] Egress port is 0
[00:29:36.087] [bmv2] [D] [thread 8620] [8.0] [cxt 0] Pipeline 'egress': start
[00:29:36.087] [bmv2] [D] [thread 8620] [8.0] [cxt 0] Pipeline 'egress': end
[00:29:36.087] [bmv2] [D] [thread 8620] [8.0] [cxt 0] Deparser 'deparser': start
[00:29:36.087] [bmv2] [T] [thread 8620] [8.0] [cxt 0] Skipping checksum 'cksum' update because condition not met
[00:29:36.087] [bmv2] [D] [thread 8620] [8.0] [cxt 0] Deparsing header 'ethernet'
[00:29:36.087] [bmv2] [D] [thread 8620] [8.0] [cxt 0] Deparser 'deparser': end
[00:29:36.087] [bmv2] [D] [thread 8624] [8.0] [cxt 0] Transmitting packet of size 70 out of port 0
[00:29:36.335] [bmv2] [D] [thread 8619] [9.0] [cxt 0] Processing packet received on port 4
[00:29:36.340] [bmv2] [D] [thread 8619] [9.0] [cxt 0] Parser 'parser': start
[00:29:36.340] [bmv2] [D] [thread 8619] [9.0] [cxt 0] Parser 'parser' entering state 'start'
[00:29:36.340] [bmv2] [D] [thread 8619] [9.0] [cxt 0] Extracting header 'ethernet'
[00:29:36.340] [bmv2] [D] [thread 8619] [9.0] [cxt 0] Parser state 'start': key is 86dd
[00:29:36.340] [bmv2] [T] [thread 8619] [9.0] [cxt 0] Bytes parsed: 14
[00:29:36.340] [bmv2] [D] [thread 8619] [9.0] [cxt 0] Parser 'parser': end
[00:29:36.340] [bmv2] [D] [thread 8619] [9.0] [cxt 0] Pipeline 'ingress': start
[00:29:36.340] [bmv2] [T] [thread 8619] [9.0] [cxt 0] qos.p4(210) Condition "hdr.vlan.isValid()" (node_2) is false
[00:29:36.340] [bmv2] [T] [thread 8619] [9.0] [cxt 0] Applying table 'MyIngress.mac_exact'
[00:29:36.341] [bmv2] [D] [thread 8619] [9.0] [cxt 0] Looking up key:
* hdr.ethernet.dstAddr: 333300000002

[00:29:36.341] [bmv2] [D] [thread 8619] [9.0] [cxt 0] Table 'MyIngress.mac_exact': miss
[00:29:36.341] [bmv2] [D] [thread 8619] [9.0] [cxt 0] Action entry is NoAction - 
[00:29:36.341] [bmv2] [T] [thread 8619] [9.0] [cxt 0] Action NoAction
[00:29:36.341] [bmv2] [T] [thread 8619] [9.0] [cxt 0] qos.p4(214) Condition "hdr.ipv4.isValid()" (node_4) is false
[00:29:36.341] [bmv2] [T] [thread 8619] [9.0] [cxt 0] Applying table 'MyIngress.ipv4_lpm'
[00:29:36.341] [bmv2] [D] [thread 8619] [9.0] [cxt 0] Looking up key:
* hdr.ipv4.dstAddr    : 00000000

[00:29:36.341] [bmv2] [D] [thread 8619] [9.0] [cxt 0] Table 'MyIngress.ipv4_lpm': miss
[00:29:36.341] [bmv2] [D] [thread 8619] [9.0] [cxt 0] Action entry is NoAction - 
[00:29:36.341] [bmv2] [T] [thread 8619] [9.0] [cxt 0] Action NoAction
[00:29:36.341] [bmv2] [T] [thread 8619] [9.0] [cxt 0] qos.p4(218) Condition "hdr.ip_option.option == IPV4_OPTION && hdr.ip_option.value == 500" (node_6) is false
[00:29:36.341] [bmv2] [D] [thread 8619] [9.0] [cxt 0] Pipeline 'ingress': end
[00:29:36.341] [bmv2] [D] [thread 8619] [9.0] [cxt 0] Egress port is 0
[00:29:36.341] [bmv2] [D] [thread 8620] [9.0] [cxt 0] Pipeline 'egress': start
[00:29:36.341] [bmv2] [D] [thread 8620] [9.0] [cxt 0] Pipeline 'egress': end
[00:29:36.341] [bmv2] [D] [thread 8620] [9.0] [cxt 0] Deparser 'deparser': start
[00:29:36.341] [bmv2] [T] [thread 8620] [9.0] [cxt 0] Skipping checksum 'cksum' update because condition not met
[00:29:36.341] [bmv2] [D] [thread 8620] [9.0] [cxt 0] Deparsing header 'ethernet'
[00:29:36.341] [bmv2] [D] [thread 8620] [9.0] [cxt 0] Deparser 'deparser': end
[00:29:36.341] [bmv2] [D] [thread 8624] [9.0] [cxt 0] Transmitting packet of size 70 out of port 0
[00:29:36.441] [bmv2] [D] [thread 8619] [10.0] [cxt 0] Processing packet received on port 3
[00:29:36.441] [bmv2] [D] [thread 8619] [10.0] [cxt 0] Parser 'parser': start
[00:29:36.441] [bmv2] [D] [thread 8619] [10.0] [cxt 0] Parser 'parser' entering state 'start'
[00:29:36.441] [bmv2] [D] [thread 8619] [10.0] [cxt 0] Extracting header 'ethernet'
[00:29:36.441] [bmv2] [D] [thread 8619] [10.0] [cxt 0] Parser state 'start': key is 86dd
[00:29:36.441] [bmv2] [T] [thread 8619] [10.0] [cxt 0] Bytes parsed: 14
[00:29:36.441] [bmv2] [D] [thread 8619] [10.0] [cxt 0] Parser 'parser': end
[00:29:36.441] [bmv2] [D] [thread 8619] [10.0] [cxt 0] Pipeline 'ingress': start
[00:29:36.442] [bmv2] [T] [thread 8619] [10.0] [cxt 0] qos.p4(210) Condition "hdr.vlan.isValid()" (node_2) is false
[00:29:36.442] [bmv2] [T] [thread 8619] [10.0] [cxt 0] Applying table 'MyIngress.mac_exact'
[00:29:36.442] [bmv2] [D] [thread 8619] [10.0] [cxt 0] Looking up key:
* hdr.ethernet.dstAddr: 333300000002

[00:29:36.442] [bmv2] [D] [thread 8619] [10.0] [cxt 0] Table 'MyIngress.mac_exact': miss
[00:29:36.442] [bmv2] [D] [thread 8619] [10.0] [cxt 0] Action entry is NoAction - 
[00:29:36.442] [bmv2] [T] [thread 8619] [10.0] [cxt 0] Action NoAction
[00:29:36.442] [bmv2] [T] [thread 8619] [10.0] [cxt 0] qos.p4(214) Condition "hdr.ipv4.isValid()" (node_4) is false
[00:29:36.442] [bmv2] [T] [thread 8619] [10.0] [cxt 0] Applying table 'MyIngress.ipv4_lpm'
[00:29:36.442] [bmv2] [D] [thread 8619] [10.0] [cxt 0] Looking up key:
* hdr.ipv4.dstAddr    : 00000000

[00:29:36.442] [bmv2] [D] [thread 8619] [10.0] [cxt 0] Table 'MyIngress.ipv4_lpm': miss
[00:29:36.442] [bmv2] [D] [thread 8619] [10.0] [cxt 0] Action entry is NoAction - 
[00:29:36.442] [bmv2] [T] [thread 8619] [10.0] [cxt 0] Action NoAction
[00:29:36.442] [bmv2] [T] [thread 8619] [10.0] [cxt 0] qos.p4(218) Condition "hdr.ip_option.option == IPV4_OPTION && hdr.ip_option.value == 500" (node_6) is false
[00:29:36.442] [bmv2] [D] [thread 8619] [10.0] [cxt 0] Pipeline 'ingress': end
[00:29:36.442] [bmv2] [D] [thread 8619] [10.0] [cxt 0] Egress port is 0
[00:29:36.442] [bmv2] [D] [thread 8620] [10.0] [cxt 0] Pipeline 'egress': start
[00:29:36.442] [bmv2] [D] [thread 8620] [10.0] [cxt 0] Pipeline 'egress': end
[00:29:36.442] [bmv2] [D] [thread 8620] [10.0] [cxt 0] Deparser 'deparser': start
[00:29:36.443] [bmv2] [T] [thread 8620] [10.0] [cxt 0] Skipping checksum 'cksum' update because condition not met
[00:29:36.443] [bmv2] [D] [thread 8620] [10.0] [cxt 0] Deparsing header 'ethernet'
[00:29:36.443] [bmv2] [D] [thread 8620] [10.0] [cxt 0] Deparser 'deparser': end
[00:29:36.443] [bmv2] [D] [thread 8624] [10.0] [cxt 0] Transmitting packet of size 70 out of port 0
[00:29:36.443] [bmv2] [D] [thread 8619] [11.0] [cxt 0] Processing packet received on port 3
[00:29:36.443] [bmv2] [D] [thread 8619] [11.0] [cxt 0] Parser 'parser': start
[00:29:36.443] [bmv2] [D] [thread 8619] [11.0] [cxt 0] Parser 'parser' entering state 'start'
[00:29:36.443] [bmv2] [D] [thread 8619] [11.0] [cxt 0] Extracting header 'ethernet'
[00:29:36.443] [bmv2] [D] [thread 8619] [11.0] [cxt 0] Parser state 'start': key is 86dd
[00:29:36.443] [bmv2] [T] [thread 8619] [11.0] [cxt 0] Bytes parsed: 14
[00:29:36.443] [bmv2] [D] [thread 8619] [11.0] [cxt 0] Parser 'parser': end
[00:29:36.443] [bmv2] [D] [thread 8619] [11.0] [cxt 0] Pipeline 'ingress': start
[00:29:36.443] [bmv2] [T] [thread 8619] [11.0] [cxt 0] qos.p4(210) Condition "hdr.vlan.isValid()" (node_2) is false
[00:29:36.443] [bmv2] [T] [thread 8619] [11.0] [cxt 0] Applying table 'MyIngress.mac_exact'
[00:29:36.443] [bmv2] [D] [thread 8619] [11.0] [cxt 0] Looking up key:
* hdr.ethernet.dstAddr: 333300000002

[00:29:36.443] [bmv2] [D] [thread 8619] [11.0] [cxt 0] Table 'MyIngress.mac_exact': miss
[00:29:36.443] [bmv2] [D] [thread 8619] [11.0] [cxt 0] Action entry is NoAction - 
[00:29:36.443] [bmv2] [T] [thread 8619] [11.0] [cxt 0] Action NoAction
[00:29:36.443] [bmv2] [T] [thread 8619] [11.0] [cxt 0] qos.p4(214) Condition "hdr.ipv4.isValid()" (node_4) is false
[00:29:36.443] [bmv2] [T] [thread 8619] [11.0] [cxt 0] Applying table 'MyIngress.ipv4_lpm'
[00:29:36.445] [bmv2] [D] [thread 8619] [11.0] [cxt 0] Looking up key:
* hdr.ipv4.dstAddr    : 00000000

[00:29:36.445] [bmv2] [D] [thread 8619] [11.0] [cxt 0] Table 'MyIngress.ipv4_lpm': miss
[00:29:36.445] [bmv2] [D] [thread 8619] [11.0] [cxt 0] Action entry is NoAction - 
[00:29:36.445] [bmv2] [T] [thread 8619] [11.0] [cxt 0] Action NoAction
[00:29:36.445] [bmv2] [T] [thread 8619] [11.0] [cxt 0] qos.p4(218) Condition "hdr.ip_option.option == IPV4_OPTION && hdr.ip_option.value == 500" (node_6) is false
[00:29:36.445] [bmv2] [D] [thread 8619] [11.0] [cxt 0] Pipeline 'ingress': end
[00:29:36.445] [bmv2] [D] [thread 8619] [11.0] [cxt 0] Egress port is 0
[00:29:36.446] [bmv2] [D] [thread 8620] [11.0] [cxt 0] Pipeline 'egress': start
[00:29:36.446] [bmv2] [D] [thread 8620] [11.0] [cxt 0] Pipeline 'egress': end
[00:29:36.446] [bmv2] [D] [thread 8620] [11.0] [cxt 0] Deparser 'deparser': start
[00:29:36.446] [bmv2] [T] [thread 8620] [11.0] [cxt 0] Skipping checksum 'cksum' update because condition not met
[00:29:36.446] [bmv2] [D] [thread 8620] [11.0] [cxt 0] Deparsing header 'ethernet'
[00:29:36.446] [bmv2] [D] [thread 8620] [11.0] [cxt 0] Deparser 'deparser': end
[00:29:36.446] [bmv2] [D] [thread 8624] [11.0] [cxt 0] Transmitting packet of size 70 out of port 0
[00:29:36.594] [bmv2] [D] [thread 8619] [12.0] [cxt 0] Processing packet received on port 2
[00:29:36.594] [bmv2] [D] [thread 8619] [12.0] [cxt 0] Parser 'parser': start
[00:29:36.594] [bmv2] [D] [thread 8619] [12.0] [cxt 0] Parser 'parser' entering state 'start'
[00:29:36.594] [bmv2] [D] [thread 8619] [12.0] [cxt 0] Extracting header 'ethernet'
[00:29:36.594] [bmv2] [D] [thread 8619] [12.0] [cxt 0] Parser state 'start': key is 86dd
[00:29:36.595] [bmv2] [T] [thread 8619] [12.0] [cxt 0] Bytes parsed: 14
[00:29:36.595] [bmv2] [D] [thread 8619] [12.0] [cxt 0] Parser 'parser': end
[00:29:36.595] [bmv2] [D] [thread 8619] [12.0] [cxt 0] Pipeline 'ingress': start
[00:29:36.595] [bmv2] [T] [thread 8619] [12.0] [cxt 0] qos.p4(210) Condition "hdr.vlan.isValid()" (node_2) is false
[00:29:36.595] [bmv2] [T] [thread 8619] [12.0] [cxt 0] Applying table 'MyIngress.mac_exact'
[00:29:36.595] [bmv2] [D] [thread 8619] [12.0] [cxt 0] Looking up key:
* hdr.ethernet.dstAddr: 333300000002

[00:29:36.595] [bmv2] [D] [thread 8619] [12.0] [cxt 0] Table 'MyIngress.mac_exact': miss
[00:29:36.595] [bmv2] [D] [thread 8619] [12.0] [cxt 0] Action entry is NoAction - 
[00:29:36.595] [bmv2] [T] [thread 8619] [12.0] [cxt 0] Action NoAction
[00:29:36.596] [bmv2] [T] [thread 8619] [12.0] [cxt 0] qos.p4(214) Condition "hdr.ipv4.isValid()" (node_4) is false
[00:29:36.596] [bmv2] [T] [thread 8619] [12.0] [cxt 0] Applying table 'MyIngress.ipv4_lpm'
[00:29:36.596] [bmv2] [D] [thread 8619] [12.0] [cxt 0] Looking up key:
* hdr.ipv4.dstAddr    : 00000000

[00:29:36.596] [bmv2] [D] [thread 8619] [12.0] [cxt 0] Table 'MyIngress.ipv4_lpm': miss
[00:29:36.596] [bmv2] [D] [thread 8619] [12.0] [cxt 0] Action entry is NoAction - 
[00:29:36.596] [bmv2] [T] [thread 8619] [12.0] [cxt 0] Action NoAction
[00:29:36.596] [bmv2] [T] [thread 8619] [12.0] [cxt 0] qos.p4(218) Condition "hdr.ip_option.option == IPV4_OPTION && hdr.ip_option.value == 500" (node_6) is false
[00:29:36.596] [bmv2] [D] [thread 8619] [12.0] [cxt 0] Pipeline 'ingress': end
[00:29:36.596] [bmv2] [D] [thread 8619] [12.0] [cxt 0] Egress port is 0
[00:29:36.599] [bmv2] [D] [thread 8620] [12.0] [cxt 0] Pipeline 'egress': start
[00:29:36.599] [bmv2] [D] [thread 8620] [12.0] [cxt 0] Pipeline 'egress': end
[00:29:36.599] [bmv2] [D] [thread 8620] [12.0] [cxt 0] Deparser 'deparser': start
[00:29:36.600] [bmv2] [T] [thread 8620] [12.0] [cxt 0] Skipping checksum 'cksum' update because condition not met
[00:29:36.600] [bmv2] [D] [thread 8620] [12.0] [cxt 0] Deparsing header 'ethernet'
[00:29:36.600] [bmv2] [D] [thread 8620] [12.0] [cxt 0] Deparser 'deparser': end
[00:29:36.600] [bmv2] [D] [thread 8624] [12.0] [cxt 0] Transmitting packet of size 70 out of port 0
[00:29:37.614] [bmv2] [D] [thread 8619] [13.0] [cxt 0] Processing packet received on port 1
[00:29:37.615] [bmv2] [D] [thread 8619] [13.0] [cxt 0] Parser 'parser': start
[00:29:37.615] [bmv2] [D] [thread 8619] [13.0] [cxt 0] Parser 'parser' entering state 'start'
[00:29:37.615] [bmv2] [D] [thread 8619] [13.0] [cxt 0] Extracting header 'ethernet'
[00:29:37.615] [bmv2] [D] [thread 8619] [13.0] [cxt 0] Parser state 'start': key is 86dd
[00:29:37.615] [bmv2] [T] [thread 8619] [13.0] [cxt 0] Bytes parsed: 14
[00:29:37.615] [bmv2] [D] [thread 8619] [13.0] [cxt 0] Parser 'parser': end
[00:29:37.615] [bmv2] [D] [thread 8619] [13.0] [cxt 0] Pipeline 'ingress': start
[00:29:37.616] [bmv2] [T] [thread 8619] [13.0] [cxt 0] qos.p4(210) Condition "hdr.vlan.isValid()" (node_2) is false
[00:29:37.616] [bmv2] [T] [thread 8619] [13.0] [cxt 0] Applying table 'MyIngress.mac_exact'
[00:29:37.617] [bmv2] [D] [thread 8619] [13.0] [cxt 0] Looking up key:
* hdr.ethernet.dstAddr: 333300000002

[00:29:37.617] [bmv2] [D] [thread 8619] [13.0] [cxt 0] Table 'MyIngress.mac_exact': miss
[00:29:37.617] [bmv2] [D] [thread 8619] [13.0] [cxt 0] Action entry is NoAction - 
[00:29:37.617] [bmv2] [T] [thread 8619] [13.0] [cxt 0] Action NoAction
[00:29:37.617] [bmv2] [T] [thread 8619] [13.0] [cxt 0] qos.p4(214) Condition "hdr.ipv4.isValid()" (node_4) is false
[00:29:37.618] [bmv2] [T] [thread 8619] [13.0] [cxt 0] Applying table 'MyIngress.ipv4_lpm'
[00:29:37.618] [bmv2] [D] [thread 8619] [13.0] [cxt 0] Looking up key:
* hdr.ipv4.dstAddr    : 00000000

[00:29:37.618] [bmv2] [D] [thread 8619] [13.0] [cxt 0] Table 'MyIngress.ipv4_lpm': miss
[00:29:37.618] [bmv2] [D] [thread 8619] [13.0] [cxt 0] Action entry is NoAction - 
[00:29:37.618] [bmv2] [T] [thread 8619] [13.0] [cxt 0] Action NoAction
[00:29:37.618] [bmv2] [T] [thread 8619] [13.0] [cxt 0] qos.p4(218) Condition "hdr.ip_option.option == IPV4_OPTION && hdr.ip_option.value == 500" (node_6) is false
[00:29:37.618] [bmv2] [D] [thread 8619] [13.0] [cxt 0] Pipeline 'ingress': end
[00:29:37.618] [bmv2] [D] [thread 8619] [13.0] [cxt 0] Egress port is 0
[00:29:37.619] [bmv2] [D] [thread 8620] [13.0] [cxt 0] Pipeline 'egress': start
[00:29:37.619] [bmv2] [D] [thread 8620] [13.0] [cxt 0] Pipeline 'egress': end
[00:29:37.619] [bmv2] [D] [thread 8620] [13.0] [cxt 0] Deparser 'deparser': start
[00:29:37.619] [bmv2] [T] [thread 8620] [13.0] [cxt 0] Skipping checksum 'cksum' update because condition not met
[00:29:37.619] [bmv2] [D] [thread 8620] [13.0] [cxt 0] Deparsing header 'ethernet'
[00:29:37.619] [bmv2] [D] [thread 8620] [13.0] [cxt 0] Deparser 'deparser': end
[00:29:37.619] [bmv2] [D] [thread 8624] [13.0] [cxt 0] Transmitting packet of size 70 out of port 0
[00:29:52.207] [bmv2] [D] [thread 8619] [14.0] [cxt 0] Processing packet received on port 4
[00:29:52.207] [bmv2] [D] [thread 8619] [14.0] [cxt 0] Parser 'parser': start
[00:29:52.207] [bmv2] [D] [thread 8619] [14.0] [cxt 0] Parser 'parser' entering state 'start'
[00:29:52.207] [bmv2] [D] [thread 8619] [14.0] [cxt 0] Extracting header 'ethernet'
[00:29:52.207] [bmv2] [D] [thread 8619] [14.0] [cxt 0] Parser state 'start': key is 86dd
[00:29:52.207] [bmv2] [T] [thread 8619] [14.0] [cxt 0] Bytes parsed: 14
[00:29:52.207] [bmv2] [D] [thread 8619] [14.0] [cxt 0] Parser 'parser': end
[00:29:52.208] [bmv2] [D] [thread 8619] [14.0] [cxt 0] Pipeline 'ingress': start
[00:29:52.208] [bmv2] [T] [thread 8619] [14.0] [cxt 0] qos.p4(210) Condition "hdr.vlan.isValid()" (node_2) is false
[00:29:52.208] [bmv2] [T] [thread 8619] [14.0] [cxt 0] Applying table 'MyIngress.mac_exact'
[00:29:52.208] [bmv2] [D] [thread 8619] [14.0] [cxt 0] Looking up key:
* hdr.ethernet.dstAddr: 333300000002

[00:29:52.208] [bmv2] [D] [thread 8619] [14.0] [cxt 0] Table 'MyIngress.mac_exact': miss
[00:29:52.208] [bmv2] [D] [thread 8619] [14.0] [cxt 0] Action entry is NoAction - 
[00:29:52.208] [bmv2] [T] [thread 8619] [14.0] [cxt 0] Action NoAction
[00:29:52.208] [bmv2] [T] [thread 8619] [14.0] [cxt 0] qos.p4(214) Condition "hdr.ipv4.isValid()" (node_4) is false
[00:29:52.208] [bmv2] [T] [thread 8619] [14.0] [cxt 0] Applying table 'MyIngress.ipv4_lpm'
[00:29:52.212] [bmv2] [D] [thread 8619] [14.0] [cxt 0] Looking up key:
* hdr.ipv4.dstAddr    : 00000000

[00:29:52.212] [bmv2] [D] [thread 8619] [14.0] [cxt 0] Table 'MyIngress.ipv4_lpm': miss
[00:29:52.212] [bmv2] [D] [thread 8619] [14.0] [cxt 0] Action entry is NoAction - 
[00:29:52.212] [bmv2] [T] [thread 8619] [14.0] [cxt 0] Action NoAction
[00:29:52.212] [bmv2] [T] [thread 8619] [14.0] [cxt 0] qos.p4(218) Condition "hdr.ip_option.option == IPV4_OPTION && hdr.ip_option.value == 500" (node_6) is false
[00:29:52.212] [bmv2] [D] [thread 8619] [14.0] [cxt 0] Pipeline 'ingress': end
[00:29:52.213] [bmv2] [D] [thread 8619] [14.0] [cxt 0] Egress port is 0
[00:29:52.213] [bmv2] [D] [thread 8620] [14.0] [cxt 0] Pipeline 'egress': start
[00:29:52.213] [bmv2] [D] [thread 8620] [14.0] [cxt 0] Pipeline 'egress': end
[00:29:52.213] [bmv2] [D] [thread 8620] [14.0] [cxt 0] Deparser 'deparser': start
[00:29:52.213] [bmv2] [T] [thread 8620] [14.0] [cxt 0] Skipping checksum 'cksum' update because condition not met
[00:29:52.213] [bmv2] [D] [thread 8620] [14.0] [cxt 0] Deparsing header 'ethernet'
[00:29:52.213] [bmv2] [D] [thread 8620] [14.0] [cxt 0] Deparser 'deparser': end
[00:29:52.213] [bmv2] [D] [thread 8624] [14.0] [cxt 0] Transmitting packet of size 70 out of port 0
[00:29:52.564] [bmv2] [D] [thread 8619] [15.0] [cxt 0] Processing packet received on port 3
[00:29:52.565] [bmv2] [D] [thread 8619] [15.0] [cxt 0] Parser 'parser': start
[00:29:52.565] [bmv2] [D] [thread 8619] [15.0] [cxt 0] Parser 'parser' entering state 'start'
[00:29:52.565] [bmv2] [D] [thread 8619] [15.0] [cxt 0] Extracting header 'ethernet'
[00:29:52.565] [bmv2] [D] [thread 8619] [15.0] [cxt 0] Parser state 'start': key is 86dd
[00:29:52.565] [bmv2] [T] [thread 8619] [15.0] [cxt 0] Bytes parsed: 14
[00:29:52.565] [bmv2] [D] [thread 8619] [15.0] [cxt 0] Parser 'parser': end
[00:29:52.565] [bmv2] [D] [thread 8619] [15.0] [cxt 0] Pipeline 'ingress': start
[00:29:52.566] [bmv2] [T] [thread 8619] [15.0] [cxt 0] qos.p4(210) Condition "hdr.vlan.isValid()" (node_2) is false
[00:29:52.566] [bmv2] [T] [thread 8619] [15.0] [cxt 0] Applying table 'MyIngress.mac_exact'
[00:29:52.566] [bmv2] [D] [thread 8619] [15.0] [cxt 0] Looking up key:
* hdr.ethernet.dstAddr: 333300000002

[00:29:52.566] [bmv2] [D] [thread 8619] [15.0] [cxt 0] Table 'MyIngress.mac_exact': miss
[00:29:52.566] [bmv2] [D] [thread 8619] [15.0] [cxt 0] Action entry is NoAction - 
[00:29:52.566] [bmv2] [T] [thread 8619] [15.0] [cxt 0] Action NoAction
[00:29:52.566] [bmv2] [T] [thread 8619] [15.0] [cxt 0] qos.p4(214) Condition "hdr.ipv4.isValid()" (node_4) is false
[00:29:52.567] [bmv2] [T] [thread 8619] [15.0] [cxt 0] Applying table 'MyIngress.ipv4_lpm'
[00:29:52.567] [bmv2] [D] [thread 8619] [15.0] [cxt 0] Looking up key:
* hdr.ipv4.dstAddr    : 00000000

[00:29:52.567] [bmv2] [D] [thread 8619] [15.0] [cxt 0] Table 'MyIngress.ipv4_lpm': miss
[00:29:52.567] [bmv2] [D] [thread 8619] [15.0] [cxt 0] Action entry is NoAction - 
[00:29:52.567] [bmv2] [T] [thread 8619] [15.0] [cxt 0] Action NoAction
[00:29:52.567] [bmv2] [T] [thread 8619] [15.0] [cxt 0] qos.p4(218) Condition "hdr.ip_option.option == IPV4_OPTION && hdr.ip_option.value == 500" (node_6) is false
[00:29:52.567] [bmv2] [D] [thread 8619] [15.0] [cxt 0] Pipeline 'ingress': end
[00:29:52.567] [bmv2] [D] [thread 8619] [15.0] [cxt 0] Egress port is 0
[00:29:52.573] [bmv2] [D] [thread 8620] [15.0] [cxt 0] Pipeline 'egress': start
[00:29:52.573] [bmv2] [D] [thread 8620] [15.0] [cxt 0] Pipeline 'egress': end
[00:29:52.574] [bmv2] [D] [thread 8620] [15.0] [cxt 0] Deparser 'deparser': start
[00:29:52.574] [bmv2] [T] [thread 8620] [15.0] [cxt 0] Skipping checksum 'cksum' update because condition not met
[00:29:52.574] [bmv2] [D] [thread 8620] [15.0] [cxt 0] Deparsing header 'ethernet'
[00:29:52.574] [bmv2] [D] [thread 8620] [15.0] [cxt 0] Deparser 'deparser': end
[00:29:52.574] [bmv2] [D] [thread 8624] [15.0] [cxt 0] Transmitting packet of size 70 out of port 0
[00:29:53.234] [bmv2] [D] [thread 8619] [16.0] [cxt 0] Processing packet received on port 4
[00:29:53.234] [bmv2] [D] [thread 8619] [16.0] [cxt 0] Parser 'parser': start
[00:29:53.234] [bmv2] [D] [thread 8619] [16.0] [cxt 0] Parser 'parser' entering state 'start'
[00:29:53.234] [bmv2] [D] [thread 8619] [16.0] [cxt 0] Extracting header 'ethernet'
[00:29:53.234] [bmv2] [D] [thread 8619] [16.0] [cxt 0] Parser state 'start': key is 86dd
[00:29:53.234] [bmv2] [T] [thread 8619] [16.0] [cxt 0] Bytes parsed: 14
[00:29:53.234] [bmv2] [D] [thread 8619] [16.0] [cxt 0] Parser 'parser': end
[00:29:53.234] [bmv2] [D] [thread 8619] [16.0] [cxt 0] Pipeline 'ingress': start
[00:29:53.234] [bmv2] [T] [thread 8619] [16.0] [cxt 0] qos.p4(210) Condition "hdr.vlan.isValid()" (node_2) is false
[00:29:53.234] [bmv2] [T] [thread 8619] [16.0] [cxt 0] Applying table 'MyIngress.mac_exact'
[00:29:53.235] [bmv2] [D] [thread 8619] [16.0] [cxt 0] Looking up key:
* hdr.ethernet.dstAddr: 333300000002

[00:29:53.235] [bmv2] [D] [thread 8619] [16.0] [cxt 0] Table 'MyIngress.mac_exact': miss
[00:29:53.235] [bmv2] [D] [thread 8619] [16.0] [cxt 0] Action entry is NoAction - 
[00:29:53.235] [bmv2] [T] [thread 8619] [16.0] [cxt 0] Action NoAction
[00:29:53.235] [bmv2] [T] [thread 8619] [16.0] [cxt 0] qos.p4(214) Condition "hdr.ipv4.isValid()" (node_4) is false
[00:29:53.235] [bmv2] [T] [thread 8619] [16.0] [cxt 0] Applying table 'MyIngress.ipv4_lpm'
[00:29:53.235] [bmv2] [D] [thread 8619] [16.0] [cxt 0] Looking up key:
* hdr.ipv4.dstAddr    : 00000000

[00:29:53.235] [bmv2] [D] [thread 8619] [16.0] [cxt 0] Table 'MyIngress.ipv4_lpm': miss
[00:29:53.235] [bmv2] [D] [thread 8619] [16.0] [cxt 0] Action entry is NoAction - 
[00:29:53.235] [bmv2] [T] [thread 8619] [16.0] [cxt 0] Action NoAction
[00:29:53.235] [bmv2] [T] [thread 8619] [16.0] [cxt 0] qos.p4(218) Condition "hdr.ip_option.option == IPV4_OPTION && hdr.ip_option.value == 500" (node_6) is false
[00:29:53.235] [bmv2] [D] [thread 8619] [16.0] [cxt 0] Pipeline 'ingress': end
[00:29:53.235] [bmv2] [D] [thread 8619] [16.0] [cxt 0] Egress port is 0
[00:29:53.239] [bmv2] [D] [thread 8620] [16.0] [cxt 0] Pipeline 'egress': start
[00:29:53.239] [bmv2] [D] [thread 8620] [16.0] [cxt 0] Pipeline 'egress': end
[00:29:53.239] [bmv2] [D] [thread 8620] [16.0] [cxt 0] Deparser 'deparser': start
[00:29:53.239] [bmv2] [T] [thread 8620] [16.0] [cxt 0] Skipping checksum 'cksum' update because condition not met
[00:29:53.239] [bmv2] [D] [thread 8620] [16.0] [cxt 0] Deparsing header 'ethernet'
[00:29:53.239] [bmv2] [D] [thread 8620] [16.0] [cxt 0] Deparser 'deparser': end
[00:29:53.239] [bmv2] [D] [thread 8624] [16.0] [cxt 0] Transmitting packet of size 70 out of port 0
[00:29:55.282] [bmv2] [D] [thread 8619] [17.0] [cxt 0] Processing packet received on port 1
[00:29:55.282] [bmv2] [D] [thread 8619] [17.0] [cxt 0] Parser 'parser': start
[00:29:55.282] [bmv2] [D] [thread 8619] [17.0] [cxt 0] Parser 'parser' entering state 'start'
[00:29:55.282] [bmv2] [D] [thread 8619] [17.0] [cxt 0] Extracting header 'ethernet'
[00:29:55.283] [bmv2] [D] [thread 8619] [17.0] [cxt 0] Parser state 'start': key is 86dd
[00:29:55.283] [bmv2] [T] [thread 8619] [17.0] [cxt 0] Bytes parsed: 14
[00:29:55.283] [bmv2] [D] [thread 8619] [17.0] [cxt 0] Parser 'parser': end
[00:29:55.283] [bmv2] [D] [thread 8619] [17.0] [cxt 0] Pipeline 'ingress': start
[00:29:55.283] [bmv2] [T] [thread 8619] [17.0] [cxt 0] qos.p4(210) Condition "hdr.vlan.isValid()" (node_2) is false
[00:29:55.283] [bmv2] [T] [thread 8619] [17.0] [cxt 0] Applying table 'MyIngress.mac_exact'
[00:29:55.284] [bmv2] [D] [thread 8619] [17.0] [cxt 0] Looking up key:
* hdr.ethernet.dstAddr: 333300000002

[00:29:55.288] [bmv2] [D] [thread 8619] [17.0] [cxt 0] Table 'MyIngress.mac_exact': miss
[00:29:55.288] [bmv2] [D] [thread 8619] [17.0] [cxt 0] Action entry is NoAction - 
[00:29:55.288] [bmv2] [T] [thread 8619] [17.0] [cxt 0] Action NoAction
[00:29:55.288] [bmv2] [T] [thread 8619] [17.0] [cxt 0] qos.p4(214) Condition "hdr.ipv4.isValid()" (node_4) is false
[00:29:55.288] [bmv2] [T] [thread 8619] [17.0] [cxt 0] Applying table 'MyIngress.ipv4_lpm'
[00:29:55.288] [bmv2] [D] [thread 8619] [17.0] [cxt 0] Looking up key:
* hdr.ipv4.dstAddr    : 00000000

[00:29:55.288] [bmv2] [D] [thread 8619] [17.0] [cxt 0] Table 'MyIngress.ipv4_lpm': miss
[00:29:55.288] [bmv2] [D] [thread 8619] [17.0] [cxt 0] Action entry is NoAction - 
[00:29:55.288] [bmv2] [T] [thread 8619] [17.0] [cxt 0] Action NoAction
[00:29:55.288] [bmv2] [T] [thread 8619] [17.0] [cxt 0] qos.p4(218) Condition "hdr.ip_option.option == IPV4_OPTION && hdr.ip_option.value == 500" (node_6) is false
[00:29:55.289] [bmv2] [D] [thread 8619] [17.0] [cxt 0] Pipeline 'ingress': end
[00:29:55.289] [bmv2] [D] [thread 8619] [17.0] [cxt 0] Egress port is 0
[00:29:55.290] [bmv2] [D] [thread 8620] [17.0] [cxt 0] Pipeline 'egress': start
[00:29:55.290] [bmv2] [D] [thread 8620] [17.0] [cxt 0] Pipeline 'egress': end
[00:29:55.290] [bmv2] [D] [thread 8620] [17.0] [cxt 0] Deparser 'deparser': start
[00:29:55.290] [bmv2] [T] [thread 8620] [17.0] [cxt 0] Skipping checksum 'cksum' update because condition not met
[00:29:55.290] [bmv2] [D] [thread 8620] [17.0] [cxt 0] Deparsing header 'ethernet'
[00:29:55.290] [bmv2] [D] [thread 8620] [17.0] [cxt 0] Deparser 'deparser': end
[00:29:55.290] [bmv2] [D] [thread 8624] [17.0] [cxt 0] Transmitting packet of size 70 out of port 0
[00:29:55.290] [bmv2] [D] [thread 8619] [18.0] [cxt 0] Processing packet received on port 2
[00:29:55.290] [bmv2] [D] [thread 8619] [18.0] [cxt 0] Parser 'parser': start
[00:29:55.290] [bmv2] [D] [thread 8619] [18.0] [cxt 0] Parser 'parser' entering state 'start'
[00:29:55.291] [bmv2] [D] [thread 8619] [18.0] [cxt 0] Extracting header 'ethernet'
[00:29:55.291] [bmv2] [D] [thread 8619] [18.0] [cxt 0] Parser state 'start': key is 86dd
[00:29:55.291] [bmv2] [T] [thread 8619] [18.0] [cxt 0] Bytes parsed: 14
[00:29:55.291] [bmv2] [D] [thread 8619] [18.0] [cxt 0] Parser 'parser': end
[00:29:55.291] [bmv2] [D] [thread 8619] [18.0] [cxt 0] Pipeline 'ingress': start
[00:29:55.291] [bmv2] [T] [thread 8619] [18.0] [cxt 0] qos.p4(210) Condition "hdr.vlan.isValid()" (node_2) is false
[00:29:55.291] [bmv2] [T] [thread 8619] [18.0] [cxt 0] Applying table 'MyIngress.mac_exact'
[00:29:55.291] [bmv2] [D] [thread 8619] [18.0] [cxt 0] Looking up key:
* hdr.ethernet.dstAddr: 333300000002

[00:29:55.291] [bmv2] [D] [thread 8619] [18.0] [cxt 0] Table 'MyIngress.mac_exact': miss
[00:29:55.291] [bmv2] [D] [thread 8619] [18.0] [cxt 0] Action entry is NoAction - 
[00:29:55.291] [bmv2] [T] [thread 8619] [18.0] [cxt 0] Action NoAction
[00:29:55.291] [bmv2] [T] [thread 8619] [18.0] [cxt 0] qos.p4(214) Condition "hdr.ipv4.isValid()" (node_4) is false
[00:29:55.291] [bmv2] [T] [thread 8619] [18.0] [cxt 0] Applying table 'MyIngress.ipv4_lpm'
[00:29:55.291] [bmv2] [D] [thread 8619] [18.0] [cxt 0] Looking up key:
* hdr.ipv4.dstAddr    : 00000000

[00:29:55.291] [bmv2] [D] [thread 8619] [18.0] [cxt 0] Table 'MyIngress.ipv4_lpm': miss
[00:29:55.291] [bmv2] [D] [thread 8619] [18.0] [cxt 0] Action entry is NoAction - 
[00:29:55.291] [bmv2] [T] [thread 8619] [18.0] [cxt 0] Action NoAction
[00:29:55.291] [bmv2] [T] [thread 8619] [18.0] [cxt 0] qos.p4(218) Condition "hdr.ip_option.option == IPV4_OPTION && hdr.ip_option.value == 500" (node_6) is false
[00:29:55.292] [bmv2] [D] [thread 8619] [18.0] [cxt 0] Pipeline 'ingress': end
[00:29:55.292] [bmv2] [D] [thread 8619] [18.0] [cxt 0] Egress port is 0
[00:29:55.292] [bmv2] [D] [thread 8620] [18.0] [cxt 0] Pipeline 'egress': start
[00:29:55.292] [bmv2] [D] [thread 8620] [18.0] [cxt 0] Pipeline 'egress': end
[00:29:55.292] [bmv2] [D] [thread 8620] [18.0] [cxt 0] Deparser 'deparser': start
[00:29:55.292] [bmv2] [T] [thread 8620] [18.0] [cxt 0] Skipping checksum 'cksum' update because condition not met
[00:29:55.292] [bmv2] [D] [thread 8620] [18.0] [cxt 0] Deparsing header 'ethernet'
[00:29:55.292] [bmv2] [D] [thread 8620] [18.0] [cxt 0] Deparser 'deparser': end
[00:29:55.292] [bmv2] [D] [thread 8624] [18.0] [cxt 0] Transmitting packet of size 70 out of port 0
[00:29:55.385] [bmv2] [D] [thread 8619] [19.0] [cxt 0] Processing packet received on port 3
[00:29:55.385] [bmv2] [D] [thread 8619] [19.0] [cxt 0] Parser 'parser': start
[00:29:55.385] [bmv2] [D] [thread 8619] [19.0] [cxt 0] Parser 'parser' entering state 'start'
[00:29:55.385] [bmv2] [D] [thread 8619] [19.0] [cxt 0] Extracting header 'ethernet'
[00:29:55.385] [bmv2] [D] [thread 8619] [19.0] [cxt 0] Parser state 'start': key is 86dd
[00:29:55.385] [bmv2] [T] [thread 8619] [19.0] [cxt 0] Bytes parsed: 14
[00:29:55.385] [bmv2] [D] [thread 8619] [19.0] [cxt 0] Parser 'parser': end
[00:29:55.385] [bmv2] [D] [thread 8619] [19.0] [cxt 0] Pipeline 'ingress': start
[00:29:55.386] [bmv2] [T] [thread 8619] [19.0] [cxt 0] qos.p4(210) Condition "hdr.vlan.isValid()" (node_2) is false
[00:29:55.386] [bmv2] [T] [thread 8619] [19.0] [cxt 0] Applying table 'MyIngress.mac_exact'
[00:29:55.386] [bmv2] [D] [thread 8619] [19.0] [cxt 0] Looking up key:
* hdr.ethernet.dstAddr: 333300000002

[00:29:55.386] [bmv2] [D] [thread 8619] [19.0] [cxt 0] Table 'MyIngress.mac_exact': miss
[00:29:55.386] [bmv2] [D] [thread 8619] [19.0] [cxt 0] Action entry is NoAction - 
[00:29:55.386] [bmv2] [T] [thread 8619] [19.0] [cxt 0] Action NoAction
[00:29:55.386] [bmv2] [T] [thread 8619] [19.0] [cxt 0] qos.p4(214) Condition "hdr.ipv4.isValid()" (node_4) is false
[00:29:55.386] [bmv2] [T] [thread 8619] [19.0] [cxt 0] Applying table 'MyIngress.ipv4_lpm'
[00:29:55.386] [bmv2] [D] [thread 8619] [19.0] [cxt 0] Looking up key:
* hdr.ipv4.dstAddr    : 00000000

[00:29:55.386] [bmv2] [D] [thread 8619] [19.0] [cxt 0] Table 'MyIngress.ipv4_lpm': miss
[00:29:55.386] [bmv2] [D] [thread 8619] [19.0] [cxt 0] Action entry is NoAction - 
[00:29:55.386] [bmv2] [T] [thread 8619] [19.0] [cxt 0] Action NoAction
[00:29:55.387] [bmv2] [T] [thread 8619] [19.0] [cxt 0] qos.p4(218) Condition "hdr.ip_option.option == IPV4_OPTION && hdr.ip_option.value == 500" (node_6) is false
[00:29:55.387] [bmv2] [D] [thread 8619] [19.0] [cxt 0] Pipeline 'ingress': end
[00:29:55.387] [bmv2] [D] [thread 8619] [19.0] [cxt 0] Egress port is 0
[00:29:55.389] [bmv2] [D] [thread 8620] [19.0] [cxt 0] Pipeline 'egress': start
[00:29:55.389] [bmv2] [D] [thread 8620] [19.0] [cxt 0] Pipeline 'egress': end
[00:29:55.389] [bmv2] [D] [thread 8620] [19.0] [cxt 0] Deparser 'deparser': start
[00:29:55.389] [bmv2] [T] [thread 8620] [19.0] [cxt 0] Skipping checksum 'cksum' update because condition not met
[00:29:55.389] [bmv2] [D] [thread 8620] [19.0] [cxt 0] Deparsing header 'ethernet'
[00:29:55.389] [bmv2] [D] [thread 8620] [19.0] [cxt 0] Deparser 'deparser': end
[00:29:55.389] [bmv2] [D] [thread 8624] [19.0] [cxt 0] Transmitting packet of size 70 out of port 0
open: No such file or directory
open: No such file or directory
open: No such file or directory
open: No such file or directory
