Calling target program-options parser
[00:29:24.970] [bmv2] [D] [thread 8626] Set default default entry for table 'MyIngress.mac_exact': NoAction - 
[00:29:24.970] [bmv2] [D] [thread 8626] Set default default entry for table 'MyIngress.ipv4_lpm': NoAction - 
[00:29:24.971] [bmv2] [D] [thread 8626] Set default default entry for table 'tbl_qos219': qos219 - 
Adding interface s3-eth1 as port 1
[00:29:24.972] [bmv2] [D] [thread 8626] Adding interface s3-eth1 as port 1
Adding interface s3-eth2 as port 2
[00:29:24.978] [bmv2] [D] [thread 8626] Adding interface s3-eth2 as port 2
Adding interface s3-eth3 as port 3
[00:29:24.987] [bmv2] [D] [thread 8626] Adding interface s3-eth3 as port 3
Server listening on 0.0.0.0:50053
[00:29:24.996] [bmv2] [I] [thread 8626] Starting Thrift server on port 9092
[00:29:25.000] [bmv2] [I] [thread 8626] Thrift server was started
[00:29:26.607] [bmv2] [D] [thread 8636] [0.0] [cxt 0] Processing packet received on port 1
[00:29:26.607] [bmv2] [D] [thread 8636] [0.0] [cxt 0] Parser 'parser': start
[00:29:26.607] [bmv2] [D] [thread 8636] [0.0] [cxt 0] Parser 'parser' entering state 'start'
[00:29:26.607] [bmv2] [D] [thread 8636] [0.0] [cxt 0] Extracting header 'ethernet'
[00:29:26.607] [bmv2] [D] [thread 8636] [0.0] [cxt 0] Parser state 'start': key is 86dd
[00:29:26.607] [bmv2] [T] [thread 8636] [0.0] [cxt 0] Bytes parsed: 14
[00:29:26.607] [bmv2] [D] [thread 8636] [0.0] [cxt 0] Parser 'parser': end
[00:29:26.607] [bmv2] [D] [thread 8636] [0.0] [cxt 0] Pipeline 'ingress': start
[00:29:26.607] [bmv2] [T] [thread 8636] [0.0] [cxt 0] qos.p4(210) Condition "hdr.vlan.isValid()" (node_2) is false
[00:29:26.607] [bmv2] [T] [thread 8636] [0.0] [cxt 0] Applying table 'MyIngress.mac_exact'
[00:29:26.607] [bmv2] [D] [thread 8636] [0.0] [cxt 0] Looking up key:
* hdr.ethernet.dstAddr: 333300000002

[00:29:26.607] [bmv2] [D] [thread 8636] [0.0] [cxt 0] Table 'MyIngress.mac_exact': miss
[00:29:26.607] [bmv2] [D] [thread 8636] [0.0] [cxt 0] Action entry is NoAction - 
[00:29:26.608] [bmv2] [T] [thread 8636] [0.0] [cxt 0] Action NoAction
[00:29:26.608] [bmv2] [T] [thread 8636] [0.0] [cxt 0] qos.p4(214) Condition "hdr.ipv4.isValid()" (node_4) is false
[00:29:26.608] [bmv2] [T] [thread 8636] [0.0] [cxt 0] Applying table 'MyIngress.ipv4_lpm'
[00:29:26.608] [bmv2] [D] [thread 8636] [0.0] [cxt 0] Looking up key:
* hdr.ipv4.dstAddr    : 00000000

[00:29:26.608] [bmv2] [D] [thread 8636] [0.0] [cxt 0] Table 'MyIngress.ipv4_lpm': miss
[00:29:26.608] [bmv2] [D] [thread 8636] [0.0] [cxt 0] Action entry is NoAction - 
[00:29:26.608] [bmv2] [T] [thread 8636] [0.0] [cxt 0] Action NoAction
[00:29:26.608] [bmv2] [T] [thread 8636] [0.0] [cxt 0] qos.p4(218) Condition "hdr.ip_option.option == IPV4_OPTION && hdr.ip_option.value == 500" (node_6) is false
[00:29:26.608] [bmv2] [D] [thread 8636] [0.0] [cxt 0] Pipeline 'ingress': end
[00:29:26.608] [bmv2] [D] [thread 8636] [0.0] [cxt 0] Egress port is 0
[00:29:26.609] [bmv2] [D] [thread 8637] [0.0] [cxt 0] Pipeline 'egress': start
[00:29:26.609] [bmv2] [D] [thread 8637] [0.0] [cxt 0] Pipeline 'egress': end
[00:29:26.609] [bmv2] [D] [thread 8637] [0.0] [cxt 0] Deparser 'deparser': start
[00:29:26.609] [bmv2] [T] [thread 8637] [0.0] [cxt 0] Skipping checksum 'cksum' update because condition not met
[00:29:26.609] [bmv2] [D] [thread 8637] [0.0] [cxt 0] Deparsing header 'ethernet'
[00:29:26.609] [bmv2] [D] [thread 8637] [0.0] [cxt 0] Deparser 'deparser': end
[00:29:26.609] [bmv2] [D] [thread 8641] [0.0] [cxt 0] Transmitting packet of size 70 out of port 0
[00:29:26.929] [bmv2] [W] [thread 8682] [P4Runtime] p4::tmp::P4DeviceConfig is deprecated
[00:29:26.941] [bmv2] [D] [thread 8682] Set default default entry for table 'MyIngress.mac_exact': NoAction - 
[00:29:26.941] [bmv2] [D] [thread 8682] Set default default entry for table 'MyIngress.ipv4_lpm': NoAction - 
[00:29:26.942] [bmv2] [D] [thread 8682] Set default default entry for table 'tbl_qos219': qos219 - 
[00:29:26.944] [bmv2] [D] [thread 8682] simple_switch target has been notified of a config swap
[00:29:26.951] [bmv2] [D] [thread 8683] Entry 0 added to table 'MyIngress.ipv4_lpm'
[00:29:26.951] [bmv2] [D] [thread 8683] Dumping entry 0
Match key:
* hdr.ipv4.dstAddr    : LPM       0a000303/32
Action entry: MyIngress.ipv4_forward - 80000000303,1,

[00:29:26.957] [bmv2] [D] [thread 8683] Entry 1 added to table 'MyIngress.ipv4_lpm'
[00:29:26.958] [bmv2] [D] [thread 8683] Dumping entry 1
Match key:
* hdr.ipv4.dstAddr    : LPM       0a000100/24
Action entry: MyIngress.ipv4_forward - 80000000100,2,

[00:29:26.962] [bmv2] [D] [thread 8688] Entry 2 added to table 'MyIngress.ipv4_lpm'
[00:29:26.962] [bmv2] [D] [thread 8688] Dumping entry 2
Match key:
* hdr.ipv4.dstAddr    : LPM       0a000200/24
Action entry: MyIngress.ipv4_forward - 80000000200,3,

[00:29:27.892] [bmv2] [D] [thread 8636] [1.0] [cxt 0] Processing packet received on port 3
[00:29:27.893] [bmv2] [D] [thread 8636] [1.0] [cxt 0] Parser 'parser': start
[00:29:27.893] [bmv2] [D] [thread 8636] [1.0] [cxt 0] Parser 'parser' entering state 'start'
[00:29:27.893] [bmv2] [D] [thread 8636] [1.0] [cxt 0] Extracting header 'ethernet'
[00:29:27.893] [bmv2] [D] [thread 8636] [1.0] [cxt 0] Parser state 'start': key is 86dd
[00:29:27.893] [bmv2] [T] [thread 8636] [1.0] [cxt 0] Bytes parsed: 14
[00:29:27.893] [bmv2] [D] [thread 8636] [1.0] [cxt 0] Parser 'parser': end
[00:29:27.893] [bmv2] [D] [thread 8636] [1.0] [cxt 0] Pipeline 'ingress': start
[00:29:27.893] [bmv2] [T] [thread 8636] [1.0] [cxt 0] qos.p4(210) Condition "hdr.vlan.isValid()" (node_2) is false
[00:29:27.893] [bmv2] [T] [thread 8636] [1.0] [cxt 0] Applying table 'MyIngress.mac_exact'
[00:29:27.893] [bmv2] [D] [thread 8636] [1.0] [cxt 0] Looking up key:
* hdr.ethernet.dstAddr: 333300000002

[00:29:27.893] [bmv2] [D] [thread 8636] [1.0] [cxt 0] Table 'MyIngress.mac_exact': miss
[00:29:27.893] [bmv2] [D] [thread 8636] [1.0] [cxt 0] Action entry is NoAction - 
[00:29:27.893] [bmv2] [T] [thread 8636] [1.0] [cxt 0] Action NoAction
[00:29:27.893] [bmv2] [T] [thread 8636] [1.0] [cxt 0] qos.p4(214) Condition "hdr.ipv4.isValid()" (node_4) is false
[00:29:27.893] [bmv2] [T] [thread 8636] [1.0] [cxt 0] Applying table 'MyIngress.ipv4_lpm'
[00:29:27.893] [bmv2] [D] [thread 8636] [1.0] [cxt 0] Looking up key:
* hdr.ipv4.dstAddr    : 00000000

[00:29:27.893] [bmv2] [D] [thread 8636] [1.0] [cxt 0] Table 'MyIngress.ipv4_lpm': miss
[00:29:27.893] [bmv2] [D] [thread 8636] [1.0] [cxt 0] Action entry is NoAction - 
[00:29:27.893] [bmv2] [T] [thread 8636] [1.0] [cxt 0] Action NoAction
[00:29:27.893] [bmv2] [T] [thread 8636] [1.0] [cxt 0] qos.p4(218) Condition "hdr.ip_option.option == IPV4_OPTION && hdr.ip_option.value == 500" (node_6) is false
[00:29:27.893] [bmv2] [D] [thread 8636] [1.0] [cxt 0] Pipeline 'ingress': end
[00:29:27.893] [bmv2] [D] [thread 8636] [1.0] [cxt 0] Egress port is 0
[00:29:27.894] [bmv2] [D] [thread 8637] [1.0] [cxt 0] Pipeline 'egress': start
[00:29:27.894] [bmv2] [D] [thread 8637] [1.0] [cxt 0] Pipeline 'egress': end
[00:29:27.894] [bmv2] [D] [thread 8637] [1.0] [cxt 0] Deparser 'deparser': start
[00:29:27.894] [bmv2] [T] [thread 8637] [1.0] [cxt 0] Skipping checksum 'cksum' update because condition not met
[00:29:27.894] [bmv2] [D] [thread 8637] [1.0] [cxt 0] Deparsing header 'ethernet'
[00:29:27.894] [bmv2] [D] [thread 8637] [1.0] [cxt 0] Deparser 'deparser': end
[00:29:27.894] [bmv2] [D] [thread 8641] [1.0] [cxt 0] Transmitting packet of size 70 out of port 0
[00:29:28.143] [bmv2] [D] [thread 8636] [2.0] [cxt 0] Processing packet received on port 3
[00:29:28.143] [bmv2] [D] [thread 8636] [2.0] [cxt 0] Parser 'parser': start
[00:29:28.143] [bmv2] [D] [thread 8636] [2.0] [cxt 0] Parser 'parser' entering state 'start'
[00:29:28.143] [bmv2] [D] [thread 8636] [2.0] [cxt 0] Extracting header 'ethernet'
[00:29:28.143] [bmv2] [D] [thread 8636] [2.0] [cxt 0] Parser state 'start': key is 86dd
[00:29:28.143] [bmv2] [T] [thread 8636] [2.0] [cxt 0] Bytes parsed: 14
[00:29:28.143] [bmv2] [D] [thread 8636] [2.0] [cxt 0] Parser 'parser': end
[00:29:28.143] [bmv2] [D] [thread 8636] [2.0] [cxt 0] Pipeline 'ingress': start
[00:29:28.143] [bmv2] [T] [thread 8636] [2.0] [cxt 0] qos.p4(210) Condition "hdr.vlan.isValid()" (node_2) is false
[00:29:28.143] [bmv2] [T] [thread 8636] [2.0] [cxt 0] Applying table 'MyIngress.mac_exact'
[00:29:28.143] [bmv2] [D] [thread 8636] [2.0] [cxt 0] Looking up key:
* hdr.ethernet.dstAddr: 333300000002

[00:29:28.143] [bmv2] [D] [thread 8636] [2.0] [cxt 0] Table 'MyIngress.mac_exact': miss
[00:29:28.143] [bmv2] [D] [thread 8636] [2.0] [cxt 0] Action entry is NoAction - 
[00:29:28.143] [bmv2] [T] [thread 8636] [2.0] [cxt 0] Action NoAction
[00:29:28.143] [bmv2] [T] [thread 8636] [2.0] [cxt 0] qos.p4(214) Condition "hdr.ipv4.isValid()" (node_4) is false
[00:29:28.143] [bmv2] [T] [thread 8636] [2.0] [cxt 0] Applying table 'MyIngress.ipv4_lpm'
[00:29:28.143] [bmv2] [D] [thread 8636] [2.0] [cxt 0] Looking up key:
* hdr.ipv4.dstAddr    : 00000000

[00:29:28.143] [bmv2] [D] [thread 8636] [2.0] [cxt 0] Table 'MyIngress.ipv4_lpm': miss
[00:29:28.143] [bmv2] [D] [thread 8636] [2.0] [cxt 0] Action entry is NoAction - 
[00:29:28.143] [bmv2] [T] [thread 8636] [2.0] [cxt 0] Action NoAction
[00:29:28.143] [bmv2] [T] [thread 8636] [2.0] [cxt 0] qos.p4(218) Condition "hdr.ip_option.option == IPV4_OPTION && hdr.ip_option.value == 500" (node_6) is false
[00:29:28.143] [bmv2] [D] [thread 8636] [2.0] [cxt 0] Pipeline 'ingress': end
[00:29:28.143] [bmv2] [D] [thread 8636] [2.0] [cxt 0] Egress port is 0
[00:29:28.143] [bmv2] [D] [thread 8637] [2.0] [cxt 0] Pipeline 'egress': start
[00:29:28.143] [bmv2] [D] [thread 8637] [2.0] [cxt 0] Pipeline 'egress': end
[00:29:28.143] [bmv2] [D] [thread 8637] [2.0] [cxt 0] Deparser 'deparser': start
[00:29:28.143] [bmv2] [T] [thread 8637] [2.0] [cxt 0] Skipping checksum 'cksum' update because condition not met
[00:29:28.143] [bmv2] [D] [thread 8637] [2.0] [cxt 0] Deparsing header 'ethernet'
[00:29:28.144] [bmv2] [D] [thread 8637] [2.0] [cxt 0] Deparser 'deparser': end
[00:29:28.144] [bmv2] [D] [thread 8641] [2.0] [cxt 0] Transmitting packet of size 70 out of port 0
[00:29:28.399] [bmv2] [D] [thread 8636] [3.0] [cxt 0] Processing packet received on port 2
[00:29:28.399] [bmv2] [D] [thread 8636] [3.0] [cxt 0] Parser 'parser': start
[00:29:28.406] [bmv2] [D] [thread 8636] [3.0] [cxt 0] Parser 'parser' entering state 'start'
[00:29:28.406] [bmv2] [D] [thread 8636] [3.0] [cxt 0] Extracting header 'ethernet'
[00:29:28.406] [bmv2] [D] [thread 8636] [3.0] [cxt 0] Parser state 'start': key is 86dd
[00:29:28.406] [bmv2] [T] [thread 8636] [3.0] [cxt 0] Bytes parsed: 14
[00:29:28.406] [bmv2] [D] [thread 8636] [3.0] [cxt 0] Parser 'parser': end
[00:29:28.406] [bmv2] [D] [thread 8636] [3.0] [cxt 0] Pipeline 'ingress': start
[00:29:28.406] [bmv2] [T] [thread 8636] [3.0] [cxt 0] qos.p4(210) Condition "hdr.vlan.isValid()" (node_2) is false
[00:29:28.407] [bmv2] [T] [thread 8636] [3.0] [cxt 0] Applying table 'MyIngress.mac_exact'
[00:29:28.407] [bmv2] [D] [thread 8636] [3.0] [cxt 0] Looking up key:
* hdr.ethernet.dstAddr: 333300000002

[00:29:28.407] [bmv2] [D] [thread 8636] [3.0] [cxt 0] Table 'MyIngress.mac_exact': miss
[00:29:28.407] [bmv2] [D] [thread 8636] [3.0] [cxt 0] Action entry is NoAction - 
[00:29:28.407] [bmv2] [T] [thread 8636] [3.0] [cxt 0] Action NoAction
[00:29:28.407] [bmv2] [T] [thread 8636] [3.0] [cxt 0] qos.p4(214) Condition "hdr.ipv4.isValid()" (node_4) is false
[00:29:28.407] [bmv2] [T] [thread 8636] [3.0] [cxt 0] Applying table 'MyIngress.ipv4_lpm'
[00:29:28.407] [bmv2] [D] [thread 8636] [3.0] [cxt 0] Looking up key:
* hdr.ipv4.dstAddr    : 00000000

[00:29:28.407] [bmv2] [D] [thread 8636] [3.0] [cxt 0] Table 'MyIngress.ipv4_lpm': miss
[00:29:28.407] [bmv2] [D] [thread 8636] [3.0] [cxt 0] Action entry is NoAction - 
[00:29:28.407] [bmv2] [T] [thread 8636] [3.0] [cxt 0] Action NoAction
[00:29:28.407] [bmv2] [T] [thread 8636] [3.0] [cxt 0] qos.p4(218) Condition "hdr.ip_option.option == IPV4_OPTION && hdr.ip_option.value == 500" (node_6) is false
[00:29:28.407] [bmv2] [D] [thread 8636] [3.0] [cxt 0] Pipeline 'ingress': end
[00:29:28.407] [bmv2] [D] [thread 8636] [3.0] [cxt 0] Egress port is 0
[00:29:28.409] [bmv2] [D] [thread 8637] [3.0] [cxt 0] Pipeline 'egress': start
[00:29:28.409] [bmv2] [D] [thread 8637] [3.0] [cxt 0] Pipeline 'egress': end
[00:29:28.409] [bmv2] [D] [thread 8637] [3.0] [cxt 0] Deparser 'deparser': start
[00:29:28.409] [bmv2] [T] [thread 8637] [3.0] [cxt 0] Skipping checksum 'cksum' update because condition not met
[00:29:28.409] [bmv2] [D] [thread 8637] [3.0] [cxt 0] Deparsing header 'ethernet'
[00:29:28.409] [bmv2] [D] [thread 8637] [3.0] [cxt 0] Deparser 'deparser': end
[00:29:28.409] [bmv2] [D] [thread 8641] [3.0] [cxt 0] Transmitting packet of size 70 out of port 0
[00:29:28.409] [bmv2] [D] [thread 8636] [4.0] [cxt 0] Processing packet received on port 2
[00:29:28.409] [bmv2] [D] [thread 8636] [4.0] [cxt 0] Parser 'parser': start
[00:29:28.409] [bmv2] [D] [thread 8636] [4.0] [cxt 0] Parser 'parser' entering state 'start'
[00:29:28.409] [bmv2] [D] [thread 8636] [4.0] [cxt 0] Extracting header 'ethernet'
[00:29:28.409] [bmv2] [D] [thread 8636] [4.0] [cxt 0] Parser state 'start': key is 86dd
[00:29:28.409] [bmv2] [T] [thread 8636] [4.0] [cxt 0] Bytes parsed: 14
[00:29:28.409] [bmv2] [D] [thread 8636] [4.0] [cxt 0] Parser 'parser': end
[00:29:28.409] [bmv2] [D] [thread 8636] [4.0] [cxt 0] Pipeline 'ingress': start
[00:29:28.409] [bmv2] [T] [thread 8636] [4.0] [cxt 0] qos.p4(210) Condition "hdr.vlan.isValid()" (node_2) is false
[00:29:28.409] [bmv2] [T] [thread 8636] [4.0] [cxt 0] Applying table 'MyIngress.mac_exact'
[00:29:28.409] [bmv2] [D] [thread 8636] [4.0] [cxt 0] Looking up key:
* hdr.ethernet.dstAddr: 333300000002

[00:29:28.409] [bmv2] [D] [thread 8636] [4.0] [cxt 0] Table 'MyIngress.mac_exact': miss
[00:29:28.409] [bmv2] [D] [thread 8636] [4.0] [cxt 0] Action entry is NoAction - 
[00:29:28.409] [bmv2] [T] [thread 8636] [4.0] [cxt 0] Action NoAction
[00:29:28.410] [bmv2] [T] [thread 8636] [4.0] [cxt 0] qos.p4(214) Condition "hdr.ipv4.isValid()" (node_4) is false
[00:29:28.410] [bmv2] [T] [thread 8636] [4.0] [cxt 0] Applying table 'MyIngress.ipv4_lpm'
[00:29:28.410] [bmv2] [D] [thread 8636] [4.0] [cxt 0] Looking up key:
* hdr.ipv4.dstAddr    : 00000000

[00:29:28.410] [bmv2] [D] [thread 8636] [4.0] [cxt 0] Table 'MyIngress.ipv4_lpm': miss
[00:29:28.410] [bmv2] [D] [thread 8636] [4.0] [cxt 0] Action entry is NoAction - 
[00:29:28.410] [bmv2] [T] [thread 8636] [4.0] [cxt 0] Action NoAction
[00:29:28.410] [bmv2] [T] [thread 8636] [4.0] [cxt 0] qos.p4(218) Condition "hdr.ip_option.option == IPV4_OPTION && hdr.ip_option.value == 500" (node_6) is false
[00:29:28.410] [bmv2] [D] [thread 8636] [4.0] [cxt 0] Pipeline 'ingress': end
[00:29:28.410] [bmv2] [D] [thread 8636] [4.0] [cxt 0] Egress port is 0
[00:29:28.412] [bmv2] [D] [thread 8637] [4.0] [cxt 0] Pipeline 'egress': start
[00:29:28.412] [bmv2] [D] [thread 8637] [4.0] [cxt 0] Pipeline 'egress': end
[00:29:28.412] [bmv2] [D] [thread 8637] [4.0] [cxt 0] Deparser 'deparser': start
[00:29:28.412] [bmv2] [T] [thread 8637] [4.0] [cxt 0] Skipping checksum 'cksum' update because condition not met
[00:29:28.412] [bmv2] [D] [thread 8637] [4.0] [cxt 0] Deparsing header 'ethernet'
[00:29:28.412] [bmv2] [D] [thread 8637] [4.0] [cxt 0] Deparser 'deparser': end
[00:29:28.412] [bmv2] [D] [thread 8641] [4.0] [cxt 0] Transmitting packet of size 70 out of port 0
[00:29:33.786] [bmv2] [D] [thread 8636] [5.0] [cxt 0] Processing packet received on port 1
[00:29:33.786] [bmv2] [D] [thread 8636] [5.0] [cxt 0] Parser 'parser': start
[00:29:33.786] [bmv2] [D] [thread 8636] [5.0] [cxt 0] Parser 'parser' entering state 'start'
[00:29:33.786] [bmv2] [D] [thread 8636] [5.0] [cxt 0] Extracting header 'ethernet'
[00:29:33.786] [bmv2] [D] [thread 8636] [5.0] [cxt 0] Parser state 'start': key is 86dd
[00:29:33.786] [bmv2] [T] [thread 8636] [5.0] [cxt 0] Bytes parsed: 14
[00:29:33.786] [bmv2] [D] [thread 8636] [5.0] [cxt 0] Parser 'parser': end
[00:29:33.786] [bmv2] [D] [thread 8636] [5.0] [cxt 0] Pipeline 'ingress': start
[00:29:33.786] [bmv2] [T] [thread 8636] [5.0] [cxt 0] qos.p4(210) Condition "hdr.vlan.isValid()" (node_2) is false
[00:29:33.787] [bmv2] [T] [thread 8636] [5.0] [cxt 0] Applying table 'MyIngress.mac_exact'
[00:29:33.787] [bmv2] [D] [thread 8636] [5.0] [cxt 0] Looking up key:
* hdr.ethernet.dstAddr: 333300000002

[00:29:33.787] [bmv2] [D] [thread 8636] [5.0] [cxt 0] Table 'MyIngress.mac_exact': miss
[00:29:33.787] [bmv2] [D] [thread 8636] [5.0] [cxt 0] Action entry is NoAction - 
[00:29:33.787] [bmv2] [T] [thread 8636] [5.0] [cxt 0] Action NoAction
[00:29:33.787] [bmv2] [T] [thread 8636] [5.0] [cxt 0] qos.p4(214) Condition "hdr.ipv4.isValid()" (node_4) is false
[00:29:33.787] [bmv2] [T] [thread 8636] [5.0] [cxt 0] Applying table 'MyIngress.ipv4_lpm'
[00:29:33.787] [bmv2] [D] [thread 8636] [5.0] [cxt 0] Looking up key:
* hdr.ipv4.dstAddr    : 00000000

[00:29:33.787] [bmv2] [D] [thread 8636] [5.0] [cxt 0] Table 'MyIngress.ipv4_lpm': miss
[00:29:33.787] [bmv2] [D] [thread 8636] [5.0] [cxt 0] Action entry is NoAction - 
[00:29:33.787] [bmv2] [T] [thread 8636] [5.0] [cxt 0] Action NoAction
[00:29:33.787] [bmv2] [T] [thread 8636] [5.0] [cxt 0] qos.p4(218) Condition "hdr.ip_option.option == IPV4_OPTION && hdr.ip_option.value == 500" (node_6) is false
[00:29:33.788] [bmv2] [D] [thread 8636] [5.0] [cxt 0] Pipeline 'ingress': end
[00:29:33.788] [bmv2] [D] [thread 8636] [5.0] [cxt 0] Egress port is 0
[00:29:33.788] [bmv2] [D] [thread 8637] [5.0] [cxt 0] Pipeline 'egress': start
[00:29:33.788] [bmv2] [D] [thread 8637] [5.0] [cxt 0] Pipeline 'egress': end
[00:29:33.788] [bmv2] [D] [thread 8637] [5.0] [cxt 0] Deparser 'deparser': start
[00:29:33.788] [bmv2] [T] [thread 8637] [5.0] [cxt 0] Skipping checksum 'cksum' update because condition not met
[00:29:33.788] [bmv2] [D] [thread 8637] [5.0] [cxt 0] Deparsing header 'ethernet'
[00:29:33.788] [bmv2] [D] [thread 8637] [5.0] [cxt 0] Deparser 'deparser': end
[00:29:33.788] [bmv2] [D] [thread 8641] [5.0] [cxt 0] Transmitting packet of size 70 out of port 0
[00:29:36.079] [bmv2] [D] [thread 8636] [6.0] [cxt 0] Processing packet received on port 3
[00:29:36.079] [bmv2] [D] [thread 8636] [6.0] [cxt 0] Parser 'parser': start
[00:29:36.079] [bmv2] [D] [thread 8636] [6.0] [cxt 0] Parser 'parser' entering state 'start'
[00:29:36.079] [bmv2] [D] [thread 8636] [6.0] [cxt 0] Extracting header 'ethernet'
[00:29:36.080] [bmv2] [D] [thread 8636] [6.0] [cxt 0] Parser state 'start': key is 86dd
[00:29:36.080] [bmv2] [T] [thread 8636] [6.0] [cxt 0] Bytes parsed: 14
[00:29:36.080] [bmv2] [D] [thread 8636] [6.0] [cxt 0] Parser 'parser': end
[00:29:36.080] [bmv2] [D] [thread 8636] [6.0] [cxt 0] Pipeline 'ingress': start
[00:29:36.085] [bmv2] [T] [thread 8636] [6.0] [cxt 0] qos.p4(210) Condition "hdr.vlan.isValid()" (node_2) is false
[00:29:36.085] [bmv2] [T] [thread 8636] [6.0] [cxt 0] Applying table 'MyIngress.mac_exact'
[00:29:36.085] [bmv2] [D] [thread 8636] [6.0] [cxt 0] Looking up key:
* hdr.ethernet.dstAddr: 333300000002

[00:29:36.086] [bmv2] [D] [thread 8636] [6.0] [cxt 0] Table 'MyIngress.mac_exact': miss
[00:29:36.086] [bmv2] [D] [thread 8636] [6.0] [cxt 0] Action entry is NoAction - 
[00:29:36.086] [bmv2] [T] [thread 8636] [6.0] [cxt 0] Action NoAction
[00:29:36.086] [bmv2] [T] [thread 8636] [6.0] [cxt 0] qos.p4(214) Condition "hdr.ipv4.isValid()" (node_4) is false
[00:29:36.086] [bmv2] [T] [thread 8636] [6.0] [cxt 0] Applying table 'MyIngress.ipv4_lpm'
[00:29:36.086] [bmv2] [D] [thread 8636] [6.0] [cxt 0] Looking up key:
* hdr.ipv4.dstAddr    : 00000000

[00:29:36.086] [bmv2] [D] [thread 8636] [6.0] [cxt 0] Table 'MyIngress.ipv4_lpm': miss
[00:29:36.086] [bmv2] [D] [thread 8636] [6.0] [cxt 0] Action entry is NoAction - 
[00:29:36.086] [bmv2] [T] [thread 8636] [6.0] [cxt 0] Action NoAction
[00:29:36.086] [bmv2] [T] [thread 8636] [6.0] [cxt 0] qos.p4(218) Condition "hdr.ip_option.option == IPV4_OPTION && hdr.ip_option.value == 500" (node_6) is false
[00:29:36.086] [bmv2] [D] [thread 8636] [6.0] [cxt 0] Pipeline 'ingress': end
[00:29:36.086] [bmv2] [D] [thread 8636] [6.0] [cxt 0] Egress port is 0
[00:29:36.088] [bmv2] [D] [thread 8637] [6.0] [cxt 0] Pipeline 'egress': start
[00:29:36.088] [bmv2] [D] [thread 8637] [6.0] [cxt 0] Pipeline 'egress': end
[00:29:36.089] [bmv2] [D] [thread 8637] [6.0] [cxt 0] Deparser 'deparser': start
[00:29:36.089] [bmv2] [T] [thread 8637] [6.0] [cxt 0] Skipping checksum 'cksum' update because condition not met
[00:29:36.089] [bmv2] [D] [thread 8637] [6.0] [cxt 0] Deparsing header 'ethernet'
[00:29:36.089] [bmv2] [D] [thread 8637] [6.0] [cxt 0] Deparser 'deparser': end
[00:29:36.089] [bmv2] [D] [thread 8641] [6.0] [cxt 0] Transmitting packet of size 70 out of port 0
[00:29:36.336] [bmv2] [D] [thread 8636] [7.0] [cxt 0] Processing packet received on port 3
[00:29:36.336] [bmv2] [D] [thread 8636] [7.0] [cxt 0] Parser 'parser': start
[00:29:36.336] [bmv2] [D] [thread 8636] [7.0] [cxt 0] Parser 'parser' entering state 'start'
[00:29:36.336] [bmv2] [D] [thread 8636] [7.0] [cxt 0] Extracting header 'ethernet'
[00:29:36.337] [bmv2] [D] [thread 8636] [7.0] [cxt 0] Parser state 'start': key is 86dd
[00:29:36.337] [bmv2] [T] [thread 8636] [7.0] [cxt 0] Bytes parsed: 14
[00:29:36.337] [bmv2] [D] [thread 8636] [7.0] [cxt 0] Parser 'parser': end
[00:29:36.337] [bmv2] [D] [thread 8636] [7.0] [cxt 0] Pipeline 'ingress': start
[00:29:36.337] [bmv2] [T] [thread 8636] [7.0] [cxt 0] qos.p4(210) Condition "hdr.vlan.isValid()" (node_2) is false
[00:29:36.337] [bmv2] [T] [thread 8636] [7.0] [cxt 0] Applying table 'MyIngress.mac_exact'
[00:29:36.338] [bmv2] [D] [thread 8636] [7.0] [cxt 0] Looking up key:
* hdr.ethernet.dstAddr: 333300000002

[00:29:36.338] [bmv2] [D] [thread 8636] [7.0] [cxt 0] Table 'MyIngress.mac_exact': miss
[00:29:36.338] [bmv2] [D] [thread 8636] [7.0] [cxt 0] Action entry is NoAction - 
[00:29:36.338] [bmv2] [T] [thread 8636] [7.0] [cxt 0] Action NoAction
[00:29:36.338] [bmv2] [T] [thread 8636] [7.0] [cxt 0] qos.p4(214) Condition "hdr.ipv4.isValid()" (node_4) is false
[00:29:36.338] [bmv2] [T] [thread 8636] [7.0] [cxt 0] Applying table 'MyIngress.ipv4_lpm'
[00:29:36.339] [bmv2] [D] [thread 8636] [7.0] [cxt 0] Looking up key:
* hdr.ipv4.dstAddr    : 00000000

[00:29:36.339] [bmv2] [D] [thread 8636] [7.0] [cxt 0] Table 'MyIngress.ipv4_lpm': miss
[00:29:36.339] [bmv2] [D] [thread 8636] [7.0] [cxt 0] Action entry is NoAction - 
[00:29:36.339] [bmv2] [T] [thread 8636] [7.0] [cxt 0] Action NoAction
[00:29:36.339] [bmv2] [T] [thread 8636] [7.0] [cxt 0] qos.p4(218) Condition "hdr.ip_option.option == IPV4_OPTION && hdr.ip_option.value == 500" (node_6) is false
[00:29:36.339] [bmv2] [D] [thread 8636] [7.0] [cxt 0] Pipeline 'ingress': end
[00:29:36.339] [bmv2] [D] [thread 8636] [7.0] [cxt 0] Egress port is 0
[00:29:36.342] [bmv2] [D] [thread 8637] [7.0] [cxt 0] Pipeline 'egress': start
[00:29:36.342] [bmv2] [D] [thread 8637] [7.0] [cxt 0] Pipeline 'egress': end
[00:29:36.342] [bmv2] [D] [thread 8637] [7.0] [cxt 0] Deparser 'deparser': start
[00:29:36.342] [bmv2] [T] [thread 8637] [7.0] [cxt 0] Skipping checksum 'cksum' update because condition not met
[00:29:36.342] [bmv2] [D] [thread 8637] [7.0] [cxt 0] Deparsing header 'ethernet'
[00:29:36.342] [bmv2] [D] [thread 8637] [7.0] [cxt 0] Deparser 'deparser': end
[00:29:36.342] [bmv2] [D] [thread 8641] [7.0] [cxt 0] Transmitting packet of size 70 out of port 0
[00:29:36.591] [bmv2] [D] [thread 8636] [8.0] [cxt 0] Processing packet received on port 2
[00:29:36.591] [bmv2] [D] [thread 8636] [8.0] [cxt 0] Parser 'parser': start
[00:29:36.591] [bmv2] [D] [thread 8636] [8.0] [cxt 0] Parser 'parser' entering state 'start'
[00:29:36.591] [bmv2] [D] [thread 8636] [8.0] [cxt 0] Extracting header 'ethernet'
[00:29:36.591] [bmv2] [D] [thread 8636] [8.0] [cxt 0] Parser state 'start': key is 86dd
[00:29:36.591] [bmv2] [T] [thread 8636] [8.0] [cxt 0] Bytes parsed: 14
[00:29:36.598] [bmv2] [D] [thread 8636] [8.0] [cxt 0] Parser 'parser': end
[00:29:36.598] [bmv2] [D] [thread 8636] [8.0] [cxt 0] Pipeline 'ingress': start
[00:29:36.598] [bmv2] [T] [thread 8636] [8.0] [cxt 0] qos.p4(210) Condition "hdr.vlan.isValid()" (node_2) is false
[00:29:36.598] [bmv2] [T] [thread 8636] [8.0] [cxt 0] Applying table 'MyIngress.mac_exact'
[00:29:36.598] [bmv2] [D] [thread 8636] [8.0] [cxt 0] Looking up key:
* hdr.ethernet.dstAddr: 333300000002

[00:29:36.598] [bmv2] [D] [thread 8636] [8.0] [cxt 0] Table 'MyIngress.mac_exact': miss
[00:29:36.598] [bmv2] [D] [thread 8636] [8.0] [cxt 0] Action entry is NoAction - 
[00:29:36.598] [bmv2] [T] [thread 8636] [8.0] [cxt 0] Action NoAction
[00:29:36.598] [bmv2] [T] [thread 8636] [8.0] [cxt 0] qos.p4(214) Condition "hdr.ipv4.isValid()" (node_4) is false
[00:29:36.598] [bmv2] [T] [thread 8636] [8.0] [cxt 0] Applying table 'MyIngress.ipv4_lpm'
[00:29:36.598] [bmv2] [D] [thread 8636] [8.0] [cxt 0] Looking up key:
* hdr.ipv4.dstAddr    : 00000000

[00:29:36.598] [bmv2] [D] [thread 8636] [8.0] [cxt 0] Table 'MyIngress.ipv4_lpm': miss
[00:29:36.598] [bmv2] [D] [thread 8636] [8.0] [cxt 0] Action entry is NoAction - 
[00:29:36.598] [bmv2] [T] [thread 8636] [8.0] [cxt 0] Action NoAction
[00:29:36.598] [bmv2] [T] [thread 8636] [8.0] [cxt 0] qos.p4(218) Condition "hdr.ip_option.option == IPV4_OPTION && hdr.ip_option.value == 500" (node_6) is false
[00:29:36.598] [bmv2] [D] [thread 8636] [8.0] [cxt 0] Pipeline 'ingress': end
[00:29:36.598] [bmv2] [D] [thread 8636] [8.0] [cxt 0] Egress port is 0
[00:29:36.599] [bmv2] [D] [thread 8637] [8.0] [cxt 0] Pipeline 'egress': start
[00:29:36.599] [bmv2] [D] [thread 8637] [8.0] [cxt 0] Pipeline 'egress': end
[00:29:36.599] [bmv2] [D] [thread 8637] [8.0] [cxt 0] Deparser 'deparser': start
[00:29:36.599] [bmv2] [T] [thread 8637] [8.0] [cxt 0] Skipping checksum 'cksum' update because condition not met
[00:29:36.599] [bmv2] [D] [thread 8637] [8.0] [cxt 0] Deparsing header 'ethernet'
[00:29:36.599] [bmv2] [D] [thread 8637] [8.0] [cxt 0] Deparser 'deparser': end
[00:29:36.599] [bmv2] [D] [thread 8641] [8.0] [cxt 0] Transmitting packet of size 70 out of port 0
[00:29:36.848] [bmv2] [D] [thread 8636] [9.0] [cxt 0] Processing packet received on port 2
[00:29:36.853] [bmv2] [D] [thread 8636] [9.0] [cxt 0] Parser 'parser': start
[00:29:36.853] [bmv2] [D] [thread 8636] [9.0] [cxt 0] Parser 'parser' entering state 'start'
[00:29:36.853] [bmv2] [D] [thread 8636] [9.0] [cxt 0] Extracting header 'ethernet'
[00:29:36.853] [bmv2] [D] [thread 8636] [9.0] [cxt 0] Parser state 'start': key is 86dd
[00:29:36.853] [bmv2] [T] [thread 8636] [9.0] [cxt 0] Bytes parsed: 14
[00:29:36.853] [bmv2] [D] [thread 8636] [9.0] [cxt 0] Parser 'parser': end
[00:29:36.853] [bmv2] [D] [thread 8636] [9.0] [cxt 0] Pipeline 'ingress': start
[00:29:36.853] [bmv2] [T] [thread 8636] [9.0] [cxt 0] qos.p4(210) Condition "hdr.vlan.isValid()" (node_2) is false
[00:29:36.853] [bmv2] [T] [thread 8636] [9.0] [cxt 0] Applying table 'MyIngress.mac_exact'
[00:29:36.853] [bmv2] [D] [thread 8636] [9.0] [cxt 0] Looking up key:
* hdr.ethernet.dstAddr: 333300000002

[00:29:36.853] [bmv2] [D] [thread 8636] [9.0] [cxt 0] Table 'MyIngress.mac_exact': miss
[00:29:36.853] [bmv2] [D] [thread 8636] [9.0] [cxt 0] Action entry is NoAction - 
[00:29:36.853] [bmv2] [T] [thread 8636] [9.0] [cxt 0] Action NoAction
[00:29:36.853] [bmv2] [T] [thread 8636] [9.0] [cxt 0] qos.p4(214) Condition "hdr.ipv4.isValid()" (node_4) is false
[00:29:36.853] [bmv2] [T] [thread 8636] [9.0] [cxt 0] Applying table 'MyIngress.ipv4_lpm'
[00:29:36.853] [bmv2] [D] [thread 8636] [9.0] [cxt 0] Looking up key:
* hdr.ipv4.dstAddr    : 00000000

[00:29:36.853] [bmv2] [D] [thread 8636] [9.0] [cxt 0] Table 'MyIngress.ipv4_lpm': miss
[00:29:36.853] [bmv2] [D] [thread 8636] [9.0] [cxt 0] Action entry is NoAction - 
[00:29:36.854] [bmv2] [T] [thread 8636] [9.0] [cxt 0] Action NoAction
[00:29:36.854] [bmv2] [T] [thread 8636] [9.0] [cxt 0] qos.p4(218) Condition "hdr.ip_option.option == IPV4_OPTION && hdr.ip_option.value == 500" (node_6) is false
[00:29:36.854] [bmv2] [D] [thread 8636] [9.0] [cxt 0] Pipeline 'ingress': end
[00:29:36.854] [bmv2] [D] [thread 8636] [9.0] [cxt 0] Egress port is 0
[00:29:36.854] [bmv2] [D] [thread 8637] [9.0] [cxt 0] Pipeline 'egress': start
[00:29:36.854] [bmv2] [D] [thread 8637] [9.0] [cxt 0] Pipeline 'egress': end
[00:29:36.854] [bmv2] [D] [thread 8637] [9.0] [cxt 0] Deparser 'deparser': start
[00:29:36.854] [bmv2] [T] [thread 8637] [9.0] [cxt 0] Skipping checksum 'cksum' update because condition not met
[00:29:36.854] [bmv2] [D] [thread 8637] [9.0] [cxt 0] Deparsing header 'ethernet'
[00:29:36.854] [bmv2] [D] [thread 8637] [9.0] [cxt 0] Deparser 'deparser': end
[00:29:36.854] [bmv2] [D] [thread 8641] [9.0] [cxt 0] Transmitting packet of size 70 out of port 0
[00:29:47.599] [bmv2] [D] [thread 8636] [10.0] [cxt 0] Processing packet received on port 1
[00:29:47.599] [bmv2] [D] [thread 8636] [10.0] [cxt 0] Parser 'parser': start
[00:29:47.600] [bmv2] [D] [thread 8636] [10.0] [cxt 0] Parser 'parser' entering state 'start'
[00:29:47.600] [bmv2] [D] [thread 8636] [10.0] [cxt 0] Extracting header 'ethernet'
[00:29:47.600] [bmv2] [D] [thread 8636] [10.0] [cxt 0] Parser state 'start': key is 86dd
[00:29:47.601] [bmv2] [T] [thread 8636] [10.0] [cxt 0] Bytes parsed: 14
[00:29:47.601] [bmv2] [D] [thread 8636] [10.0] [cxt 0] Parser 'parser': end
[00:29:47.601] [bmv2] [D] [thread 8636] [10.0] [cxt 0] Pipeline 'ingress': start
[00:29:47.601] [bmv2] [T] [thread 8636] [10.0] [cxt 0] qos.p4(210) Condition "hdr.vlan.isValid()" (node_2) is false
[00:29:47.601] [bmv2] [T] [thread 8636] [10.0] [cxt 0] Applying table 'MyIngress.mac_exact'
[00:29:47.601] [bmv2] [D] [thread 8636] [10.0] [cxt 0] Looking up key:
* hdr.ethernet.dstAddr: 333300000002

[00:29:47.601] [bmv2] [D] [thread 8636] [10.0] [cxt 0] Table 'MyIngress.mac_exact': miss
[00:29:47.602] [bmv2] [D] [thread 8636] [10.0] [cxt 0] Action entry is NoAction - 
[00:29:47.602] [bmv2] [T] [thread 8636] [10.0] [cxt 0] Action NoAction
[00:29:47.602] [bmv2] [T] [thread 8636] [10.0] [cxt 0] qos.p4(214) Condition "hdr.ipv4.isValid()" (node_4) is false
[00:29:47.602] [bmv2] [T] [thread 8636] [10.0] [cxt 0] Applying table 'MyIngress.ipv4_lpm'
[00:29:47.602] [bmv2] [D] [thread 8636] [10.0] [cxt 0] Looking up key:
* hdr.ipv4.dstAddr    : 00000000

[00:29:47.602] [bmv2] [D] [thread 8636] [10.0] [cxt 0] Table 'MyIngress.ipv4_lpm': miss
[00:29:47.602] [bmv2] [D] [thread 8636] [10.0] [cxt 0] Action entry is NoAction - 
[00:29:47.602] [bmv2] [T] [thread 8636] [10.0] [cxt 0] Action NoAction
[00:29:47.602] [bmv2] [T] [thread 8636] [10.0] [cxt 0] qos.p4(218) Condition "hdr.ip_option.option == IPV4_OPTION && hdr.ip_option.value == 500" (node_6) is false
[00:29:47.602] [bmv2] [D] [thread 8636] [10.0] [cxt 0] Pipeline 'ingress': end
[00:29:47.603] [bmv2] [D] [thread 8636] [10.0] [cxt 0] Egress port is 0
[00:29:47.603] [bmv2] [D] [thread 8637] [10.0] [cxt 0] Pipeline 'egress': start
[00:29:47.603] [bmv2] [D] [thread 8637] [10.0] [cxt 0] Pipeline 'egress': end
[00:29:47.603] [bmv2] [D] [thread 8637] [10.0] [cxt 0] Deparser 'deparser': start
[00:29:47.603] [bmv2] [T] [thread 8637] [10.0] [cxt 0] Skipping checksum 'cksum' update because condition not met
[00:29:47.603] [bmv2] [D] [thread 8637] [10.0] [cxt 0] Deparsing header 'ethernet'
[00:29:47.603] [bmv2] [D] [thread 8637] [10.0] [cxt 0] Deparser 'deparser': end
[00:29:47.603] [bmv2] [D] [thread 8641] [10.0] [cxt 0] Transmitting packet of size 70 out of port 0
[00:29:52.205] [bmv2] [D] [thread 8636] [11.0] [cxt 0] Processing packet received on port 3
[00:29:52.206] [bmv2] [D] [thread 8636] [11.0] [cxt 0] Parser 'parser': start
[00:29:52.206] [bmv2] [D] [thread 8636] [11.0] [cxt 0] Parser 'parser' entering state 'start'
[00:29:52.206] [bmv2] [D] [thread 8636] [11.0] [cxt 0] Extracting header 'ethernet'
[00:29:52.206] [bmv2] [D] [thread 8636] [11.0] [cxt 0] Parser state 'start': key is 86dd
[00:29:52.206] [bmv2] [T] [thread 8636] [11.0] [cxt 0] Bytes parsed: 14
[00:29:52.206] [bmv2] [D] [thread 8636] [11.0] [cxt 0] Parser 'parser': end
[00:29:52.206] [bmv2] [D] [thread 8636] [11.0] [cxt 0] Pipeline 'ingress': start
[00:29:52.206] [bmv2] [T] [thread 8636] [11.0] [cxt 0] qos.p4(210) Condition "hdr.vlan.isValid()" (node_2) is false
[00:29:52.206] [bmv2] [T] [thread 8636] [11.0] [cxt 0] Applying table 'MyIngress.mac_exact'
[00:29:52.206] [bmv2] [D] [thread 8636] [11.0] [cxt 0] Looking up key:
* hdr.ethernet.dstAddr: 333300000002

[00:29:52.206] [bmv2] [D] [thread 8636] [11.0] [cxt 0] Table 'MyIngress.mac_exact': miss
[00:29:52.206] [bmv2] [D] [thread 8636] [11.0] [cxt 0] Action entry is NoAction - 
[00:29:52.206] [bmv2] [T] [thread 8636] [11.0] [cxt 0] Action NoAction
[00:29:52.206] [bmv2] [T] [thread 8636] [11.0] [cxt 0] qos.p4(214) Condition "hdr.ipv4.isValid()" (node_4) is false
[00:29:52.206] [bmv2] [T] [thread 8636] [11.0] [cxt 0] Applying table 'MyIngress.ipv4_lpm'
[00:29:52.206] [bmv2] [D] [thread 8636] [11.0] [cxt 0] Looking up key:
* hdr.ipv4.dstAddr    : 00000000

[00:29:52.206] [bmv2] [D] [thread 8636] [11.0] [cxt 0] Table 'MyIngress.ipv4_lpm': miss
[00:29:52.207] [bmv2] [D] [thread 8636] [11.0] [cxt 0] Action entry is NoAction - 
[00:29:52.207] [bmv2] [T] [thread 8636] [11.0] [cxt 0] Action NoAction
[00:29:52.207] [bmv2] [T] [thread 8636] [11.0] [cxt 0] qos.p4(218) Condition "hdr.ip_option.option == IPV4_OPTION && hdr.ip_option.value == 500" (node_6) is false
[00:29:52.207] [bmv2] [D] [thread 8636] [11.0] [cxt 0] Pipeline 'ingress': end
[00:29:52.207] [bmv2] [D] [thread 8636] [11.0] [cxt 0] Egress port is 0
[00:29:52.209] [bmv2] [D] [thread 8637] [11.0] [cxt 0] Pipeline 'egress': start
[00:29:52.209] [bmv2] [D] [thread 8637] [11.0] [cxt 0] Pipeline 'egress': end
[00:29:52.209] [bmv2] [D] [thread 8637] [11.0] [cxt 0] Deparser 'deparser': start
[00:29:52.209] [bmv2] [T] [thread 8637] [11.0] [cxt 0] Skipping checksum 'cksum' update because condition not met
[00:29:52.210] [bmv2] [D] [thread 8637] [11.0] [cxt 0] Deparsing header 'ethernet'
[00:29:52.210] [bmv2] [D] [thread 8637] [11.0] [cxt 0] Deparser 'deparser': end
[00:29:52.210] [bmv2] [D] [thread 8641] [11.0] [cxt 0] Transmitting packet of size 70 out of port 0
[00:29:53.236] [bmv2] [D] [thread 8636] [12.0] [cxt 0] Processing packet received on port 2
[00:29:53.236] [bmv2] [D] [thread 8636] [12.0] [cxt 0] Parser 'parser': start
[00:29:53.236] [bmv2] [D] [thread 8636] [12.0] [cxt 0] Parser 'parser' entering state 'start'
[00:29:53.236] [bmv2] [D] [thread 8636] [12.0] [cxt 0] Extracting header 'ethernet'
[00:29:53.236] [bmv2] [D] [thread 8636] [12.0] [cxt 0] Parser state 'start': key is 86dd
[00:29:53.236] [bmv2] [T] [thread 8636] [12.0] [cxt 0] Bytes parsed: 14
[00:29:53.236] [bmv2] [D] [thread 8636] [12.0] [cxt 0] Parser 'parser': end
[00:29:53.236] [bmv2] [D] [thread 8636] [12.0] [cxt 0] Pipeline 'ingress': start
[00:29:53.236] [bmv2] [T] [thread 8636] [12.0] [cxt 0] qos.p4(210) Condition "hdr.vlan.isValid()" (node_2) is false
[00:29:53.236] [bmv2] [T] [thread 8636] [12.0] [cxt 0] Applying table 'MyIngress.mac_exact'
[00:29:53.237] [bmv2] [D] [thread 8636] [12.0] [cxt 0] Looking up key:
* hdr.ethernet.dstAddr: 333300000002

[00:29:53.237] [bmv2] [D] [thread 8636] [12.0] [cxt 0] Table 'MyIngress.mac_exact': miss
[00:29:53.237] [bmv2] [D] [thread 8636] [12.0] [cxt 0] Action entry is NoAction - 
[00:29:53.237] [bmv2] [T] [thread 8636] [12.0] [cxt 0] Action NoAction
[00:29:53.237] [bmv2] [T] [thread 8636] [12.0] [cxt 0] qos.p4(214) Condition "hdr.ipv4.isValid()" (node_4) is false
[00:29:53.237] [bmv2] [T] [thread 8636] [12.0] [cxt 0] Applying table 'MyIngress.ipv4_lpm'
[00:29:53.237] [bmv2] [D] [thread 8636] [12.0] [cxt 0] Looking up key:
* hdr.ipv4.dstAddr    : 00000000

[00:29:53.237] [bmv2] [D] [thread 8636] [12.0] [cxt 0] Table 'MyIngress.ipv4_lpm': miss
[00:29:53.237] [bmv2] [D] [thread 8636] [12.0] [cxt 0] Action entry is NoAction - 
[00:29:53.237] [bmv2] [T] [thread 8636] [12.0] [cxt 0] Action NoAction
[00:29:53.237] [bmv2] [T] [thread 8636] [12.0] [cxt 0] qos.p4(218) Condition "hdr.ip_option.option == IPV4_OPTION && hdr.ip_option.value == 500" (node_6) is false
[00:29:53.237] [bmv2] [D] [thread 8636] [12.0] [cxt 0] Pipeline 'ingress': end
[00:29:53.237] [bmv2] [D] [thread 8636] [12.0] [cxt 0] Egress port is 0
[00:29:53.237] [bmv2] [D] [thread 8637] [12.0] [cxt 0] Pipeline 'egress': start
[00:29:53.237] [bmv2] [D] [thread 8637] [12.0] [cxt 0] Pipeline 'egress': end
[00:29:53.237] [bmv2] [D] [thread 8637] [12.0] [cxt 0] Deparser 'deparser': start
[00:29:53.237] [bmv2] [T] [thread 8637] [12.0] [cxt 0] Skipping checksum 'cksum' update because condition not met
[00:29:53.237] [bmv2] [D] [thread 8637] [12.0] [cxt 0] Deparsing header 'ethernet'
[00:29:53.238] [bmv2] [D] [thread 8637] [12.0] [cxt 0] Deparser 'deparser': end
[00:29:53.238] [bmv2] [D] [thread 8641] [12.0] [cxt 0] Transmitting packet of size 70 out of port 0
[00:29:53.238] [bmv2] [D] [thread 8636] [13.0] [cxt 0] Processing packet received on port 3
[00:29:53.238] [bmv2] [D] [thread 8636] [13.0] [cxt 0] Parser 'parser': start
[00:29:53.238] [bmv2] [D] [thread 8636] [13.0] [cxt 0] Parser 'parser' entering state 'start'
[00:29:53.238] [bmv2] [D] [thread 8636] [13.0] [cxt 0] Extracting header 'ethernet'
[00:29:53.238] [bmv2] [D] [thread 8636] [13.0] [cxt 0] Parser state 'start': key is 86dd
[00:29:53.238] [bmv2] [T] [thread 8636] [13.0] [cxt 0] Bytes parsed: 14
[00:29:53.238] [bmv2] [D] [thread 8636] [13.0] [cxt 0] Parser 'parser': end
[00:29:53.238] [bmv2] [D] [thread 8636] [13.0] [cxt 0] Pipeline 'ingress': start
[00:29:53.238] [bmv2] [T] [thread 8636] [13.0] [cxt 0] qos.p4(210) Condition "hdr.vlan.isValid()" (node_2) is false
[00:29:53.238] [bmv2] [T] [thread 8636] [13.0] [cxt 0] Applying table 'MyIngress.mac_exact'
[00:29:53.238] [bmv2] [D] [thread 8636] [13.0] [cxt 0] Looking up key:
* hdr.ethernet.dstAddr: 333300000002

[00:29:53.238] [bmv2] [D] [thread 8636] [13.0] [cxt 0] Table 'MyIngress.mac_exact': miss
[00:29:53.238] [bmv2] [D] [thread 8636] [13.0] [cxt 0] Action entry is NoAction - 
[00:29:53.238] [bmv2] [T] [thread 8636] [13.0] [cxt 0] Action NoAction
[00:29:53.238] [bmv2] [T] [thread 8636] [13.0] [cxt 0] qos.p4(214) Condition "hdr.ipv4.isValid()" (node_4) is false
[00:29:53.238] [bmv2] [T] [thread 8636] [13.0] [cxt 0] Applying table 'MyIngress.ipv4_lpm'
[00:29:53.238] [bmv2] [D] [thread 8636] [13.0] [cxt 0] Looking up key:
* hdr.ipv4.dstAddr    : 00000000

[00:29:53.238] [bmv2] [D] [thread 8636] [13.0] [cxt 0] Table 'MyIngress.ipv4_lpm': miss
[00:29:53.238] [bmv2] [D] [thread 8636] [13.0] [cxt 0] Action entry is NoAction - 
[00:29:53.238] [bmv2] [T] [thread 8636] [13.0] [cxt 0] Action NoAction
[00:29:53.238] [bmv2] [T] [thread 8636] [13.0] [cxt 0] qos.p4(218) Condition "hdr.ip_option.option == IPV4_OPTION && hdr.ip_option.value == 500" (node_6) is false
[00:29:53.238] [bmv2] [D] [thread 8636] [13.0] [cxt 0] Pipeline 'ingress': end
[00:29:53.238] [bmv2] [D] [thread 8636] [13.0] [cxt 0] Egress port is 0
[00:29:53.239] [bmv2] [D] [thread 8637] [13.0] [cxt 0] Pipeline 'egress': start
[00:29:53.239] [bmv2] [D] [thread 8637] [13.0] [cxt 0] Pipeline 'egress': end
[00:29:53.239] [bmv2] [D] [thread 8637] [13.0] [cxt 0] Deparser 'deparser': start
[00:29:53.239] [bmv2] [T] [thread 8637] [13.0] [cxt 0] Skipping checksum 'cksum' update because condition not met
[00:29:53.239] [bmv2] [D] [thread 8637] [13.0] [cxt 0] Deparsing header 'ethernet'
[00:29:53.239] [bmv2] [D] [thread 8637] [13.0] [cxt 0] Deparser 'deparser': end
[00:29:53.239] [bmv2] [D] [thread 8641] [13.0] [cxt 0] Transmitting packet of size 70 out of port 0
[00:29:55.289] [bmv2] [D] [thread 8636] [14.0] [cxt 0] Processing packet received on port 2
[00:29:55.289] [bmv2] [D] [thread 8636] [14.0] [cxt 0] Parser 'parser': start
[00:29:55.289] [bmv2] [D] [thread 8636] [14.0] [cxt 0] Parser 'parser' entering state 'start'
[00:29:55.289] [bmv2] [D] [thread 8636] [14.0] [cxt 0] Extracting header 'ethernet'
[00:29:55.289] [bmv2] [D] [thread 8636] [14.0] [cxt 0] Parser state 'start': key is 86dd
[00:29:55.289] [bmv2] [T] [thread 8636] [14.0] [cxt 0] Bytes parsed: 14
[00:29:55.289] [bmv2] [D] [thread 8636] [14.0] [cxt 0] Parser 'parser': end
[00:29:55.289] [bmv2] [D] [thread 8636] [14.0] [cxt 0] Pipeline 'ingress': start
[00:29:55.289] [bmv2] [T] [thread 8636] [14.0] [cxt 0] qos.p4(210) Condition "hdr.vlan.isValid()" (node_2) is false
[00:29:55.289] [bmv2] [T] [thread 8636] [14.0] [cxt 0] Applying table 'MyIngress.mac_exact'
[00:29:55.289] [bmv2] [D] [thread 8636] [14.0] [cxt 0] Looking up key:
* hdr.ethernet.dstAddr: 333300000002

[00:29:55.289] [bmv2] [D] [thread 8636] [14.0] [cxt 0] Table 'MyIngress.mac_exact': miss
[00:29:55.289] [bmv2] [D] [thread 8636] [14.0] [cxt 0] Action entry is NoAction - 
[00:29:55.289] [bmv2] [T] [thread 8636] [14.0] [cxt 0] Action NoAction
[00:29:55.289] [bmv2] [T] [thread 8636] [14.0] [cxt 0] qos.p4(214) Condition "hdr.ipv4.isValid()" (node_4) is false
[00:29:55.289] [bmv2] [T] [thread 8636] [14.0] [cxt 0] Applying table 'MyIngress.ipv4_lpm'
[00:29:55.289] [bmv2] [D] [thread 8636] [14.0] [cxt 0] Looking up key:
* hdr.ipv4.dstAddr    : 00000000

[00:29:55.289] [bmv2] [D] [thread 8636] [14.0] [cxt 0] Table 'MyIngress.ipv4_lpm': miss
[00:29:55.290] [bmv2] [D] [thread 8636] [14.0] [cxt 0] Action entry is NoAction - 
[00:29:55.290] [bmv2] [T] [thread 8636] [14.0] [cxt 0] Action NoAction
[00:29:55.290] [bmv2] [T] [thread 8636] [14.0] [cxt 0] qos.p4(218) Condition "hdr.ip_option.option == IPV4_OPTION && hdr.ip_option.value == 500" (node_6) is false
[00:29:55.290] [bmv2] [D] [thread 8636] [14.0] [cxt 0] Pipeline 'ingress': end
[00:29:55.290] [bmv2] [D] [thread 8636] [14.0] [cxt 0] Egress port is 0
[00:29:55.290] [bmv2] [D] [thread 8637] [14.0] [cxt 0] Pipeline 'egress': start
[00:29:55.290] [bmv2] [D] [thread 8637] [14.0] [cxt 0] Pipeline 'egress': end
[00:29:55.290] [bmv2] [D] [thread 8637] [14.0] [cxt 0] Deparser 'deparser': start
[00:29:55.290] [bmv2] [T] [thread 8637] [14.0] [cxt 0] Skipping checksum 'cksum' update because condition not met
[00:29:55.290] [bmv2] [D] [thread 8637] [14.0] [cxt 0] Deparsing header 'ethernet'
[00:29:55.290] [bmv2] [D] [thread 8637] [14.0] [cxt 0] Deparser 'deparser': end
[00:29:55.290] [bmv2] [D] [thread 8641] [14.0] [cxt 0] Transmitting packet of size 70 out of port 0
open: No such file or directory
open: No such file or directory
open: No such file or directory
open: No such file or directory
open: No such file or directory
