Calling target program-options parser
[18:26:12.675] [bmv2] [D] [thread 2286] Set default default entry for table 'tbl_qos199': qos199 - 
[18:26:12.676] [bmv2] [D] [thread 2286] Set default default entry for table 'MyIngress.ipv4_lpm': NoAction - 
Adding interface s2-eth1 as port 1
[18:26:12.697] [bmv2] [D] [thread 2286] Adding interface s2-eth1 as port 1
Adding interface s2-eth2 as port 2
[18:26:12.703] [bmv2] [D] [thread 2286] Adding interface s2-eth2 as port 2
Adding interface s2-eth3 as port 3
[18:26:12.713] [bmv2] [D] [thread 2286] Adding interface s2-eth3 as port 3
Adding interface s2-eth4 as port 4
[18:26:12.715] [bmv2] [D] [thread 2286] Adding interface s2-eth4 as port 4
Server listening on 0.0.0.0:50052
[18:26:12.722] [bmv2] [I] [thread 2286] Starting Thrift server on port 9091
[18:26:12.725] [bmv2] [I] [thread 2286] Thrift server was started
[18:26:15.506] [bmv2] [W] [thread 2351] [P4Runtime] p4::tmp::P4DeviceConfig is deprecated
[18:26:15.518] [bmv2] [D] [thread 2351] Set default default entry for table 'tbl_qos199': qos199 - 
[18:26:15.518] [bmv2] [D] [thread 2351] Set default default entry for table 'MyIngress.ipv4_lpm': NoAction - 
[18:26:15.521] [bmv2] [D] [thread 2351] simple_switch target has been notified of a config swap
[18:26:15.532] [bmv2] [D] [thread 2352] Entry 0 added to table 'MyIngress.ipv4_lpm'
[18:26:15.532] [bmv2] [D] [thread 2352] Dumping entry 0
Match key:
* hdr.ipv4.dstAddr    : LPM       0a000202/32
Action entry: MyIngress.ipv4_forward - 80000000202,2,

[18:26:15.539] [bmv2] [D] [thread 2352] Entry 1 added to table 'MyIngress.ipv4_lpm'
[18:26:15.540] [bmv2] [D] [thread 2352] Dumping entry 1
Match key:
* hdr.ipv4.dstAddr    : LPM       0a000216/32
Action entry: MyIngress.ipv4_forward - 80000000222,1,

[18:26:15.545] [bmv2] [D] [thread 2357] Entry 2 added to table 'MyIngress.ipv4_lpm'
[18:26:15.545] [bmv2] [D] [thread 2357] Dumping entry 2
Match key:
* hdr.ipv4.dstAddr    : LPM       0a000100/24
Action entry: MyIngress.ipv4_forward - 80000000100,3,

[18:26:15.551] [bmv2] [D] [thread 2352] Entry 3 added to table 'MyIngress.ipv4_lpm'
[18:26:15.551] [bmv2] [D] [thread 2352] Dumping entry 3
Match key:
* hdr.ipv4.dstAddr    : LPM       0a000300/24
Action entry: MyIngress.ipv4_forward - 80000000300,4,

[18:26:15.582] [bmv2] [D] [thread 2297] [0.0] [cxt 0] Processing packet received on port 2
[18:26:15.582] [bmv2] [D] [thread 2297] [0.0] [cxt 0] Parser 'parser': start
[18:26:15.582] [bmv2] [D] [thread 2297] [0.0] [cxt 0] Parser 'parser' entering state 'start'
[18:26:15.582] [bmv2] [D] [thread 2297] [0.0] [cxt 0] Extracting header 'ethernet'
[18:26:15.582] [bmv2] [D] [thread 2297] [0.0] [cxt 0] Parser state 'start': key is 86dd
[18:26:15.582] [bmv2] [T] [thread 2297] [0.0] [cxt 0] Bytes parsed: 14
[18:26:15.582] [bmv2] [D] [thread 2297] [0.0] [cxt 0] Parser 'parser': end
[18:26:15.582] [bmv2] [D] [thread 2297] [0.0] [cxt 0] Pipeline 'ingress': start
[18:26:15.582] [bmv2] [T] [thread 2297] [0.0] [cxt 0] qos.p4(197) Condition "hdr.ipv4.isValid()" (node_2) is false
[18:26:15.582] [bmv2] [D] [thread 2297] [0.0] [cxt 0] Pipeline 'ingress': end
[18:26:15.582] [bmv2] [D] [thread 2297] [0.0] [cxt 0] Egress port is 0
[18:26:15.582] [bmv2] [D] [thread 2298] [0.0] [cxt 0] Pipeline 'egress': start
[18:26:15.582] [bmv2] [D] [thread 2298] [0.0] [cxt 0] Pipeline 'egress': end
[18:26:15.582] [bmv2] [D] [thread 2298] [0.0] [cxt 0] Deparser 'deparser': start
[18:26:15.582] [bmv2] [T] [thread 2298] [0.0] [cxt 0] Skipping checksum 'cksum' update because condition not met
[18:26:15.582] [bmv2] [D] [thread 2298] [0.0] [cxt 0] Deparsing header 'ethernet'
[18:26:15.582] [bmv2] [D] [thread 2298] [0.0] [cxt 0] Deparser 'deparser': end
[18:26:15.583] [bmv2] [D] [thread 2302] [0.0] [cxt 0] Transmitting packet of size 70 out of port 0
[18:26:15.583] [bmv2] [D] [thread 2297] [1.0] [cxt 0] Processing packet received on port 4
[18:26:15.583] [bmv2] [D] [thread 2297] [1.0] [cxt 0] Parser 'parser': start
[18:26:15.583] [bmv2] [D] [thread 2297] [1.0] [cxt 0] Parser 'parser' entering state 'start'
[18:26:15.583] [bmv2] [D] [thread 2297] [1.0] [cxt 0] Extracting header 'ethernet'
[18:26:15.583] [bmv2] [D] [thread 2297] [1.0] [cxt 0] Parser state 'start': key is 86dd
[18:26:15.583] [bmv2] [T] [thread 2297] [1.0] [cxt 0] Bytes parsed: 14
[18:26:15.583] [bmv2] [D] [thread 2297] [1.0] [cxt 0] Parser 'parser': end
[18:26:15.583] [bmv2] [D] [thread 2297] [1.0] [cxt 0] Pipeline 'ingress': start
[18:26:15.583] [bmv2] [T] [thread 2297] [1.0] [cxt 0] qos.p4(197) Condition "hdr.ipv4.isValid()" (node_2) is false
[18:26:15.583] [bmv2] [D] [thread 2297] [1.0] [cxt 0] Pipeline 'ingress': end
[18:26:15.583] [bmv2] [D] [thread 2297] [1.0] [cxt 0] Egress port is 0
[18:26:15.583] [bmv2] [D] [thread 2298] [1.0] [cxt 0] Pipeline 'egress': start
[18:26:15.583] [bmv2] [D] [thread 2298] [1.0] [cxt 0] Pipeline 'egress': end
[18:26:15.583] [bmv2] [D] [thread 2298] [1.0] [cxt 0] Deparser 'deparser': start
[18:26:15.583] [bmv2] [T] [thread 2298] [1.0] [cxt 0] Skipping checksum 'cksum' update because condition not met
[18:26:15.583] [bmv2] [D] [thread 2298] [1.0] [cxt 0] Deparsing header 'ethernet'
[18:26:15.583] [bmv2] [D] [thread 2298] [1.0] [cxt 0] Deparser 'deparser': end
[18:26:15.583] [bmv2] [D] [thread 2302] [1.0] [cxt 0] Transmitting packet of size 70 out of port 0
[18:26:15.679] [bmv2] [D] [thread 2297] [2.0] [cxt 0] Processing packet received on port 3
[18:26:15.679] [bmv2] [D] [thread 2297] [2.0] [cxt 0] Parser 'parser': start
[18:26:15.679] [bmv2] [D] [thread 2297] [2.0] [cxt 0] Parser 'parser' entering state 'start'
[18:26:15.679] [bmv2] [D] [thread 2297] [2.0] [cxt 0] Extracting header 'ethernet'
[18:26:15.679] [bmv2] [D] [thread 2297] [2.0] [cxt 0] Parser state 'start': key is 86dd
[18:26:15.679] [bmv2] [T] [thread 2297] [2.0] [cxt 0] Bytes parsed: 14
[18:26:15.679] [bmv2] [D] [thread 2297] [2.0] [cxt 0] Parser 'parser': end
[18:26:15.679] [bmv2] [D] [thread 2297] [2.0] [cxt 0] Pipeline 'ingress': start
[18:26:15.679] [bmv2] [T] [thread 2297] [2.0] [cxt 0] qos.p4(197) Condition "hdr.ipv4.isValid()" (node_2) is false
[18:26:15.679] [bmv2] [D] [thread 2297] [2.0] [cxt 0] Pipeline 'ingress': end
[18:26:15.679] [bmv2] [D] [thread 2297] [2.0] [cxt 0] Egress port is 0
[18:26:15.680] [bmv2] [D] [thread 2298] [2.0] [cxt 0] Pipeline 'egress': start
[18:26:15.680] [bmv2] [D] [thread 2298] [2.0] [cxt 0] Pipeline 'egress': end
[18:26:15.680] [bmv2] [D] [thread 2298] [2.0] [cxt 0] Deparser 'deparser': start
[18:26:15.680] [bmv2] [T] [thread 2298] [2.0] [cxt 0] Skipping checksum 'cksum' update because condition not met
[18:26:15.680] [bmv2] [D] [thread 2298] [2.0] [cxt 0] Deparsing header 'ethernet'
[18:26:15.680] [bmv2] [D] [thread 2298] [2.0] [cxt 0] Deparser 'deparser': end
[18:26:15.680] [bmv2] [D] [thread 2302] [2.0] [cxt 0] Transmitting packet of size 70 out of port 0
[18:26:16.094] [bmv2] [D] [thread 2297] [3.0] [cxt 0] Processing packet received on port 1
[18:26:16.094] [bmv2] [D] [thread 2297] [3.0] [cxt 0] Parser 'parser': start
[18:26:16.094] [bmv2] [D] [thread 2297] [3.0] [cxt 0] Parser 'parser' entering state 'start'
[18:26:16.094] [bmv2] [D] [thread 2297] [3.0] [cxt 0] Extracting header 'ethernet'
[18:26:16.095] [bmv2] [D] [thread 2297] [3.0] [cxt 0] Parser state 'start': key is 86dd
[18:26:16.095] [bmv2] [T] [thread 2297] [3.0] [cxt 0] Bytes parsed: 14
[18:26:16.095] [bmv2] [D] [thread 2297] [3.0] [cxt 0] Parser 'parser': end
[18:26:16.095] [bmv2] [D] [thread 2297] [3.0] [cxt 0] Pipeline 'ingress': start
[18:26:16.095] [bmv2] [T] [thread 2297] [3.0] [cxt 0] qos.p4(197) Condition "hdr.ipv4.isValid()" (node_2) is false
[18:26:16.095] [bmv2] [D] [thread 2297] [3.0] [cxt 0] Pipeline 'ingress': end
[18:26:16.096] [bmv2] [D] [thread 2297] [3.0] [cxt 0] Egress port is 0
[18:26:16.096] [bmv2] [D] [thread 2298] [3.0] [cxt 0] Pipeline 'egress': start
[18:26:16.096] [bmv2] [D] [thread 2298] [3.0] [cxt 0] Pipeline 'egress': end
[18:26:16.096] [bmv2] [D] [thread 2298] [3.0] [cxt 0] Deparser 'deparser': start
[18:26:16.096] [bmv2] [T] [thread 2298] [3.0] [cxt 0] Skipping checksum 'cksum' update because condition not met
[18:26:16.096] [bmv2] [D] [thread 2298] [3.0] [cxt 0] Deparsing header 'ethernet'
[18:26:16.097] [bmv2] [D] [thread 2298] [3.0] [cxt 0] Deparser 'deparser': end
[18:26:16.097] [bmv2] [D] [thread 2302] [3.0] [cxt 0] Transmitting packet of size 70 out of port 0
[18:26:16.098] [bmv2] [D] [thread 2297] [4.0] [cxt 0] Processing packet received on port 4
[18:26:16.099] [bmv2] [D] [thread 2297] [4.0] [cxt 0] Parser 'parser': start
[18:26:16.099] [bmv2] [D] [thread 2297] [4.0] [cxt 0] Parser 'parser' entering state 'start'
[18:26:16.099] [bmv2] [D] [thread 2297] [4.0] [cxt 0] Extracting header 'ethernet'
[18:26:16.099] [bmv2] [D] [thread 2297] [4.0] [cxt 0] Parser state 'start': key is 86dd
[18:26:16.099] [bmv2] [T] [thread 2297] [4.0] [cxt 0] Bytes parsed: 14
[18:26:16.099] [bmv2] [D] [thread 2297] [4.0] [cxt 0] Parser 'parser': end
[18:26:16.099] [bmv2] [D] [thread 2297] [4.0] [cxt 0] Pipeline 'ingress': start
[18:26:16.099] [bmv2] [T] [thread 2297] [4.0] [cxt 0] qos.p4(197) Condition "hdr.ipv4.isValid()" (node_2) is false
[18:26:16.099] [bmv2] [D] [thread 2297] [4.0] [cxt 0] Pipeline 'ingress': end
[18:26:16.099] [bmv2] [D] [thread 2297] [4.0] [cxt 0] Egress port is 0
[18:26:16.101] [bmv2] [D] [thread 2298] [4.0] [cxt 0] Pipeline 'egress': start
[18:26:16.101] [bmv2] [D] [thread 2298] [4.0] [cxt 0] Pipeline 'egress': end
[18:26:16.101] [bmv2] [D] [thread 2298] [4.0] [cxt 0] Deparser 'deparser': start
[18:26:16.101] [bmv2] [T] [thread 2298] [4.0] [cxt 0] Skipping checksum 'cksum' update because condition not met
[18:26:16.101] [bmv2] [D] [thread 2298] [4.0] [cxt 0] Deparsing header 'ethernet'
[18:26:16.101] [bmv2] [D] [thread 2298] [4.0] [cxt 0] Deparser 'deparser': end
[18:26:16.101] [bmv2] [D] [thread 2302] [4.0] [cxt 0] Transmitting packet of size 70 out of port 0
[18:26:16.704] [bmv2] [D] [thread 2297] [5.0] [cxt 0] Processing packet received on port 3
[18:26:16.704] [bmv2] [D] [thread 2297] [5.0] [cxt 0] Parser 'parser': start
[18:26:16.704] [bmv2] [D] [thread 2297] [5.0] [cxt 0] Parser 'parser' entering state 'start'
[18:26:16.704] [bmv2] [D] [thread 2297] [5.0] [cxt 0] Extracting header 'ethernet'
[18:26:16.704] [bmv2] [D] [thread 2297] [5.0] [cxt 0] Parser state 'start': key is 86dd
[18:26:16.704] [bmv2] [T] [thread 2297] [5.0] [cxt 0] Bytes parsed: 14
[18:26:16.704] [bmv2] [D] [thread 2297] [5.0] [cxt 0] Parser 'parser': end
[18:26:16.704] [bmv2] [D] [thread 2297] [5.0] [cxt 0] Pipeline 'ingress': start
[18:26:16.704] [bmv2] [T] [thread 2297] [5.0] [cxt 0] qos.p4(197) Condition "hdr.ipv4.isValid()" (node_2) is false
[18:26:16.704] [bmv2] [D] [thread 2297] [5.0] [cxt 0] Pipeline 'ingress': end
[18:26:16.704] [bmv2] [D] [thread 2297] [5.0] [cxt 0] Egress port is 0
[18:26:16.705] [bmv2] [D] [thread 2298] [5.0] [cxt 0] Pipeline 'egress': start
[18:26:16.705] [bmv2] [D] [thread 2298] [5.0] [cxt 0] Pipeline 'egress': end
[18:26:16.705] [bmv2] [D] [thread 2298] [5.0] [cxt 0] Deparser 'deparser': start
[18:26:16.705] [bmv2] [T] [thread 2298] [5.0] [cxt 0] Skipping checksum 'cksum' update because condition not met
[18:26:16.705] [bmv2] [D] [thread 2298] [5.0] [cxt 0] Deparsing header 'ethernet'
[18:26:16.705] [bmv2] [D] [thread 2298] [5.0] [cxt 0] Deparser 'deparser': end
[18:26:16.705] [bmv2] [D] [thread 2302] [5.0] [cxt 0] Transmitting packet of size 70 out of port 0
[18:26:22.748] [bmv2] [D] [thread 2297] [6.0] [cxt 0] Processing packet received on port 4
[18:26:22.751] [bmv2] [D] [thread 2297] [6.0] [cxt 0] Parser 'parser': start
[18:26:22.751] [bmv2] [D] [thread 2297] [6.0] [cxt 0] Parser 'parser' entering state 'start'
[18:26:22.751] [bmv2] [D] [thread 2297] [6.0] [cxt 0] Extracting header 'ethernet'
[18:26:22.752] [bmv2] [D] [thread 2297] [6.0] [cxt 0] Parser state 'start': key is 86dd
[18:26:22.752] [bmv2] [T] [thread 2297] [6.0] [cxt 0] Bytes parsed: 14
[18:26:22.752] [bmv2] [D] [thread 2297] [6.0] [cxt 0] Parser 'parser': end
[18:26:22.752] [bmv2] [D] [thread 2297] [6.0] [cxt 0] Pipeline 'ingress': start
[18:26:22.752] [bmv2] [T] [thread 2297] [6.0] [cxt 0] qos.p4(197) Condition "hdr.ipv4.isValid()" (node_2) is false
[18:26:22.752] [bmv2] [D] [thread 2297] [6.0] [cxt 0] Pipeline 'ingress': end
[18:26:22.757] [bmv2] [D] [thread 2297] [6.0] [cxt 0] Egress port is 0
[18:26:22.758] [bmv2] [D] [thread 2298] [6.0] [cxt 0] Pipeline 'egress': start
[18:26:22.758] [bmv2] [D] [thread 2298] [6.0] [cxt 0] Pipeline 'egress': end
[18:26:22.758] [bmv2] [D] [thread 2298] [6.0] [cxt 0] Deparser 'deparser': start
[18:26:22.758] [bmv2] [T] [thread 2298] [6.0] [cxt 0] Skipping checksum 'cksum' update because condition not met
[18:26:22.758] [bmv2] [D] [thread 2298] [6.0] [cxt 0] Deparsing header 'ethernet'
[18:26:22.758] [bmv2] [D] [thread 2298] [6.0] [cxt 0] Deparser 'deparser': end
[18:26:22.759] [bmv2] [D] [thread 2302] [6.0] [cxt 0] Transmitting packet of size 70 out of port 0
[18:26:23.873] [bmv2] [D] [thread 2297] [7.0] [cxt 0] Processing packet received on port 3
[18:26:23.873] [bmv2] [D] [thread 2297] [7.0] [cxt 0] Parser 'parser': start
[18:26:23.874] [bmv2] [D] [thread 2297] [7.0] [cxt 0] Parser 'parser' entering state 'start'
[18:26:23.874] [bmv2] [D] [thread 2297] [7.0] [cxt 0] Extracting header 'ethernet'
[18:26:23.874] [bmv2] [D] [thread 2297] [7.0] [cxt 0] Parser state 'start': key is 86dd
[18:26:23.874] [bmv2] [T] [thread 2297] [7.0] [cxt 0] Bytes parsed: 14
[18:26:23.874] [bmv2] [D] [thread 2297] [7.0] [cxt 0] Parser 'parser': end
[18:26:23.874] [bmv2] [D] [thread 2297] [7.0] [cxt 0] Pipeline 'ingress': start
[18:26:23.875] [bmv2] [T] [thread 2297] [7.0] [cxt 0] qos.p4(197) Condition "hdr.ipv4.isValid()" (node_2) is false
[18:26:23.875] [bmv2] [D] [thread 2297] [7.0] [cxt 0] Pipeline 'ingress': end
[18:26:23.875] [bmv2] [D] [thread 2297] [7.0] [cxt 0] Egress port is 0
[18:26:23.880] [bmv2] [D] [thread 2298] [7.0] [cxt 0] Pipeline 'egress': start
[18:26:23.880] [bmv2] [D] [thread 2298] [7.0] [cxt 0] Pipeline 'egress': end
[18:26:23.880] [bmv2] [D] [thread 2298] [7.0] [cxt 0] Deparser 'deparser': start
[18:26:23.881] [bmv2] [T] [thread 2298] [7.0] [cxt 0] Skipping checksum 'cksum' update because condition not met
[18:26:23.881] [bmv2] [D] [thread 2298] [7.0] [cxt 0] Deparsing header 'ethernet'
[18:26:23.881] [bmv2] [D] [thread 2298] [7.0] [cxt 0] Deparser 'deparser': end
[18:26:23.881] [bmv2] [D] [thread 2302] [7.0] [cxt 0] Transmitting packet of size 70 out of port 0
[18:26:24.538] [bmv2] [D] [thread 2297] [8.0] [cxt 0] Processing packet received on port 1
[18:26:24.538] [bmv2] [D] [thread 2297] [8.0] [cxt 0] Parser 'parser': start
[18:26:24.538] [bmv2] [D] [thread 2297] [8.0] [cxt 0] Parser 'parser' entering state 'start'
[18:26:24.538] [bmv2] [D] [thread 2297] [8.0] [cxt 0] Extracting header 'ethernet'
[18:26:24.538] [bmv2] [D] [thread 2297] [8.0] [cxt 0] Parser state 'start': key is 86dd
[18:26:24.538] [bmv2] [T] [thread 2297] [8.0] [cxt 0] Bytes parsed: 14
[18:26:24.538] [bmv2] [D] [thread 2297] [8.0] [cxt 0] Parser 'parser': end
[18:26:24.538] [bmv2] [D] [thread 2297] [8.0] [cxt 0] Pipeline 'ingress': start
[18:26:24.538] [bmv2] [T] [thread 2297] [8.0] [cxt 0] qos.p4(197) Condition "hdr.ipv4.isValid()" (node_2) is false
[18:26:24.538] [bmv2] [D] [thread 2297] [8.0] [cxt 0] Pipeline 'ingress': end
[18:26:24.538] [bmv2] [D] [thread 2297] [8.0] [cxt 0] Egress port is 0
[18:26:24.539] [bmv2] [D] [thread 2297] [9.0] [cxt 0] Processing packet received on port 2
[18:26:24.539] [bmv2] [D] [thread 2297] [9.0] [cxt 0] Parser 'parser': start
[18:26:24.539] [bmv2] [D] [thread 2297] [9.0] [cxt 0] Parser 'parser' entering state 'start'
[18:26:24.539] [bmv2] [D] [thread 2297] [9.0] [cxt 0] Extracting header 'ethernet'
[18:26:24.539] [bmv2] [D] [thread 2297] [9.0] [cxt 0] Parser state 'start': key is 86dd
[18:26:24.539] [bmv2] [T] [thread 2297] [9.0] [cxt 0] Bytes parsed: 14
[18:26:24.539] [bmv2] [D] [thread 2297] [9.0] [cxt 0] Parser 'parser': end
[18:26:24.539] [bmv2] [D] [thread 2297] [9.0] [cxt 0] Pipeline 'ingress': start
[18:26:24.539] [bmv2] [T] [thread 2297] [9.0] [cxt 0] qos.p4(197) Condition "hdr.ipv4.isValid()" (node_2) is false
[18:26:24.539] [bmv2] [D] [thread 2297] [9.0] [cxt 0] Pipeline 'ingress': end
[18:26:24.539] [bmv2] [D] [thread 2297] [9.0] [cxt 0] Egress port is 0
[18:26:24.539] [bmv2] [D] [thread 2297] [10.0] [cxt 0] Processing packet received on port 4
[18:26:24.539] [bmv2] [D] [thread 2297] [10.0] [cxt 0] Parser 'parser': start
[18:26:24.539] [bmv2] [D] [thread 2297] [10.0] [cxt 0] Parser 'parser' entering state 'start'
[18:26:24.539] [bmv2] [D] [thread 2297] [10.0] [cxt 0] Extracting header 'ethernet'
[18:26:24.539] [bmv2] [D] [thread 2297] [10.0] [cxt 0] Parser state 'start': key is 86dd
[18:26:24.539] [bmv2] [T] [thread 2297] [10.0] [cxt 0] Bytes parsed: 14
[18:26:24.539] [bmv2] [D] [thread 2297] [10.0] [cxt 0] Parser 'parser': end
[18:26:24.539] [bmv2] [D] [thread 2297] [10.0] [cxt 0] Pipeline 'ingress': start
[18:26:24.539] [bmv2] [T] [thread 2297] [10.0] [cxt 0] qos.p4(197) Condition "hdr.ipv4.isValid()" (node_2) is false
[18:26:24.539] [bmv2] [D] [thread 2297] [10.0] [cxt 0] Pipeline 'ingress': end
[18:26:24.539] [bmv2] [D] [thread 2297] [10.0] [cxt 0] Egress port is 0
[18:26:24.540] [bmv2] [D] [thread 2298] [8.0] [cxt 0] Pipeline 'egress': start
[18:26:24.540] [bmv2] [D] [thread 2298] [8.0] [cxt 0] Pipeline 'egress': end
[18:26:24.540] [bmv2] [D] [thread 2298] [8.0] [cxt 0] Deparser 'deparser': start
[18:26:24.540] [bmv2] [T] [thread 2298] [8.0] [cxt 0] Skipping checksum 'cksum' update because condition not met
[18:26:24.540] [bmv2] [D] [thread 2298] [8.0] [cxt 0] Deparsing header 'ethernet'
[18:26:24.540] [bmv2] [D] [thread 2298] [8.0] [cxt 0] Deparser 'deparser': end
[18:26:24.540] [bmv2] [D] [thread 2298] [9.0] [cxt 0] Pipeline 'egress': start
[18:26:24.540] [bmv2] [D] [thread 2298] [9.0] [cxt 0] Pipeline 'egress': end
[18:26:24.540] [bmv2] [D] [thread 2298] [9.0] [cxt 0] Deparser 'deparser': start
[18:26:24.540] [bmv2] [T] [thread 2298] [9.0] [cxt 0] Skipping checksum 'cksum' update because condition not met
[18:26:24.540] [bmv2] [D] [thread 2298] [9.0] [cxt 0] Deparsing header 'ethernet'
[18:26:24.540] [bmv2] [D] [thread 2298] [9.0] [cxt 0] Deparser 'deparser': end
[18:26:24.540] [bmv2] [D] [thread 2298] [10.0] [cxt 0] Pipeline 'egress': start
[18:26:24.540] [bmv2] [D] [thread 2298] [10.0] [cxt 0] Pipeline 'egress': end
[18:26:24.540] [bmv2] [D] [thread 2298] [10.0] [cxt 0] Deparser 'deparser': start
[18:26:24.541] [bmv2] [T] [thread 2298] [10.0] [cxt 0] Skipping checksum 'cksum' update because condition not met
[18:26:24.541] [bmv2] [D] [thread 2298] [10.0] [cxt 0] Deparsing header 'ethernet'
[18:26:24.541] [bmv2] [D] [thread 2298] [10.0] [cxt 0] Deparser 'deparser': end
[18:26:24.540] [bmv2] [D] [thread 2302] [8.0] [cxt 0] Transmitting packet of size 70 out of port 0
[18:26:24.541] [bmv2] [D] [thread 2302] [9.0] [cxt 0] Transmitting packet of size 70 out of port 0
[18:26:24.541] [bmv2] [D] [thread 2302] [10.0] [cxt 0] Transmitting packet of size 70 out of port 0
[18:26:25.667] [bmv2] [D] [thread 2297] [11.0] [cxt 0] Processing packet received on port 3
[18:26:25.667] [bmv2] [D] [thread 2297] [11.0] [cxt 0] Parser 'parser': start
[18:26:25.667] [bmv2] [D] [thread 2297] [11.0] [cxt 0] Parser 'parser' entering state 'start'
[18:26:25.667] [bmv2] [D] [thread 2297] [11.0] [cxt 0] Extracting header 'ethernet'
[18:26:25.667] [bmv2] [D] [thread 2297] [11.0] [cxt 0] Parser state 'start': key is 86dd
[18:26:25.667] [bmv2] [T] [thread 2297] [11.0] [cxt 0] Bytes parsed: 14
[18:26:25.667] [bmv2] [D] [thread 2297] [11.0] [cxt 0] Parser 'parser': end
[18:26:25.667] [bmv2] [D] [thread 2297] [11.0] [cxt 0] Pipeline 'ingress': start
[18:26:25.667] [bmv2] [T] [thread 2297] [11.0] [cxt 0] qos.p4(197) Condition "hdr.ipv4.isValid()" (node_2) is false
[18:26:25.667] [bmv2] [D] [thread 2297] [11.0] [cxt 0] Pipeline 'ingress': end
[18:26:25.667] [bmv2] [D] [thread 2297] [11.0] [cxt 0] Egress port is 0
[18:26:25.669] [bmv2] [D] [thread 2298] [11.0] [cxt 0] Pipeline 'egress': start
[18:26:25.669] [bmv2] [D] [thread 2298] [11.0] [cxt 0] Pipeline 'egress': end
[18:26:25.669] [bmv2] [D] [thread 2298] [11.0] [cxt 0] Deparser 'deparser': start
[18:26:25.669] [bmv2] [T] [thread 2298] [11.0] [cxt 0] Skipping checksum 'cksum' update because condition not met
[18:26:25.670] [bmv2] [D] [thread 2298] [11.0] [cxt 0] Deparsing header 'ethernet'
[18:26:25.670] [bmv2] [D] [thread 2298] [11.0] [cxt 0] Deparser 'deparser': end
[18:26:25.670] [bmv2] [D] [thread 2302] [11.0] [cxt 0] Transmitting packet of size 70 out of port 0
[18:26:37.351] [bmv2] [D] [thread 2297] [12.0] [cxt 0] Processing packet received on port 4
[18:26:37.351] [bmv2] [D] [thread 2297] [12.0] [cxt 0] Parser 'parser': start
[18:26:37.351] [bmv2] [D] [thread 2297] [12.0] [cxt 0] Parser 'parser' entering state 'start'
[18:26:37.351] [bmv2] [D] [thread 2297] [12.0] [cxt 0] Extracting header 'ethernet'
[18:26:37.351] [bmv2] [D] [thread 2297] [12.0] [cxt 0] Parser state 'start': key is 86dd
[18:26:37.351] [bmv2] [T] [thread 2297] [12.0] [cxt 0] Bytes parsed: 14
[18:26:37.351] [bmv2] [D] [thread 2297] [12.0] [cxt 0] Parser 'parser': end
[18:26:37.351] [bmv2] [D] [thread 2297] [12.0] [cxt 0] Pipeline 'ingress': start
[18:26:37.351] [bmv2] [T] [thread 2297] [12.0] [cxt 0] qos.p4(197) Condition "hdr.ipv4.isValid()" (node_2) is false
[18:26:37.352] [bmv2] [D] [thread 2297] [12.0] [cxt 0] Pipeline 'ingress': end
[18:26:37.352] [bmv2] [D] [thread 2297] [12.0] [cxt 0] Egress port is 0
[18:26:37.352] [bmv2] [D] [thread 2298] [12.0] [cxt 0] Pipeline 'egress': start
[18:26:37.352] [bmv2] [D] [thread 2298] [12.0] [cxt 0] Pipeline 'egress': end
[18:26:37.352] [bmv2] [D] [thread 2298] [12.0] [cxt 0] Deparser 'deparser': start
[18:26:37.352] [bmv2] [T] [thread 2298] [12.0] [cxt 0] Skipping checksum 'cksum' update because condition not met
[18:26:37.352] [bmv2] [D] [thread 2298] [12.0] [cxt 0] Deparsing header 'ethernet'
[18:26:37.352] [bmv2] [D] [thread 2298] [12.0] [cxt 0] Deparser 'deparser': end
[18:26:37.352] [bmv2] [D] [thread 2302] [12.0] [cxt 0] Transmitting packet of size 70 out of port 0
[18:26:39.488] [bmv2] [D] [thread 2297] [13.0] [cxt 0] Processing packet received on port 3
[18:26:39.489] [bmv2] [D] [thread 2297] [13.0] [cxt 0] Parser 'parser': start
[18:26:39.489] [bmv2] [D] [thread 2297] [13.0] [cxt 0] Parser 'parser' entering state 'start'
[18:26:39.489] [bmv2] [D] [thread 2297] [13.0] [cxt 0] Extracting header 'ethernet'
[18:26:39.489] [bmv2] [D] [thread 2297] [13.0] [cxt 0] Parser state 'start': key is 86dd
[18:26:39.489] [bmv2] [T] [thread 2297] [13.0] [cxt 0] Bytes parsed: 14
[18:26:39.490] [bmv2] [D] [thread 2297] [13.0] [cxt 0] Parser 'parser': end
[18:26:39.490] [bmv2] [D] [thread 2297] [13.0] [cxt 0] Pipeline 'ingress': start
[18:26:39.490] [bmv2] [T] [thread 2297] [13.0] [cxt 0] qos.p4(197) Condition "hdr.ipv4.isValid()" (node_2) is false
[18:26:39.490] [bmv2] [D] [thread 2297] [13.0] [cxt 0] Pipeline 'ingress': end
[18:26:39.490] [bmv2] [D] [thread 2297] [13.0] [cxt 0] Egress port is 0
[18:26:39.495] [bmv2] [D] [thread 2298] [13.0] [cxt 0] Pipeline 'egress': start
[18:26:39.495] [bmv2] [D] [thread 2298] [13.0] [cxt 0] Pipeline 'egress': end
[18:26:39.495] [bmv2] [D] [thread 2298] [13.0] [cxt 0] Deparser 'deparser': start
[18:26:39.495] [bmv2] [T] [thread 2298] [13.0] [cxt 0] Skipping checksum 'cksum' update because condition not met
[18:26:39.495] [bmv2] [D] [thread 2298] [13.0] [cxt 0] Deparsing header 'ethernet'
[18:26:39.495] [bmv2] [D] [thread 2298] [13.0] [cxt 0] Deparser 'deparser': end
[18:26:39.496] [bmv2] [D] [thread 2302] [13.0] [cxt 0] Transmitting packet of size 70 out of port 0
[18:26:41.954] [bmv2] [D] [thread 2297] [14.0] [cxt 0] Processing packet received on port 1
[18:26:41.954] [bmv2] [D] [thread 2297] [14.0] [cxt 0] Parser 'parser': start
[18:26:41.954] [bmv2] [D] [thread 2297] [14.0] [cxt 0] Parser 'parser' entering state 'start'
[18:26:41.955] [bmv2] [D] [thread 2297] [14.0] [cxt 0] Extracting header 'ethernet'
[18:26:41.955] [bmv2] [D] [thread 2297] [14.0] [cxt 0] Parser state 'start': key is 86dd
[18:26:41.955] [bmv2] [T] [thread 2297] [14.0] [cxt 0] Bytes parsed: 14
[18:26:41.955] [bmv2] [D] [thread 2297] [14.0] [cxt 0] Parser 'parser': end
[18:26:41.955] [bmv2] [D] [thread 2297] [14.0] [cxt 0] Pipeline 'ingress': start
[18:26:41.955] [bmv2] [T] [thread 2297] [14.0] [cxt 0] qos.p4(197) Condition "hdr.ipv4.isValid()" (node_2) is false
[18:26:41.955] [bmv2] [D] [thread 2297] [14.0] [cxt 0] Pipeline 'ingress': end
[18:26:41.956] [bmv2] [D] [thread 2297] [14.0] [cxt 0] Egress port is 0
[18:26:41.961] [bmv2] [D] [thread 2298] [14.0] [cxt 0] Pipeline 'egress': start
[18:26:41.961] [bmv2] [D] [thread 2298] [14.0] [cxt 0] Pipeline 'egress': end
[18:26:41.961] [bmv2] [D] [thread 2298] [14.0] [cxt 0] Deparser 'deparser': start
[18:26:41.961] [bmv2] [T] [thread 2298] [14.0] [cxt 0] Skipping checksum 'cksum' update because condition not met
[18:26:41.961] [bmv2] [D] [thread 2298] [14.0] [cxt 0] Deparsing header 'ethernet'
[18:26:41.961] [bmv2] [D] [thread 2298] [14.0] [cxt 0] Deparser 'deparser': end
[18:26:41.961] [bmv2] [D] [thread 2302] [14.0] [cxt 0] Transmitting packet of size 70 out of port 0
[18:26:41.961] [bmv2] [D] [thread 2297] [15.0] [cxt 0] Processing packet received on port 4
[18:26:41.961] [bmv2] [D] [thread 2297] [15.0] [cxt 0] Parser 'parser': start
[18:26:41.961] [bmv2] [D] [thread 2297] [15.0] [cxt 0] Parser 'parser' entering state 'start'
[18:26:41.961] [bmv2] [D] [thread 2297] [15.0] [cxt 0] Extracting header 'ethernet'
[18:26:41.962] [bmv2] [D] [thread 2297] [15.0] [cxt 0] Parser state 'start': key is 86dd
[18:26:41.962] [bmv2] [T] [thread 2297] [15.0] [cxt 0] Bytes parsed: 14
[18:26:41.962] [bmv2] [D] [thread 2297] [15.0] [cxt 0] Parser 'parser': end
[18:26:41.962] [bmv2] [D] [thread 2297] [15.0] [cxt 0] Pipeline 'ingress': start
[18:26:41.962] [bmv2] [T] [thread 2297] [15.0] [cxt 0] qos.p4(197) Condition "hdr.ipv4.isValid()" (node_2) is false
[18:26:41.962] [bmv2] [D] [thread 2297] [15.0] [cxt 0] Pipeline 'ingress': end
[18:26:41.962] [bmv2] [D] [thread 2297] [15.0] [cxt 0] Egress port is 0
[18:26:41.964] [bmv2] [D] [thread 2298] [15.0] [cxt 0] Pipeline 'egress': start
[18:26:41.964] [bmv2] [D] [thread 2298] [15.0] [cxt 0] Pipeline 'egress': end
[18:26:41.964] [bmv2] [D] [thread 2298] [15.0] [cxt 0] Deparser 'deparser': start
[18:26:41.964] [bmv2] [T] [thread 2298] [15.0] [cxt 0] Skipping checksum 'cksum' update because condition not met
[18:26:41.964] [bmv2] [D] [thread 2298] [15.0] [cxt 0] Deparsing header 'ethernet'
[18:26:41.964] [bmv2] [D] [thread 2298] [15.0] [cxt 0] Deparser 'deparser': end
[18:26:41.964] [bmv2] [D] [thread 2302] [15.0] [cxt 0] Transmitting packet of size 70 out of port 0
[18:26:43.997] [bmv2] [D] [thread 2297] [16.0] [cxt 0] Processing packet received on port 2
[18:26:43.998] [bmv2] [D] [thread 2297] [16.0] [cxt 0] Parser 'parser': start
[18:26:43.998] [bmv2] [D] [thread 2297] [16.0] [cxt 0] Parser 'parser' entering state 'start'
[18:26:43.998] [bmv2] [D] [thread 2297] [16.0] [cxt 0] Extracting header 'ethernet'
[18:26:43.999] [bmv2] [D] [thread 2297] [16.0] [cxt 0] Parser state 'start': key is 86dd
[18:26:43.999] [bmv2] [T] [thread 2297] [16.0] [cxt 0] Bytes parsed: 14
[18:26:43.999] [bmv2] [D] [thread 2297] [16.0] [cxt 0] Parser 'parser': end
[18:26:43.999] [bmv2] [D] [thread 2297] [16.0] [cxt 0] Pipeline 'ingress': start
[18:26:43.999] [bmv2] [T] [thread 2297] [16.0] [cxt 0] qos.p4(197) Condition "hdr.ipv4.isValid()" (node_2) is false
[18:26:43.999] [bmv2] [D] [thread 2297] [16.0] [cxt 0] Pipeline 'ingress': end
[18:26:43.999] [bmv2] [D] [thread 2297] [16.0] [cxt 0] Egress port is 0
[18:26:44.000] [bmv2] [D] [thread 2298] [16.0] [cxt 0] Pipeline 'egress': start
[18:26:44.000] [bmv2] [D] [thread 2298] [16.0] [cxt 0] Pipeline 'egress': end
[18:26:44.000] [bmv2] [D] [thread 2298] [16.0] [cxt 0] Deparser 'deparser': start
[18:26:44.000] [bmv2] [T] [thread 2298] [16.0] [cxt 0] Skipping checksum 'cksum' update because condition not met
[18:26:44.001] [bmv2] [D] [thread 2298] [16.0] [cxt 0] Deparsing header 'ethernet'
[18:26:44.001] [bmv2] [D] [thread 2298] [16.0] [cxt 0] Deparser 'deparser': end
[18:26:44.001] [bmv2] [D] [thread 2302] [16.0] [cxt 0] Transmitting packet of size 70 out of port 0
[18:26:44.097] [bmv2] [D] [thread 2297] [17.0] [cxt 0] Processing packet received on port 3
[18:26:44.098] [bmv2] [D] [thread 2297] [17.0] [cxt 0] Parser 'parser': start
[18:26:44.098] [bmv2] [D] [thread 2297] [17.0] [cxt 0] Parser 'parser' entering state 'start'
[18:26:44.098] [bmv2] [D] [thread 2297] [17.0] [cxt 0] Extracting header 'ethernet'
[18:26:44.098] [bmv2] [D] [thread 2297] [17.0] [cxt 0] Parser state 'start': key is 86dd
[18:26:44.098] [bmv2] [T] [thread 2297] [17.0] [cxt 0] Bytes parsed: 14
[18:26:44.098] [bmv2] [D] [thread 2297] [17.0] [cxt 0] Parser 'parser': end
[18:26:44.099] [bmv2] [D] [thread 2297] [17.0] [cxt 0] Pipeline 'ingress': start
[18:26:44.099] [bmv2] [T] [thread 2297] [17.0] [cxt 0] qos.p4(197) Condition "hdr.ipv4.isValid()" (node_2) is false
[18:26:44.099] [bmv2] [D] [thread 2297] [17.0] [cxt 0] Pipeline 'ingress': end
[18:26:44.099] [bmv2] [D] [thread 2297] [17.0] [cxt 0] Egress port is 0
[18:26:44.101] [bmv2] [D] [thread 2298] [17.0] [cxt 0] Pipeline 'egress': start
[18:26:44.101] [bmv2] [D] [thread 2298] [17.0] [cxt 0] Pipeline 'egress': end
[18:26:44.101] [bmv2] [D] [thread 2298] [17.0] [cxt 0] Deparser 'deparser': start
[18:26:44.101] [bmv2] [T] [thread 2298] [17.0] [cxt 0] Skipping checksum 'cksum' update because condition not met
[18:26:44.101] [bmv2] [D] [thread 2298] [17.0] [cxt 0] Deparsing header 'ethernet'
[18:26:44.101] [bmv2] [D] [thread 2298] [17.0] [cxt 0] Deparser 'deparser': end
[18:26:44.101] [bmv2] [D] [thread 2302] [17.0] [cxt 0] Transmitting packet of size 70 out of port 0
[18:27:06.526] [bmv2] [D] [thread 2297] [18.0] [cxt 0] Processing packet received on port 4
[18:27:06.526] [bmv2] [D] [thread 2297] [18.0] [cxt 0] Parser 'parser': start
[18:27:06.526] [bmv2] [D] [thread 2297] [18.0] [cxt 0] Parser 'parser' entering state 'start'
[18:27:06.527] [bmv2] [D] [thread 2297] [18.0] [cxt 0] Extracting header 'ethernet'
[18:27:06.527] [bmv2] [D] [thread 2297] [18.0] [cxt 0] Parser state 'start': key is 86dd
[18:27:06.527] [bmv2] [T] [thread 2297] [18.0] [cxt 0] Bytes parsed: 14
[18:27:06.527] [bmv2] [D] [thread 2297] [18.0] [cxt 0] Parser 'parser': end
[18:27:06.527] [bmv2] [D] [thread 2297] [18.0] [cxt 0] Pipeline 'ingress': start
[18:27:06.527] [bmv2] [T] [thread 2297] [18.0] [cxt 0] qos.p4(197) Condition "hdr.ipv4.isValid()" (node_2) is false
[18:27:06.527] [bmv2] [D] [thread 2297] [18.0] [cxt 0] Pipeline 'ingress': end
[18:27:06.527] [bmv2] [D] [thread 2297] [18.0] [cxt 0] Egress port is 0
[18:27:06.530] [bmv2] [D] [thread 2298] [18.0] [cxt 0] Pipeline 'egress': start
[18:27:06.530] [bmv2] [D] [thread 2298] [18.0] [cxt 0] Pipeline 'egress': end
[18:27:06.530] [bmv2] [D] [thread 2298] [18.0] [cxt 0] Deparser 'deparser': start
[18:27:06.530] [bmv2] [T] [thread 2298] [18.0] [cxt 0] Skipping checksum 'cksum' update because condition not met
[18:27:06.530] [bmv2] [D] [thread 2298] [18.0] [cxt 0] Deparsing header 'ethernet'
[18:27:06.530] [bmv2] [D] [thread 2298] [18.0] [cxt 0] Deparser 'deparser': end
[18:27:06.530] [bmv2] [D] [thread 2302] [18.0] [cxt 0] Transmitting packet of size 70 out of port 0
[18:27:10.723] [bmv2] [D] [thread 2297] [19.0] [cxt 0] Processing packet received on port 3
[18:27:10.724] [bmv2] [D] [thread 2297] [19.0] [cxt 0] Parser 'parser': start
[18:27:10.724] [bmv2] [D] [thread 2297] [19.0] [cxt 0] Parser 'parser' entering state 'start'
[18:27:10.724] [bmv2] [D] [thread 2297] [19.0] [cxt 0] Extracting header 'ethernet'
[18:27:10.724] [bmv2] [D] [thread 2297] [19.0] [cxt 0] Parser state 'start': key is 86dd
[18:27:10.724] [bmv2] [T] [thread 2297] [19.0] [cxt 0] Bytes parsed: 14
[18:27:10.724] [bmv2] [D] [thread 2297] [19.0] [cxt 0] Parser 'parser': end
[18:27:10.724] [bmv2] [D] [thread 2297] [19.0] [cxt 0] Pipeline 'ingress': start
[18:27:10.724] [bmv2] [T] [thread 2297] [19.0] [cxt 0] qos.p4(197) Condition "hdr.ipv4.isValid()" (node_2) is false
[18:27:10.725] [bmv2] [D] [thread 2297] [19.0] [cxt 0] Pipeline 'ingress': end
[18:27:10.725] [bmv2] [D] [thread 2297] [19.0] [cxt 0] Egress port is 0
[18:27:10.727] [bmv2] [D] [thread 2298] [19.0] [cxt 0] Pipeline 'egress': start
[18:27:10.727] [bmv2] [D] [thread 2298] [19.0] [cxt 0] Pipeline 'egress': end
[18:27:10.727] [bmv2] [D] [thread 2298] [19.0] [cxt 0] Deparser 'deparser': start
[18:27:10.727] [bmv2] [T] [thread 2298] [19.0] [cxt 0] Skipping checksum 'cksum' update because condition not met
[18:27:10.728] [bmv2] [D] [thread 2298] [19.0] [cxt 0] Deparsing header 'ethernet'
[18:27:10.728] [bmv2] [D] [thread 2298] [19.0] [cxt 0] Deparser 'deparser': end
[18:27:10.728] [bmv2] [D] [thread 2302] [19.0] [cxt 0] Transmitting packet of size 70 out of port 0
[18:27:14.719] [bmv2] [D] [thread 2297] [20.0] [cxt 0] Processing packet received on port 4
[18:27:14.719] [bmv2] [D] [thread 2297] [20.0] [cxt 0] Parser 'parser': start
[18:27:14.719] [bmv2] [D] [thread 2297] [20.0] [cxt 0] Parser 'parser' entering state 'start'
[18:27:14.719] [bmv2] [D] [thread 2297] [20.0] [cxt 0] Extracting header 'ethernet'
[18:27:14.719] [bmv2] [D] [thread 2297] [20.0] [cxt 0] Parser state 'start': key is 86dd
[18:27:14.720] [bmv2] [T] [thread 2297] [20.0] [cxt 0] Bytes parsed: 14
[18:27:14.720] [bmv2] [D] [thread 2297] [20.0] [cxt 0] Parser 'parser': end
[18:27:14.720] [bmv2] [D] [thread 2297] [20.0] [cxt 0] Pipeline 'ingress': start
[18:27:14.720] [bmv2] [T] [thread 2297] [20.0] [cxt 0] qos.p4(197) Condition "hdr.ipv4.isValid()" (node_2) is false
[18:27:14.720] [bmv2] [D] [thread 2297] [20.0] [cxt 0] Pipeline 'ingress': end
[18:27:14.720] [bmv2] [D] [thread 2297] [20.0] [cxt 0] Egress port is 0
[18:27:14.725] [bmv2] [D] [thread 2298] [20.0] [cxt 0] Pipeline 'egress': start
[18:27:14.725] [bmv2] [D] [thread 2298] [20.0] [cxt 0] Pipeline 'egress': end
[18:27:14.726] [bmv2] [D] [thread 2298] [20.0] [cxt 0] Deparser 'deparser': start
[18:27:14.726] [bmv2] [T] [thread 2298] [20.0] [cxt 0] Skipping checksum 'cksum' update because condition not met
[18:27:14.726] [bmv2] [D] [thread 2298] [20.0] [cxt 0] Deparsing header 'ethernet'
[18:27:14.726] [bmv2] [D] [thread 2298] [20.0] [cxt 0] Deparser 'deparser': end
[18:27:14.726] [bmv2] [D] [thread 2302] [20.0] [cxt 0] Transmitting packet of size 70 out of port 0
[18:27:16.764] [bmv2] [D] [thread 2297] [21.0] [cxt 0] Processing packet received on port 1
[18:27:16.766] [bmv2] [D] [thread 2297] [21.0] [cxt 0] Parser 'parser': start
[18:27:16.766] [bmv2] [D] [thread 2297] [21.0] [cxt 0] Parser 'parser' entering state 'start'
[18:27:16.766] [bmv2] [D] [thread 2297] [21.0] [cxt 0] Extracting header 'ethernet'
[18:27:16.767] [bmv2] [D] [thread 2297] [21.0] [cxt 0] Parser state 'start': key is 86dd
[18:27:16.767] [bmv2] [T] [thread 2297] [21.0] [cxt 0] Bytes parsed: 14
[18:27:16.767] [bmv2] [D] [thread 2297] [21.0] [cxt 0] Parser 'parser': end
[18:27:16.767] [bmv2] [D] [thread 2297] [21.0] [cxt 0] Pipeline 'ingress': start
[18:27:16.767] [bmv2] [T] [thread 2297] [21.0] [cxt 0] qos.p4(197) Condition "hdr.ipv4.isValid()" (node_2) is false
[18:27:16.767] [bmv2] [D] [thread 2297] [21.0] [cxt 0] Pipeline 'ingress': end
[18:27:16.767] [bmv2] [D] [thread 2297] [21.0] [cxt 0] Egress port is 0
[18:27:16.768] [bmv2] [D] [thread 2298] [21.0] [cxt 0] Pipeline 'egress': start
[18:27:16.768] [bmv2] [D] [thread 2298] [21.0] [cxt 0] Pipeline 'egress': end
[18:27:16.768] [bmv2] [D] [thread 2298] [21.0] [cxt 0] Deparser 'deparser': start
[18:27:16.768] [bmv2] [T] [thread 2298] [21.0] [cxt 0] Skipping checksum 'cksum' update because condition not met
[18:27:16.768] [bmv2] [D] [thread 2298] [21.0] [cxt 0] Deparsing header 'ethernet'
[18:27:16.768] [bmv2] [D] [thread 2298] [21.0] [cxt 0] Deparser 'deparser': end
[18:27:16.768] [bmv2] [D] [thread 2302] [21.0] [cxt 0] Transmitting packet of size 70 out of port 0
[18:27:20.863] [bmv2] [D] [thread 2297] [22.0] [cxt 0] Processing packet received on port 2
[18:27:20.863] [bmv2] [D] [thread 2297] [22.0] [cxt 0] Parser 'parser': start
[18:27:20.863] [bmv2] [D] [thread 2297] [22.0] [cxt 0] Parser 'parser' entering state 'start'
[18:27:20.863] [bmv2] [D] [thread 2297] [22.0] [cxt 0] Extracting header 'ethernet'
[18:27:20.864] [bmv2] [D] [thread 2297] [22.0] [cxt 0] Parser state 'start': key is 86dd
[18:27:20.864] [bmv2] [T] [thread 2297] [22.0] [cxt 0] Bytes parsed: 14
[18:27:20.864] [bmv2] [D] [thread 2297] [22.0] [cxt 0] Parser 'parser': end
[18:27:20.864] [bmv2] [D] [thread 2297] [22.0] [cxt 0] Pipeline 'ingress': start
[18:27:20.867] [bmv2] [T] [thread 2297] [22.0] [cxt 0] qos.p4(197) Condition "hdr.ipv4.isValid()" (node_2) is false
[18:27:20.868] [bmv2] [D] [thread 2297] [22.0] [cxt 0] Pipeline 'ingress': end
[18:27:20.868] [bmv2] [D] [thread 2297] [22.0] [cxt 0] Egress port is 0
[18:27:20.868] [bmv2] [D] [thread 2298] [22.0] [cxt 0] Pipeline 'egress': start
[18:27:20.868] [bmv2] [D] [thread 2298] [22.0] [cxt 0] Pipeline 'egress': end
[18:27:20.868] [bmv2] [D] [thread 2298] [22.0] [cxt 0] Deparser 'deparser': start
[18:27:20.868] [bmv2] [T] [thread 2298] [22.0] [cxt 0] Skipping checksum 'cksum' update because condition not met
[18:27:20.868] [bmv2] [D] [thread 2298] [22.0] [cxt 0] Deparsing header 'ethernet'
[18:27:20.869] [bmv2] [D] [thread 2298] [22.0] [cxt 0] Deparser 'deparser': end
[18:27:20.869] [bmv2] [D] [thread 2302] [22.0] [cxt 0] Transmitting packet of size 70 out of port 0
[18:27:20.963] [bmv2] [D] [thread 2297] [23.0] [cxt 0] Processing packet received on port 3
[18:27:20.963] [bmv2] [D] [thread 2297] [23.0] [cxt 0] Parser 'parser': start
[18:27:20.963] [bmv2] [D] [thread 2297] [23.0] [cxt 0] Parser 'parser' entering state 'start'
[18:27:20.963] [bmv2] [D] [thread 2297] [23.0] [cxt 0] Extracting header 'ethernet'
[18:27:20.964] [bmv2] [D] [thread 2297] [23.0] [cxt 0] Parser state 'start': key is 86dd
[18:27:20.964] [bmv2] [T] [thread 2297] [23.0] [cxt 0] Bytes parsed: 14
[18:27:20.964] [bmv2] [D] [thread 2297] [23.0] [cxt 0] Parser 'parser': end
[18:27:20.970] [bmv2] [D] [thread 2297] [23.0] [cxt 0] Pipeline 'ingress': start
[18:27:20.970] [bmv2] [T] [thread 2297] [23.0] [cxt 0] qos.p4(197) Condition "hdr.ipv4.isValid()" (node_2) is false
[18:27:20.970] [bmv2] [D] [thread 2297] [23.0] [cxt 0] Pipeline 'ingress': end
[18:27:20.970] [bmv2] [D] [thread 2297] [23.0] [cxt 0] Egress port is 0
[18:27:20.971] [bmv2] [D] [thread 2298] [23.0] [cxt 0] Pipeline 'egress': start
[18:27:20.971] [bmv2] [D] [thread 2298] [23.0] [cxt 0] Pipeline 'egress': end
[18:27:20.971] [bmv2] [D] [thread 2298] [23.0] [cxt 0] Deparser 'deparser': start
[18:27:20.971] [bmv2] [T] [thread 2298] [23.0] [cxt 0] Skipping checksum 'cksum' update because condition not met
[18:27:20.971] [bmv2] [D] [thread 2298] [23.0] [cxt 0] Deparsing header 'ethernet'
[18:27:20.971] [bmv2] [D] [thread 2298] [23.0] [cxt 0] Deparser 'deparser': end
[18:27:20.971] [bmv2] [D] [thread 2302] [23.0] [cxt 0] Transmitting packet of size 70 out of port 0
[18:28:07.970] [bmv2] [D] [thread 2297] [24.0] [cxt 0] Processing packet received on port 4
[18:28:07.971] [bmv2] [D] [thread 2297] [24.0] [cxt 0] Parser 'parser': start
[18:28:07.971] [bmv2] [D] [thread 2297] [24.0] [cxt 0] Parser 'parser' entering state 'start'
[18:28:07.971] [bmv2] [D] [thread 2297] [24.0] [cxt 0] Extracting header 'ethernet'
[18:28:07.971] [bmv2] [D] [thread 2297] [24.0] [cxt 0] Parser state 'start': key is 86dd
[18:28:07.971] [bmv2] [T] [thread 2297] [24.0] [cxt 0] Bytes parsed: 14
[18:28:07.971] [bmv2] [D] [thread 2297] [24.0] [cxt 0] Parser 'parser': end
[18:28:07.971] [bmv2] [D] [thread 2297] [24.0] [cxt 0] Pipeline 'ingress': start
[18:28:07.972] [bmv2] [T] [thread 2297] [24.0] [cxt 0] qos.p4(197) Condition "hdr.ipv4.isValid()" (node_2) is false
[18:28:07.972] [bmv2] [D] [thread 2297] [24.0] [cxt 0] Pipeline 'ingress': end
[18:28:07.972] [bmv2] [D] [thread 2297] [24.0] [cxt 0] Egress port is 0
[18:28:07.973] [bmv2] [D] [thread 2298] [24.0] [cxt 0] Pipeline 'egress': start
[18:28:07.973] [bmv2] [D] [thread 2298] [24.0] [cxt 0] Pipeline 'egress': end
[18:28:07.973] [bmv2] [D] [thread 2298] [24.0] [cxt 0] Deparser 'deparser': start
[18:28:07.973] [bmv2] [T] [thread 2298] [24.0] [cxt 0] Skipping checksum 'cksum' update because condition not met
[18:28:07.973] [bmv2] [D] [thread 2298] [24.0] [cxt 0] Deparsing header 'ethernet'
[18:28:07.973] [bmv2] [D] [thread 2298] [24.0] [cxt 0] Deparser 'deparser': end
[18:28:07.973] [bmv2] [D] [thread 2302] [24.0] [cxt 0] Transmitting packet of size 70 out of port 0
[18:28:10.110] [bmv2] [D] [thread 2297] [25.0] [cxt 0] Processing packet received on port 3
[18:28:10.110] [bmv2] [D] [thread 2297] [25.0] [cxt 0] Parser 'parser': start
[18:28:10.110] [bmv2] [D] [thread 2297] [25.0] [cxt 0] Parser 'parser' entering state 'start'
[18:28:10.110] [bmv2] [D] [thread 2297] [25.0] [cxt 0] Extracting header 'ethernet'
[18:28:10.110] [bmv2] [D] [thread 2297] [25.0] [cxt 0] Parser state 'start': key is 86dd
[18:28:10.110] [bmv2] [T] [thread 2297] [25.0] [cxt 0] Bytes parsed: 14
[18:28:10.110] [bmv2] [D] [thread 2297] [25.0] [cxt 0] Parser 'parser': end
[18:28:10.110] [bmv2] [D] [thread 2297] [25.0] [cxt 0] Pipeline 'ingress': start
[18:28:10.110] [bmv2] [T] [thread 2297] [25.0] [cxt 0] qos.p4(197) Condition "hdr.ipv4.isValid()" (node_2) is false
[18:28:10.110] [bmv2] [D] [thread 2297] [25.0] [cxt 0] Pipeline 'ingress': end
[18:28:10.110] [bmv2] [D] [thread 2297] [25.0] [cxt 0] Egress port is 0
[18:28:10.111] [bmv2] [D] [thread 2298] [25.0] [cxt 0] Pipeline 'egress': start
[18:28:10.111] [bmv2] [D] [thread 2298] [25.0] [cxt 0] Pipeline 'egress': end
[18:28:10.111] [bmv2] [D] [thread 2298] [25.0] [cxt 0] Deparser 'deparser': start
[18:28:10.111] [bmv2] [T] [thread 2298] [25.0] [cxt 0] Skipping checksum 'cksum' update because condition not met
[18:28:10.111] [bmv2] [D] [thread 2298] [25.0] [cxt 0] Deparsing header 'ethernet'
[18:28:10.111] [bmv2] [D] [thread 2298] [25.0] [cxt 0] Deparser 'deparser': end
[18:28:10.111] [bmv2] [D] [thread 2302] [25.0] [cxt 0] Transmitting packet of size 70 out of port 0
[18:28:12.989] [bmv2] [D] [thread 2297] [26.0] [cxt 0] Processing packet received on port 3
[18:28:12.989] [bmv2] [D] [thread 2297] [26.0] [cxt 0] Parser 'parser': start
[18:28:12.989] [bmv2] [D] [thread 2297] [26.0] [cxt 0] Parser 'parser' entering state 'start'
[18:28:12.989] [bmv2] [D] [thread 2297] [26.0] [cxt 0] Extracting header 'ethernet'
[18:28:12.989] [bmv2] [D] [thread 2297] [26.0] [cxt 0] Parser state 'start': key is 8100
[18:28:12.989] [bmv2] [T] [thread 2297] [26.0] [cxt 0] Bytes parsed: 14
[18:28:12.989] [bmv2] [D] [thread 2297] [26.0] [cxt 0] Parser 'parser' entering state 'parse_vlan'
[18:28:12.989] [bmv2] [D] [thread 2297] [26.0] [cxt 0] Extracting header 'vlan'
[18:28:12.990] [bmv2] [D] [thread 2297] [26.0] [cxt 0] Parser state 'parse_vlan': key is 0800
[18:28:12.990] [bmv2] [T] [thread 2297] [26.0] [cxt 0] Bytes parsed: 18
[18:28:12.990] [bmv2] [D] [thread 2297] [26.0] [cxt 0] Parser 'parser' entering state 'parse_ipv4'
[18:28:12.990] [bmv2] [D] [thread 2297] [26.0] [cxt 0] Extracting header 'ipv4'
[18:28:12.990] [bmv2] [D] [thread 2297] [26.0] [cxt 0] Parser set: setting field 'scalars.tmp' from expression, new value is 1
[18:28:12.990] [bmv2] [D] [thread 2297] [26.0] [cxt 0] Parser state 'parse_ipv4': key is 06
[18:28:12.990] [bmv2] [T] [thread 2297] [26.0] [cxt 0] Bytes parsed: 38
[18:28:12.990] [bmv2] [D] [thread 2297] [26.0] [cxt 0] Parser 'parser' entering state 'parse_ipv4_option'
[18:28:12.990] [bmv2] [D] [thread 2297] [26.0] [cxt 0] Extracting header 'ipv4_option'
[18:28:12.990] [bmv2] [D] [thread 2297] [26.0] [cxt 0] Parser state 'parse_ipv4_option': key is 1f
[18:28:12.990] [bmv2] [T] [thread 2297] [26.0] [cxt 0] Bytes parsed: 40
[18:28:12.990] [bmv2] [D] [thread 2297] [26.0] [cxt 0] Parser 'parser' entering state 'parse_link_qos'
[18:28:12.991] [bmv2] [D] [thread 2297] [26.0] [cxt 0] Extracting header 'link_qos'
[18:28:12.991] [bmv2] [D] [thread 2297] [26.0] [cxt 0] Parser state 'parse_link_qos' has no switch, going to default next state
[18:28:12.991] [bmv2] [T] [thread 2297] [26.0] [cxt 0] Bytes parsed: 42
[18:28:12.991] [bmv2] [D] [thread 2297] [26.0] [cxt 0] Parser 'parser': end
[18:28:12.991] [bmv2] [D] [thread 2297] [26.0] [cxt 0] Pipeline 'ingress': start
[18:28:12.991] [bmv2] [T] [thread 2297] [26.0] [cxt 0] qos.p4(197) Condition "hdr.ipv4.isValid()" (node_2) is true
[18:28:12.991] [bmv2] [T] [thread 2297] [26.0] [cxt 0] qos.p4(198) Condition "hdr.link_qos.link_qos == TARGET_LINK_QOS" (node_3) is false
[18:28:12.991] [bmv2] [T] [thread 2297] [26.0] [cxt 0] Applying table 'MyIngress.ipv4_lpm'
[18:28:12.991] [bmv2] [D] [thread 2297] [26.0] [cxt 0] Looking up key:
* hdr.ipv4.dstAddr    : 0a000202

[18:28:12.991] [bmv2] [D] [thread 2297] [26.0] [cxt 0] Table 'MyIngress.ipv4_lpm': hit with handle 0
[18:28:12.992] [bmv2] [D] [thread 2297] [26.0] [cxt 0] Dumping entry 0
Match key:
* hdr.ipv4.dstAddr    : LPM       0a000202/32
Action entry: MyIngress.ipv4_forward - 80000000202,2,

[18:28:12.992] [bmv2] [D] [thread 2297] [26.0] [cxt 0] Action entry is MyIngress.ipv4_forward - 80000000202,2,
[18:28:12.992] [bmv2] [T] [thread 2297] [26.0] [cxt 0] Action MyIngress.ipv4_forward
[18:28:12.992] [bmv2] [T] [thread 2297] [26.0] [cxt 0] qos.p4(175) Primitive standard_metadata.egress_spec = port
[18:28:12.992] [bmv2] [T] [thread 2297] [26.0] [cxt 0] qos.p4(176) Primitive hdr.ethernet.srcAddr = hdr.ethernet.dstAddr
[18:28:12.992] [bmv2] [T] [thread 2297] [26.0] [cxt 0] qos.p4(177) Primitive hdr.ethernet.dstAddr = dstAddr
[18:28:12.992] [bmv2] [T] [thread 2297] [26.0] [cxt 0] qos.p4(178) Primitive hdr.ipv4.ttl = hdr.ipv4.ttl - 1
[18:28:12.992] [bmv2] [D] [thread 2297] [26.0] [cxt 0] Pipeline 'ingress': end
[18:28:12.992] [bmv2] [D] [thread 2297] [26.0] [cxt 0] Egress port is 2
[18:28:12.993] [bmv2] [D] [thread 2300] [26.0] [cxt 0] Pipeline 'egress': start
[18:28:12.993] [bmv2] [D] [thread 2300] [26.0] [cxt 0] Pipeline 'egress': end
[18:28:12.993] [bmv2] [D] [thread 2300] [26.0] [cxt 0] Deparser 'deparser': start
[18:28:12.993] [bmv2] [D] [thread 2300] [26.0] [cxt 0] Updating checksum 'cksum'
[18:28:12.993] [bmv2] [D] [thread 2300] [26.0] [cxt 0] Deparsing header 'ethernet'
[18:28:12.993] [bmv2] [D] [thread 2300] [26.0] [cxt 0] Deparsing header 'vlan'
[18:28:12.993] [bmv2] [D] [thread 2300] [26.0] [cxt 0] Deparsing header 'ipv4'
[18:28:12.993] [bmv2] [D] [thread 2300] [26.0] [cxt 0] Deparsing header 'ipv4_option'
[18:28:12.993] [bmv2] [D] [thread 2300] [26.0] [cxt 0] Deparsing header 'link_qos'
[18:28:12.994] [bmv2] [D] [thread 2300] [26.0] [cxt 0] Deparser 'deparser': end
[18:28:12.994] [bmv2] [D] [thread 2302] [26.0] [cxt 0] Transmitting packet of size 50 out of port 2
[18:28:13.999] [bmv2] [D] [thread 2297] [27.0] [cxt 0] Processing packet received on port 3
[18:28:13.999] [bmv2] [D] [thread 2297] [27.0] [cxt 0] Parser 'parser': start
[18:28:13.999] [bmv2] [D] [thread 2297] [27.0] [cxt 0] Parser 'parser' entering state 'start'
[18:28:13.999] [bmv2] [D] [thread 2297] [27.0] [cxt 0] Extracting header 'ethernet'
[18:28:13.999] [bmv2] [D] [thread 2297] [27.0] [cxt 0] Parser state 'start': key is 8100
[18:28:14.000] [bmv2] [T] [thread 2297] [27.0] [cxt 0] Bytes parsed: 14
[18:28:14.000] [bmv2] [D] [thread 2297] [27.0] [cxt 0] Parser 'parser' entering state 'parse_vlan'
[18:28:14.000] [bmv2] [D] [thread 2297] [27.0] [cxt 0] Extracting header 'vlan'
[18:28:14.000] [bmv2] [D] [thread 2297] [27.0] [cxt 0] Parser state 'parse_vlan': key is 0800
[18:28:14.000] [bmv2] [T] [thread 2297] [27.0] [cxt 0] Bytes parsed: 18
[18:28:14.000] [bmv2] [D] [thread 2297] [27.0] [cxt 0] Parser 'parser' entering state 'parse_ipv4'
[18:28:14.000] [bmv2] [D] [thread 2297] [27.0] [cxt 0] Extracting header 'ipv4'
[18:28:14.000] [bmv2] [D] [thread 2297] [27.0] [cxt 0] Parser set: setting field 'scalars.tmp' from expression, new value is 1
[18:28:14.001] [bmv2] [D] [thread 2297] [27.0] [cxt 0] Parser state 'parse_ipv4': key is 06
[18:28:14.001] [bmv2] [T] [thread 2297] [27.0] [cxt 0] Bytes parsed: 38
[18:28:14.001] [bmv2] [D] [thread 2297] [27.0] [cxt 0] Parser 'parser' entering state 'parse_ipv4_option'
[18:28:14.001] [bmv2] [D] [thread 2297] [27.0] [cxt 0] Extracting header 'ipv4_option'
[18:28:14.001] [bmv2] [D] [thread 2297] [27.0] [cxt 0] Parser state 'parse_ipv4_option': key is 1f
[18:28:14.001] [bmv2] [T] [thread 2297] [27.0] [cxt 0] Bytes parsed: 40
[18:28:14.001] [bmv2] [D] [thread 2297] [27.0] [cxt 0] Parser 'parser' entering state 'parse_link_qos'
[18:28:14.001] [bmv2] [D] [thread 2297] [27.0] [cxt 0] Extracting header 'link_qos'
[18:28:14.001] [bmv2] [D] [thread 2297] [27.0] [cxt 0] Parser state 'parse_link_qos' has no switch, going to default next state
[18:28:14.001] [bmv2] [T] [thread 2297] [27.0] [cxt 0] Bytes parsed: 42
[18:28:14.001] [bmv2] [D] [thread 2297] [27.0] [cxt 0] Parser 'parser': end
[18:28:14.002] [bmv2] [D] [thread 2297] [27.0] [cxt 0] Pipeline 'ingress': start
[18:28:14.002] [bmv2] [T] [thread 2297] [27.0] [cxt 0] qos.p4(197) Condition "hdr.ipv4.isValid()" (node_2) is true
[18:28:14.002] [bmv2] [T] [thread 2297] [27.0] [cxt 0] qos.p4(198) Condition "hdr.link_qos.link_qos == TARGET_LINK_QOS" (node_3) is false
[18:28:14.002] [bmv2] [T] [thread 2297] [27.0] [cxt 0] Applying table 'MyIngress.ipv4_lpm'
[18:28:14.002] [bmv2] [D] [thread 2297] [27.0] [cxt 0] Looking up key:
* hdr.ipv4.dstAddr    : 0a000202

[18:28:14.002] [bmv2] [D] [thread 2297] [27.0] [cxt 0] Table 'MyIngress.ipv4_lpm': hit with handle 0
[18:28:14.003] [bmv2] [D] [thread 2297] [27.0] [cxt 0] Dumping entry 0
Match key:
* hdr.ipv4.dstAddr    : LPM       0a000202/32
Action entry: MyIngress.ipv4_forward - 80000000202,2,

[18:28:14.003] [bmv2] [D] [thread 2297] [27.0] [cxt 0] Action entry is MyIngress.ipv4_forward - 80000000202,2,
[18:28:14.003] [bmv2] [T] [thread 2297] [27.0] [cxt 0] Action MyIngress.ipv4_forward
[18:28:14.003] [bmv2] [T] [thread 2297] [27.0] [cxt 0] qos.p4(175) Primitive standard_metadata.egress_spec = port
[18:28:14.003] [bmv2] [T] [thread 2297] [27.0] [cxt 0] qos.p4(176) Primitive hdr.ethernet.srcAddr = hdr.ethernet.dstAddr
[18:28:14.004] [bmv2] [T] [thread 2297] [27.0] [cxt 0] qos.p4(177) Primitive hdr.ethernet.dstAddr = dstAddr
[18:28:14.004] [bmv2] [T] [thread 2297] [27.0] [cxt 0] qos.p4(178) Primitive hdr.ipv4.ttl = hdr.ipv4.ttl - 1
[18:28:14.005] [bmv2] [D] [thread 2297] [27.0] [cxt 0] Pipeline 'ingress': end
[18:28:14.005] [bmv2] [D] [thread 2297] [27.0] [cxt 0] Egress port is 2
[18:28:14.005] [bmv2] [D] [thread 2300] [27.0] [cxt 0] Pipeline 'egress': start
[18:28:14.005] [bmv2] [D] [thread 2300] [27.0] [cxt 0] Pipeline 'egress': end
[18:28:14.005] [bmv2] [D] [thread 2300] [27.0] [cxt 0] Deparser 'deparser': start
[18:28:14.005] [bmv2] [D] [thread 2300] [27.0] [cxt 0] Updating checksum 'cksum'
[18:28:14.005] [bmv2] [D] [thread 2300] [27.0] [cxt 0] Deparsing header 'ethernet'
[18:28:14.006] [bmv2] [D] [thread 2300] [27.0] [cxt 0] Deparsing header 'vlan'
[18:28:14.006] [bmv2] [D] [thread 2300] [27.0] [cxt 0] Deparsing header 'ipv4'
[18:28:14.006] [bmv2] [D] [thread 2300] [27.0] [cxt 0] Deparsing header 'ipv4_option'
[18:28:14.006] [bmv2] [D] [thread 2300] [27.0] [cxt 0] Deparsing header 'link_qos'
[18:28:14.006] [bmv2] [D] [thread 2300] [27.0] [cxt 0] Deparser 'deparser': end
[18:28:14.006] [bmv2] [D] [thread 2302] [27.0] [cxt 0] Transmitting packet of size 50 out of port 2
[18:28:15.036] [bmv2] [D] [thread 2297] [28.0] [cxt 0] Processing packet received on port 3
[18:28:15.036] [bmv2] [D] [thread 2297] [28.0] [cxt 0] Parser 'parser': start
[18:28:15.036] [bmv2] [D] [thread 2297] [28.0] [cxt 0] Parser 'parser' entering state 'start'
[18:28:15.036] [bmv2] [D] [thread 2297] [28.0] [cxt 0] Extracting header 'ethernet'
[18:28:15.036] [bmv2] [D] [thread 2297] [28.0] [cxt 0] Parser state 'start': key is 8100
[18:28:15.036] [bmv2] [T] [thread 2297] [28.0] [cxt 0] Bytes parsed: 14
[18:28:15.037] [bmv2] [D] [thread 2297] [28.0] [cxt 0] Parser 'parser' entering state 'parse_vlan'
[18:28:15.037] [bmv2] [D] [thread 2297] [28.0] [cxt 0] Extracting header 'vlan'
[18:28:15.037] [bmv2] [D] [thread 2297] [28.0] [cxt 0] Parser state 'parse_vlan': key is 0800
[18:28:15.037] [bmv2] [T] [thread 2297] [28.0] [cxt 0] Bytes parsed: 18
[18:28:15.037] [bmv2] [D] [thread 2297] [28.0] [cxt 0] Parser 'parser' entering state 'parse_ipv4'
[18:28:15.037] [bmv2] [D] [thread 2297] [28.0] [cxt 0] Extracting header 'ipv4'
[18:28:15.037] [bmv2] [D] [thread 2297] [28.0] [cxt 0] Parser set: setting field 'scalars.tmp' from expression, new value is 1
[18:28:15.037] [bmv2] [D] [thread 2297] [28.0] [cxt 0] Parser state 'parse_ipv4': key is 06
[18:28:15.037] [bmv2] [T] [thread 2297] [28.0] [cxt 0] Bytes parsed: 38
[18:28:15.037] [bmv2] [D] [thread 2297] [28.0] [cxt 0] Parser 'parser' entering state 'parse_ipv4_option'
[18:28:15.037] [bmv2] [D] [thread 2297] [28.0] [cxt 0] Extracting header 'ipv4_option'
[18:28:15.037] [bmv2] [D] [thread 2297] [28.0] [cxt 0] Parser state 'parse_ipv4_option': key is 1f
[18:28:15.037] [bmv2] [T] [thread 2297] [28.0] [cxt 0] Bytes parsed: 40
[18:28:15.037] [bmv2] [D] [thread 2297] [28.0] [cxt 0] Parser 'parser' entering state 'parse_link_qos'
[18:28:15.037] [bmv2] [D] [thread 2297] [28.0] [cxt 0] Extracting header 'link_qos'
[18:28:15.037] [bmv2] [D] [thread 2297] [28.0] [cxt 0] Parser state 'parse_link_qos' has no switch, going to default next state
[18:28:15.038] [bmv2] [T] [thread 2297] [28.0] [cxt 0] Bytes parsed: 42
[18:28:15.038] [bmv2] [D] [thread 2297] [28.0] [cxt 0] Parser 'parser': end
[18:28:15.038] [bmv2] [D] [thread 2297] [28.0] [cxt 0] Pipeline 'ingress': start
[18:28:15.038] [bmv2] [T] [thread 2297] [28.0] [cxt 0] qos.p4(197) Condition "hdr.ipv4.isValid()" (node_2) is true
[18:28:15.038] [bmv2] [T] [thread 2297] [28.0] [cxt 0] qos.p4(198) Condition "hdr.link_qos.link_qos == TARGET_LINK_QOS" (node_3) is false
[18:28:15.038] [bmv2] [T] [thread 2297] [28.0] [cxt 0] Applying table 'MyIngress.ipv4_lpm'
[18:28:15.038] [bmv2] [D] [thread 2297] [28.0] [cxt 0] Looking up key:
* hdr.ipv4.dstAddr    : 0a000202

[18:28:15.038] [bmv2] [D] [thread 2297] [28.0] [cxt 0] Table 'MyIngress.ipv4_lpm': hit with handle 0
[18:28:15.038] [bmv2] [D] [thread 2297] [28.0] [cxt 0] Dumping entry 0
Match key:
* hdr.ipv4.dstAddr    : LPM       0a000202/32
Action entry: MyIngress.ipv4_forward - 80000000202,2,

[18:28:15.038] [bmv2] [D] [thread 2297] [28.0] [cxt 0] Action entry is MyIngress.ipv4_forward - 80000000202,2,
[18:28:15.038] [bmv2] [T] [thread 2297] [28.0] [cxt 0] Action MyIngress.ipv4_forward
[18:28:15.038] [bmv2] [T] [thread 2297] [28.0] [cxt 0] qos.p4(175) Primitive standard_metadata.egress_spec = port
[18:28:15.038] [bmv2] [T] [thread 2297] [28.0] [cxt 0] qos.p4(176) Primitive hdr.ethernet.srcAddr = hdr.ethernet.dstAddr
[18:28:15.038] [bmv2] [T] [thread 2297] [28.0] [cxt 0] qos.p4(177) Primitive hdr.ethernet.dstAddr = dstAddr
[18:28:15.038] [bmv2] [T] [thread 2297] [28.0] [cxt 0] qos.p4(178) Primitive hdr.ipv4.ttl = hdr.ipv4.ttl - 1
[18:28:15.039] [bmv2] [D] [thread 2297] [28.0] [cxt 0] Pipeline 'ingress': end
[18:28:15.039] [bmv2] [D] [thread 2297] [28.0] [cxt 0] Egress port is 2
[18:28:15.039] [bmv2] [D] [thread 2300] [28.0] [cxt 0] Pipeline 'egress': start
[18:28:15.039] [bmv2] [D] [thread 2300] [28.0] [cxt 0] Pipeline 'egress': end
[18:28:15.039] [bmv2] [D] [thread 2300] [28.0] [cxt 0] Deparser 'deparser': start
[18:28:15.039] [bmv2] [D] [thread 2300] [28.0] [cxt 0] Updating checksum 'cksum'
[18:28:15.039] [bmv2] [D] [thread 2300] [28.0] [cxt 0] Deparsing header 'ethernet'
[18:28:15.039] [bmv2] [D] [thread 2300] [28.0] [cxt 0] Deparsing header 'vlan'
[18:28:15.039] [bmv2] [D] [thread 2300] [28.0] [cxt 0] Deparsing header 'ipv4'
[18:28:15.039] [bmv2] [D] [thread 2300] [28.0] [cxt 0] Deparsing header 'ipv4_option'
[18:28:15.039] [bmv2] [D] [thread 2300] [28.0] [cxt 0] Deparsing header 'link_qos'
[18:28:15.039] [bmv2] [D] [thread 2300] [28.0] [cxt 0] Deparser 'deparser': end
[18:28:15.039] [bmv2] [D] [thread 2302] [28.0] [cxt 0] Transmitting packet of size 50 out of port 2
[18:28:16.067] [bmv2] [D] [thread 2297] [29.0] [cxt 0] Processing packet received on port 3
[18:28:16.067] [bmv2] [D] [thread 2297] [29.0] [cxt 0] Parser 'parser': start
[18:28:16.068] [bmv2] [D] [thread 2297] [29.0] [cxt 0] Parser 'parser' entering state 'start'
[18:28:16.068] [bmv2] [D] [thread 2297] [29.0] [cxt 0] Extracting header 'ethernet'
[18:28:16.068] [bmv2] [D] [thread 2297] [29.0] [cxt 0] Parser state 'start': key is 8100
[18:28:16.068] [bmv2] [T] [thread 2297] [29.0] [cxt 0] Bytes parsed: 14
[18:28:16.068] [bmv2] [D] [thread 2297] [29.0] [cxt 0] Parser 'parser' entering state 'parse_vlan'
[18:28:16.068] [bmv2] [D] [thread 2297] [29.0] [cxt 0] Extracting header 'vlan'
[18:28:16.068] [bmv2] [D] [thread 2297] [29.0] [cxt 0] Parser state 'parse_vlan': key is 0800
[18:28:16.068] [bmv2] [T] [thread 2297] [29.0] [cxt 0] Bytes parsed: 18
[18:28:16.068] [bmv2] [D] [thread 2297] [29.0] [cxt 0] Parser 'parser' entering state 'parse_ipv4'
[18:28:16.069] [bmv2] [D] [thread 2297] [29.0] [cxt 0] Extracting header 'ipv4'
[18:28:16.069] [bmv2] [D] [thread 2297] [29.0] [cxt 0] Parser set: setting field 'scalars.tmp' from expression, new value is 1
[18:28:16.069] [bmv2] [D] [thread 2297] [29.0] [cxt 0] Parser state 'parse_ipv4': key is 06
[18:28:16.069] [bmv2] [T] [thread 2297] [29.0] [cxt 0] Bytes parsed: 38
[18:28:16.069] [bmv2] [D] [thread 2297] [29.0] [cxt 0] Parser 'parser' entering state 'parse_ipv4_option'
[18:28:16.069] [bmv2] [D] [thread 2297] [29.0] [cxt 0] Extracting header 'ipv4_option'
[18:28:16.069] [bmv2] [D] [thread 2297] [29.0] [cxt 0] Parser state 'parse_ipv4_option': key is 1f
[18:28:16.069] [bmv2] [T] [thread 2297] [29.0] [cxt 0] Bytes parsed: 40
[18:28:16.069] [bmv2] [D] [thread 2297] [29.0] [cxt 0] Parser 'parser' entering state 'parse_link_qos'
[18:28:16.069] [bmv2] [D] [thread 2297] [29.0] [cxt 0] Extracting header 'link_qos'
[18:28:16.069] [bmv2] [D] [thread 2297] [29.0] [cxt 0] Parser state 'parse_link_qos' has no switch, going to default next state
[18:28:16.070] [bmv2] [T] [thread 2297] [29.0] [cxt 0] Bytes parsed: 42
[18:28:16.070] [bmv2] [D] [thread 2297] [29.0] [cxt 0] Parser 'parser': end
[18:28:16.070] [bmv2] [D] [thread 2297] [29.0] [cxt 0] Pipeline 'ingress': start
[18:28:16.070] [bmv2] [T] [thread 2297] [29.0] [cxt 0] qos.p4(197) Condition "hdr.ipv4.isValid()" (node_2) is true
[18:28:16.070] [bmv2] [T] [thread 2297] [29.0] [cxt 0] qos.p4(198) Condition "hdr.link_qos.link_qos == TARGET_LINK_QOS" (node_3) is false
[18:28:16.070] [bmv2] [T] [thread 2297] [29.0] [cxt 0] Applying table 'MyIngress.ipv4_lpm'
[18:28:16.070] [bmv2] [D] [thread 2297] [29.0] [cxt 0] Looking up key:
* hdr.ipv4.dstAddr    : 0a000202

[18:28:16.070] [bmv2] [D] [thread 2297] [29.0] [cxt 0] Table 'MyIngress.ipv4_lpm': hit with handle 0
[18:28:16.070] [bmv2] [D] [thread 2297] [29.0] [cxt 0] Dumping entry 0
Match key:
* hdr.ipv4.dstAddr    : LPM       0a000202/32
Action entry: MyIngress.ipv4_forward - 80000000202,2,

[18:28:16.070] [bmv2] [D] [thread 2297] [29.0] [cxt 0] Action entry is MyIngress.ipv4_forward - 80000000202,2,
[18:28:16.071] [bmv2] [T] [thread 2297] [29.0] [cxt 0] Action MyIngress.ipv4_forward
[18:28:16.071] [bmv2] [T] [thread 2297] [29.0] [cxt 0] qos.p4(175) Primitive standard_metadata.egress_spec = port
[18:28:16.071] [bmv2] [T] [thread 2297] [29.0] [cxt 0] qos.p4(176) Primitive hdr.ethernet.srcAddr = hdr.ethernet.dstAddr
[18:28:16.071] [bmv2] [T] [thread 2297] [29.0] [cxt 0] qos.p4(177) Primitive hdr.ethernet.dstAddr = dstAddr
[18:28:16.071] [bmv2] [T] [thread 2297] [29.0] [cxt 0] qos.p4(178) Primitive hdr.ipv4.ttl = hdr.ipv4.ttl - 1
[18:28:16.071] [bmv2] [D] [thread 2297] [29.0] [cxt 0] Pipeline 'ingress': end
[18:28:16.071] [bmv2] [D] [thread 2297] [29.0] [cxt 0] Egress port is 2
[18:28:16.071] [bmv2] [D] [thread 2300] [29.0] [cxt 0] Pipeline 'egress': start
[18:28:16.071] [bmv2] [D] [thread 2300] [29.0] [cxt 0] Pipeline 'egress': end
[18:28:16.071] [bmv2] [D] [thread 2300] [29.0] [cxt 0] Deparser 'deparser': start
[18:28:16.071] [bmv2] [D] [thread 2300] [29.0] [cxt 0] Updating checksum 'cksum'
[18:28:16.071] [bmv2] [D] [thread 2300] [29.0] [cxt 0] Deparsing header 'ethernet'
[18:28:16.071] [bmv2] [D] [thread 2300] [29.0] [cxt 0] Deparsing header 'vlan'
[18:28:16.071] [bmv2] [D] [thread 2300] [29.0] [cxt 0] Deparsing header 'ipv4'
[18:28:16.072] [bmv2] [D] [thread 2300] [29.0] [cxt 0] Deparsing header 'ipv4_option'
[18:28:16.072] [bmv2] [D] [thread 2300] [29.0] [cxt 0] Deparsing header 'link_qos'
[18:28:16.072] [bmv2] [D] [thread 2300] [29.0] [cxt 0] Deparser 'deparser': end
[18:28:16.072] [bmv2] [D] [thread 2302] [29.0] [cxt 0] Transmitting packet of size 50 out of port 2
[18:28:17.109] [bmv2] [D] [thread 2297] [30.0] [cxt 0] Processing packet received on port 3
[18:28:17.109] [bmv2] [D] [thread 2297] [30.0] [cxt 0] Parser 'parser': start
[18:28:17.109] [bmv2] [D] [thread 2297] [30.0] [cxt 0] Parser 'parser' entering state 'start'
[18:28:17.109] [bmv2] [D] [thread 2297] [30.0] [cxt 0] Extracting header 'ethernet'
[18:28:17.109] [bmv2] [D] [thread 2297] [30.0] [cxt 0] Parser state 'start': key is 8100
[18:28:17.109] [bmv2] [T] [thread 2297] [30.0] [cxt 0] Bytes parsed: 14
[18:28:17.109] [bmv2] [D] [thread 2297] [30.0] [cxt 0] Parser 'parser' entering state 'parse_vlan'
[18:28:17.109] [bmv2] [D] [thread 2297] [30.0] [cxt 0] Extracting header 'vlan'
[18:28:17.109] [bmv2] [D] [thread 2297] [30.0] [cxt 0] Parser state 'parse_vlan': key is 0800
[18:28:17.109] [bmv2] [T] [thread 2297] [30.0] [cxt 0] Bytes parsed: 18
[18:28:17.109] [bmv2] [D] [thread 2297] [30.0] [cxt 0] Parser 'parser' entering state 'parse_ipv4'
[18:28:17.109] [bmv2] [D] [thread 2297] [30.0] [cxt 0] Extracting header 'ipv4'
[18:28:17.109] [bmv2] [D] [thread 2297] [30.0] [cxt 0] Parser set: setting field 'scalars.tmp' from expression, new value is 1
[18:28:17.109] [bmv2] [D] [thread 2297] [30.0] [cxt 0] Parser state 'parse_ipv4': key is 06
[18:28:17.109] [bmv2] [T] [thread 2297] [30.0] [cxt 0] Bytes parsed: 38
[18:28:17.109] [bmv2] [D] [thread 2297] [30.0] [cxt 0] Parser 'parser' entering state 'parse_ipv4_option'
[18:28:17.110] [bmv2] [D] [thread 2297] [30.0] [cxt 0] Extracting header 'ipv4_option'
[18:28:17.110] [bmv2] [D] [thread 2297] [30.0] [cxt 0] Parser state 'parse_ipv4_option': key is 1f
[18:28:17.110] [bmv2] [T] [thread 2297] [30.0] [cxt 0] Bytes parsed: 40
[18:28:17.110] [bmv2] [D] [thread 2297] [30.0] [cxt 0] Parser 'parser' entering state 'parse_link_qos'
[18:28:17.110] [bmv2] [D] [thread 2297] [30.0] [cxt 0] Extracting header 'link_qos'
[18:28:17.110] [bmv2] [D] [thread 2297] [30.0] [cxt 0] Parser state 'parse_link_qos' has no switch, going to default next state
[18:28:17.110] [bmv2] [T] [thread 2297] [30.0] [cxt 0] Bytes parsed: 42
[18:28:17.110] [bmv2] [D] [thread 2297] [30.0] [cxt 0] Parser 'parser': end
[18:28:17.110] [bmv2] [D] [thread 2297] [30.0] [cxt 0] Pipeline 'ingress': start
[18:28:17.110] [bmv2] [T] [thread 2297] [30.0] [cxt 0] qos.p4(197) Condition "hdr.ipv4.isValid()" (node_2) is true
[18:28:17.110] [bmv2] [T] [thread 2297] [30.0] [cxt 0] qos.p4(198) Condition "hdr.link_qos.link_qos == TARGET_LINK_QOS" (node_3) is false
[18:28:17.110] [bmv2] [T] [thread 2297] [30.0] [cxt 0] Applying table 'MyIngress.ipv4_lpm'
[18:28:17.110] [bmv2] [D] [thread 2297] [30.0] [cxt 0] Looking up key:
* hdr.ipv4.dstAddr    : 0a000202

[18:28:17.110] [bmv2] [D] [thread 2297] [30.0] [cxt 0] Table 'MyIngress.ipv4_lpm': hit with handle 0
[18:28:17.110] [bmv2] [D] [thread 2297] [30.0] [cxt 0] Dumping entry 0
Match key:
* hdr.ipv4.dstAddr    : LPM       0a000202/32
Action entry: MyIngress.ipv4_forward - 80000000202,2,

[18:28:17.110] [bmv2] [D] [thread 2297] [30.0] [cxt 0] Action entry is MyIngress.ipv4_forward - 80000000202,2,
[18:28:17.110] [bmv2] [T] [thread 2297] [30.0] [cxt 0] Action MyIngress.ipv4_forward
[18:28:17.110] [bmv2] [T] [thread 2297] [30.0] [cxt 0] qos.p4(175) Primitive standard_metadata.egress_spec = port
[18:28:17.110] [bmv2] [T] [thread 2297] [30.0] [cxt 0] qos.p4(176) Primitive hdr.ethernet.srcAddr = hdr.ethernet.dstAddr
[18:28:17.110] [bmv2] [T] [thread 2297] [30.0] [cxt 0] qos.p4(177) Primitive hdr.ethernet.dstAddr = dstAddr
[18:28:17.110] [bmv2] [T] [thread 2297] [30.0] [cxt 0] qos.p4(178) Primitive hdr.ipv4.ttl = hdr.ipv4.ttl - 1
[18:28:17.110] [bmv2] [D] [thread 2297] [30.0] [cxt 0] Pipeline 'ingress': end
[18:28:17.110] [bmv2] [D] [thread 2297] [30.0] [cxt 0] Egress port is 2
[18:28:17.110] [bmv2] [D] [thread 2300] [30.0] [cxt 0] Pipeline 'egress': start
[18:28:17.110] [bmv2] [D] [thread 2300] [30.0] [cxt 0] Pipeline 'egress': end
[18:28:17.110] [bmv2] [D] [thread 2300] [30.0] [cxt 0] Deparser 'deparser': start
[18:28:17.110] [bmv2] [D] [thread 2300] [30.0] [cxt 0] Updating checksum 'cksum'
[18:28:17.111] [bmv2] [D] [thread 2300] [30.0] [cxt 0] Deparsing header 'ethernet'
[18:28:17.111] [bmv2] [D] [thread 2300] [30.0] [cxt 0] Deparsing header 'vlan'
[18:28:17.111] [bmv2] [D] [thread 2300] [30.0] [cxt 0] Deparsing header 'ipv4'
[18:28:17.111] [bmv2] [D] [thread 2300] [30.0] [cxt 0] Deparsing header 'ipv4_option'
[18:28:17.111] [bmv2] [D] [thread 2300] [30.0] [cxt 0] Deparsing header 'link_qos'
[18:28:17.111] [bmv2] [D] [thread 2300] [30.0] [cxt 0] Deparser 'deparser': end
[18:28:17.111] [bmv2] [D] [thread 2302] [30.0] [cxt 0] Transmitting packet of size 50 out of port 2
[18:28:20.252] [bmv2] [D] [thread 2297] [31.0] [cxt 0] Processing packet received on port 4
[18:28:20.253] [bmv2] [D] [thread 2297] [31.0] [cxt 0] Parser 'parser': start
[18:28:20.253] [bmv2] [D] [thread 2297] [31.0] [cxt 0] Parser 'parser' entering state 'start'
[18:28:20.253] [bmv2] [D] [thread 2297] [31.0] [cxt 0] Extracting header 'ethernet'
[18:28:20.254] [bmv2] [D] [thread 2297] [31.0] [cxt 0] Parser state 'start': key is 86dd
[18:28:20.254] [bmv2] [T] [thread 2297] [31.0] [cxt 0] Bytes parsed: 14
[18:28:20.254] [bmv2] [D] [thread 2297] [31.0] [cxt 0] Parser 'parser': end
[18:28:20.254] [bmv2] [D] [thread 2297] [31.0] [cxt 0] Pipeline 'ingress': start
[18:28:20.254] [bmv2] [T] [thread 2297] [31.0] [cxt 0] qos.p4(197) Condition "hdr.ipv4.isValid()" (node_2) is false
[18:28:20.254] [bmv2] [D] [thread 2297] [31.0] [cxt 0] Pipeline 'ingress': end
[18:28:20.254] [bmv2] [D] [thread 2297] [31.0] [cxt 0] Egress port is 0
[18:28:20.260] [bmv2] [D] [thread 2298] [31.0] [cxt 0] Pipeline 'egress': start
[18:28:20.260] [bmv2] [D] [thread 2298] [31.0] [cxt 0] Pipeline 'egress': end
[18:28:20.260] [bmv2] [D] [thread 2298] [31.0] [cxt 0] Deparser 'deparser': start
[18:28:20.260] [bmv2] [T] [thread 2298] [31.0] [cxt 0] Skipping checksum 'cksum' update because condition not met
[18:28:20.260] [bmv2] [D] [thread 2298] [31.0] [cxt 0] Deparsing header 'ethernet'
[18:28:20.260] [bmv2] [D] [thread 2298] [31.0] [cxt 0] Deparser 'deparser': end
[18:28:20.260] [bmv2] [D] [thread 2302] [31.0] [cxt 0] Transmitting packet of size 70 out of port 0
[18:28:24.352] [bmv2] [D] [thread 2297] [32.0] [cxt 0] Processing packet received on port 1
[18:28:24.353] [bmv2] [D] [thread 2297] [32.0] [cxt 0] Parser 'parser': start
[18:28:24.353] [bmv2] [D] [thread 2297] [32.0] [cxt 0] Parser 'parser' entering state 'start'
[18:28:24.353] [bmv2] [D] [thread 2297] [32.0] [cxt 0] Extracting header 'ethernet'
[18:28:24.353] [bmv2] [D] [thread 2297] [32.0] [cxt 0] Parser state 'start': key is 86dd
[18:28:24.353] [bmv2] [T] [thread 2297] [32.0] [cxt 0] Bytes parsed: 14
[18:28:24.353] [bmv2] [D] [thread 2297] [32.0] [cxt 0] Parser 'parser': end
[18:28:24.353] [bmv2] [D] [thread 2297] [32.0] [cxt 0] Pipeline 'ingress': start
[18:28:24.353] [bmv2] [T] [thread 2297] [32.0] [cxt 0] qos.p4(197) Condition "hdr.ipv4.isValid()" (node_2) is false
[18:28:24.353] [bmv2] [D] [thread 2297] [32.0] [cxt 0] Pipeline 'ingress': end
[18:28:24.354] [bmv2] [D] [thread 2297] [32.0] [cxt 0] Egress port is 0
[18:28:24.354] [bmv2] [D] [thread 2298] [32.0] [cxt 0] Pipeline 'egress': start
[18:28:24.354] [bmv2] [D] [thread 2298] [32.0] [cxt 0] Pipeline 'egress': end
[18:28:24.354] [bmv2] [D] [thread 2298] [32.0] [cxt 0] Deparser 'deparser': start
[18:28:24.354] [bmv2] [T] [thread 2298] [32.0] [cxt 0] Skipping checksum 'cksum' update because condition not met
[18:28:24.354] [bmv2] [D] [thread 2298] [32.0] [cxt 0] Deparsing header 'ethernet'
[18:28:24.354] [bmv2] [D] [thread 2298] [32.0] [cxt 0] Deparser 'deparser': end
[18:28:24.354] [bmv2] [D] [thread 2302] [32.0] [cxt 0] Transmitting packet of size 70 out of port 0
[18:28:30.465] [bmv2] [D] [thread 2297] [33.0] [cxt 0] Processing packet received on port 3
[18:28:30.466] [bmv2] [D] [thread 2297] [33.0] [cxt 0] Parser 'parser': start
[18:28:30.466] [bmv2] [D] [thread 2297] [33.0] [cxt 0] Parser 'parser' entering state 'start'
[18:28:30.466] [bmv2] [D] [thread 2297] [33.0] [cxt 0] Extracting header 'ethernet'
[18:28:30.466] [bmv2] [D] [thread 2297] [33.0] [cxt 0] Parser state 'start': key is 8100
[18:28:30.466] [bmv2] [T] [thread 2297] [33.0] [cxt 0] Bytes parsed: 14
[18:28:30.467] [bmv2] [D] [thread 2297] [33.0] [cxt 0] Parser 'parser' entering state 'parse_vlan'
[18:28:30.467] [bmv2] [D] [thread 2297] [33.0] [cxt 0] Extracting header 'vlan'
[18:28:30.467] [bmv2] [D] [thread 2297] [33.0] [cxt 0] Parser state 'parse_vlan': key is 0800
[18:28:30.467] [bmv2] [T] [thread 2297] [33.0] [cxt 0] Bytes parsed: 18
[18:28:30.467] [bmv2] [D] [thread 2297] [33.0] [cxt 0] Parser 'parser' entering state 'parse_ipv4'
[18:28:30.467] [bmv2] [D] [thread 2297] [33.0] [cxt 0] Extracting header 'ipv4'
[18:28:30.468] [bmv2] [D] [thread 2297] [33.0] [cxt 0] Parser set: setting field 'scalars.tmp' from expression, new value is 1
[18:28:30.468] [bmv2] [D] [thread 2297] [33.0] [cxt 0] Parser state 'parse_ipv4': key is 06
[18:28:30.468] [bmv2] [T] [thread 2297] [33.0] [cxt 0] Bytes parsed: 38
[18:28:30.468] [bmv2] [D] [thread 2297] [33.0] [cxt 0] Parser 'parser' entering state 'parse_ipv4_option'
[18:28:30.468] [bmv2] [D] [thread 2297] [33.0] [cxt 0] Extracting header 'ipv4_option'
[18:28:30.468] [bmv2] [D] [thread 2297] [33.0] [cxt 0] Parser state 'parse_ipv4_option': key is 1f
[18:28:30.468] [bmv2] [T] [thread 2297] [33.0] [cxt 0] Bytes parsed: 40
[18:28:30.469] [bmv2] [D] [thread 2297] [33.0] [cxt 0] Parser 'parser' entering state 'parse_link_qos'
[18:28:30.469] [bmv2] [D] [thread 2297] [33.0] [cxt 0] Extracting header 'link_qos'
[18:28:30.469] [bmv2] [D] [thread 2297] [33.0] [cxt 0] Parser state 'parse_link_qos' has no switch, going to default next state
[18:28:30.469] [bmv2] [T] [thread 2297] [33.0] [cxt 0] Bytes parsed: 42
[18:28:30.469] [bmv2] [D] [thread 2297] [33.0] [cxt 0] Parser 'parser': end
[18:28:30.469] [bmv2] [D] [thread 2297] [33.0] [cxt 0] Pipeline 'ingress': start
[18:28:30.469] [bmv2] [T] [thread 2297] [33.0] [cxt 0] qos.p4(197) Condition "hdr.ipv4.isValid()" (node_2) is true
[18:28:30.469] [bmv2] [T] [thread 2297] [33.0] [cxt 0] qos.p4(198) Condition "hdr.link_qos.link_qos == TARGET_LINK_QOS" (node_3) is true
[18:28:30.469] [bmv2] [T] [thread 2297] [33.0] [cxt 0] Applying table 'tbl_qos199'
[18:28:30.469] [bmv2] [D] [thread 2297] [33.0] [cxt 0] Looking up key:

[18:28:30.469] [bmv2] [D] [thread 2297] [33.0] [cxt 0] Table 'tbl_qos199': miss
[18:28:30.470] [bmv2] [D] [thread 2297] [33.0] [cxt 0] Action entry is qos199 - 
[18:28:30.470] [bmv2] [T] [thread 2297] [33.0] [cxt 0] Action qos199
[18:28:30.470] [bmv2] [T] [thread 2297] [33.0] [cxt 0] qos.p4(199) Primitive hdr.ipv4.diffserv = (TARGET_DSCP << 2
[18:28:30.470] [bmv2] [T] [thread 2297] [33.0] [cxt 0] qos.p4(28) Primitive 7; ...
[18:28:30.470] [bmv2] [T] [thread 2297] [33.0] [cxt 0] Applying table 'MyIngress.ipv4_lpm'
[18:28:30.470] [bmv2] [D] [thread 2297] [33.0] [cxt 0] Looking up key:
* hdr.ipv4.dstAddr    : 0a000202

[18:28:30.470] [bmv2] [D] [thread 2297] [33.0] [cxt 0] Table 'MyIngress.ipv4_lpm': hit with handle 0
[18:28:30.470] [bmv2] [D] [thread 2297] [33.0] [cxt 0] Dumping entry 0
Match key:
* hdr.ipv4.dstAddr    : LPM       0a000202/32
Action entry: MyIngress.ipv4_forward - 80000000202,2,

[18:28:30.471] [bmv2] [D] [thread 2297] [33.0] [cxt 0] Action entry is MyIngress.ipv4_forward - 80000000202,2,
[18:28:30.471] [bmv2] [T] [thread 2297] [33.0] [cxt 0] Action MyIngress.ipv4_forward
[18:28:30.471] [bmv2] [T] [thread 2297] [33.0] [cxt 0] qos.p4(175) Primitive standard_metadata.egress_spec = port
[18:28:30.471] [bmv2] [T] [thread 2297] [33.0] [cxt 0] qos.p4(176) Primitive hdr.ethernet.srcAddr = hdr.ethernet.dstAddr
[18:28:30.471] [bmv2] [T] [thread 2297] [33.0] [cxt 0] qos.p4(177) Primitive hdr.ethernet.dstAddr = dstAddr
[18:28:30.471] [bmv2] [T] [thread 2297] [33.0] [cxt 0] qos.p4(178) Primitive hdr.ipv4.ttl = hdr.ipv4.ttl - 1
[18:28:30.471] [bmv2] [D] [thread 2297] [33.0] [cxt 0] Pipeline 'ingress': end
[18:28:30.471] [bmv2] [D] [thread 2297] [33.0] [cxt 0] Egress port is 2
[18:28:30.471] [bmv2] [D] [thread 2300] [33.0] [cxt 0] Pipeline 'egress': start
[18:28:30.471] [bmv2] [D] [thread 2300] [33.0] [cxt 0] Pipeline 'egress': end
[18:28:30.472] [bmv2] [D] [thread 2300] [33.0] [cxt 0] Deparser 'deparser': start
[18:28:30.472] [bmv2] [D] [thread 2300] [33.0] [cxt 0] Updating checksum 'cksum'
[18:28:30.472] [bmv2] [D] [thread 2300] [33.0] [cxt 0] Deparsing header 'ethernet'
[18:28:30.472] [bmv2] [D] [thread 2300] [33.0] [cxt 0] Deparsing header 'vlan'
[18:28:30.472] [bmv2] [D] [thread 2300] [33.0] [cxt 0] Deparsing header 'ipv4'
[18:28:30.472] [bmv2] [D] [thread 2300] [33.0] [cxt 0] Deparsing header 'ipv4_option'
[18:28:30.472] [bmv2] [D] [thread 2300] [33.0] [cxt 0] Deparsing header 'link_qos'
[18:28:30.472] [bmv2] [D] [thread 2300] [33.0] [cxt 0] Deparser 'deparser': end
[18:28:30.472] [bmv2] [D] [thread 2302] [33.0] [cxt 0] Transmitting packet of size 50 out of port 2
[18:28:31.495] [bmv2] [D] [thread 2297] [34.0] [cxt 0] Processing packet received on port 3
[18:28:31.496] [bmv2] [D] [thread 2297] [34.0] [cxt 0] Parser 'parser': start
[18:28:31.496] [bmv2] [D] [thread 2297] [34.0] [cxt 0] Parser 'parser' entering state 'start'
[18:28:31.496] [bmv2] [D] [thread 2297] [34.0] [cxt 0] Extracting header 'ethernet'
[18:28:31.496] [bmv2] [D] [thread 2297] [34.0] [cxt 0] Parser state 'start': key is 8100
[18:28:31.499] [bmv2] [T] [thread 2297] [34.0] [cxt 0] Bytes parsed: 14
[18:28:31.500] [bmv2] [D] [thread 2297] [34.0] [cxt 0] Parser 'parser' entering state 'parse_vlan'
[18:28:31.500] [bmv2] [D] [thread 2297] [34.0] [cxt 0] Extracting header 'vlan'
[18:28:31.500] [bmv2] [D] [thread 2297] [34.0] [cxt 0] Parser state 'parse_vlan': key is 0800
[18:28:31.501] [bmv2] [T] [thread 2297] [34.0] [cxt 0] Bytes parsed: 18
[18:28:31.501] [bmv2] [D] [thread 2297] [34.0] [cxt 0] Parser 'parser' entering state 'parse_ipv4'
[18:28:31.501] [bmv2] [D] [thread 2297] [34.0] [cxt 0] Extracting header 'ipv4'
[18:28:31.501] [bmv2] [D] [thread 2297] [34.0] [cxt 0] Parser set: setting field 'scalars.tmp' from expression, new value is 1
[18:28:31.501] [bmv2] [D] [thread 2297] [34.0] [cxt 0] Parser state 'parse_ipv4': key is 06
[18:28:31.501] [bmv2] [T] [thread 2297] [34.0] [cxt 0] Bytes parsed: 38
[18:28:31.501] [bmv2] [D] [thread 2297] [34.0] [cxt 0] Parser 'parser' entering state 'parse_ipv4_option'
[18:28:31.501] [bmv2] [D] [thread 2297] [34.0] [cxt 0] Extracting header 'ipv4_option'
[18:28:31.501] [bmv2] [D] [thread 2297] [34.0] [cxt 0] Parser state 'parse_ipv4_option': key is 1f
[18:28:31.501] [bmv2] [T] [thread 2297] [34.0] [cxt 0] Bytes parsed: 40
[18:28:31.502] [bmv2] [D] [thread 2297] [34.0] [cxt 0] Parser 'parser' entering state 'parse_link_qos'
[18:28:31.502] [bmv2] [D] [thread 2297] [34.0] [cxt 0] Extracting header 'link_qos'
[18:28:31.502] [bmv2] [D] [thread 2297] [34.0] [cxt 0] Parser state 'parse_link_qos' has no switch, going to default next state
[18:28:31.502] [bmv2] [T] [thread 2297] [34.0] [cxt 0] Bytes parsed: 42
[18:28:31.502] [bmv2] [D] [thread 2297] [34.0] [cxt 0] Parser 'parser': end
[18:28:31.502] [bmv2] [D] [thread 2297] [34.0] [cxt 0] Pipeline 'ingress': start
[18:28:31.502] [bmv2] [T] [thread 2297] [34.0] [cxt 0] qos.p4(197) Condition "hdr.ipv4.isValid()" (node_2) is true
[18:28:31.502] [bmv2] [T] [thread 2297] [34.0] [cxt 0] qos.p4(198) Condition "hdr.link_qos.link_qos == TARGET_LINK_QOS" (node_3) is true
[18:28:31.502] [bmv2] [T] [thread 2297] [34.0] [cxt 0] Applying table 'tbl_qos199'
[18:28:31.502] [bmv2] [D] [thread 2297] [34.0] [cxt 0] Looking up key:

[18:28:31.502] [bmv2] [D] [thread 2297] [34.0] [cxt 0] Table 'tbl_qos199': miss
[18:28:31.502] [bmv2] [D] [thread 2297] [34.0] [cxt 0] Action entry is qos199 - 
[18:28:31.502] [bmv2] [T] [thread 2297] [34.0] [cxt 0] Action qos199
[18:28:31.502] [bmv2] [T] [thread 2297] [34.0] [cxt 0] qos.p4(199) Primitive hdr.ipv4.diffserv = (TARGET_DSCP << 2
[18:28:31.502] [bmv2] [T] [thread 2297] [34.0] [cxt 0] qos.p4(28) Primitive 7; ...
[18:28:31.502] [bmv2] [T] [thread 2297] [34.0] [cxt 0] Applying table 'MyIngress.ipv4_lpm'
[18:28:31.503] [bmv2] [D] [thread 2297] [34.0] [cxt 0] Looking up key:
* hdr.ipv4.dstAddr    : 0a000202

[18:28:31.503] [bmv2] [D] [thread 2297] [34.0] [cxt 0] Table 'MyIngress.ipv4_lpm': hit with handle 0
[18:28:31.503] [bmv2] [D] [thread 2297] [34.0] [cxt 0] Dumping entry 0
Match key:
* hdr.ipv4.dstAddr    : LPM       0a000202/32
Action entry: MyIngress.ipv4_forward - 80000000202,2,

[18:28:31.503] [bmv2] [D] [thread 2297] [34.0] [cxt 0] Action entry is MyIngress.ipv4_forward - 80000000202,2,
[18:28:31.503] [bmv2] [T] [thread 2297] [34.0] [cxt 0] Action MyIngress.ipv4_forward
[18:28:31.503] [bmv2] [T] [thread 2297] [34.0] [cxt 0] qos.p4(175) Primitive standard_metadata.egress_spec = port
[18:28:31.503] [bmv2] [T] [thread 2297] [34.0] [cxt 0] qos.p4(176) Primitive hdr.ethernet.srcAddr = hdr.ethernet.dstAddr
[18:28:31.503] [bmv2] [T] [thread 2297] [34.0] [cxt 0] qos.p4(177) Primitive hdr.ethernet.dstAddr = dstAddr
[18:28:31.503] [bmv2] [T] [thread 2297] [34.0] [cxt 0] qos.p4(178) Primitive hdr.ipv4.ttl = hdr.ipv4.ttl - 1
[18:28:31.503] [bmv2] [D] [thread 2297] [34.0] [cxt 0] Pipeline 'ingress': end
[18:28:31.503] [bmv2] [D] [thread 2297] [34.0] [cxt 0] Egress port is 2
[18:28:31.504] [bmv2] [D] [thread 2300] [34.0] [cxt 0] Pipeline 'egress': start
[18:28:31.504] [bmv2] [D] [thread 2300] [34.0] [cxt 0] Pipeline 'egress': end
[18:28:31.504] [bmv2] [D] [thread 2300] [34.0] [cxt 0] Deparser 'deparser': start
[18:28:31.504] [bmv2] [D] [thread 2300] [34.0] [cxt 0] Updating checksum 'cksum'
[18:28:31.504] [bmv2] [D] [thread 2300] [34.0] [cxt 0] Deparsing header 'ethernet'
[18:28:31.504] [bmv2] [D] [thread 2300] [34.0] [cxt 0] Deparsing header 'vlan'
[18:28:31.504] [bmv2] [D] [thread 2300] [34.0] [cxt 0] Deparsing header 'ipv4'
[18:28:31.504] [bmv2] [D] [thread 2300] [34.0] [cxt 0] Deparsing header 'ipv4_option'
[18:28:31.504] [bmv2] [D] [thread 2300] [34.0] [cxt 0] Deparsing header 'link_qos'
[18:28:31.504] [bmv2] [D] [thread 2300] [34.0] [cxt 0] Deparser 'deparser': end
[18:28:31.504] [bmv2] [D] [thread 2302] [34.0] [cxt 0] Transmitting packet of size 50 out of port 2
[18:28:32.513] [bmv2] [D] [thread 2297] [35.0] [cxt 0] Processing packet received on port 3
[18:28:32.513] [bmv2] [D] [thread 2297] [35.0] [cxt 0] Parser 'parser': start
[18:28:32.514] [bmv2] [D] [thread 2297] [35.0] [cxt 0] Parser 'parser' entering state 'start'
[18:28:32.514] [bmv2] [D] [thread 2297] [35.0] [cxt 0] Extracting header 'ethernet'
[18:28:32.514] [bmv2] [D] [thread 2297] [35.0] [cxt 0] Parser state 'start': key is 8100
[18:28:32.514] [bmv2] [T] [thread 2297] [35.0] [cxt 0] Bytes parsed: 14
[18:28:32.514] [bmv2] [D] [thread 2297] [35.0] [cxt 0] Parser 'parser' entering state 'parse_vlan'
[18:28:32.514] [bmv2] [D] [thread 2297] [35.0] [cxt 0] Extracting header 'vlan'
[18:28:32.514] [bmv2] [D] [thread 2297] [35.0] [cxt 0] Parser state 'parse_vlan': key is 0800
[18:28:32.514] [bmv2] [T] [thread 2297] [35.0] [cxt 0] Bytes parsed: 18
[18:28:32.514] [bmv2] [D] [thread 2297] [35.0] [cxt 0] Parser 'parser' entering state 'parse_ipv4'
[18:28:32.514] [bmv2] [D] [thread 2297] [35.0] [cxt 0] Extracting header 'ipv4'
[18:28:32.514] [bmv2] [D] [thread 2297] [35.0] [cxt 0] Parser set: setting field 'scalars.tmp' from expression, new value is 1
[18:28:32.514] [bmv2] [D] [thread 2297] [35.0] [cxt 0] Parser state 'parse_ipv4': key is 06
[18:28:32.515] [bmv2] [T] [thread 2297] [35.0] [cxt 0] Bytes parsed: 38
[18:28:32.515] [bmv2] [D] [thread 2297] [35.0] [cxt 0] Parser 'parser' entering state 'parse_ipv4_option'
[18:28:32.515] [bmv2] [D] [thread 2297] [35.0] [cxt 0] Extracting header 'ipv4_option'
[18:28:32.515] [bmv2] [D] [thread 2297] [35.0] [cxt 0] Parser state 'parse_ipv4_option': key is 1f
[18:28:32.515] [bmv2] [T] [thread 2297] [35.0] [cxt 0] Bytes parsed: 40
[18:28:32.516] [bmv2] [D] [thread 2297] [35.0] [cxt 0] Parser 'parser' entering state 'parse_link_qos'
[18:28:32.516] [bmv2] [D] [thread 2297] [35.0] [cxt 0] Extracting header 'link_qos'
[18:28:32.519] [bmv2] [D] [thread 2297] [35.0] [cxt 0] Parser state 'parse_link_qos' has no switch, going to default next state
[18:28:32.519] [bmv2] [T] [thread 2297] [35.0] [cxt 0] Bytes parsed: 42
[18:28:32.519] [bmv2] [D] [thread 2297] [35.0] [cxt 0] Parser 'parser': end
[18:28:32.519] [bmv2] [D] [thread 2297] [35.0] [cxt 0] Pipeline 'ingress': start
[18:28:32.519] [bmv2] [T] [thread 2297] [35.0] [cxt 0] qos.p4(197) Condition "hdr.ipv4.isValid()" (node_2) is true
[18:28:32.519] [bmv2] [T] [thread 2297] [35.0] [cxt 0] qos.p4(198) Condition "hdr.link_qos.link_qos == TARGET_LINK_QOS" (node_3) is true
[18:28:32.519] [bmv2] [T] [thread 2297] [35.0] [cxt 0] Applying table 'tbl_qos199'
[18:28:32.519] [bmv2] [D] [thread 2297] [35.0] [cxt 0] Looking up key:

[18:28:32.519] [bmv2] [D] [thread 2297] [35.0] [cxt 0] Table 'tbl_qos199': miss
[18:28:32.519] [bmv2] [D] [thread 2297] [35.0] [cxt 0] Action entry is qos199 - 
[18:28:32.520] [bmv2] [T] [thread 2297] [35.0] [cxt 0] Action qos199
[18:28:32.520] [bmv2] [T] [thread 2297] [35.0] [cxt 0] qos.p4(199) Primitive hdr.ipv4.diffserv = (TARGET_DSCP << 2
[18:28:32.520] [bmv2] [T] [thread 2297] [35.0] [cxt 0] qos.p4(28) Primitive 7; ...
[18:28:32.520] [bmv2] [T] [thread 2297] [35.0] [cxt 0] Applying table 'MyIngress.ipv4_lpm'
[18:28:32.520] [bmv2] [D] [thread 2297] [35.0] [cxt 0] Looking up key:
* hdr.ipv4.dstAddr    : 0a000202

[18:28:32.520] [bmv2] [D] [thread 2297] [35.0] [cxt 0] Table 'MyIngress.ipv4_lpm': hit with handle 0
[18:28:32.520] [bmv2] [D] [thread 2297] [35.0] [cxt 0] Dumping entry 0
Match key:
* hdr.ipv4.dstAddr    : LPM       0a000202/32
Action entry: MyIngress.ipv4_forward - 80000000202,2,

[18:28:32.520] [bmv2] [D] [thread 2297] [35.0] [cxt 0] Action entry is MyIngress.ipv4_forward - 80000000202,2,
[18:28:32.520] [bmv2] [T] [thread 2297] [35.0] [cxt 0] Action MyIngress.ipv4_forward
[18:28:32.520] [bmv2] [T] [thread 2297] [35.0] [cxt 0] qos.p4(175) Primitive standard_metadata.egress_spec = port
[18:28:32.520] [bmv2] [T] [thread 2297] [35.0] [cxt 0] qos.p4(176) Primitive hdr.ethernet.srcAddr = hdr.ethernet.dstAddr
[18:28:32.521] [bmv2] [T] [thread 2297] [35.0] [cxt 0] qos.p4(177) Primitive hdr.ethernet.dstAddr = dstAddr
[18:28:32.521] [bmv2] [T] [thread 2297] [35.0] [cxt 0] qos.p4(178) Primitive hdr.ipv4.ttl = hdr.ipv4.ttl - 1
[18:28:32.521] [bmv2] [D] [thread 2297] [35.0] [cxt 0] Pipeline 'ingress': end
[18:28:32.521] [bmv2] [D] [thread 2297] [35.0] [cxt 0] Egress port is 2
[18:28:32.521] [bmv2] [D] [thread 2300] [35.0] [cxt 0] Pipeline 'egress': start
[18:28:32.521] [bmv2] [D] [thread 2300] [35.0] [cxt 0] Pipeline 'egress': end
[18:28:32.521] [bmv2] [D] [thread 2300] [35.0] [cxt 0] Deparser 'deparser': start
[18:28:32.521] [bmv2] [D] [thread 2300] [35.0] [cxt 0] Updating checksum 'cksum'
[18:28:32.521] [bmv2] [D] [thread 2300] [35.0] [cxt 0] Deparsing header 'ethernet'
[18:28:32.521] [bmv2] [D] [thread 2300] [35.0] [cxt 0] Deparsing header 'vlan'
[18:28:32.521] [bmv2] [D] [thread 2300] [35.0] [cxt 0] Deparsing header 'ipv4'
[18:28:32.521] [bmv2] [D] [thread 2300] [35.0] [cxt 0] Deparsing header 'ipv4_option'
[18:28:32.521] [bmv2] [D] [thread 2300] [35.0] [cxt 0] Deparsing header 'link_qos'
[18:28:32.521] [bmv2] [D] [thread 2300] [35.0] [cxt 0] Deparser 'deparser': end
[18:28:32.522] [bmv2] [D] [thread 2302] [35.0] [cxt 0] Transmitting packet of size 50 out of port 2
[18:28:32.539] [bmv2] [D] [thread 2297] [36.0] [cxt 0] Processing packet received on port 2
[18:28:32.539] [bmv2] [D] [thread 2297] [36.0] [cxt 0] Parser 'parser': start
[18:28:32.539] [bmv2] [D] [thread 2297] [36.0] [cxt 0] Parser 'parser' entering state 'start'
[18:28:32.539] [bmv2] [D] [thread 2297] [36.0] [cxt 0] Extracting header 'ethernet'
[18:28:32.539] [bmv2] [D] [thread 2297] [36.0] [cxt 0] Parser state 'start': key is 86dd
[18:28:32.539] [bmv2] [T] [thread 2297] [36.0] [cxt 0] Bytes parsed: 14
[18:28:32.539] [bmv2] [D] [thread 2297] [36.0] [cxt 0] Parser 'parser': end
[18:28:32.539] [bmv2] [D] [thread 2297] [36.0] [cxt 0] Pipeline 'ingress': start
[18:28:32.539] [bmv2] [T] [thread 2297] [36.0] [cxt 0] qos.p4(197) Condition "hdr.ipv4.isValid()" (node_2) is false
[18:28:32.539] [bmv2] [D] [thread 2297] [36.0] [cxt 0] Pipeline 'ingress': end
[18:28:32.539] [bmv2] [D] [thread 2297] [36.0] [cxt 0] Egress port is 0
[18:28:32.540] [bmv2] [D] [thread 2298] [36.0] [cxt 0] Pipeline 'egress': start
[18:28:32.540] [bmv2] [D] [thread 2298] [36.0] [cxt 0] Pipeline 'egress': end
[18:28:32.540] [bmv2] [D] [thread 2298] [36.0] [cxt 0] Deparser 'deparser': start
[18:28:32.540] [bmv2] [T] [thread 2298] [36.0] [cxt 0] Skipping checksum 'cksum' update because condition not met
[18:28:32.540] [bmv2] [D] [thread 2298] [36.0] [cxt 0] Deparsing header 'ethernet'
[18:28:32.540] [bmv2] [D] [thread 2298] [36.0] [cxt 0] Deparser 'deparser': end
[18:28:32.540] [bmv2] [D] [thread 2302] [36.0] [cxt 0] Transmitting packet of size 70 out of port 0
[18:28:32.640] [bmv2] [D] [thread 2297] [37.0] [cxt 0] Processing packet received on port 3
[18:28:32.640] [bmv2] [D] [thread 2297] [37.0] [cxt 0] Parser 'parser': start
[18:28:32.640] [bmv2] [D] [thread 2297] [37.0] [cxt 0] Parser 'parser' entering state 'start'
[18:28:32.640] [bmv2] [D] [thread 2297] [37.0] [cxt 0] Extracting header 'ethernet'
[18:28:32.640] [bmv2] [D] [thread 2297] [37.0] [cxt 0] Parser state 'start': key is 86dd
[18:28:32.640] [bmv2] [T] [thread 2297] [37.0] [cxt 0] Bytes parsed: 14
[18:28:32.640] [bmv2] [D] [thread 2297] [37.0] [cxt 0] Parser 'parser': end
[18:28:32.640] [bmv2] [D] [thread 2297] [37.0] [cxt 0] Pipeline 'ingress': start
[18:28:32.640] [bmv2] [T] [thread 2297] [37.0] [cxt 0] qos.p4(197) Condition "hdr.ipv4.isValid()" (node_2) is false
[18:28:32.641] [bmv2] [D] [thread 2297] [37.0] [cxt 0] Pipeline 'ingress': end
[18:28:32.641] [bmv2] [D] [thread 2297] [37.0] [cxt 0] Egress port is 0
[18:28:32.643] [bmv2] [D] [thread 2298] [37.0] [cxt 0] Pipeline 'egress': start
[18:28:32.643] [bmv2] [D] [thread 2298] [37.0] [cxt 0] Pipeline 'egress': end
[18:28:32.643] [bmv2] [D] [thread 2298] [37.0] [cxt 0] Deparser 'deparser': start
[18:28:32.643] [bmv2] [T] [thread 2298] [37.0] [cxt 0] Skipping checksum 'cksum' update because condition not met
[18:28:32.643] [bmv2] [D] [thread 2298] [37.0] [cxt 0] Deparsing header 'ethernet'
[18:28:32.643] [bmv2] [D] [thread 2298] [37.0] [cxt 0] Deparser 'deparser': end
[18:28:32.643] [bmv2] [D] [thread 2302] [37.0] [cxt 0] Transmitting packet of size 70 out of port 0
[18:28:33.552] [bmv2] [D] [thread 2297] [38.0] [cxt 0] Processing packet received on port 3
[18:28:33.552] [bmv2] [D] [thread 2297] [38.0] [cxt 0] Parser 'parser': start
[18:28:33.552] [bmv2] [D] [thread 2297] [38.0] [cxt 0] Parser 'parser' entering state 'start'
[18:28:33.552] [bmv2] [D] [thread 2297] [38.0] [cxt 0] Extracting header 'ethernet'
[18:28:33.552] [bmv2] [D] [thread 2297] [38.0] [cxt 0] Parser state 'start': key is 8100
[18:28:33.552] [bmv2] [T] [thread 2297] [38.0] [cxt 0] Bytes parsed: 14
[18:28:33.552] [bmv2] [D] [thread 2297] [38.0] [cxt 0] Parser 'parser' entering state 'parse_vlan'
[18:28:33.552] [bmv2] [D] [thread 2297] [38.0] [cxt 0] Extracting header 'vlan'
[18:28:33.553] [bmv2] [D] [thread 2297] [38.0] [cxt 0] Parser state 'parse_vlan': key is 0800
[18:28:33.553] [bmv2] [T] [thread 2297] [38.0] [cxt 0] Bytes parsed: 18
[18:28:33.553] [bmv2] [D] [thread 2297] [38.0] [cxt 0] Parser 'parser' entering state 'parse_ipv4'
[18:28:33.553] [bmv2] [D] [thread 2297] [38.0] [cxt 0] Extracting header 'ipv4'
[18:28:33.553] [bmv2] [D] [thread 2297] [38.0] [cxt 0] Parser set: setting field 'scalars.tmp' from expression, new value is 1
[18:28:33.553] [bmv2] [D] [thread 2297] [38.0] [cxt 0] Parser state 'parse_ipv4': key is 06
[18:28:33.553] [bmv2] [T] [thread 2297] [38.0] [cxt 0] Bytes parsed: 38
[18:28:33.553] [bmv2] [D] [thread 2297] [38.0] [cxt 0] Parser 'parser' entering state 'parse_ipv4_option'
[18:28:33.553] [bmv2] [D] [thread 2297] [38.0] [cxt 0] Extracting header 'ipv4_option'
[18:28:33.553] [bmv2] [D] [thread 2297] [38.0] [cxt 0] Parser state 'parse_ipv4_option': key is 1f
[18:28:33.553] [bmv2] [T] [thread 2297] [38.0] [cxt 0] Bytes parsed: 40
[18:28:33.553] [bmv2] [D] [thread 2297] [38.0] [cxt 0] Parser 'parser' entering state 'parse_link_qos'
[18:28:33.553] [bmv2] [D] [thread 2297] [38.0] [cxt 0] Extracting header 'link_qos'
[18:28:33.553] [bmv2] [D] [thread 2297] [38.0] [cxt 0] Parser state 'parse_link_qos' has no switch, going to default next state
[18:28:33.553] [bmv2] [T] [thread 2297] [38.0] [cxt 0] Bytes parsed: 42
[18:28:33.553] [bmv2] [D] [thread 2297] [38.0] [cxt 0] Parser 'parser': end
[18:28:33.554] [bmv2] [D] [thread 2297] [38.0] [cxt 0] Pipeline 'ingress': start
[18:28:33.554] [bmv2] [T] [thread 2297] [38.0] [cxt 0] qos.p4(197) Condition "hdr.ipv4.isValid()" (node_2) is true
[18:28:33.554] [bmv2] [T] [thread 2297] [38.0] [cxt 0] qos.p4(198) Condition "hdr.link_qos.link_qos == TARGET_LINK_QOS" (node_3) is true
[18:28:33.554] [bmv2] [T] [thread 2297] [38.0] [cxt 0] Applying table 'tbl_qos199'
[18:28:33.554] [bmv2] [D] [thread 2297] [38.0] [cxt 0] Looking up key:

[18:28:33.554] [bmv2] [D] [thread 2297] [38.0] [cxt 0] Table 'tbl_qos199': miss
[18:28:33.554] [bmv2] [D] [thread 2297] [38.0] [cxt 0] Action entry is qos199 - 
[18:28:33.554] [bmv2] [T] [thread 2297] [38.0] [cxt 0] Action qos199
[18:28:33.554] [bmv2] [T] [thread 2297] [38.0] [cxt 0] qos.p4(199) Primitive hdr.ipv4.diffserv = (TARGET_DSCP << 2
[18:28:33.554] [bmv2] [T] [thread 2297] [38.0] [cxt 0] qos.p4(28) Primitive 7; ...
[18:28:33.554] [bmv2] [T] [thread 2297] [38.0] [cxt 0] Applying table 'MyIngress.ipv4_lpm'
[18:28:33.555] [bmv2] [D] [thread 2297] [38.0] [cxt 0] Looking up key:
* hdr.ipv4.dstAddr    : 0a000202

[18:28:33.555] [bmv2] [D] [thread 2297] [38.0] [cxt 0] Table 'MyIngress.ipv4_lpm': hit with handle 0
[18:28:33.555] [bmv2] [D] [thread 2297] [38.0] [cxt 0] Dumping entry 0
Match key:
* hdr.ipv4.dstAddr    : LPM       0a000202/32
Action entry: MyIngress.ipv4_forward - 80000000202,2,

[18:28:33.555] [bmv2] [D] [thread 2297] [38.0] [cxt 0] Action entry is MyIngress.ipv4_forward - 80000000202,2,
[18:28:33.555] [bmv2] [T] [thread 2297] [38.0] [cxt 0] Action MyIngress.ipv4_forward
[18:28:33.555] [bmv2] [T] [thread 2297] [38.0] [cxt 0] qos.p4(175) Primitive standard_metadata.egress_spec = port
[18:28:33.555] [bmv2] [T] [thread 2297] [38.0] [cxt 0] qos.p4(176) Primitive hdr.ethernet.srcAddr = hdr.ethernet.dstAddr
[18:28:33.555] [bmv2] [T] [thread 2297] [38.0] [cxt 0] qos.p4(177) Primitive hdr.ethernet.dstAddr = dstAddr
[18:28:33.555] [bmv2] [T] [thread 2297] [38.0] [cxt 0] qos.p4(178) Primitive hdr.ipv4.ttl = hdr.ipv4.ttl - 1
[18:28:33.555] [bmv2] [D] [thread 2297] [38.0] [cxt 0] Pipeline 'ingress': end
[18:28:33.555] [bmv2] [D] [thread 2297] [38.0] [cxt 0] Egress port is 2
[18:28:33.556] [bmv2] [D] [thread 2300] [38.0] [cxt 0] Pipeline 'egress': start
[18:28:33.556] [bmv2] [D] [thread 2300] [38.0] [cxt 0] Pipeline 'egress': end
[18:28:33.556] [bmv2] [D] [thread 2300] [38.0] [cxt 0] Deparser 'deparser': start
[18:28:33.556] [bmv2] [D] [thread 2300] [38.0] [cxt 0] Updating checksum 'cksum'
[18:28:33.556] [bmv2] [D] [thread 2300] [38.0] [cxt 0] Deparsing header 'ethernet'
[18:28:33.556] [bmv2] [D] [thread 2300] [38.0] [cxt 0] Deparsing header 'vlan'
[18:28:33.556] [bmv2] [D] [thread 2300] [38.0] [cxt 0] Deparsing header 'ipv4'
[18:28:33.556] [bmv2] [D] [thread 2300] [38.0] [cxt 0] Deparsing header 'ipv4_option'
[18:28:33.556] [bmv2] [D] [thread 2300] [38.0] [cxt 0] Deparsing header 'link_qos'
[18:28:33.556] [bmv2] [D] [thread 2300] [38.0] [cxt 0] Deparser 'deparser': end
[18:28:33.556] [bmv2] [D] [thread 2302] [38.0] [cxt 0] Transmitting packet of size 50 out of port 2
[18:28:34.600] [bmv2] [D] [thread 2297] [39.0] [cxt 0] Processing packet received on port 3
[18:28:34.600] [bmv2] [D] [thread 2297] [39.0] [cxt 0] Parser 'parser': start
[18:28:34.600] [bmv2] [D] [thread 2297] [39.0] [cxt 0] Parser 'parser' entering state 'start'
[18:28:34.600] [bmv2] [D] [thread 2297] [39.0] [cxt 0] Extracting header 'ethernet'
[18:28:34.600] [bmv2] [D] [thread 2297] [39.0] [cxt 0] Parser state 'start': key is 8100
[18:28:34.600] [bmv2] [T] [thread 2297] [39.0] [cxt 0] Bytes parsed: 14
[18:28:34.600] [bmv2] [D] [thread 2297] [39.0] [cxt 0] Parser 'parser' entering state 'parse_vlan'
[18:28:34.600] [bmv2] [D] [thread 2297] [39.0] [cxt 0] Extracting header 'vlan'
[18:28:34.600] [bmv2] [D] [thread 2297] [39.0] [cxt 0] Parser state 'parse_vlan': key is 0800
[18:28:34.600] [bmv2] [T] [thread 2297] [39.0] [cxt 0] Bytes parsed: 18
[18:28:34.600] [bmv2] [D] [thread 2297] [39.0] [cxt 0] Parser 'parser' entering state 'parse_ipv4'
[18:28:34.600] [bmv2] [D] [thread 2297] [39.0] [cxt 0] Extracting header 'ipv4'
[18:28:34.601] [bmv2] [D] [thread 2297] [39.0] [cxt 0] Parser set: setting field 'scalars.tmp' from expression, new value is 1
[18:28:34.601] [bmv2] [D] [thread 2297] [39.0] [cxt 0] Parser state 'parse_ipv4': key is 06
[18:28:34.601] [bmv2] [T] [thread 2297] [39.0] [cxt 0] Bytes parsed: 38
[18:28:34.601] [bmv2] [D] [thread 2297] [39.0] [cxt 0] Parser 'parser' entering state 'parse_ipv4_option'
[18:28:34.601] [bmv2] [D] [thread 2297] [39.0] [cxt 0] Extracting header 'ipv4_option'
[18:28:34.601] [bmv2] [D] [thread 2297] [39.0] [cxt 0] Parser state 'parse_ipv4_option': key is 1f
[18:28:34.601] [bmv2] [T] [thread 2297] [39.0] [cxt 0] Bytes parsed: 40
[18:28:34.601] [bmv2] [D] [thread 2297] [39.0] [cxt 0] Parser 'parser' entering state 'parse_link_qos'
[18:28:34.601] [bmv2] [D] [thread 2297] [39.0] [cxt 0] Extracting header 'link_qos'
[18:28:34.601] [bmv2] [D] [thread 2297] [39.0] [cxt 0] Parser state 'parse_link_qos' has no switch, going to default next state
[18:28:34.601] [bmv2] [T] [thread 2297] [39.0] [cxt 0] Bytes parsed: 42
[18:28:34.601] [bmv2] [D] [thread 2297] [39.0] [cxt 0] Parser 'parser': end
[18:28:34.601] [bmv2] [D] [thread 2297] [39.0] [cxt 0] Pipeline 'ingress': start
[18:28:34.601] [bmv2] [T] [thread 2297] [39.0] [cxt 0] qos.p4(197) Condition "hdr.ipv4.isValid()" (node_2) is true
[18:28:34.601] [bmv2] [T] [thread 2297] [39.0] [cxt 0] qos.p4(198) Condition "hdr.link_qos.link_qos == TARGET_LINK_QOS" (node_3) is true
[18:28:34.601] [bmv2] [T] [thread 2297] [39.0] [cxt 0] Applying table 'tbl_qos199'
[18:28:34.601] [bmv2] [D] [thread 2297] [39.0] [cxt 0] Looking up key:

[18:28:34.601] [bmv2] [D] [thread 2297] [39.0] [cxt 0] Table 'tbl_qos199': miss
[18:28:34.601] [bmv2] [D] [thread 2297] [39.0] [cxt 0] Action entry is qos199 - 
[18:28:34.601] [bmv2] [T] [thread 2297] [39.0] [cxt 0] Action qos199
[18:28:34.601] [bmv2] [T] [thread 2297] [39.0] [cxt 0] qos.p4(199) Primitive hdr.ipv4.diffserv = (TARGET_DSCP << 2
[18:28:34.601] [bmv2] [T] [thread 2297] [39.0] [cxt 0] qos.p4(28) Primitive 7; ...
[18:28:34.601] [bmv2] [T] [thread 2297] [39.0] [cxt 0] Applying table 'MyIngress.ipv4_lpm'
[18:28:34.601] [bmv2] [D] [thread 2297] [39.0] [cxt 0] Looking up key:
* hdr.ipv4.dstAddr    : 0a000202

[18:28:34.601] [bmv2] [D] [thread 2297] [39.0] [cxt 0] Table 'MyIngress.ipv4_lpm': hit with handle 0
[18:28:34.601] [bmv2] [D] [thread 2297] [39.0] [cxt 0] Dumping entry 0
Match key:
* hdr.ipv4.dstAddr    : LPM       0a000202/32
Action entry: MyIngress.ipv4_forward - 80000000202,2,

[18:28:34.601] [bmv2] [D] [thread 2297] [39.0] [cxt 0] Action entry is MyIngress.ipv4_forward - 80000000202,2,
[18:28:34.601] [bmv2] [T] [thread 2297] [39.0] [cxt 0] Action MyIngress.ipv4_forward
[18:28:34.601] [bmv2] [T] [thread 2297] [39.0] [cxt 0] qos.p4(175) Primitive standard_metadata.egress_spec = port
[18:28:34.601] [bmv2] [T] [thread 2297] [39.0] [cxt 0] qos.p4(176) Primitive hdr.ethernet.srcAddr = hdr.ethernet.dstAddr
[18:28:34.601] [bmv2] [T] [thread 2297] [39.0] [cxt 0] qos.p4(177) Primitive hdr.ethernet.dstAddr = dstAddr
[18:28:34.602] [bmv2] [T] [thread 2297] [39.0] [cxt 0] qos.p4(178) Primitive hdr.ipv4.ttl = hdr.ipv4.ttl - 1
[18:28:34.602] [bmv2] [D] [thread 2297] [39.0] [cxt 0] Pipeline 'ingress': end
[18:28:34.602] [bmv2] [D] [thread 2297] [39.0] [cxt 0] Egress port is 2
[18:28:34.602] [bmv2] [D] [thread 2300] [39.0] [cxt 0] Pipeline 'egress': start
[18:28:34.602] [bmv2] [D] [thread 2300] [39.0] [cxt 0] Pipeline 'egress': end
[18:28:34.602] [bmv2] [D] [thread 2300] [39.0] [cxt 0] Deparser 'deparser': start
[18:28:34.602] [bmv2] [D] [thread 2300] [39.0] [cxt 0] Updating checksum 'cksum'
[18:28:34.602] [bmv2] [D] [thread 2300] [39.0] [cxt 0] Deparsing header 'ethernet'
[18:28:34.602] [bmv2] [D] [thread 2300] [39.0] [cxt 0] Deparsing header 'vlan'
[18:28:34.602] [bmv2] [D] [thread 2300] [39.0] [cxt 0] Deparsing header 'ipv4'
[18:28:34.602] [bmv2] [D] [thread 2300] [39.0] [cxt 0] Deparsing header 'ipv4_option'
[18:28:34.602] [bmv2] [D] [thread 2300] [39.0] [cxt 0] Deparsing header 'link_qos'
[18:28:34.602] [bmv2] [D] [thread 2300] [39.0] [cxt 0] Deparser 'deparser': end
[18:28:34.602] [bmv2] [D] [thread 2302] [39.0] [cxt 0] Transmitting packet of size 50 out of port 2
open: No such file or directory
open: No such file or directory
open: No such file or directory
open: No such file or directory
open: No such file or directory
