Calling target program-options parser
[18:26:13.380] [bmv2] [D] [thread 2304] Set default default entry for table 'tbl_qos199': qos199 - 
[18:26:13.380] [bmv2] [D] [thread 2304] Set default default entry for table 'MyIngress.ipv4_lpm': NoAction - 
Adding interface s3-eth1 as port 1
[18:26:13.384] [bmv2] [D] [thread 2304] Adding interface s3-eth1 as port 1
Adding interface s3-eth2 as port 2
[18:26:13.392] [bmv2] [D] [thread 2304] Adding interface s3-eth2 as port 2
Adding interface s3-eth3 as port 3
[18:26:13.398] [bmv2] [D] [thread 2304] Adding interface s3-eth3 as port 3
Server listening on 0.0.0.0:50053
[18:26:13.409] [bmv2] [I] [thread 2304] Starting Thrift server on port 9092
[18:26:13.414] [bmv2] [I] [thread 2304] Thrift server was started
[18:26:15.579] [bmv2] [D] [thread 2314] [0.0] [cxt 0] Processing packet received on port 1
[18:26:15.579] [bmv2] [D] [thread 2314] [0.0] [cxt 0] Parser 'parser': start
[18:26:15.579] [bmv2] [D] [thread 2314] [0.0] [cxt 0] Parser 'parser' entering state 'start'
[18:26:15.579] [bmv2] [D] [thread 2314] [0.0] [cxt 0] Extracting header 'ethernet'
[18:26:15.579] [bmv2] [D] [thread 2314] [0.0] [cxt 0] Parser state 'start': key is 86dd
[18:26:15.579] [bmv2] [T] [thread 2314] [0.0] [cxt 0] Bytes parsed: 14
[18:26:15.579] [bmv2] [D] [thread 2314] [0.0] [cxt 0] Parser 'parser': end
[18:26:15.579] [bmv2] [D] [thread 2314] [0.0] [cxt 0] Pipeline 'ingress': start
[18:26:15.579] [bmv2] [T] [thread 2314] [0.0] [cxt 0] qos.p4(197) Condition "hdr.ipv4.isValid()" (node_2) is false
[18:26:15.579] [bmv2] [D] [thread 2314] [0.0] [cxt 0] Pipeline 'ingress': end
[18:26:15.579] [bmv2] [D] [thread 2314] [0.0] [cxt 0] Egress port is 0
[18:26:15.581] [bmv2] [D] [thread 2315] [0.0] [cxt 0] Pipeline 'egress': start
[18:26:15.581] [bmv2] [D] [thread 2315] [0.0] [cxt 0] Pipeline 'egress': end
[18:26:15.581] [bmv2] [D] [thread 2315] [0.0] [cxt 0] Deparser 'deparser': start
[18:26:15.581] [bmv2] [T] [thread 2315] [0.0] [cxt 0] Skipping checksum 'cksum' update because condition not met
[18:26:15.581] [bmv2] [D] [thread 2315] [0.0] [cxt 0] Deparsing header 'ethernet'
[18:26:15.581] [bmv2] [D] [thread 2315] [0.0] [cxt 0] Deparser 'deparser': end
[18:26:15.582] [bmv2] [D] [thread 2319] [0.0] [cxt 0] Transmitting packet of size 70 out of port 0
[18:26:15.584] [bmv2] [D] [thread 2314] [1.0] [cxt 0] Processing packet received on port 3
[18:26:15.584] [bmv2] [D] [thread 2314] [1.0] [cxt 0] Parser 'parser': start
[18:26:15.584] [bmv2] [D] [thread 2314] [1.0] [cxt 0] Parser 'parser' entering state 'start'
[18:26:15.584] [bmv2] [D] [thread 2314] [1.0] [cxt 0] Extracting header 'ethernet'
[18:26:15.584] [bmv2] [D] [thread 2314] [1.0] [cxt 0] Parser state 'start': key is 86dd
[18:26:15.584] [bmv2] [T] [thread 2314] [1.0] [cxt 0] Bytes parsed: 14
[18:26:15.584] [bmv2] [D] [thread 2314] [1.0] [cxt 0] Parser 'parser': end
[18:26:15.584] [bmv2] [D] [thread 2314] [1.0] [cxt 0] Pipeline 'ingress': start
[18:26:15.584] [bmv2] [T] [thread 2314] [1.0] [cxt 0] qos.p4(197) Condition "hdr.ipv4.isValid()" (node_2) is false
[18:26:15.584] [bmv2] [D] [thread 2314] [1.0] [cxt 0] Pipeline 'ingress': end
[18:26:15.584] [bmv2] [D] [thread 2314] [1.0] [cxt 0] Egress port is 0
[18:26:15.584] [bmv2] [D] [thread 2315] [1.0] [cxt 0] Pipeline 'egress': start
[18:26:15.584] [bmv2] [D] [thread 2315] [1.0] [cxt 0] Pipeline 'egress': end
[18:26:15.584] [bmv2] [D] [thread 2315] [1.0] [cxt 0] Deparser 'deparser': start
[18:26:15.584] [bmv2] [T] [thread 2315] [1.0] [cxt 0] Skipping checksum 'cksum' update because condition not met
[18:26:15.584] [bmv2] [D] [thread 2315] [1.0] [cxt 0] Deparsing header 'ethernet'
[18:26:15.584] [bmv2] [D] [thread 2315] [1.0] [cxt 0] Deparser 'deparser': end
[18:26:15.584] [bmv2] [D] [thread 2319] [1.0] [cxt 0] Transmitting packet of size 70 out of port 0
[18:26:15.612] [bmv2] [W] [thread 2361] [P4Runtime] p4::tmp::P4DeviceConfig is deprecated
[18:26:15.620] [bmv2] [D] [thread 2361] Set default default entry for table 'tbl_qos199': qos199 - 
[18:26:15.621] [bmv2] [D] [thread 2361] Set default default entry for table 'MyIngress.ipv4_lpm': NoAction - 
[18:26:15.626] [bmv2] [D] [thread 2361] simple_switch target has been notified of a config swap
[18:26:15.633] [bmv2] [D] [thread 2362] Entry 0 added to table 'MyIngress.ipv4_lpm'
[18:26:15.633] [bmv2] [D] [thread 2362] Dumping entry 0
Match key:
* hdr.ipv4.dstAddr    : LPM       0a000303/32
Action entry: MyIngress.ipv4_forward - 80000000303,1,

[18:26:15.639] [bmv2] [D] [thread 2362] Entry 1 added to table 'MyIngress.ipv4_lpm'
[18:26:15.640] [bmv2] [D] [thread 2362] Dumping entry 1
Match key:
* hdr.ipv4.dstAddr    : LPM       0a000100/24
Action entry: MyIngress.ipv4_forward - 80000000100,2,

[18:26:15.646] [bmv2] [D] [thread 2362] Entry 2 added to table 'MyIngress.ipv4_lpm'
[18:26:15.647] [bmv2] [D] [thread 2362] Dumping entry 2
Match key:
* hdr.ipv4.dstAddr    : LPM       0a000200/24
Action entry: MyIngress.ipv4_forward - 80000000200,3,

[18:26:16.101] [bmv2] [D] [thread 2314] [2.0] [cxt 0] Processing packet received on port 2
[18:26:16.101] [bmv2] [D] [thread 2314] [2.0] [cxt 0] Parser 'parser': start
[18:26:16.101] [bmv2] [D] [thread 2314] [2.0] [cxt 0] Parser 'parser' entering state 'start'
[18:26:16.101] [bmv2] [D] [thread 2314] [2.0] [cxt 0] Extracting header 'ethernet'
[18:26:16.102] [bmv2] [D] [thread 2314] [2.0] [cxt 0] Parser state 'start': key is 86dd
[18:26:16.102] [bmv2] [T] [thread 2314] [2.0] [cxt 0] Bytes parsed: 14
[18:26:16.102] [bmv2] [D] [thread 2314] [2.0] [cxt 0] Parser 'parser': end
[18:26:16.102] [bmv2] [D] [thread 2314] [2.0] [cxt 0] Pipeline 'ingress': start
[18:26:16.102] [bmv2] [T] [thread 2314] [2.0] [cxt 0] qos.p4(197) Condition "hdr.ipv4.isValid()" (node_2) is false
[18:26:16.102] [bmv2] [D] [thread 2314] [2.0] [cxt 0] Pipeline 'ingress': end
[18:26:16.102] [bmv2] [D] [thread 2314] [2.0] [cxt 0] Egress port is 0
[18:26:16.102] [bmv2] [D] [thread 2315] [2.0] [cxt 0] Pipeline 'egress': start
[18:26:16.102] [bmv2] [D] [thread 2315] [2.0] [cxt 0] Pipeline 'egress': end
[18:26:16.102] [bmv2] [D] [thread 2315] [2.0] [cxt 0] Deparser 'deparser': start
[18:26:16.102] [bmv2] [T] [thread 2315] [2.0] [cxt 0] Skipping checksum 'cksum' update because condition not met
[18:26:16.102] [bmv2] [D] [thread 2315] [2.0] [cxt 0] Deparsing header 'ethernet'
[18:26:16.102] [bmv2] [D] [thread 2315] [2.0] [cxt 0] Deparser 'deparser': end
[18:26:16.102] [bmv2] [D] [thread 2319] [2.0] [cxt 0] Transmitting packet of size 70 out of port 0
[18:26:16.102] [bmv2] [D] [thread 2314] [3.0] [cxt 0] Processing packet received on port 3
[18:26:16.102] [bmv2] [D] [thread 2314] [3.0] [cxt 0] Parser 'parser': start
[18:26:16.102] [bmv2] [D] [thread 2314] [3.0] [cxt 0] Parser 'parser' entering state 'start'
[18:26:16.102] [bmv2] [D] [thread 2314] [3.0] [cxt 0] Extracting header 'ethernet'
[18:26:16.102] [bmv2] [D] [thread 2314] [3.0] [cxt 0] Parser state 'start': key is 86dd
[18:26:16.102] [bmv2] [T] [thread 2314] [3.0] [cxt 0] Bytes parsed: 14
[18:26:16.102] [bmv2] [D] [thread 2314] [3.0] [cxt 0] Parser 'parser': end
[18:26:16.102] [bmv2] [D] [thread 2314] [3.0] [cxt 0] Pipeline 'ingress': start
[18:26:16.103] [bmv2] [T] [thread 2314] [3.0] [cxt 0] qos.p4(197) Condition "hdr.ipv4.isValid()" (node_2) is false
[18:26:16.103] [bmv2] [D] [thread 2314] [3.0] [cxt 0] Pipeline 'ingress': end
[18:26:16.103] [bmv2] [D] [thread 2314] [3.0] [cxt 0] Egress port is 0
[18:26:16.103] [bmv2] [D] [thread 2315] [3.0] [cxt 0] Pipeline 'egress': start
[18:26:16.103] [bmv2] [D] [thread 2315] [3.0] [cxt 0] Pipeline 'egress': end
[18:26:16.103] [bmv2] [D] [thread 2315] [3.0] [cxt 0] Deparser 'deparser': start
[18:26:16.103] [bmv2] [T] [thread 2315] [3.0] [cxt 0] Skipping checksum 'cksum' update because condition not met
[18:26:16.103] [bmv2] [D] [thread 2315] [3.0] [cxt 0] Deparsing header 'ethernet'
[18:26:16.103] [bmv2] [D] [thread 2315] [3.0] [cxt 0] Deparser 'deparser': end
[18:26:16.103] [bmv2] [D] [thread 2319] [3.0] [cxt 0] Transmitting packet of size 70 out of port 0
[18:26:16.104] [bmv2] [D] [thread 2314] [4.0] [cxt 0] Processing packet received on port 2
[18:26:16.104] [bmv2] [D] [thread 2314] [4.0] [cxt 0] Parser 'parser': start
[18:26:16.104] [bmv2] [D] [thread 2314] [4.0] [cxt 0] Parser 'parser' entering state 'start'
[18:26:16.104] [bmv2] [D] [thread 2314] [4.0] [cxt 0] Extracting header 'ethernet'
[18:26:16.104] [bmv2] [D] [thread 2314] [4.0] [cxt 0] Parser state 'start': key is 86dd
[18:26:16.104] [bmv2] [T] [thread 2314] [4.0] [cxt 0] Bytes parsed: 14
[18:26:16.104] [bmv2] [D] [thread 2314] [4.0] [cxt 0] Parser 'parser': end
[18:26:16.104] [bmv2] [D] [thread 2314] [4.0] [cxt 0] Pipeline 'ingress': start
[18:26:16.104] [bmv2] [T] [thread 2314] [4.0] [cxt 0] qos.p4(197) Condition "hdr.ipv4.isValid()" (node_2) is false
[18:26:16.104] [bmv2] [D] [thread 2314] [4.0] [cxt 0] Pipeline 'ingress': end
[18:26:16.104] [bmv2] [D] [thread 2314] [4.0] [cxt 0] Egress port is 0
[18:26:16.104] [bmv2] [D] [thread 2315] [4.0] [cxt 0] Pipeline 'egress': start
[18:26:16.105] [bmv2] [D] [thread 2315] [4.0] [cxt 0] Pipeline 'egress': end
[18:26:16.105] [bmv2] [D] [thread 2315] [4.0] [cxt 0] Deparser 'deparser': start
[18:26:16.105] [bmv2] [T] [thread 2315] [4.0] [cxt 0] Skipping checksum 'cksum' update because condition not met
[18:26:16.105] [bmv2] [D] [thread 2315] [4.0] [cxt 0] Deparsing header 'ethernet'
[18:26:16.105] [bmv2] [D] [thread 2315] [4.0] [cxt 0] Deparser 'deparser': end
[18:26:16.105] [bmv2] [D] [thread 2319] [4.0] [cxt 0] Transmitting packet of size 70 out of port 0
[18:26:22.749] [bmv2] [D] [thread 2314] [5.0] [cxt 0] Processing packet received on port 3
[18:26:22.749] [bmv2] [D] [thread 2314] [5.0] [cxt 0] Parser 'parser': start
[18:26:22.750] [bmv2] [D] [thread 2314] [5.0] [cxt 0] Parser 'parser' entering state 'start'
[18:26:22.750] [bmv2] [D] [thread 2314] [5.0] [cxt 0] Extracting header 'ethernet'
[18:26:22.750] [bmv2] [D] [thread 2314] [5.0] [cxt 0] Parser state 'start': key is 86dd
[18:26:22.750] [bmv2] [T] [thread 2314] [5.0] [cxt 0] Bytes parsed: 14
[18:26:22.750] [bmv2] [D] [thread 2314] [5.0] [cxt 0] Parser 'parser': end
[18:26:22.750] [bmv2] [D] [thread 2314] [5.0] [cxt 0] Pipeline 'ingress': start
[18:26:22.751] [bmv2] [T] [thread 2314] [5.0] [cxt 0] qos.p4(197) Condition "hdr.ipv4.isValid()" (node_2) is false
[18:26:22.751] [bmv2] [D] [thread 2314] [5.0] [cxt 0] Pipeline 'ingress': end
[18:26:22.751] [bmv2] [D] [thread 2314] [5.0] [cxt 0] Egress port is 0
[18:26:22.754] [bmv2] [D] [thread 2315] [5.0] [cxt 0] Pipeline 'egress': start
[18:26:22.755] [bmv2] [D] [thread 2315] [5.0] [cxt 0] Pipeline 'egress': end
[18:26:22.755] [bmv2] [D] [thread 2315] [5.0] [cxt 0] Deparser 'deparser': start
[18:26:22.755] [bmv2] [T] [thread 2315] [5.0] [cxt 0] Skipping checksum 'cksum' update because condition not met
[18:26:22.755] [bmv2] [D] [thread 2315] [5.0] [cxt 0] Deparsing header 'ethernet'
[18:26:22.755] [bmv2] [D] [thread 2315] [5.0] [cxt 0] Deparser 'deparser': end
[18:26:22.755] [bmv2] [D] [thread 2319] [5.0] [cxt 0] Transmitting packet of size 70 out of port 0
[18:26:23.004] [bmv2] [D] [thread 2314] [6.0] [cxt 0] Processing packet received on port 1
[18:26:23.006] [bmv2] [D] [thread 2314] [6.0] [cxt 0] Parser 'parser': start
[18:26:23.006] [bmv2] [D] [thread 2314] [6.0] [cxt 0] Parser 'parser' entering state 'start'
[18:26:23.006] [bmv2] [D] [thread 2314] [6.0] [cxt 0] Extracting header 'ethernet'
[18:26:23.007] [bmv2] [D] [thread 2314] [6.0] [cxt 0] Parser state 'start': key is 86dd
[18:26:23.007] [bmv2] [T] [thread 2314] [6.0] [cxt 0] Bytes parsed: 14
[18:26:23.007] [bmv2] [D] [thread 2314] [6.0] [cxt 0] Parser 'parser': end
[18:26:23.007] [bmv2] [D] [thread 2314] [6.0] [cxt 0] Pipeline 'ingress': start
[18:26:23.008] [bmv2] [T] [thread 2314] [6.0] [cxt 0] qos.p4(197) Condition "hdr.ipv4.isValid()" (node_2) is false
[18:26:23.008] [bmv2] [D] [thread 2314] [6.0] [cxt 0] Pipeline 'ingress': end
[18:26:23.008] [bmv2] [D] [thread 2314] [6.0] [cxt 0] Egress port is 0
[18:26:23.008] [bmv2] [D] [thread 2315] [6.0] [cxt 0] Pipeline 'egress': start
[18:26:23.009] [bmv2] [D] [thread 2315] [6.0] [cxt 0] Pipeline 'egress': end
[18:26:23.009] [bmv2] [D] [thread 2315] [6.0] [cxt 0] Deparser 'deparser': start
[18:26:23.009] [bmv2] [T] [thread 2315] [6.0] [cxt 0] Skipping checksum 'cksum' update because condition not met
[18:26:23.009] [bmv2] [D] [thread 2315] [6.0] [cxt 0] Deparsing header 'ethernet'
[18:26:23.009] [bmv2] [D] [thread 2315] [6.0] [cxt 0] Deparser 'deparser': end
[18:26:23.010] [bmv2] [D] [thread 2319] [6.0] [cxt 0] Transmitting packet of size 70 out of port 0
[18:26:24.282] [bmv2] [D] [thread 2314] [7.0] [cxt 0] Processing packet received on port 2
[18:26:24.282] [bmv2] [D] [thread 2314] [7.0] [cxt 0] Parser 'parser': start
[18:26:24.282] [bmv2] [D] [thread 2314] [7.0] [cxt 0] Parser 'parser' entering state 'start'
[18:26:24.282] [bmv2] [D] [thread 2314] [7.0] [cxt 0] Extracting header 'ethernet'
[18:26:24.282] [bmv2] [D] [thread 2314] [7.0] [cxt 0] Parser state 'start': key is 86dd
[18:26:24.283] [bmv2] [T] [thread 2314] [7.0] [cxt 0] Bytes parsed: 14
[18:26:24.283] [bmv2] [D] [thread 2314] [7.0] [cxt 0] Parser 'parser': end
[18:26:24.283] [bmv2] [D] [thread 2314] [7.0] [cxt 0] Pipeline 'ingress': start
[18:26:24.283] [bmv2] [T] [thread 2314] [7.0] [cxt 0] qos.p4(197) Condition "hdr.ipv4.isValid()" (node_2) is false
[18:26:24.283] [bmv2] [D] [thread 2314] [7.0] [cxt 0] Pipeline 'ingress': end
[18:26:24.283] [bmv2] [D] [thread 2314] [7.0] [cxt 0] Egress port is 0
[18:26:24.283] [bmv2] [D] [thread 2315] [7.0] [cxt 0] Pipeline 'egress': start
[18:26:24.283] [bmv2] [D] [thread 2315] [7.0] [cxt 0] Pipeline 'egress': end
[18:26:24.283] [bmv2] [D] [thread 2315] [7.0] [cxt 0] Deparser 'deparser': start
[18:26:24.283] [bmv2] [T] [thread 2315] [7.0] [cxt 0] Skipping checksum 'cksum' update because condition not met
[18:26:24.283] [bmv2] [D] [thread 2315] [7.0] [cxt 0] Deparsing header 'ethernet'
[18:26:24.283] [bmv2] [D] [thread 2315] [7.0] [cxt 0] Deparser 'deparser': end
[18:26:24.284] [bmv2] [D] [thread 2319] [7.0] [cxt 0] Transmitting packet of size 70 out of port 0
[18:26:24.539] [bmv2] [D] [thread 2314] [8.0] [cxt 0] Processing packet received on port 3
[18:26:24.539] [bmv2] [D] [thread 2314] [8.0] [cxt 0] Parser 'parser': start
[18:26:24.539] [bmv2] [D] [thread 2314] [8.0] [cxt 0] Parser 'parser' entering state 'start'
[18:26:24.539] [bmv2] [D] [thread 2314] [8.0] [cxt 0] Extracting header 'ethernet'
[18:26:24.539] [bmv2] [D] [thread 2314] [8.0] [cxt 0] Parser state 'start': key is 86dd
[18:26:24.539] [bmv2] [T] [thread 2314] [8.0] [cxt 0] Bytes parsed: 14
[18:26:24.539] [bmv2] [D] [thread 2314] [8.0] [cxt 0] Parser 'parser': end
[18:26:24.539] [bmv2] [D] [thread 2314] [8.0] [cxt 0] Pipeline 'ingress': start
[18:26:24.539] [bmv2] [T] [thread 2314] [8.0] [cxt 0] qos.p4(197) Condition "hdr.ipv4.isValid()" (node_2) is false
[18:26:24.539] [bmv2] [D] [thread 2314] [8.0] [cxt 0] Pipeline 'ingress': end
[18:26:24.539] [bmv2] [D] [thread 2314] [8.0] [cxt 0] Egress port is 0
[18:26:24.540] [bmv2] [D] [thread 2315] [8.0] [cxt 0] Pipeline 'egress': start
[18:26:24.540] [bmv2] [D] [thread 2315] [8.0] [cxt 0] Pipeline 'egress': end
[18:26:24.540] [bmv2] [D] [thread 2315] [8.0] [cxt 0] Deparser 'deparser': start
[18:26:24.540] [bmv2] [T] [thread 2315] [8.0] [cxt 0] Skipping checksum 'cksum' update because condition not met
[18:26:24.540] [bmv2] [D] [thread 2315] [8.0] [cxt 0] Deparsing header 'ethernet'
[18:26:24.540] [bmv2] [D] [thread 2315] [8.0] [cxt 0] Deparser 'deparser': end
[18:26:24.540] [bmv2] [D] [thread 2319] [8.0] [cxt 0] Transmitting packet of size 70 out of port 0
[18:26:24.793] [bmv2] [D] [thread 2314] [9.0] [cxt 0] Processing packet received on port 2
[18:26:24.793] [bmv2] [D] [thread 2314] [9.0] [cxt 0] Parser 'parser': start
[18:26:24.793] [bmv2] [D] [thread 2314] [9.0] [cxt 0] Parser 'parser' entering state 'start'
[18:26:24.793] [bmv2] [D] [thread 2314] [9.0] [cxt 0] Extracting header 'ethernet'
[18:26:24.793] [bmv2] [D] [thread 2314] [9.0] [cxt 0] Parser state 'start': key is 86dd
[18:26:24.793] [bmv2] [T] [thread 2314] [9.0] [cxt 0] Bytes parsed: 14
[18:26:24.793] [bmv2] [D] [thread 2314] [9.0] [cxt 0] Parser 'parser': end
[18:26:24.793] [bmv2] [D] [thread 2314] [9.0] [cxt 0] Pipeline 'ingress': start
[18:26:24.793] [bmv2] [T] [thread 2314] [9.0] [cxt 0] qos.p4(197) Condition "hdr.ipv4.isValid()" (node_2) is false
[18:26:24.794] [bmv2] [D] [thread 2314] [9.0] [cxt 0] Pipeline 'ingress': end
[18:26:24.794] [bmv2] [D] [thread 2314] [9.0] [cxt 0] Egress port is 0
[18:26:24.794] [bmv2] [D] [thread 2315] [9.0] [cxt 0] Pipeline 'egress': start
[18:26:24.794] [bmv2] [D] [thread 2315] [9.0] [cxt 0] Pipeline 'egress': end
[18:26:24.794] [bmv2] [D] [thread 2315] [9.0] [cxt 0] Deparser 'deparser': start
[18:26:24.794] [bmv2] [T] [thread 2315] [9.0] [cxt 0] Skipping checksum 'cksum' update because condition not met
[18:26:24.794] [bmv2] [D] [thread 2315] [9.0] [cxt 0] Deparsing header 'ethernet'
[18:26:24.794] [bmv2] [D] [thread 2315] [9.0] [cxt 0] Deparser 'deparser': end
[18:26:24.795] [bmv2] [D] [thread 2319] [9.0] [cxt 0] Transmitting packet of size 70 out of port 0
[18:26:37.347] [bmv2] [D] [thread 2314] [10.0] [cxt 0] Processing packet received on port 3
[18:26:37.347] [bmv2] [D] [thread 2314] [10.0] [cxt 0] Parser 'parser': start
[18:26:37.347] [bmv2] [D] [thread 2314] [10.0] [cxt 0] Parser 'parser' entering state 'start'
[18:26:37.347] [bmv2] [D] [thread 2314] [10.0] [cxt 0] Extracting header 'ethernet'
[18:26:37.347] [bmv2] [D] [thread 2314] [10.0] [cxt 0] Parser state 'start': key is 86dd
[18:26:37.348] [bmv2] [T] [thread 2314] [10.0] [cxt 0] Bytes parsed: 14
[18:26:37.348] [bmv2] [D] [thread 2314] [10.0] [cxt 0] Parser 'parser': end
[18:26:37.348] [bmv2] [D] [thread 2314] [10.0] [cxt 0] Pipeline 'ingress': start
[18:26:37.348] [bmv2] [T] [thread 2314] [10.0] [cxt 0] qos.p4(197) Condition "hdr.ipv4.isValid()" (node_2) is false
[18:26:37.348] [bmv2] [D] [thread 2314] [10.0] [cxt 0] Pipeline 'ingress': end
[18:26:37.348] [bmv2] [D] [thread 2314] [10.0] [cxt 0] Egress port is 0
[18:26:37.354] [bmv2] [D] [thread 2315] [10.0] [cxt 0] Pipeline 'egress': start
[18:26:37.354] [bmv2] [D] [thread 2315] [10.0] [cxt 0] Pipeline 'egress': end
[18:26:37.354] [bmv2] [D] [thread 2315] [10.0] [cxt 0] Deparser 'deparser': start
[18:26:37.354] [bmv2] [T] [thread 2315] [10.0] [cxt 0] Skipping checksum 'cksum' update because condition not met
[18:26:37.354] [bmv2] [D] [thread 2315] [10.0] [cxt 0] Deparsing header 'ethernet'
[18:26:37.354] [bmv2] [D] [thread 2315] [10.0] [cxt 0] Deparser 'deparser': end
[18:26:37.354] [bmv2] [D] [thread 2319] [10.0] [cxt 0] Transmitting packet of size 70 out of port 0
[18:26:38.110] [bmv2] [D] [thread 2314] [11.0] [cxt 0] Processing packet received on port 1
[18:26:38.111] [bmv2] [D] [thread 2314] [11.0] [cxt 0] Parser 'parser': start
[18:26:38.111] [bmv2] [D] [thread 2314] [11.0] [cxt 0] Parser 'parser' entering state 'start'
[18:26:38.111] [bmv2] [D] [thread 2314] [11.0] [cxt 0] Extracting header 'ethernet'
[18:26:38.112] [bmv2] [D] [thread 2314] [11.0] [cxt 0] Parser state 'start': key is 86dd
[18:26:38.112] [bmv2] [T] [thread 2314] [11.0] [cxt 0] Bytes parsed: 14
[18:26:38.112] [bmv2] [D] [thread 2314] [11.0] [cxt 0] Parser 'parser': end
[18:26:38.112] [bmv2] [D] [thread 2314] [11.0] [cxt 0] Pipeline 'ingress': start
[18:26:38.112] [bmv2] [T] [thread 2314] [11.0] [cxt 0] qos.p4(197) Condition "hdr.ipv4.isValid()" (node_2) is false
[18:26:38.112] [bmv2] [D] [thread 2314] [11.0] [cxt 0] Pipeline 'ingress': end
[18:26:38.113] [bmv2] [D] [thread 2314] [11.0] [cxt 0] Egress port is 0
[18:26:38.114] [bmv2] [D] [thread 2315] [11.0] [cxt 0] Pipeline 'egress': start
[18:26:38.114] [bmv2] [D] [thread 2315] [11.0] [cxt 0] Pipeline 'egress': end
[18:26:38.114] [bmv2] [D] [thread 2315] [11.0] [cxt 0] Deparser 'deparser': start
[18:26:38.114] [bmv2] [T] [thread 2315] [11.0] [cxt 0] Skipping checksum 'cksum' update because condition not met
[18:26:38.115] [bmv2] [D] [thread 2315] [11.0] [cxt 0] Deparsing header 'ethernet'
[18:26:38.115] [bmv2] [D] [thread 2315] [11.0] [cxt 0] Deparser 'deparser': end
[18:26:38.115] [bmv2] [D] [thread 2319] [11.0] [cxt 0] Transmitting packet of size 70 out of port 0
[18:26:40.157] [bmv2] [D] [thread 2314] [12.0] [cxt 0] Processing packet received on port 2
[18:26:40.157] [bmv2] [D] [thread 2314] [12.0] [cxt 0] Parser 'parser': start
[18:26:40.158] [bmv2] [D] [thread 2314] [12.0] [cxt 0] Parser 'parser' entering state 'start'
[18:26:40.158] [bmv2] [D] [thread 2314] [12.0] [cxt 0] Extracting header 'ethernet'
[18:26:40.158] [bmv2] [D] [thread 2314] [12.0] [cxt 0] Parser state 'start': key is 86dd
[18:26:40.158] [bmv2] [T] [thread 2314] [12.0] [cxt 0] Bytes parsed: 14
[18:26:40.158] [bmv2] [D] [thread 2314] [12.0] [cxt 0] Parser 'parser': end
[18:26:40.159] [bmv2] [D] [thread 2314] [12.0] [cxt 0] Pipeline 'ingress': start
[18:26:40.159] [bmv2] [T] [thread 2314] [12.0] [cxt 0] qos.p4(197) Condition "hdr.ipv4.isValid()" (node_2) is false
[18:26:40.159] [bmv2] [D] [thread 2314] [12.0] [cxt 0] Pipeline 'ingress': end
[18:26:40.159] [bmv2] [D] [thread 2314] [12.0] [cxt 0] Egress port is 0
[18:26:40.161] [bmv2] [D] [thread 2315] [12.0] [cxt 0] Pipeline 'egress': start
[18:26:40.162] [bmv2] [D] [thread 2315] [12.0] [cxt 0] Pipeline 'egress': end
[18:26:40.162] [bmv2] [D] [thread 2315] [12.0] [cxt 0] Deparser 'deparser': start
[18:26:40.162] [bmv2] [T] [thread 2315] [12.0] [cxt 0] Skipping checksum 'cksum' update because condition not met
[18:26:40.162] [bmv2] [D] [thread 2315] [12.0] [cxt 0] Deparsing header 'ethernet'
[18:26:40.162] [bmv2] [D] [thread 2315] [12.0] [cxt 0] Deparser 'deparser': end
[18:26:40.162] [bmv2] [D] [thread 2319] [12.0] [cxt 0] Transmitting packet of size 70 out of port 0
[18:26:41.951] [bmv2] [D] [thread 2314] [13.0] [cxt 0] Processing packet received on port 2
[18:26:41.952] [bmv2] [D] [thread 2314] [13.0] [cxt 0] Parser 'parser': start
[18:26:41.952] [bmv2] [D] [thread 2314] [13.0] [cxt 0] Parser 'parser' entering state 'start'
[18:26:41.952] [bmv2] [D] [thread 2314] [13.0] [cxt 0] Extracting header 'ethernet'
[18:26:41.952] [bmv2] [D] [thread 2314] [13.0] [cxt 0] Parser state 'start': key is 86dd
[18:26:41.952] [bmv2] [T] [thread 2314] [13.0] [cxt 0] Bytes parsed: 14
[18:26:41.952] [bmv2] [D] [thread 2314] [13.0] [cxt 0] Parser 'parser': end
[18:26:41.952] [bmv2] [D] [thread 2314] [13.0] [cxt 0] Pipeline 'ingress': start
[18:26:41.953] [bmv2] [T] [thread 2314] [13.0] [cxt 0] qos.p4(197) Condition "hdr.ipv4.isValid()" (node_2) is false
[18:26:41.953] [bmv2] [D] [thread 2314] [13.0] [cxt 0] Pipeline 'ingress': end
[18:26:41.953] [bmv2] [D] [thread 2314] [13.0] [cxt 0] Egress port is 0
[18:26:41.962] [bmv2] [D] [thread 2315] [13.0] [cxt 0] Pipeline 'egress': start
[18:26:41.962] [bmv2] [D] [thread 2315] [13.0] [cxt 0] Pipeline 'egress': end
[18:26:41.962] [bmv2] [D] [thread 2315] [13.0] [cxt 0] Deparser 'deparser': start
[18:26:41.962] [bmv2] [T] [thread 2315] [13.0] [cxt 0] Skipping checksum 'cksum' update because condition not met
[18:26:41.963] [bmv2] [D] [thread 2315] [13.0] [cxt 0] Deparsing header 'ethernet'
[18:26:41.963] [bmv2] [D] [thread 2315] [13.0] [cxt 0] Deparser 'deparser': end
[18:26:41.963] [bmv2] [D] [thread 2319] [13.0] [cxt 0] Transmitting packet of size 70 out of port 0
[18:26:41.963] [bmv2] [D] [thread 2314] [14.0] [cxt 0] Processing packet received on port 3
[18:26:41.963] [bmv2] [D] [thread 2314] [14.0] [cxt 0] Parser 'parser': start
[18:26:41.963] [bmv2] [D] [thread 2314] [14.0] [cxt 0] Parser 'parser' entering state 'start'
[18:26:41.963] [bmv2] [D] [thread 2314] [14.0] [cxt 0] Extracting header 'ethernet'
[18:26:41.963] [bmv2] [D] [thread 2314] [14.0] [cxt 0] Parser state 'start': key is 86dd
[18:26:41.963] [bmv2] [T] [thread 2314] [14.0] [cxt 0] Bytes parsed: 14
[18:26:41.964] [bmv2] [D] [thread 2314] [14.0] [cxt 0] Parser 'parser': end
[18:26:41.964] [bmv2] [D] [thread 2314] [14.0] [cxt 0] Pipeline 'ingress': start
[18:26:41.964] [bmv2] [T] [thread 2314] [14.0] [cxt 0] qos.p4(197) Condition "hdr.ipv4.isValid()" (node_2) is false
[18:26:41.964] [bmv2] [D] [thread 2314] [14.0] [cxt 0] Pipeline 'ingress': end
[18:26:41.964] [bmv2] [D] [thread 2314] [14.0] [cxt 0] Egress port is 0
[18:26:41.965] [bmv2] [D] [thread 2315] [14.0] [cxt 0] Pipeline 'egress': start
[18:26:41.965] [bmv2] [D] [thread 2315] [14.0] [cxt 0] Pipeline 'egress': end
[18:26:41.965] [bmv2] [D] [thread 2315] [14.0] [cxt 0] Deparser 'deparser': start
[18:26:41.965] [bmv2] [T] [thread 2315] [14.0] [cxt 0] Skipping checksum 'cksum' update because condition not met
[18:26:41.965] [bmv2] [D] [thread 2315] [14.0] [cxt 0] Deparsing header 'ethernet'
[18:26:41.965] [bmv2] [D] [thread 2315] [14.0] [cxt 0] Deparser 'deparser': end
[18:26:41.965] [bmv2] [D] [thread 2319] [14.0] [cxt 0] Transmitting packet of size 70 out of port 0
[18:27:06.528] [bmv2] [D] [thread 2314] [15.0] [cxt 0] Processing packet received on port 3
[18:27:06.528] [bmv2] [D] [thread 2314] [15.0] [cxt 0] Parser 'parser': start
[18:27:06.528] [bmv2] [D] [thread 2314] [15.0] [cxt 0] Parser 'parser' entering state 'start'
[18:27:06.528] [bmv2] [D] [thread 2314] [15.0] [cxt 0] Extracting header 'ethernet'
[18:27:06.528] [bmv2] [D] [thread 2314] [15.0] [cxt 0] Parser state 'start': key is 86dd
[18:27:06.528] [bmv2] [T] [thread 2314] [15.0] [cxt 0] Bytes parsed: 14
[18:27:06.528] [bmv2] [D] [thread 2314] [15.0] [cxt 0] Parser 'parser': end
[18:27:06.528] [bmv2] [D] [thread 2314] [15.0] [cxt 0] Pipeline 'ingress': start
[18:27:06.529] [bmv2] [T] [thread 2314] [15.0] [cxt 0] qos.p4(197) Condition "hdr.ipv4.isValid()" (node_2) is false
[18:27:06.529] [bmv2] [D] [thread 2314] [15.0] [cxt 0] Pipeline 'ingress': end
[18:27:06.529] [bmv2] [D] [thread 2314] [15.0] [cxt 0] Egress port is 0
[18:27:06.529] [bmv2] [D] [thread 2315] [15.0] [cxt 0] Pipeline 'egress': start
[18:27:06.529] [bmv2] [D] [thread 2315] [15.0] [cxt 0] Pipeline 'egress': end
[18:27:06.529] [bmv2] [D] [thread 2315] [15.0] [cxt 0] Deparser 'deparser': start
[18:27:06.529] [bmv2] [T] [thread 2315] [15.0] [cxt 0] Skipping checksum 'cksum' update because condition not met
[18:27:06.529] [bmv2] [D] [thread 2315] [15.0] [cxt 0] Deparsing header 'ethernet'
[18:27:06.529] [bmv2] [D] [thread 2315] [15.0] [cxt 0] Deparser 'deparser': end
[18:27:06.530] [bmv2] [D] [thread 2319] [15.0] [cxt 0] Transmitting packet of size 70 out of port 0
[18:27:08.578] [bmv2] [D] [thread 2314] [16.0] [cxt 0] Processing packet received on port 1
[18:27:08.579] [bmv2] [D] [thread 2314] [16.0] [cxt 0] Parser 'parser': start
[18:27:08.579] [bmv2] [D] [thread 2314] [16.0] [cxt 0] Parser 'parser' entering state 'start'
[18:27:08.579] [bmv2] [D] [thread 2314] [16.0] [cxt 0] Extracting header 'ethernet'
[18:27:08.580] [bmv2] [D] [thread 2314] [16.0] [cxt 0] Parser state 'start': key is 86dd
[18:27:08.580] [bmv2] [T] [thread 2314] [16.0] [cxt 0] Bytes parsed: 14
[18:27:08.580] [bmv2] [D] [thread 2314] [16.0] [cxt 0] Parser 'parser': end
[18:27:08.580] [bmv2] [D] [thread 2314] [16.0] [cxt 0] Pipeline 'ingress': start
[18:27:08.580] [bmv2] [T] [thread 2314] [16.0] [cxt 0] qos.p4(197) Condition "hdr.ipv4.isValid()" (node_2) is false
[18:27:08.580] [bmv2] [D] [thread 2314] [16.0] [cxt 0] Pipeline 'ingress': end
[18:27:08.580] [bmv2] [D] [thread 2314] [16.0] [cxt 0] Egress port is 0
[18:27:08.582] [bmv2] [D] [thread 2315] [16.0] [cxt 0] Pipeline 'egress': start
[18:27:08.582] [bmv2] [D] [thread 2315] [16.0] [cxt 0] Pipeline 'egress': end
[18:27:08.582] [bmv2] [D] [thread 2315] [16.0] [cxt 0] Deparser 'deparser': start
[18:27:08.582] [bmv2] [T] [thread 2315] [16.0] [cxt 0] Skipping checksum 'cksum' update because condition not met
[18:27:08.583] [bmv2] [D] [thread 2315] [16.0] [cxt 0] Deparsing header 'ethernet'
[18:27:08.583] [bmv2] [D] [thread 2315] [16.0] [cxt 0] Deparser 'deparser': end
[18:27:08.583] [bmv2] [D] [thread 2319] [16.0] [cxt 0] Transmitting packet of size 70 out of port 0
[18:27:10.625] [bmv2] [D] [thread 2314] [17.0] [cxt 0] Processing packet received on port 2
[18:27:10.626] [bmv2] [D] [thread 2314] [17.0] [cxt 0] Parser 'parser': start
[18:27:10.626] [bmv2] [D] [thread 2314] [17.0] [cxt 0] Parser 'parser' entering state 'start'
[18:27:10.626] [bmv2] [D] [thread 2314] [17.0] [cxt 0] Extracting header 'ethernet'
[18:27:10.626] [bmv2] [D] [thread 2314] [17.0] [cxt 0] Parser state 'start': key is 86dd
[18:27:10.626] [bmv2] [T] [thread 2314] [17.0] [cxt 0] Bytes parsed: 14
[18:27:10.626] [bmv2] [D] [thread 2314] [17.0] [cxt 0] Parser 'parser': end
[18:27:10.626] [bmv2] [D] [thread 2314] [17.0] [cxt 0] Pipeline 'ingress': start
[18:27:10.627] [bmv2] [T] [thread 2314] [17.0] [cxt 0] qos.p4(197) Condition "hdr.ipv4.isValid()" (node_2) is false
[18:27:10.627] [bmv2] [D] [thread 2314] [17.0] [cxt 0] Pipeline 'ingress': end
[18:27:10.627] [bmv2] [D] [thread 2314] [17.0] [cxt 0] Egress port is 0
[18:27:10.630] [bmv2] [D] [thread 2315] [17.0] [cxt 0] Pipeline 'egress': start
[18:27:10.630] [bmv2] [D] [thread 2315] [17.0] [cxt 0] Pipeline 'egress': end
[18:27:10.630] [bmv2] [D] [thread 2315] [17.0] [cxt 0] Deparser 'deparser': start
[18:27:10.630] [bmv2] [T] [thread 2315] [17.0] [cxt 0] Skipping checksum 'cksum' update because condition not met
[18:27:10.630] [bmv2] [D] [thread 2315] [17.0] [cxt 0] Deparsing header 'ethernet'
[18:27:10.630] [bmv2] [D] [thread 2315] [17.0] [cxt 0] Deparser 'deparser': end
[18:27:10.630] [bmv2] [D] [thread 2319] [17.0] [cxt 0] Transmitting packet of size 70 out of port 0
[18:27:14.716] [bmv2] [D] [thread 2314] [18.0] [cxt 0] Processing packet received on port 2
[18:27:14.724] [bmv2] [D] [thread 2314] [18.0] [cxt 0] Parser 'parser': start
[18:27:14.724] [bmv2] [D] [thread 2314] [18.0] [cxt 0] Parser 'parser' entering state 'start'
[18:27:14.724] [bmv2] [D] [thread 2314] [18.0] [cxt 0] Extracting header 'ethernet'
[18:27:14.727] [bmv2] [D] [thread 2314] [18.0] [cxt 0] Parser state 'start': key is 86dd
[18:27:14.727] [bmv2] [T] [thread 2314] [18.0] [cxt 0] Bytes parsed: 14
[18:27:14.727] [bmv2] [D] [thread 2314] [18.0] [cxt 0] Parser 'parser': end
[18:27:14.727] [bmv2] [D] [thread 2314] [18.0] [cxt 0] Pipeline 'ingress': start
[18:27:14.728] [bmv2] [T] [thread 2314] [18.0] [cxt 0] qos.p4(197) Condition "hdr.ipv4.isValid()" (node_2) is false
[18:27:14.728] [bmv2] [D] [thread 2314] [18.0] [cxt 0] Pipeline 'ingress': end
[18:27:14.728] [bmv2] [D] [thread 2314] [18.0] [cxt 0] Egress port is 0
[18:27:14.728] [bmv2] [D] [thread 2315] [18.0] [cxt 0] Pipeline 'egress': start
[18:27:14.728] [bmv2] [D] [thread 2315] [18.0] [cxt 0] Pipeline 'egress': end
[18:27:14.729] [bmv2] [D] [thread 2315] [18.0] [cxt 0] Deparser 'deparser': start
[18:27:14.729] [bmv2] [T] [thread 2315] [18.0] [cxt 0] Skipping checksum 'cksum' update because condition not met
[18:27:14.729] [bmv2] [D] [thread 2315] [18.0] [cxt 0] Deparsing header 'ethernet'
[18:27:14.729] [bmv2] [D] [thread 2315] [18.0] [cxt 0] Deparser 'deparser': end
[18:27:14.729] [bmv2] [D] [thread 2319] [18.0] [cxt 0] Transmitting packet of size 70 out of port 0
[18:27:14.729] [bmv2] [D] [thread 2314] [19.0] [cxt 0] Processing packet received on port 3
[18:27:14.729] [bmv2] [D] [thread 2314] [19.0] [cxt 0] Parser 'parser': start
[18:27:14.729] [bmv2] [D] [thread 2314] [19.0] [cxt 0] Parser 'parser' entering state 'start'
[18:27:14.729] [bmv2] [D] [thread 2314] [19.0] [cxt 0] Extracting header 'ethernet'
[18:27:14.729] [bmv2] [D] [thread 2314] [19.0] [cxt 0] Parser state 'start': key is 86dd
[18:27:14.729] [bmv2] [T] [thread 2314] [19.0] [cxt 0] Bytes parsed: 14
[18:27:14.729] [bmv2] [D] [thread 2314] [19.0] [cxt 0] Parser 'parser': end
[18:27:14.729] [bmv2] [D] [thread 2314] [19.0] [cxt 0] Pipeline 'ingress': start
[18:27:14.729] [bmv2] [T] [thread 2314] [19.0] [cxt 0] qos.p4(197) Condition "hdr.ipv4.isValid()" (node_2) is false
[18:27:14.729] [bmv2] [D] [thread 2314] [19.0] [cxt 0] Pipeline 'ingress': end
[18:27:14.729] [bmv2] [D] [thread 2314] [19.0] [cxt 0] Egress port is 0
[18:27:14.730] [bmv2] [D] [thread 2315] [19.0] [cxt 0] Pipeline 'egress': start
[18:27:14.730] [bmv2] [D] [thread 2315] [19.0] [cxt 0] Pipeline 'egress': end
[18:27:14.730] [bmv2] [D] [thread 2315] [19.0] [cxt 0] Deparser 'deparser': start
[18:27:14.730] [bmv2] [T] [thread 2315] [19.0] [cxt 0] Skipping checksum 'cksum' update because condition not met
[18:27:14.730] [bmv2] [D] [thread 2315] [19.0] [cxt 0] Deparsing header 'ethernet'
[18:27:14.730] [bmv2] [D] [thread 2315] [19.0] [cxt 0] Deparser 'deparser': end
[18:27:14.730] [bmv2] [D] [thread 2319] [19.0] [cxt 0] Transmitting packet of size 70 out of port 0
[18:28:07.967] [bmv2] [D] [thread 2314] [20.0] [cxt 0] Processing packet received on port 3
[18:28:07.968] [bmv2] [D] [thread 2314] [20.0] [cxt 0] Parser 'parser': start
[18:28:07.968] [bmv2] [D] [thread 2314] [20.0] [cxt 0] Parser 'parser' entering state 'start'
[18:28:07.968] [bmv2] [D] [thread 2314] [20.0] [cxt 0] Extracting header 'ethernet'
[18:28:07.969] [bmv2] [D] [thread 2314] [20.0] [cxt 0] Parser state 'start': key is 86dd
[18:28:07.969] [bmv2] [T] [thread 2314] [20.0] [cxt 0] Bytes parsed: 14
[18:28:07.969] [bmv2] [D] [thread 2314] [20.0] [cxt 0] Parser 'parser': end
[18:28:07.974] [bmv2] [D] [thread 2314] [20.0] [cxt 0] Pipeline 'ingress': start
[18:28:07.974] [bmv2] [T] [thread 2314] [20.0] [cxt 0] qos.p4(197) Condition "hdr.ipv4.isValid()" (node_2) is false
[18:28:07.974] [bmv2] [D] [thread 2314] [20.0] [cxt 0] Pipeline 'ingress': end
[18:28:07.974] [bmv2] [D] [thread 2314] [20.0] [cxt 0] Egress port is 0
[18:28:07.975] [bmv2] [D] [thread 2315] [20.0] [cxt 0] Pipeline 'egress': start
[18:28:07.975] [bmv2] [D] [thread 2315] [20.0] [cxt 0] Pipeline 'egress': end
[18:28:07.975] [bmv2] [D] [thread 2315] [20.0] [cxt 0] Deparser 'deparser': start
[18:28:07.975] [bmv2] [T] [thread 2315] [20.0] [cxt 0] Skipping checksum 'cksum' update because condition not met
[18:28:07.975] [bmv2] [D] [thread 2315] [20.0] [cxt 0] Deparsing header 'ethernet'
[18:28:07.975] [bmv2] [D] [thread 2315] [20.0] [cxt 0] Deparser 'deparser': end
[18:28:07.975] [bmv2] [D] [thread 2319] [20.0] [cxt 0] Transmitting packet of size 70 out of port 0
[18:28:10.009] [bmv2] [D] [thread 2314] [21.0] [cxt 0] Processing packet received on port 1
[18:28:10.009] [bmv2] [D] [thread 2314] [21.0] [cxt 0] Parser 'parser': start
[18:28:10.009] [bmv2] [D] [thread 2314] [21.0] [cxt 0] Parser 'parser' entering state 'start'
[18:28:10.009] [bmv2] [D] [thread 2314] [21.0] [cxt 0] Extracting header 'ethernet'
[18:28:10.009] [bmv2] [D] [thread 2314] [21.0] [cxt 0] Parser state 'start': key is 86dd
[18:28:10.009] [bmv2] [T] [thread 2314] [21.0] [cxt 0] Bytes parsed: 14
[18:28:10.009] [bmv2] [D] [thread 2314] [21.0] [cxt 0] Parser 'parser': end
[18:28:10.009] [bmv2] [D] [thread 2314] [21.0] [cxt 0] Pipeline 'ingress': start
[18:28:10.009] [bmv2] [T] [thread 2314] [21.0] [cxt 0] qos.p4(197) Condition "hdr.ipv4.isValid()" (node_2) is false
[18:28:10.009] [bmv2] [D] [thread 2314] [21.0] [cxt 0] Pipeline 'ingress': end
[18:28:10.009] [bmv2] [D] [thread 2314] [21.0] [cxt 0] Egress port is 0
[18:28:10.010] [bmv2] [D] [thread 2315] [21.0] [cxt 0] Pipeline 'egress': start
[18:28:10.010] [bmv2] [D] [thread 2315] [21.0] [cxt 0] Pipeline 'egress': end
[18:28:10.010] [bmv2] [D] [thread 2315] [21.0] [cxt 0] Deparser 'deparser': start
[18:28:10.010] [bmv2] [T] [thread 2315] [21.0] [cxt 0] Skipping checksum 'cksum' update because condition not met
[18:28:10.010] [bmv2] [D] [thread 2315] [21.0] [cxt 0] Deparsing header 'ethernet'
[18:28:10.010] [bmv2] [D] [thread 2315] [21.0] [cxt 0] Deparser 'deparser': end
[18:28:10.010] [bmv2] [D] [thread 2319] [21.0] [cxt 0] Transmitting packet of size 70 out of port 0
[18:28:14.106] [bmv2] [D] [thread 2314] [22.0] [cxt 0] Processing packet received on port 2
[18:28:14.106] [bmv2] [D] [thread 2314] [22.0] [cxt 0] Parser 'parser': start
[18:28:14.107] [bmv2] [D] [thread 2314] [22.0] [cxt 0] Parser 'parser' entering state 'start'
[18:28:14.107] [bmv2] [D] [thread 2314] [22.0] [cxt 0] Extracting header 'ethernet'
[18:28:14.107] [bmv2] [D] [thread 2314] [22.0] [cxt 0] Parser state 'start': key is 86dd
[18:28:14.107] [bmv2] [T] [thread 2314] [22.0] [cxt 0] Bytes parsed: 14
[18:28:14.107] [bmv2] [D] [thread 2314] [22.0] [cxt 0] Parser 'parser': end
[18:28:14.107] [bmv2] [D] [thread 2314] [22.0] [cxt 0] Pipeline 'ingress': start
[18:28:14.107] [bmv2] [T] [thread 2314] [22.0] [cxt 0] qos.p4(197) Condition "hdr.ipv4.isValid()" (node_2) is false
[18:28:14.107] [bmv2] [D] [thread 2314] [22.0] [cxt 0] Pipeline 'ingress': end
[18:28:14.107] [bmv2] [D] [thread 2314] [22.0] [cxt 0] Egress port is 0
[18:28:14.107] [bmv2] [D] [thread 2315] [22.0] [cxt 0] Pipeline 'egress': start
[18:28:14.107] [bmv2] [D] [thread 2315] [22.0] [cxt 0] Pipeline 'egress': end
[18:28:14.107] [bmv2] [D] [thread 2315] [22.0] [cxt 0] Deparser 'deparser': start
[18:28:14.108] [bmv2] [T] [thread 2315] [22.0] [cxt 0] Skipping checksum 'cksum' update because condition not met
[18:28:14.108] [bmv2] [D] [thread 2315] [22.0] [cxt 0] Deparsing header 'ethernet'
[18:28:14.108] [bmv2] [D] [thread 2315] [22.0] [cxt 0] Deparser 'deparser': end
[18:28:14.108] [bmv2] [D] [thread 2319] [22.0] [cxt 0] Transmitting packet of size 70 out of port 0
[18:28:16.153] [bmv2] [D] [thread 2314] [23.0] [cxt 0] Processing packet received on port 2
[18:28:16.153] [bmv2] [D] [thread 2314] [23.0] [cxt 0] Parser 'parser': start
[18:28:16.153] [bmv2] [D] [thread 2314] [23.0] [cxt 0] Parser 'parser' entering state 'start'
[18:28:16.153] [bmv2] [D] [thread 2314] [23.0] [cxt 0] Extracting header 'ethernet'
[18:28:16.153] [bmv2] [D] [thread 2314] [23.0] [cxt 0] Parser state 'start': key is 86dd
[18:28:16.153] [bmv2] [T] [thread 2314] [23.0] [cxt 0] Bytes parsed: 14
[18:28:16.153] [bmv2] [D] [thread 2314] [23.0] [cxt 0] Parser 'parser': end
[18:28:16.153] [bmv2] [D] [thread 2314] [23.0] [cxt 0] Pipeline 'ingress': start
[18:28:16.154] [bmv2] [T] [thread 2314] [23.0] [cxt 0] qos.p4(197) Condition "hdr.ipv4.isValid()" (node_2) is false
[18:28:16.154] [bmv2] [D] [thread 2314] [23.0] [cxt 0] Pipeline 'ingress': end
[18:28:16.154] [bmv2] [D] [thread 2314] [23.0] [cxt 0] Egress port is 0
[18:28:16.155] [bmv2] [D] [thread 2315] [23.0] [cxt 0] Pipeline 'egress': start
[18:28:16.155] [bmv2] [D] [thread 2315] [23.0] [cxt 0] Pipeline 'egress': end
[18:28:16.155] [bmv2] [D] [thread 2315] [23.0] [cxt 0] Deparser 'deparser': start
[18:28:16.155] [bmv2] [T] [thread 2315] [23.0] [cxt 0] Skipping checksum 'cksum' update because condition not met
[18:28:16.155] [bmv2] [D] [thread 2315] [23.0] [cxt 0] Deparsing header 'ethernet'
[18:28:16.155] [bmv2] [D] [thread 2315] [23.0] [cxt 0] Deparser 'deparser': end
[18:28:16.156] [bmv2] [D] [thread 2319] [23.0] [cxt 0] Transmitting packet of size 70 out of port 0
[18:28:20.255] [bmv2] [D] [thread 2314] [24.0] [cxt 0] Processing packet received on port 3
[18:28:20.255] [bmv2] [D] [thread 2314] [24.0] [cxt 0] Parser 'parser': start
[18:28:20.256] [bmv2] [D] [thread 2314] [24.0] [cxt 0] Parser 'parser' entering state 'start'
[18:28:20.256] [bmv2] [D] [thread 2314] [24.0] [cxt 0] Extracting header 'ethernet'
[18:28:20.256] [bmv2] [D] [thread 2314] [24.0] [cxt 0] Parser state 'start': key is 86dd
[18:28:20.256] [bmv2] [T] [thread 2314] [24.0] [cxt 0] Bytes parsed: 14
[18:28:20.256] [bmv2] [D] [thread 2314] [24.0] [cxt 0] Parser 'parser': end
[18:28:20.256] [bmv2] [D] [thread 2314] [24.0] [cxt 0] Pipeline 'ingress': start
[18:28:20.256] [bmv2] [T] [thread 2314] [24.0] [cxt 0] qos.p4(197) Condition "hdr.ipv4.isValid()" (node_2) is false
[18:28:20.256] [bmv2] [D] [thread 2314] [24.0] [cxt 0] Pipeline 'ingress': end
[18:28:20.256] [bmv2] [D] [thread 2314] [24.0] [cxt 0] Egress port is 0
[18:28:20.256] [bmv2] [D] [thread 2315] [24.0] [cxt 0] Pipeline 'egress': start
[18:28:20.257] [bmv2] [D] [thread 2315] [24.0] [cxt 0] Pipeline 'egress': end
[18:28:20.257] [bmv2] [D] [thread 2315] [24.0] [cxt 0] Deparser 'deparser': start
[18:28:20.257] [bmv2] [T] [thread 2315] [24.0] [cxt 0] Skipping checksum 'cksum' update because condition not met
[18:28:20.258] [bmv2] [D] [thread 2315] [24.0] [cxt 0] Deparsing header 'ethernet'
[18:28:20.258] [bmv2] [D] [thread 2315] [24.0] [cxt 0] Deparser 'deparser': end
[18:28:20.259] [bmv2] [D] [thread 2319] [24.0] [cxt 0] Transmitting packet of size 70 out of port 0
open: No such file or directory
open: No such file or directory
open: No such file or directory
open: No such file or directory
