Sniffing on eth0...
Received a packet:
###[ Ethernet ]### 
  dst       = 08:00:00:00:02:02
  src       = 08:00:00:00:02:00
  type      = n_802_1Q
###[ 802.1Q ]### 
     prio      = 2
     id        = 0
     vlan      = 1
     type      = IPv4
###[ IP ]### 
        version   = 4
        ihl       = 6
        tos       = 0x28
        len       = 32
        id        = 1
        flags     = 
        frag      = 0
        ttl       = 62
        proto     = udp
        chksum    = 0x64a2
        src       = 10.0.1.1
        dst       = 10.0.2.2
        \options   \
         |###[ IP Option ]### 
         |  copy_flag = 1
         |  optclass  = control
         |  option    = 31
         |  length    = 4
         |  value     = '\x01\\xf4'
###[ UDP ]### 
           sport     = 1234
           dport     = 4321
           len       = 8
           chksum    = 0xd328

VLAN ID: 1, Priority (PCP): 2
DSCP: 10
